<?xml version="1.0" encoding="UTF-8"?>
<testsuites name="S1" time="848.911" tests="5" failures="0" errors="0">
   <testsuite name="S1" tests="5" failures="0" errors="0" time="848.911" skipped="0" timestamp="2022-04-07 14:11:20" hostname="Nia Yusniati - Apandi" id="Test Suites/Skenario_1/S1">
      <properties>
         <property name="deviceName" value=""/>
         <property name="devicePlatform" value=""/>
         <property name="logFolder" value="C:\\Users\\Nia Yusniati\\Git_Asa\\BCAF_MEAPP_i3\\Reports\\20220407_141107\\Skenario_1\\S1\\20220407_141107"/>
         <property name="logFiles" value="C:\\Users\\Nia Yusniati\\Git_Asa\\BCAF_MEAPP_i3\\Reports\\20220407_141107\\Skenario_1\\S1\\20220407_141107\\execution0.log"/>
         <property name="attachments" value="C:\Users\Nia Yusniati\Git_Asa\BCAF_MEAPP_i3\Screenshoot\Sprint4\Web\keyes\keyes-scenario-1-aplikasi-baru-login.png, C:\Users\Nia Yusniati\Git_Asa\BCAF_MEAPP_i3\Screenshoot\Sprint4\Web\keyes\keyes-scenario-1-memilih-button-transaksi-dan-aplikasi-baru.png, C:\Users\Nia Yusniati\Git_Asa\BCAF_MEAPP_i3\Screenshoot\Sprint4\Web\keyes\keyes-scenario-1-input-badan-usaha.png, C:\Users\Nia Yusniati\Git_Asa\BCAF_MEAPP_i3\Screenshoot\Sprint4\Web\keyes\keyes-scenario-1-page-sebelum-input-capture.png, C:\Users\Nia Yusniati\Git_Asa\BCAF_MEAPP_i3\Screenshoot\Sprint4\Web\keyes\keyes-scenario-1-Capture-npwp-siup-tdp.png, C:\Users\Nia Yusniati\Git_Asa\BCAF_MEAPP_i3\Screenshoot\Sprint4\Web\keyes\keyes-scenario-1-Memilih-Radio-Button-Perubahan-Data.png, C:\Users\Nia Yusniati\Git_Asa\BCAF_MEAPP_i3\Screenshoot\Sprint4\Web\keyes\keyes-scenario-1-Masuk-aplikasi-matching.png, C:\Users\Nia Yusniati\Git_Asa\BCAF_MEAPP_i3\Screenshoot\Sprint4\Web\keyes\keyes-scenario-1-Berhasil-dilakukan-inisiasi-konsumen-baru.png, C:\Users\Nia Yusniati\Git_Asa\BCAF_MEAPP_i3\Screenshoot\Sprint4\Web\keyes\keyes-scenario-1-masuk-submenu-surat-keterangan-domisili.png, C:\Users\Nia Yusniati\Git_Asa\BCAF_MEAPP_i3\Screenshoot\Sprint4\Web\keyes\keyes-scenario-1-capture-surat-keterangan-domisili-berhasil.png, C:\Users\Nia Yusniati\Git_Asa\BCAF_MEAPP_i3\Screenshoot\Sprint4\Web\keyes\keyes-scenario-1-Masuk-submenu-FAP.png, C:\Users\Nia Yusniati\Git_Asa\BCAF_MEAPP_i3\Screenshoot\Sprint4\Web\keyes\keyes-scenario-1-Input-data-FAP.png, C:\\Users\\Nia Yusniati\\Git_Asa\\BCAF_MEAPP_i3\\Reports\\20220407_141107\\Skenario_1\\S1\\20220407_141107\\1649315763568.png, C:\Users\Nia Yusniati\Git_Asa\BCAF_MEAPP_i3\Screenshoot\Sprint4\Web\keyes\keyes-scenario-1-Input-data-alamat-pengirim-surat.png, C:\Users\Nia Yusniati\Git_Asa\BCAF_MEAPP_i3\Screenshoot\Sprint4\Web\keyes\keyes-scenario-1-Input-data-pengurus.png, C:\Users\Nia Yusniati\Git_Asa\BCAF_MEAPP_i3\Screenshoot\Sprint4\Web\keyes\keyes-scenario-1-Masuk-submenu-data-pengurus-1.png, C:\Users\Nia Yusniati\Git_Asa\BCAF_MEAPP_i3\Screenshoot\Sprint4\Web\keyes\keyes-scenario-1-Berhasil-input-otomatis-data-pengurus-berdasarkan-data-capture-ktp-pengurus-yang-di-capture.png, C:\Users\Nia Yusniati\Git_Asa\BCAF_MEAPP_i3\Screenshoot\Sprint4\Web\keyes\keyes-scenario-1-Berhasil-input-otomatis-data-pengurus-1.png, C:\Users\Nia Yusniati\Git_Asa\BCAF_MEAPP_i3\Screenshoot\Sprint4\Web\keyes\keyes-scenario-1-Masuk-Submenu-pemegang-saham-1.png, C:\Users\Nia Yusniati\Git_Asa\BCAF_MEAPP_i3\Screenshoot\Sprint4\Web\keyes\keyes-scenario-1-Memilih-radio-button-pemegang-saham.png, C:\Users\Nia Yusniati\Git_Asa\BCAF_MEAPP_i3\Screenshoot\Sprint4\Web\keyes\keyes-scenario-1-Masuk-Submenu-pemegang-saham-1.png, C:\Users\Nia Yusniati\Git_Asa\BCAF_MEAPP_i3\Screenshoot\Sprint4\Web\keyes\keyes-scenario-1-Berhasil-pemegang-saham-1.png, C:\Users\Nia Yusniati\Git_Asa\BCAF_MEAPP_i3\Screenshoot\Sprint4\Web\keyes\keyes-scenario-1-Masuk-Submenu-financial.png, C:\Users\Nia Yusniati\Git_Asa\BCAF_MEAPP_i3\Screenshoot\Sprint4\Web\keyes\keyes-scenario-1-berhasil-input-capture-laporan-keuangan.png, C:\Users\Nia Yusniati\Git_Asa\BCAF_MEAPP_i3\Screenshoot\Sprint4\Web\keyes\keyes-scenario-1-behasil-input-capture-laporan-bukti-kepemilikan.png, C:\Users\Nia Yusniati\Git_Asa\BCAF_MEAPP_i3\Screenshoot\Sprint4\Web\keyes\keyes-scenario-1-berhasil-input-branch-dan-account-10digit-pada-submenu-financial.png, C:\Users\Nia Yusniati\Git_Asa\BCAF_MEAPP_i3\Screenshoot\Sprint4\Web\keyes\keyes-scenario-1-berhasil-input-contact-person.png, C:\Users\Nia Yusniati\Git_Asa\BCAF_MEAPP_i3\Screenshoot\Sprint4\Web\keyes\keyes-scenario-1-Masuk-menu-other-document.png, C:\Users\Nia Yusniati\Git_Asa\BCAF_MEAPP_i3\Screenshoot\Sprint4\Web\keyes\keyes-scenario-1-masuk-menu-collateral-dan-loan.png, C:\Users\Nia Yusniati\Git_Asa\BCAF_MEAPP_i3\Screenshoot\Sprint4\Web\keyes\keyes-scenario-1-input-jenis-pengajuan.png, C:\Users\Nia Yusniati\Git_Asa\BCAF_MEAPP_i3\Screenshoot\Sprint4\Web\keyes\keyes-scenario-1-input-tujuan-pengajuan.png, C:\Users\Nia Yusniati\Git_Asa\BCAF_MEAPP_i3\Screenshoot\Sprint4\Web\keyes\keyes-scenario-1-input-payment.png, C:\Users\Nia Yusniati\Git_Asa\BCAF_MEAPP_i3\Screenshoot\Sprint4\Web\keyes\keyes-scenario-1-input-data-autodebit.png, C:\Users\Nia Yusniati\Git_Asa\BCAF_MEAPP_i3\Screenshoot\Sprint4\Web\keyes\keyes-scenario-1-masuk-submenu-input-mutasi-rekening.png, C:\Users\Nia Yusniati\Git_Asa\BCAF_MEAPP_i3\Screenshoot\Sprint4\Web\keyes\keyes-scenario-1-sebelum-input-data-mutasi-rekening.png, C:\Users\Nia Yusniati\Git_Asa\BCAF_MEAPP_i3\Screenshoot\Sprint4\Web\keyes\keyes-scenario-1-input-data-mutasi-rekening.png, C:\Users\Nia Yusniati\Git_Asa\BCAF_MEAPP_i3\Screenshoot\Sprint4\Web\keyes\keyes-scenario-1-berhasil-mengisi-data-information.png, C:\Users\Nia Yusniati\Git_Asa\BCAF_MEAPP_i3\Screenshoot\Sprint4\Web\keyes\keyes-scenario-1-masuk-halaman-collateral-loan-vehicle.png, C:\Users\Nia Yusniati\Git_Asa\BCAF_MEAPP_i3\Screenshoot\Sprint4\Web\keyes\keyes-scenario-1-masuk-halaman-collateral-loan-vehicle.png, C:\Users\Nia Yusniati\Git_Asa\BCAF_MEAPP_i3\Screenshoot\Sprint4\Web\keyes\keyes-scenario-1-halaman-input-data-vehicle.png, C:\Users\Nia Yusniati\Git_Asa\BCAF_MEAPP_i3\Screenshoot\Sprint4\Web\keyes\keyes-scenario-1-berhasil-input-data-vehicle.png, C:\Users\Nia Yusniati\Git_Asa\BCAF_MEAPP_i3\Screenshoot\Sprint4\Web\keyes\keyes-scenario-1-halaman-input-loan-data.png, C:\Users\Nia Yusniati\Git_Asa\BCAF_MEAPP_i3\Screenshoot\Sprint4\Web\keyes\keyes-scenario-1-berhasil-input-data-loan.png, C:\Users\Nia Yusniati\Git_Asa\BCAF_MEAPP_i3\Screenshoot\Sprint4\Web\keyes\keyes-scenario-1-halaman-input-insurance.png, C:\Users\Nia Yusniati\Git_Asa\BCAF_MEAPP_i3\Screenshoot\Sprint4\Web\keyes\keyes-scenario-1-halaman-input-life-insurance.png, C:\Users\Nia Yusniati\Git_Asa\BCAF_MEAPP_i3\Screenshoot\Sprint4\Web\keyes\keyes-scenario-1-berhasil-input-data-insurance.png, C:\Users\Nia Yusniati\Git_Asa\BCAF_MEAPP_i3\Screenshoot\Sprint4\Web\keyes\keyes-scenario-1-submenu-notes.png, C:\Users\Nia Yusniati\Git_Asa\BCAF_MEAPP_i3\Screenshoot\Sprint4\Web\keyes\keyes-scenario-1-submenu-notes.png, C:\Users\Nia Yusniati\Git_Asa\BCAF_MEAPP_i3\Screenshoot\Sprint4\Web\keyes\keyes-scenario-1-pop-up-add-kendaraan.png, C:\Users\Nia Yusniati\Git_Asa\BCAF_MEAPP_i3\Screenshoot\Sprint4\Web\keyes\keyes-scenario-1-berhasil-add-kendaraan.png, C:\Users\Nia Yusniati\Git_Asa\BCAF_MEAPP_i3\Screenshoot\Sprint4\Web\keyes\keyes-scenario-1-pop-up-summary-total.png, C:\Users\Nia Yusniati\Git_Asa\BCAF_MEAPP_i3\Screenshoot\Sprint4\Web\keyes\keyes-scenario-1-masuk-menu-penyimpangan.png, C:\Users\Nia Yusniati\Git_Asa\BCAF_MEAPP_i3\Screenshoot\Sprint4\Web\keyes\keyes-scenario-1-input-penyimpangan.png, C:\Users\Nia Yusniati\Git_Asa\BCAF_MEAPP_i3\Screenshoot\Sprint4\Web\keyes\keyes-scenario-1-input-penyimpangan-selesai.png, C:\Users\Nia Yusniati\Git_Asa\BCAF_MEAPP_i3\Screenshoot\Sprint4\Web\keyes\keyes-scenario-1-berhasil-proceed.png"/>
         <property name="hostName" value="Nia Yusniati - Apandi"/>
         <property name="os" value="Windows 10 64bit"/>
         <property name="katalonVersion" value="8.1.0.208"/>
         <property name="browser" value="Chrome 99.0.4844.84"/>
         <property name="hostAddress" value="192.168.250.25"/>
         <property name="sessionId" value="ecfc213c4c69993ebb39cdf75aad3cd2"/>
         <property name="seleniumVersion" value="3.141.59"/>
         <property name="proxyInformation" value="ProxyInformation { proxyOption=NO_PROXY, proxyServerType=HTTP, username=, password=********, proxyServerAddress=, proxyServerPort=0, executionList=&quot;&quot;, isApplyToDesiredCapabilities=true }"/>
         <property name="platform" value="Windows 10"/>
      </properties>
      <testcase name="Test Cases/Sprint 4/Skenario 1/01-01-Transaction-AppBaru-InisiasiKonsumenBaru" time="149.406" classname="Test Cases/Sprint 4/Skenario 1/01-01-Transaction-AppBaru-InisiasiKonsumenBaru" status="PASSED">
         <system-out><![CDATA[2022-04-07 14:11:20 - [TEST_CASE][PASSED] - Test Cases/Sprint 4/Skenario 1/01-01-Transaction-AppBaru-InisiasiKonsumenBaru: Test Cases/Sprint 4/Skenario 1/01-01-Transaction-AppBaru-InisiasiKonsumenBaru

2022-04-07 14:11:22 - [TEST_STEP][PASSED] - robot = new java.awt.Robot(): null

2022-04-07 14:11:22 - [TEST_STEP][PASSED] - userDir = getProjectDir(): null

2022-04-07 14:11:22 - [TEST_STEP][PASSED] - openBrowser(""): Browser is opened with url: ''

2022-04-07 14:11:23 - [MESSAGE][INFO] - Starting 'Chrome' driver

2022-04-07 14:11:23 - [MESSAGE][INFO] - Action delay is set to 0 milliseconds

2022-04-07 14:11:27 - [MESSAGE][PASSED] - Browser is opened with url: ''

2022-04-07 14:11:27 - [TEST_STEP][PASSED] - driver = getWebDriver(): null

2022-04-07 14:11:27 - [TEST_STEP][PASSED] - navigateToUrl(ME_url): Navigate to 'https://mecorporate.idofocus.co.id:25443/login' successfully

2022-04-07 14:11:34 - [MESSAGE][PASSED] - Navigate to 'https://mecorporate.idofocus.co.id:25443/login' successfully

2022-04-07 14:11:34 - [TEST_STEP][PASSED] - maximizeWindow(): Current window maximized

2022-04-07 14:11:34 - [MESSAGE][PASSED] - Current window maximized

2022-04-07 14:11:34 - [TEST_STEP][PASSED] - delay(5): Delayed 5 second(s)

2022-04-07 14:11:39 - [MESSAGE][PASSED] - Delayed 5 second(s)

2022-04-07 14:11:39 - [TEST_STEP][PASSED] - setText(findTestObject("MEApp_AppBaru_InisiasiKonsumen/input_User ID_login"), CMO): Text '20190364' is set on object 'Object Repository/MEApp_AppBaru_InisiasiKonsumen/input_User ID_login'

2022-04-07 14:11:40 - [MESSAGE][PASSED] - Text '20190364' is set on object 'Object Repository/MEApp_AppBaru_InisiasiKonsumen/input_User ID_login'

2022-04-07 14:11:40 - [TEST_STEP][PASSED] - setText(findTestObject("MEApp_AppBaru_InisiasiKonsumen/input_User Password_login"), password): Text 'Mobile123+' is set on object 'Object Repository/MEApp_AppBaru_InisiasiKonsumen/input_User Password_login'

2022-04-07 14:11:41 - [MESSAGE][PASSED] - Text 'Mobile123+' is set on object 'Object Repository/MEApp_AppBaru_InisiasiKonsumen/input_User Password_login'

2022-04-07 14:11:41 - [TEST_STEP][PASSED] - takeFullPageScreenshotAsCheckpoint(userDir + sprint4WebScreenshootPath + "scenario-1-aplikasi-baru-login.png"): Taking screenshot successfully

2022-04-07 14:11:42 - [MESSAGE][INFO] - 0 hidden object(s)

2022-04-07 14:11:42 - [MESSAGE][PASSED] - Taking screenshot successfully
[[ATTACHMENT|C:\Users\Nia Yusniati\Git_Asa\BCAF_MEAPP_i3\Screenshoot\Sprint4\Web\keyes\keyes-scenario-1-aplikasi-baru-login.png]]

2022-04-07 14:11:42 - [TEST_STEP][PASSED] - markPassed("Scenario 1 - Memastikan login berhasil"): Scenario 1 - Memastikan login berhasil

2022-04-07 14:11:42 - [MESSAGE][PASSED] - Scenario 1 - Memastikan login berhasil

2022-04-07 14:11:42 - [TEST_STEP][PASSED] - click(findTestObject("MEApp_AppBaru_InisiasiKonsumen/button_Login")): Object: 'Object Repository/MEApp_AppBaru_InisiasiKonsumen/button_Login' is clicked on

2022-04-07 14:11:43 - [MESSAGE][PASSED] - Object: 'Object Repository/MEApp_AppBaru_InisiasiKonsumen/button_Login' is clicked on

2022-04-07 14:11:43 - [TEST_STEP][PASSED] - delay(2): Delayed 2 second(s)

2022-04-07 14:11:45 - [MESSAGE][PASSED] - Delayed 2 second(s)

2022-04-07 14:11:45 - [TEST_STEP][PASSED] - verifyElementPresent(findTestObject("MEApp_AppBaru_InisiasiKonsumen/span_Transaksi"), 0): Object 'Object Repository/MEApp_AppBaru_InisiasiKonsumen/span_Transaksi' is present

2022-04-07 14:11:45 - [MESSAGE][WARNING] - Timeout '0' is invalid. Using default page load timeout: '30'

2022-04-07 14:11:45 - [MESSAGE][PASSED] - Object 'Object Repository/MEApp_AppBaru_InisiasiKonsumen/span_Transaksi' is present

2022-04-07 14:11:45 - [TEST_STEP][PASSED] - click(findTestObject("MEApp_AppBaru_InisiasiKonsumen/span_Transaksi")): Object: 'Object Repository/MEApp_AppBaru_InisiasiKonsumen/span_Transaksi' is clicked on

2022-04-07 14:11:46 - [MESSAGE][PASSED] - Object: 'Object Repository/MEApp_AppBaru_InisiasiKonsumen/span_Transaksi' is clicked on

2022-04-07 14:11:46 - [TEST_STEP][PASSED] - delay(1): Delayed 1 second(s)

2022-04-07 14:11:47 - [MESSAGE][PASSED] - Delayed 1 second(s)

2022-04-07 14:11:47 - [TEST_STEP][PASSED] - click(findTestObject("MEApp_AppBaru_InisiasiKonsumen/span_Aplikasi Baru")): Object: 'Object Repository/MEApp_AppBaru_InisiasiKonsumen/span_Aplikasi Baru' is clicked on

2022-04-07 14:11:48 - [MESSAGE][PASSED] - Object: 'Object Repository/MEApp_AppBaru_InisiasiKonsumen/span_Aplikasi Baru' is clicked on

2022-04-07 14:11:48 - [TEST_STEP][PASSED] - delay(1): Delayed 1 second(s)

2022-04-07 14:11:49 - [MESSAGE][PASSED] - Delayed 1 second(s)

2022-04-07 14:11:49 - [TEST_STEP][PASSED] - takeFullPageScreenshotAsCheckpoint(userDir + sprint4WebScreenshootPath + "scenario-1-memilih-button-transaksi-dan-aplikasi-baru.png"): Taking screenshot successfully

2022-04-07 14:11:49 - [MESSAGE][INFO] - 0 hidden object(s)

2022-04-07 14:11:49 - [MESSAGE][PASSED] - Taking screenshot successfully
[[ATTACHMENT|C:\Users\Nia Yusniati\Git_Asa\BCAF_MEAPP_i3\Screenshoot\Sprint4\Web\keyes\keyes-scenario-1-memilih-button-transaksi-dan-aplikasi-baru.png]]

2022-04-07 14:11:49 - [TEST_STEP][PASSED] - markPassed("Scenario 1 - Memilih button transaksi dan aplikasi baru"): Scenario 1 - Memilih button transaksi dan aplikasi baru

2022-04-07 14:11:49 - [MESSAGE][PASSED] - Scenario 1 - Memilih button transaksi dan aplikasi baru

2022-04-07 14:11:49 - [TEST_STEP][PASSED] - click(findTestObject("MEApp_AppBaru_InisiasiKonsumen/input_perorangan_radios-apptype")): Object: 'Object Repository/MEApp_AppBaru_InisiasiKonsumen/input_perorangan_radios-apptype' is clicked on

2022-04-07 14:11:50 - [MESSAGE][PASSED] - Object: 'Object Repository/MEApp_AppBaru_InisiasiKonsumen/input_perorangan_radios-apptype' is clicked on

2022-04-07 14:11:50 - [TEST_STEP][PASSED] - delay(1): Delayed 1 second(s)

2022-04-07 14:11:51 - [MESSAGE][PASSED] - Delayed 1 second(s)

2022-04-07 14:11:51 - [TEST_STEP][PASSED] - click(findTestObject("MEApp_AppBaru_InisiasiKonsumen/input_korporasi_radios-apptype")): Object: 'Object Repository/MEApp_AppBaru_InisiasiKonsumen/input_korporasi_radios-apptype' is clicked on

2022-04-07 14:11:51 - [MESSAGE][PASSED] - Object: 'Object Repository/MEApp_AppBaru_InisiasiKonsumen/input_korporasi_radios-apptype' is clicked on

2022-04-07 14:11:51 - [TEST_STEP][PASSED] - delay(1): Delayed 1 second(s)

2022-04-07 14:11:52 - [MESSAGE][PASSED] - Delayed 1 second(s)

2022-04-07 14:11:52 - [TEST_STEP][PASSED] - click(findTestObject("MEApp_AppBaru_InisiasiKonsumen/input-badanusaha")): Object: 'Object Repository/MEApp_AppBaru_InisiasiKonsumen/input-badanusaha' is clicked on

2022-04-07 14:11:53 - [MESSAGE][PASSED] - Object: 'Object Repository/MEApp_AppBaru_InisiasiKonsumen/input-badanusaha' is clicked on

2022-04-07 14:11:53 - [TEST_STEP][PASSED] - delay(1): Delayed 1 second(s)

2022-04-07 14:11:54 - [MESSAGE][PASSED] - Delayed 1 second(s)

2022-04-07 14:11:54 - [TEST_STEP][PASSED] - setText(findTestObject("MEApp_AppBaru_InisiasiKonsumen/input-badanusaha"), "Perseroan Terbatas ( PT. , NV. , LTD. )"): Text 'Perseroan Terbatas ( PT. , NV. , LTD. )' is set on object 'Object Repository/MEApp_AppBaru_InisiasiKonsumen/input-badanusaha'

2022-04-07 14:11:55 - [MESSAGE][PASSED] - Text 'Perseroan Terbatas ( PT. , NV. , LTD. )' is set on object 'Object Repository/MEApp_AppBaru_InisiasiKonsumen/input-badanusaha'

2022-04-07 14:11:55 - [TEST_STEP][PASSED] - delay(1): Delayed 1 second(s)

2022-04-07 14:11:56 - [MESSAGE][PASSED] - Delayed 1 second(s)

2022-04-07 14:11:56 - [TEST_STEP][PASSED] - takeFullPageScreenshotAsCheckpoint(userDir + sprint4WebScreenshootPath + "scenario-1-input-badan-usaha.png"): Taking screenshot successfully

2022-04-07 14:11:56 - [MESSAGE][INFO] - 0 hidden object(s)

2022-04-07 14:11:56 - [MESSAGE][PASSED] - Taking screenshot successfully
[[ATTACHMENT|C:\Users\Nia Yusniati\Git_Asa\BCAF_MEAPP_i3\Screenshoot\Sprint4\Web\keyes\keyes-scenario-1-input-badan-usaha.png]]

2022-04-07 14:11:57 - [TEST_STEP][PASSED] - markPassed("Scenario 1 - Input badan usaha"): Scenario 1 - Input badan usaha

2022-04-07 14:11:57 - [MESSAGE][PASSED] - Scenario 1 - Input badan usaha

2022-04-07 14:11:57 - [TEST_STEP][PASSED] - delay(2): Delayed 2 second(s)

2022-04-07 14:11:59 - [MESSAGE][PASSED] - Delayed 2 second(s)

2022-04-07 14:11:59 - [TEST_STEP][PASSED] - click(findTestObject("MEApp_AppBaru_InisiasiKonsumen/span_Perseroan Terbatas ( PT. , NV. , LTD. )")): Object: 'Object Repository/MEApp_AppBaru_InisiasiKonsumen/span_Perseroan Terbatas ( PT. , NV. , LTD. )' is clicked on

2022-04-07 14:11:59 - [MESSAGE][PASSED] - Object: 'Object Repository/MEApp_AppBaru_InisiasiKonsumen/span_Perseroan Terbatas ( PT. , NV. , LTD. )' is clicked on

2022-04-07 14:11:59 - [TEST_STEP][PASSED] - delay(2): Delayed 2 second(s)

2022-04-07 14:12:01 - [MESSAGE][PASSED] - Delayed 2 second(s)

2022-04-07 14:12:01 - [TEST_STEP][PASSED] - takeFullPageScreenshotAsCheckpoint(userDir + sprint4WebScreenshootPath + "scenario-1-page-sebelum-input-capture.png"): Taking screenshot successfully

2022-04-07 14:12:02 - [MESSAGE][INFO] - 0 hidden object(s)

2022-04-07 14:12:02 - [MESSAGE][PASSED] - Taking screenshot successfully
[[ATTACHMENT|C:\Users\Nia Yusniati\Git_Asa\BCAF_MEAPP_i3\Screenshoot\Sprint4\Web\keyes\keyes-scenario-1-page-sebelum-input-capture.png]]

2022-04-07 14:12:02 - [TEST_STEP][PASSED] - markPassed("Scenario 1 - Sebelum input capture npwp + SIUP + TDP"): Scenario 1 - Sebelum input capture npwp + SIUP + TDP

2022-04-07 14:12:02 - [MESSAGE][PASSED] - Scenario 1 - Sebelum input capture npwp + SIUP + TDP

2022-04-07 14:12:02 - [TEST_STEP][PASSED] - delay(2): Delayed 2 second(s)

2022-04-07 14:12:04 - [MESSAGE][PASSED] - Delayed 2 second(s)

2022-04-07 14:12:04 - [TEST_STEP][PASSED] - click(findTestObject("MEApp_AppBaru_InisiasiKonsumen/button_Capture_npwp")): Object: 'Object Repository/MEApp_AppBaru_InisiasiKonsumen/button_Capture_npwp' is clicked on

2022-04-07 14:12:25 - [MESSAGE][PASSED] - Object: 'Object Repository/MEApp_AppBaru_InisiasiKonsumen/button_Capture_npwp' is clicked on

2022-04-07 14:12:25 - [TEST_STEP][PASSED] - delay(2): Delayed 2 second(s)

2022-04-07 14:12:27 - [MESSAGE][PASSED] - Delayed 2 second(s)

2022-04-07 14:12:27 - [TEST_STEP][PASSED] - uploadFile(findTestObject("MEApp_AppBaru_InisiasiKonsumen/Capture_"), userDir + pathfinder_npwp): File 'C:/Users/Nia Yusniati/Git_Asa/BCAF_MEAPP_i3/Assets/npwp-dummy.jpg' sent to object: 'Object Repository/MEApp_AppBaru_InisiasiKonsumen/Capture_'

2022-04-07 14:12:27 - [MESSAGE][PASSED] - File 'C:/Users/Nia Yusniati/Git_Asa/BCAF_MEAPP_i3/Assets/npwp-dummy.jpg' sent to object: 'Object Repository/MEApp_AppBaru_InisiasiKonsumen/Capture_'

2022-04-07 14:12:27 - [TEST_STEP][PASSED] - waitForElementPresent(findTestObject("MEApp_AppBaru_InisiasiKonsumen/button_NPWP"), 0): Object 'Object Repository/MEApp_AppBaru_InisiasiKonsumen/button_NPWP' is present

2022-04-07 14:12:28 - [MESSAGE][WARNING] - Timeout '0' is invalid. Using default page load timeout: '30'

2022-04-07 14:12:44 - [MESSAGE][PASSED] - Object 'Object Repository/MEApp_AppBaru_InisiasiKonsumen/button_NPWP' is present

2022-04-07 14:12:44 - [TEST_STEP][PASSED] - setText(findTestObject("MEApp_AppBaru_InisiasiKonsumen/input_NPWP No fix"), NPWP_tidakBerlaku): Text '018368167428000' is set on object 'Object Repository/MEApp_AppBaru_InisiasiKonsumen/input_NPWP No fix'

2022-04-07 14:12:45 - [MESSAGE][PASSED] - Text '018368167428000' is set on object 'Object Repository/MEApp_AppBaru_InisiasiKonsumen/input_NPWP No fix'

2022-04-07 14:12:45 - [TEST_STEP][PASSED] - delay(1): Delayed 1 second(s)

2022-04-07 14:12:46 - [MESSAGE][PASSED] - Delayed 1 second(s)

2022-04-07 14:12:46 - [TEST_STEP][PASSED] - setText(findTestObject("MEApp_AppBaru_InisiasiKonsumen/input_Name fix"), CN_tidakBerlaku): Text 'NIGUUNUNANETI  AASA DS' is set on object 'Object Repository/MEApp_AppBaru_InisiasiKonsumen/input_Name fix'

2022-04-07 14:12:47 - [MESSAGE][PASSED] - Text 'NIGUUNUNANETI  AASA DS' is set on object 'Object Repository/MEApp_AppBaru_InisiasiKonsumen/input_Name fix'

2022-04-07 14:12:47 - [TEST_STEP][PASSED] - click(findTestObject("MEApp_AppBaru_InisiasiKonsumen/button_Capture_siupfix")): Object: 'Object Repository/MEApp_AppBaru_InisiasiKonsumen/button_Capture_siupfix' is clicked on

2022-04-07 14:12:48 - [MESSAGE][PASSED] - Object: 'Object Repository/MEApp_AppBaru_InisiasiKonsumen/button_Capture_siupfix' is clicked on

2022-04-07 14:12:48 - [TEST_STEP][PASSED] - delay(2): Delayed 2 second(s)

2022-04-07 14:12:50 - [MESSAGE][PASSED] - Delayed 2 second(s)

2022-04-07 14:12:50 - [TEST_STEP][PASSED] - uploadFile(findTestObject("MEApp_AppBaru_InisiasiKonsumen/Capture_"), userDir + pathfinder_siup): File 'C:/Users/Nia Yusniati/Git_Asa/BCAF_MEAPP_i3/Assets/siup-dummy.jpg' sent to object: 'Object Repository/MEApp_AppBaru_InisiasiKonsumen/Capture_'

2022-04-07 14:12:50 - [MESSAGE][PASSED] - File 'C:/Users/Nia Yusniati/Git_Asa/BCAF_MEAPP_i3/Assets/siup-dummy.jpg' sent to object: 'Object Repository/MEApp_AppBaru_InisiasiKonsumen/Capture_'

2022-04-07 14:12:50 - [TEST_STEP][PASSED] - delay(2): Delayed 2 second(s)

2022-04-07 14:12:52 - [MESSAGE][PASSED] - Delayed 2 second(s)

2022-04-07 14:12:52 - [TEST_STEP][PASSED] - click(findTestObject("MEApp_AppBaru_InisiasiKonsumen/button_Capture_TDP")): Object: 'Object Repository/MEApp_AppBaru_InisiasiKonsumen/button_Capture_TDP' is clicked on

2022-04-07 14:12:55 - [MESSAGE][PASSED] - Object: 'Object Repository/MEApp_AppBaru_InisiasiKonsumen/button_Capture_TDP' is clicked on

2022-04-07 14:12:55 - [TEST_STEP][PASSED] - delay(2): Delayed 2 second(s)

2022-04-07 14:12:57 - [MESSAGE][PASSED] - Delayed 2 second(s)

2022-04-07 14:12:57 - [TEST_STEP][PASSED] - uploadFile(findTestObject("MEApp_AppBaru_InisiasiKonsumen/Capture_"), userDir + pathfinder_tdp): File 'C:/Users/Nia Yusniati/Git_Asa/BCAF_MEAPP_i3/Assets/tdp-dummy.jpg' sent to object: 'Object Repository/MEApp_AppBaru_InisiasiKonsumen/Capture_'

2022-04-07 14:12:58 - [MESSAGE][PASSED] - File 'C:/Users/Nia Yusniati/Git_Asa/BCAF_MEAPP_i3/Assets/tdp-dummy.jpg' sent to object: 'Object Repository/MEApp_AppBaru_InisiasiKonsumen/Capture_'

2022-04-07 14:12:58 - [TEST_STEP][PASSED] - delay(2): Delayed 2 second(s)

2022-04-07 14:13:00 - [MESSAGE][PASSED] - Delayed 2 second(s)

2022-04-07 14:13:00 - [TEST_STEP][PASSED] - takeFullPageScreenshotAsCheckpoint(userDir + sprint4WebScreenshootPath + "scenario-1-Capture-npwp-siup-tdp.png"): Taking screenshot successfully

2022-04-07 14:13:01 - [MESSAGE][INFO] - 0 hidden object(s)

2022-04-07 14:13:01 - [MESSAGE][PASSED] - Taking screenshot successfully
[[ATTACHMENT|C:\Users\Nia Yusniati\Git_Asa\BCAF_MEAPP_i3\Screenshoot\Sprint4\Web\keyes\keyes-scenario-1-Capture-npwp-siup-tdp.png]]

2022-04-07 14:13:01 - [TEST_STEP][PASSED] - markPassed("Scenario 1 - Capture NPWP + SIUP + TDP"): Scenario 1 - Capture NPWP + SIUP + TDP

2022-04-07 14:13:01 - [MESSAGE][PASSED] - Scenario 1 - Capture NPWP + SIUP + TDP

2022-04-07 14:13:01 - [TEST_STEP][PASSED] - delay(2): Delayed 2 second(s)

2022-04-07 14:13:03 - [MESSAGE][PASSED] - Delayed 2 second(s)

2022-04-07 14:13:03 - [TEST_STEP][PASSED] - click(findTestObject("MEApp_AppBaru_InisiasiKonsumen/input_Ada Perubahan Data Tidak")): Object: 'Object Repository/MEApp_AppBaru_InisiasiKonsumen/input_Ada Perubahan Data Tidak' is clicked on

2022-04-07 14:13:04 - [MESSAGE][PASSED] - Object: 'Object Repository/MEApp_AppBaru_InisiasiKonsumen/input_Ada Perubahan Data Tidak' is clicked on

2022-04-07 14:13:04 - [TEST_STEP][PASSED] - delay(1): Delayed 1 second(s)

2022-04-07 14:13:05 - [MESSAGE][PASSED] - Delayed 1 second(s)

2022-04-07 14:13:05 - [TEST_STEP][PASSED] - click(findTestObject("MEApp_AppBaru_InisiasiKonsumen/input_Ada Perubahan Data YA")): Object: 'Object Repository/MEApp_AppBaru_InisiasiKonsumen/input_Ada Perubahan Data YA' is clicked on

2022-04-07 14:13:05 - [MESSAGE][PASSED] - Object: 'Object Repository/MEApp_AppBaru_InisiasiKonsumen/input_Ada Perubahan Data YA' is clicked on

2022-04-07 14:13:05 - [TEST_STEP][PASSED] - delay(1): Delayed 1 second(s)

2022-04-07 14:13:06 - [MESSAGE][PASSED] - Delayed 1 second(s)

2022-04-07 14:13:06 - [TEST_STEP][PASSED] - takeFullPageScreenshotAsCheckpoint(userDir + sprint4WebScreenshootPath + "scenario-1-Memilih-Radio-Button-Perubahan-Data.png"): Taking screenshot successfully

2022-04-07 14:13:07 - [MESSAGE][INFO] - 0 hidden object(s)

2022-04-07 14:13:07 - [MESSAGE][PASSED] - Taking screenshot successfully
[[ATTACHMENT|C:\Users\Nia Yusniati\Git_Asa\BCAF_MEAPP_i3\Screenshoot\Sprint4\Web\keyes\keyes-scenario-1-Memilih-Radio-Button-Perubahan-Data.png]]

2022-04-07 14:13:07 - [TEST_STEP][PASSED] - markPassed("Scenario 1 - Memilih Radio Button Perubahan Data"): Scenario 1 - Memilih Radio Button Perubahan Data

2022-04-07 14:13:07 - [MESSAGE][PASSED] - Scenario 1 - Memilih Radio Button Perubahan Data

2022-04-07 14:13:07 - [TEST_STEP][PASSED] - delay(2): Delayed 2 second(s)

2022-04-07 14:13:09 - [MESSAGE][PASSED] - Delayed 2 second(s)

2022-04-07 14:13:09 - [TEST_STEP][PASSED] - click(findTestObject("MEApp_AppBaru_InisiasiKonsumen/button_Prosesfix")): Object: 'Object Repository/MEApp_AppBaru_InisiasiKonsumen/button_Prosesfix' is clicked on

2022-04-07 14:13:10 - [MESSAGE][PASSED] - Object: 'Object Repository/MEApp_AppBaru_InisiasiKonsumen/button_Prosesfix' is clicked on

2022-04-07 14:13:10 - [TEST_STEP][PASSED] - delay(2): Delayed 2 second(s)

2022-04-07 14:13:12 - [MESSAGE][PASSED] - Delayed 2 second(s)

2022-04-07 14:13:12 - [TEST_STEP][PASSED] - waitForElementPresent(findTestObject("MEApp_AppBaru_InisiasiKonsumen/AplikasiBaruMatching"), 300): Object 'Object Repository/MEApp_AppBaru_InisiasiKonsumen/AplikasiBaruMatching' is present

2022-04-07 14:13:39 - [MESSAGE][PASSED] - Object 'Object Repository/MEApp_AppBaru_InisiasiKonsumen/AplikasiBaruMatching' is present

2022-04-07 14:13:39 - [TEST_STEP][PASSED] - takeFullPageScreenshotAsCheckpoint(userDir + sprint4WebScreenshootPath + "scenario-1-Masuk-aplikasi-matching.png"): Taking screenshot successfully

2022-04-07 14:13:39 - [MESSAGE][INFO] - 0 hidden object(s)

2022-04-07 14:13:39 - [MESSAGE][PASSED] - Taking screenshot successfully
[[ATTACHMENT|C:\Users\Nia Yusniati\Git_Asa\BCAF_MEAPP_i3\Screenshoot\Sprint4\Web\keyes\keyes-scenario-1-Masuk-aplikasi-matching.png]]

2022-04-07 14:13:39 - [TEST_STEP][PASSED] - markPassed("Scenario 1 - Masuk aplikasi matching"): Scenario 1 - Masuk aplikasi matching

2022-04-07 14:13:39 - [MESSAGE][PASSED] - Scenario 1 - Masuk aplikasi matching

2022-04-07 14:13:39 - [TEST_STEP][PASSED] - delay(2): Delayed 2 second(s)

2022-04-07 14:13:41 - [MESSAGE][PASSED] - Delayed 2 second(s)

2022-04-07 14:13:41 - [TEST_STEP][PASSED] - click(findTestObject("MEApp_AppBaru_InisiasiKonsumen/a_Ok")): Object: 'Object Repository/MEApp_AppBaru_InisiasiKonsumen/a_Ok' is clicked on

2022-04-07 14:13:42 - [MESSAGE][PASSED] - Object: 'Object Repository/MEApp_AppBaru_InisiasiKonsumen/a_Ok' is clicked on

2022-04-07 14:13:42 - [TEST_STEP][PASSED] - delay(1): Delayed 1 second(s)

2022-04-07 14:13:43 - [MESSAGE][PASSED] - Delayed 1 second(s)

2022-04-07 14:13:43 - [TEST_STEP][PASSED] - click(findTestObject("MEApp_AppBaru_InisiasiKonsumen/button_Ya")): Object: 'Object Repository/MEApp_AppBaru_InisiasiKonsumen/button_Ya' is clicked on

2022-04-07 14:13:44 - [MESSAGE][PASSED] - Object: 'Object Repository/MEApp_AppBaru_InisiasiKonsumen/button_Ya' is clicked on

2022-04-07 14:13:44 - [TEST_STEP][PASSED] - delay(3): Delayed 3 second(s)

2022-04-07 14:13:47 - [MESSAGE][PASSED] - Delayed 3 second(s)

2022-04-07 14:13:47 - [TEST_STEP][PASSED] - takeFullPageScreenshotAsCheckpoint(userDir + sprint4WebScreenshootPath + "scenario-1-Berhasil-dilakukan-inisiasi-konsumen-baru.png"): Taking screenshot successfully

2022-04-07 14:13:48 - [MESSAGE][INFO] - 0 hidden object(s)

2022-04-07 14:13:48 - [MESSAGE][PASSED] - Taking screenshot successfully
[[ATTACHMENT|C:\Users\Nia Yusniati\Git_Asa\BCAF_MEAPP_i3\Screenshoot\Sprint4\Web\keyes\keyes-scenario-1-Berhasil-dilakukan-inisiasi-konsumen-baru.png]]

2022-04-07 14:13:48 - [TEST_STEP][PASSED] - markPassed("Scenario 1 - Berhasil dilakukan inisiasi konsumen baru"): Scenario 1 - Berhasil dilakukan inisiasi konsumen baru

2022-04-07 14:13:48 - [MESSAGE][PASSED] - Scenario 1 - Berhasil dilakukan inisiasi konsumen baru

2022-04-07 14:13:48 - [TEST_STEP][PASSED] - delay(2): Delayed 2 second(s)

2022-04-07 14:13:50 - [MESSAGE][PASSED] - Delayed 2 second(s)]]></system-out>
         <system-err><![CDATA[]]></system-err>
      </testcase>
      <testcase name="Test Cases/Sprint 4/Skenario 1/01-02-Transaction-AppPending-InputCorporate" time="265.969" classname="Test Cases/Sprint 4/Skenario 1/01-02-Transaction-AppPending-InputCorporate" status="PASSED">
         <system-out><![CDATA[2022-04-07 14:13:50 - [TEST_CASE][PASSED] - Test Cases/Sprint 4/Skenario 1/01-02-Transaction-AppPending-InputCorporate: Test Cases/Sprint 4/Skenario 1/01-02-Transaction-AppPending-InputCorporate

2022-04-07 14:13:52 - [TEST_STEP][PASSED] - userDir = getProjectDir(): null

2022-04-07 14:13:52 - [TEST_STEP][PASSED] - setText(findTestObject("Object Repository/Input_Corporate/Input_Konsumen/input_SID Name_form-control ng-untouched ng-pristine ng-invalid"), konsumen_SID, OPTIONAL): Text '223213445' is set on object 'Object Repository/Input_Corporate/Input_Konsumen/input_SID Name_form-control ng-untouched ng-pristine ng-invalid'

2022-04-07 14:14:48 - [MESSAGE][PASSED] - Text '223213445' is set on object 'Object Repository/Input_Corporate/Input_Konsumen/input_SID Name_form-control ng-untouched ng-pristine ng-invalid'

2022-04-07 14:14:48 - [TEST_STEP][PASSED] - delay(1): Delayed 1 second(s)

2022-04-07 14:14:49 - [MESSAGE][PASSED] - Delayed 1 second(s)

2022-04-07 14:14:49 - [TEST_STEP][PASSED] - scrollToElement(findTestObject("Object Repository/Input_Corporate/Input_Konsumen/i_Fax 2_ri-arrow-right-line"), 60, OPTIONAL): Scroll to object 'Object Repository/Input_Corporate/Input_Konsumen/i_Fax 2_ri-arrow-right-line' successfully

2022-04-07 14:14:49 - [MESSAGE][PASSED] - Scroll to object 'Object Repository/Input_Corporate/Input_Konsumen/i_Fax 2_ri-arrow-right-line' successfully

2022-04-07 14:14:49 - [TEST_STEP][PASSED] - delay(1): Delayed 1 second(s)

2022-04-07 14:14:50 - [MESSAGE][PASSED] - Delayed 1 second(s)

2022-04-07 14:14:50 - [TEST_STEP][PASSED] - click(findTestObject("Object Repository/Input_Corporate/Input_Konsumen/button_Surat Keterangan Domisili"), OPTIONAL): Object: 'Object Repository/Input_Corporate/Input_Konsumen/button_Surat Keterangan Domisili' is clicked on

2022-04-07 14:14:51 - [MESSAGE][PASSED] - Object: 'Object Repository/Input_Corporate/Input_Konsumen/button_Surat Keterangan Domisili' is clicked on

2022-04-07 14:14:51 - [TEST_STEP][PASSED] - delay(1): Delayed 1 second(s)

2022-04-07 14:14:52 - [MESSAGE][PASSED] - Delayed 1 second(s)

2022-04-07 14:14:52 - [TEST_STEP][PASSED] - takeFullPageScreenshotAsCheckpoint(userDir + sprint4WebScreenshootPath + "scenario-1-masuk-submenu-surat-keterangan-domisili.png"): Taking screenshot successfully

2022-04-07 14:14:53 - [MESSAGE][INFO] - 0 hidden object(s)

2022-04-07 14:14:53 - [MESSAGE][PASSED] - Taking screenshot successfully
[[ATTACHMENT|C:\Users\Nia Yusniati\Git_Asa\BCAF_MEAPP_i3\Screenshoot\Sprint4\Web\keyes\keyes-scenario-1-masuk-submenu-surat-keterangan-domisili.png]]

2022-04-07 14:14:53 - [TEST_STEP][PASSED] - markPassed("scenario 1 - Masuk submenu surat keterangan domisili"): scenario 1 - Masuk submenu surat keterangan domisili

2022-04-07 14:14:53 - [MESSAGE][PASSED] - scenario 1 - Masuk submenu surat keterangan domisili

2022-04-07 14:14:53 - [TEST_STEP][PASSED] - delay(1): Delayed 1 second(s)

2022-04-07 14:14:54 - [MESSAGE][PASSED] - Delayed 1 second(s)

2022-04-07 14:14:54 - [TEST_STEP][PASSED] - click(findTestObject("Object Repository/Input_Corporate/Input_Konsumen/button_Capture_Domisili"), OPTIONAL): Object: 'Object Repository/Input_Corporate/Input_Konsumen/button_Capture_Domisili' is clicked on

2022-04-07 14:14:55 - [MESSAGE][PASSED] - Object: 'Object Repository/Input_Corporate/Input_Konsumen/button_Capture_Domisili' is clicked on

2022-04-07 14:14:55 - [TEST_STEP][PASSED] - delay(1): Delayed 1 second(s)

2022-04-07 14:14:56 - [MESSAGE][PASSED] - Delayed 1 second(s)

2022-04-07 14:14:56 - [TEST_STEP][PASSED] - uploadFile(findTestObject("Input_Corporate/Capture_"), userDir + cobaKTP, OPTIONAL): File 'C:/Users/Nia Yusniati/Git_Asa/BCAF_MEAPP_i3/Assets/ktp_dummy.png' sent to object: 'Object Repository/Input_Corporate/Capture_'

2022-04-07 14:14:56 - [MESSAGE][PASSED] - File 'C:/Users/Nia Yusniati/Git_Asa/BCAF_MEAPP_i3/Assets/ktp_dummy.png' sent to object: 'Object Repository/Input_Corporate/Capture_'

2022-04-07 14:14:56 - [TEST_STEP][PASSED] - delay(1): Delayed 1 second(s)

2022-04-07 14:14:57 - [MESSAGE][PASSED] - Delayed 1 second(s)

2022-04-07 14:14:57 - [TEST_STEP][PASSED] - takeFullPageScreenshotAsCheckpoint(userDir + sprint4WebScreenshootPath + "scenario-1-capture-surat-keterangan-domisili-berhasil.png"): Taking screenshot successfully

2022-04-07 14:14:58 - [MESSAGE][INFO] - 0 hidden object(s)

2022-04-07 14:14:58 - [MESSAGE][PASSED] - Taking screenshot successfully
[[ATTACHMENT|C:\Users\Nia Yusniati\Git_Asa\BCAF_MEAPP_i3\Screenshoot\Sprint4\Web\keyes\keyes-scenario-1-capture-surat-keterangan-domisili-berhasil.png]]

2022-04-07 14:14:58 - [TEST_STEP][PASSED] - markPassed("scenario 1 - Capture surat keterangan domisili berhasil"): scenario 1 - Capture surat keterangan domisili berhasil

2022-04-07 14:14:58 - [MESSAGE][PASSED] - scenario 1 - Capture surat keterangan domisili berhasil

2022-04-07 14:14:58 - [TEST_STEP][PASSED] - delay(1): Delayed 1 second(s)

2022-04-07 14:14:59 - [MESSAGE][PASSED] - Delayed 1 second(s)

2022-04-07 14:14:59 - [TEST_STEP][PASSED] - click(findTestObject("Object Repository/Input_Corporate/Input_Konsumen/button_FAP"), OPTIONAL): Object: 'Object Repository/Input_Corporate/Input_Konsumen/button_FAP' is clicked on

2022-04-07 14:15:00 - [MESSAGE][PASSED] - Object: 'Object Repository/Input_Corporate/Input_Konsumen/button_FAP' is clicked on

2022-04-07 14:15:00 - [TEST_STEP][PASSED] - delay(1): Delayed 1 second(s)

2022-04-07 14:15:01 - [MESSAGE][PASSED] - Delayed 1 second(s)

2022-04-07 14:15:01 - [TEST_STEP][PASSED] - takeFullPageScreenshotAsCheckpoint(userDir + sprint4WebScreenshootPath + "scenario-1-Masuk-submenu-FAP.png"): Taking screenshot successfully

2022-04-07 14:15:02 - [MESSAGE][INFO] - 0 hidden object(s)

2022-04-07 14:15:03 - [MESSAGE][PASSED] - Taking screenshot successfully
[[ATTACHMENT|C:\Users\Nia Yusniati\Git_Asa\BCAF_MEAPP_i3\Screenshoot\Sprint4\Web\keyes\keyes-scenario-1-Masuk-submenu-FAP.png]]

2022-04-07 14:15:03 - [TEST_STEP][PASSED] - markPassed("scenario 1 - Masuk submenu FAP"): scenario 1 - Masuk submenu FAP

2022-04-07 14:15:03 - [MESSAGE][PASSED] - scenario 1 - Masuk submenu FAP

2022-04-07 14:15:03 - [TEST_STEP][PASSED] - delay(1): Delayed 1 second(s)

2022-04-07 14:15:04 - [MESSAGE][PASSED] - Delayed 1 second(s)

2022-04-07 14:15:04 - [TEST_STEP][PASSED] - click(findTestObject("Object Repository/Input_Corporate/Input_Konsumen/a_Add Capture_FAP"), OPTIONAL): Object: 'Object Repository/Input_Corporate/Input_Konsumen/a_Add Capture_FAP' is clicked on

2022-04-07 14:15:04 - [MESSAGE][PASSED] - Object: 'Object Repository/Input_Corporate/Input_Konsumen/a_Add Capture_FAP' is clicked on

2022-04-07 14:15:04 - [TEST_STEP][PASSED] - delay(1): Delayed 1 second(s)

2022-04-07 14:15:05 - [MESSAGE][PASSED] - Delayed 1 second(s)

2022-04-07 14:15:05 - [TEST_STEP][PASSED] - uploadFile(findTestObject("Input_Corporate/Capture_"), userDir + cobaKTP, OPTIONAL): File 'C:/Users/Nia Yusniati/Git_Asa/BCAF_MEAPP_i3/Assets/ktp_dummy.png' sent to object: 'Object Repository/Input_Corporate/Capture_'

2022-04-07 14:15:06 - [MESSAGE][PASSED] - File 'C:/Users/Nia Yusniati/Git_Asa/BCAF_MEAPP_i3/Assets/ktp_dummy.png' sent to object: 'Object Repository/Input_Corporate/Capture_'

2022-04-07 14:15:06 - [TEST_STEP][PASSED] - delay(1): Delayed 1 second(s)

2022-04-07 14:15:07 - [MESSAGE][PASSED] - Delayed 1 second(s)

2022-04-07 14:15:07 - [TEST_STEP][PASSED] - setText(findTestObject("Object Repository/Input_Corporate/Input_Konsumen/input_Jenis Usaha_form-control ng-untouched ng-pristine ng-invalid"), konsumen_jenisUsaha, OPTIONAL): Text 'Kontruksi' is set on object 'Object Repository/Input_Corporate/Input_Konsumen/input_Jenis Usaha_form-control ng-untouched ng-pristine ng-invalid'

2022-04-07 14:15:08 - [MESSAGE][PASSED] - Text 'Kontruksi' is set on object 'Object Repository/Input_Corporate/Input_Konsumen/input_Jenis Usaha_form-control ng-untouched ng-pristine ng-invalid'

2022-04-07 14:15:08 - [TEST_STEP][PASSED] - delay(1): Delayed 1 second(s)

2022-04-07 14:15:09 - [MESSAGE][PASSED] - Delayed 1 second(s)

2022-04-07 14:15:09 - [TEST_STEP][PASSED] - setText(findTestObject("Object Repository/Input_Corporate/Input_Konsumen/input_Economy Code_form-control bcaf-autocomplete ng-untouched ng-pristine ng-invalid"), konsumen_economyCode, OPTIONAL): Text '010103' is set on object 'Object Repository/Input_Corporate/Input_Konsumen/input_Economy Code_form-control bcaf-autocomplete ng-untouched ng-pristine ng-invalid'

2022-04-07 14:15:10 - [MESSAGE][PASSED] - Text '010103' is set on object 'Object Repository/Input_Corporate/Input_Konsumen/input_Economy Code_form-control bcaf-autocomplete ng-untouched ng-pristine ng-invalid'

2022-04-07 14:15:10 - [TEST_STEP][PASSED] - delay(1): Delayed 1 second(s)

2022-04-07 14:15:11 - [MESSAGE][PASSED] - Delayed 1 second(s)

2022-04-07 14:15:11 - [TEST_STEP][PASSED] - waitForElementPresent(findTestObject("Object Repository/Input_Corporate/Input_Konsumen/li_010103 Pertanian  Kehutanan-Pertanian  Pupuk-Importir"), 100, OPTIONAL): Object 'Object Repository/Input_Corporate/Input_Konsumen/li_010103 Pertanian  Kehutanan-Pertanian  Pupuk-Importir' is present

2022-04-07 14:15:12 - [MESSAGE][PASSED] - Object 'Object Repository/Input_Corporate/Input_Konsumen/li_010103 Pertanian  Kehutanan-Pertanian  Pupuk-Importir' is present

2022-04-07 14:15:12 - [TEST_STEP][PASSED] - delay(1): Delayed 1 second(s)

2022-04-07 14:15:13 - [MESSAGE][PASSED] - Delayed 1 second(s)

2022-04-07 14:15:13 - [TEST_STEP][PASSED] - click(findTestObject("Object Repository/Input_Corporate/Input_Konsumen/li_010103 Pertanian  Kehutanan-Pertanian  Pupuk-Importir"), OPTIONAL): Object: 'Object Repository/Input_Corporate/Input_Konsumen/li_010103 Pertanian  Kehutanan-Pertanian  Pupuk-Importir' is clicked on

2022-04-07 14:15:14 - [MESSAGE][PASSED] - Object: 'Object Repository/Input_Corporate/Input_Konsumen/li_010103 Pertanian  Kehutanan-Pertanian  Pupuk-Importir' is clicked on

2022-04-07 14:15:14 - [TEST_STEP][PASSED] - delay(1): Delayed 1 second(s)

2022-04-07 14:15:15 - [MESSAGE][PASSED] - Delayed 1 second(s)

2022-04-07 14:15:15 - [TEST_STEP][PASSED] - setText(findTestObject("Object Repository/Input_Corporate/Input_Konsumen/input_Kode Lokasi Proyek_form"), konsumen_kodeLokasi, OPTIONAL): Text '1213' is set on object 'Object Repository/Input_Corporate/Input_Konsumen/input_Kode Lokasi Proyek_form'

2022-04-07 14:15:16 - [MESSAGE][PASSED] - Text '1213' is set on object 'Object Repository/Input_Corporate/Input_Konsumen/input_Kode Lokasi Proyek_form'

2022-04-07 14:15:16 - [TEST_STEP][PASSED] - delay(1): Delayed 1 second(s)

2022-04-07 14:15:17 - [MESSAGE][PASSED] - Delayed 1 second(s)

2022-04-07 14:15:17 - [TEST_STEP][PASSED] - waitForElementPresent(findTestObject("Object Repository/Input_Corporate/Input_Konsumen/li_1213 - MALANG,KAB"), 100, OPTIONAL): Object 'Object Repository/Input_Corporate/Input_Konsumen/li_1213 - MALANG,KAB' is present

2022-04-07 14:15:17 - [MESSAGE][PASSED] - Object 'Object Repository/Input_Corporate/Input_Konsumen/li_1213 - MALANG,KAB' is present

2022-04-07 14:15:17 - [TEST_STEP][PASSED] - delay(1): Delayed 1 second(s)

2022-04-07 14:15:18 - [MESSAGE][PASSED] - Delayed 1 second(s)

2022-04-07 14:15:18 - [TEST_STEP][PASSED] - click(findTestObject("Object Repository/Input_Corporate/Input_Konsumen/li_1213 - MALANG,KAB"), OPTIONAL): Object: 'Object Repository/Input_Corporate/Input_Konsumen/li_1213 - MALANG,KAB' is clicked on

2022-04-07 14:15:19 - [MESSAGE][PASSED] - Object: 'Object Repository/Input_Corporate/Input_Konsumen/li_1213 - MALANG,KAB' is clicked on

2022-04-07 14:15:19 - [TEST_STEP][PASSED] - delay(1): Delayed 1 second(s)

2022-04-07 14:15:20 - [MESSAGE][PASSED] - Delayed 1 second(s)

2022-04-07 14:15:20 - [TEST_STEP][PASSED] - setText(findTestObject("Object Repository/Input_Corporate/Input_Konsumen/input_Berdiri Sejak Tahun_form-control ng-untouched ng-pristine ng-invalid"), konsumen_tahunBerdiri, OPTIONAL): Text '1995' is set on object 'Object Repository/Input_Corporate/Input_Konsumen/input_Berdiri Sejak Tahun_form-control ng-untouched ng-pristine ng-invalid'

2022-04-07 14:15:21 - [MESSAGE][PASSED] - Text '1995' is set on object 'Object Repository/Input_Corporate/Input_Konsumen/input_Berdiri Sejak Tahun_form-control ng-untouched ng-pristine ng-invalid'

2022-04-07 14:15:21 - [TEST_STEP][PASSED] - delay(1): Delayed 1 second(s)

2022-04-07 14:15:22 - [MESSAGE][PASSED] - Delayed 1 second(s)

2022-04-07 14:15:22 - [TEST_STEP][PASSED] - setText(findTestObject("Object Repository/Input_Corporate/Input_Konsumen/input_Omzet Usaha per Tahun_form-control text-right ng-untouched ng-pristine ng-invalid"), konsumen_omzetUsaha, OPTIONAL): Text '10000000000' is set on object 'Object Repository/Input_Corporate/Input_Konsumen/input_Omzet Usaha per Tahun_form-control text-right ng-untouched ng-pristine ng-invalid'

2022-04-07 14:15:24 - [MESSAGE][PASSED] - Text '10000000000' is set on object 'Object Repository/Input_Corporate/Input_Konsumen/input_Omzet Usaha per Tahun_form-control text-right ng-untouched ng-pristine ng-invalid'

2022-04-07 14:15:24 - [TEST_STEP][PASSED] - delay(1): Delayed 1 second(s)

2022-04-07 14:15:25 - [MESSAGE][PASSED] - Delayed 1 second(s)

2022-04-07 14:15:25 - [TEST_STEP][PASSED] - setText(findTestObject("Object Repository/Input_Corporate/Input_Konsumen/input_No. Rekening BCA_form-control ng-untouched ng-pristine ng-valid"), konsumen_noRekBCA, OPTIONAL): Text '413514512' is set on object 'Object Repository/Input_Corporate/Input_Konsumen/input_No. Rekening BCA_form-control ng-untouched ng-pristine ng-valid'

2022-04-07 14:15:27 - [MESSAGE][PASSED] - Text '413514512' is set on object 'Object Repository/Input_Corporate/Input_Konsumen/input_No. Rekening BCA_form-control ng-untouched ng-pristine ng-valid'

2022-04-07 14:15:27 - [TEST_STEP][PASSED] - delay(1): Delayed 1 second(s)

2022-04-07 14:15:28 - [MESSAGE][PASSED] - Delayed 1 second(s)

2022-04-07 14:15:28 - [TEST_STEP][PASSED] - setText(findTestObject("Object Repository/Input_Corporate/Input_Konsumen/input_Alamat Perusahaan_form-control ng-untouched ng-pristine ng-invalid"), konsumen_alamatPT, OPTIONAL): Text 'Jakarta, No. 45' is set on object 'Object Repository/Input_Corporate/Input_Konsumen/input_Alamat Perusahaan_form-control ng-untouched ng-pristine ng-invalid'

2022-04-07 14:15:29 - [MESSAGE][PASSED] - Text 'Jakarta, No. 45' is set on object 'Object Repository/Input_Corporate/Input_Konsumen/input_Alamat Perusahaan_form-control ng-untouched ng-pristine ng-invalid'

2022-04-07 14:15:29 - [TEST_STEP][PASSED] - delay(1): Delayed 1 second(s)

2022-04-07 14:15:30 - [MESSAGE][PASSED] - Delayed 1 second(s)

2022-04-07 14:15:30 - [TEST_STEP][PASSED] - setText(findTestObject("Object Repository/Input_Corporate/Input_Konsumen/input_Provinsi_form-control bcaf-autocomplete ng-untouched ng-pristine ng-invalid"), konsumen_provinsi, OPTIONAL): Text 'JAWA TIMUR' is set on object 'Object Repository/Input_Corporate/Input_Konsumen/input_Provinsi_form-control bcaf-autocomplete ng-untouched ng-pristine ng-invalid'

2022-04-07 14:15:31 - [MESSAGE][PASSED] - Text 'JAWA TIMUR' is set on object 'Object Repository/Input_Corporate/Input_Konsumen/input_Provinsi_form-control bcaf-autocomplete ng-untouched ng-pristine ng-invalid'

2022-04-07 14:15:31 - [TEST_STEP][PASSED] - delay(1): Delayed 1 second(s)

2022-04-07 14:15:32 - [MESSAGE][PASSED] - Delayed 1 second(s)

2022-04-07 14:15:32 - [TEST_STEP][PASSED] - waitForElementPresent(findTestObject("Object Repository/Input_Corporate/Input_Konsumen/li_JAWA TIMUR"), 100, OPTIONAL): Object 'Object Repository/Input_Corporate/Input_Konsumen/li_JAWA TIMUR' is present

2022-04-07 14:15:33 - [MESSAGE][PASSED] - Object 'Object Repository/Input_Corporate/Input_Konsumen/li_JAWA TIMUR' is present

2022-04-07 14:15:33 - [TEST_STEP][PASSED] - delay(1): Delayed 1 second(s)

2022-04-07 14:15:34 - [MESSAGE][PASSED] - Delayed 1 second(s)

2022-04-07 14:15:34 - [TEST_STEP][PASSED] - click(findTestObject("Object Repository/Input_Corporate/Input_Konsumen/li_JAWA TIMUR"), OPTIONAL): Object: 'Object Repository/Input_Corporate/Input_Konsumen/li_JAWA TIMUR' is clicked on

2022-04-07 14:15:35 - [MESSAGE][PASSED] - Object: 'Object Repository/Input_Corporate/Input_Konsumen/li_JAWA TIMUR' is clicked on

2022-04-07 14:15:35 - [TEST_STEP][PASSED] - delay(1): Delayed 1 second(s)

2022-04-07 14:15:36 - [MESSAGE][PASSED] - Delayed 1 second(s)

2022-04-07 14:15:36 - [TEST_STEP][PASSED] - setText(findTestObject("Object Repository/Input_Corporate/Input_Konsumen/input_KabKota_form-control bcaf-autocomplete ng-untouched ng-pristine ng-invalid"), konsumen_kabKota, OPTIONAL): Text 'Malang' is set on object 'Object Repository/Input_Corporate/Input_Konsumen/input_KabKota_form-control bcaf-autocomplete ng-untouched ng-pristine ng-invalid'

2022-04-07 14:15:37 - [MESSAGE][PASSED] - Text 'Malang' is set on object 'Object Repository/Input_Corporate/Input_Konsumen/input_KabKota_form-control bcaf-autocomplete ng-untouched ng-pristine ng-invalid'

2022-04-07 14:15:37 - [TEST_STEP][PASSED] - delay(1): Delayed 1 second(s)

2022-04-07 14:15:38 - [MESSAGE][PASSED] - Delayed 1 second(s)

2022-04-07 14:15:38 - [TEST_STEP][PASSED] - waitForElementPresent(findTestObject("Object Repository/Input_Corporate/Input_Konsumen/li_MALANG"), 100, OPTIONAL): Object 'Object Repository/Input_Corporate/Input_Konsumen/li_MALANG' is present

2022-04-07 14:15:39 - [MESSAGE][PASSED] - Object 'Object Repository/Input_Corporate/Input_Konsumen/li_MALANG' is present

2022-04-07 14:15:39 - [TEST_STEP][PASSED] - delay(1): Delayed 1 second(s)

2022-04-07 14:15:40 - [MESSAGE][PASSED] - Delayed 1 second(s)

2022-04-07 14:15:40 - [TEST_STEP][PASSED] - click(findTestObject("Object Repository/Input_Corporate/Input_Konsumen/li_MALANG"), OPTIONAL): Object: 'Object Repository/Input_Corporate/Input_Konsumen/li_MALANG' is clicked on

2022-04-07 14:15:40 - [MESSAGE][PASSED] - Object: 'Object Repository/Input_Corporate/Input_Konsumen/li_MALANG' is clicked on

2022-04-07 14:15:40 - [TEST_STEP][PASSED] - delay(1): Delayed 1 second(s)

2022-04-07 14:15:41 - [MESSAGE][PASSED] - Delayed 1 second(s)

2022-04-07 14:15:41 - [TEST_STEP][PASSED] - setText(findTestObject("Object Repository/Input_Corporate/Input_Konsumen/input_Kecamatan_form-control bcaf-autocomplete ng-untouched ng-pristine ng-invalid"), konsumen_kecamantan, OPTIONAL): Text 'lowokwaru' is set on object 'Object Repository/Input_Corporate/Input_Konsumen/input_Kecamatan_form-control bcaf-autocomplete ng-untouched ng-pristine ng-invalid'

2022-04-07 14:15:43 - [MESSAGE][PASSED] - Text 'lowokwaru' is set on object 'Object Repository/Input_Corporate/Input_Konsumen/input_Kecamatan_form-control bcaf-autocomplete ng-untouched ng-pristine ng-invalid'

2022-04-07 14:15:43 - [TEST_STEP][PASSED] - delay(1): Delayed 1 second(s)

2022-04-07 14:15:44 - [MESSAGE][PASSED] - Delayed 1 second(s)

2022-04-07 14:15:44 - [TEST_STEP][PASSED] - waitForElementPresent(findTestObject("Object Repository/Input_Corporate/Input_Konsumen/li_LOWOKWARU"), 0, OPTIONAL): Object 'Object Repository/Input_Corporate/Input_Konsumen/li_LOWOKWARU' is present

2022-04-07 14:15:44 - [MESSAGE][WARNING] - Timeout '0' is invalid. Using default page load timeout: '30'

2022-04-07 14:15:44 - [MESSAGE][PASSED] - Object 'Object Repository/Input_Corporate/Input_Konsumen/li_LOWOKWARU' is present

2022-04-07 14:15:44 - [TEST_STEP][PASSED] - delay(1): Delayed 1 second(s)

2022-04-07 14:15:45 - [MESSAGE][PASSED] - Delayed 1 second(s)

2022-04-07 14:15:45 - [TEST_STEP][PASSED] - click(findTestObject("Object Repository/Input_Corporate/Input_Konsumen/li_LOWOKWARU"), OPTIONAL): Object: 'Object Repository/Input_Corporate/Input_Konsumen/li_LOWOKWARU' is clicked on

2022-04-07 14:15:46 - [MESSAGE][PASSED] - Object: 'Object Repository/Input_Corporate/Input_Konsumen/li_LOWOKWARU' is clicked on

2022-04-07 14:15:46 - [TEST_STEP][PASSED] - delay(1): Delayed 1 second(s)

2022-04-07 14:15:47 - [MESSAGE][PASSED] - Delayed 1 second(s)

2022-04-07 14:15:47 - [TEST_STEP][PASSED] - setText(findTestObject("Object Repository/Input_Corporate/Input_Konsumen/input_Kelurahan_form-control bcaf-autocomplete ng-untouched ng-pristine ng-invalid"), konsumen_kelurahan, OPTIONAL): Text 'ketawanggede' is set on object 'Object Repository/Input_Corporate/Input_Konsumen/input_Kelurahan_form-control bcaf-autocomplete ng-untouched ng-pristine ng-invalid'

2022-04-07 14:15:49 - [MESSAGE][PASSED] - Text 'ketawanggede' is set on object 'Object Repository/Input_Corporate/Input_Konsumen/input_Kelurahan_form-control bcaf-autocomplete ng-untouched ng-pristine ng-invalid'

2022-04-07 14:15:49 - [TEST_STEP][PASSED] - delay(1): Delayed 1 second(s)

2022-04-07 14:15:50 - [MESSAGE][PASSED] - Delayed 1 second(s)

2022-04-07 14:15:50 - [TEST_STEP][PASSED] - waitForElementPresent(findTestObject("Object Repository/Input_Corporate/Input_Konsumen/li_KETAWANGGEDE"), 100, OPTIONAL): Object 'Object Repository/Input_Corporate/Input_Konsumen/li_KETAWANGGEDE' is present

2022-04-07 14:15:50 - [MESSAGE][PASSED] - Object 'Object Repository/Input_Corporate/Input_Konsumen/li_KETAWANGGEDE' is present

2022-04-07 14:15:50 - [TEST_STEP][PASSED] - delay(1): Delayed 1 second(s)

2022-04-07 14:15:51 - [MESSAGE][PASSED] - Delayed 1 second(s)

2022-04-07 14:15:51 - [TEST_STEP][PASSED] - click(findTestObject("Object Repository/Input_Corporate/Input_Konsumen/li_KETAWANGGEDE"), OPTIONAL): Object: 'Object Repository/Input_Corporate/Input_Konsumen/li_KETAWANGGEDE' is clicked on

2022-04-07 14:15:52 - [MESSAGE][PASSED] - Object: 'Object Repository/Input_Corporate/Input_Konsumen/li_KETAWANGGEDE' is clicked on

2022-04-07 14:15:52 - [TEST_STEP][PASSED] - delay(1): Delayed 1 second(s)

2022-04-07 14:15:53 - [MESSAGE][PASSED] - Delayed 1 second(s)

2022-04-07 14:15:53 - [TEST_STEP][PASSED] - setText(findTestObject("Object Repository/Input_Corporate/Input_Konsumen/input_Kode Pos_form-control bcaf-autocomplete ng-untouched ng-pristine ng-invalid"), konsumen_kodePos, OPTIONAL): Text '65145' is set on object 'Object Repository/Input_Corporate/Input_Konsumen/input_Kode Pos_form-control bcaf-autocomplete ng-untouched ng-pristine ng-invalid'

2022-04-07 14:15:54 - [MESSAGE][PASSED] - Text '65145' is set on object 'Object Repository/Input_Corporate/Input_Konsumen/input_Kode Pos_form-control bcaf-autocomplete ng-untouched ng-pristine ng-invalid'

2022-04-07 14:15:54 - [TEST_STEP][PASSED] - delay(1): Delayed 1 second(s)

2022-04-07 14:15:55 - [MESSAGE][PASSED] - Delayed 1 second(s)

2022-04-07 14:15:55 - [TEST_STEP][PASSED] - waitForElementPresent(findTestObject("Object Repository/Input_Corporate/Input_Konsumen/li_65145"), 100, OPTIONAL): Object 'Object Repository/Input_Corporate/Input_Konsumen/li_65145' is present

2022-04-07 14:15:55 - [MESSAGE][PASSED] - Object 'Object Repository/Input_Corporate/Input_Konsumen/li_65145' is present

2022-04-07 14:15:55 - [TEST_STEP][PASSED] - delay(1): Delayed 1 second(s)

2022-04-07 14:15:56 - [MESSAGE][PASSED] - Delayed 1 second(s)

2022-04-07 14:15:56 - [TEST_STEP][PASSED] - click(findTestObject("Object Repository/Input_Corporate/Input_Konsumen/li_65145"), OPTIONAL): Object: 'Object Repository/Input_Corporate/Input_Konsumen/li_65145' is clicked on

2022-04-07 14:15:57 - [MESSAGE][PASSED] - Object: 'Object Repository/Input_Corporate/Input_Konsumen/li_65145' is clicked on

2022-04-07 14:15:57 - [TEST_STEP][PASSED] - delay(1): Delayed 1 second(s)

2022-04-07 14:15:58 - [MESSAGE][PASSED] - Delayed 1 second(s)

2022-04-07 14:15:58 - [TEST_STEP][PASSED] - takeFullPageScreenshotAsCheckpoint(userDir + sprint4WebScreenshootPath + "scenario-1-Input-data-FAP.png"): Taking screenshot successfully

2022-04-07 14:16:00 - [MESSAGE][INFO] - 0 hidden object(s)

2022-04-07 14:16:00 - [MESSAGE][PASSED] - Taking screenshot successfully
[[ATTACHMENT|C:\Users\Nia Yusniati\Git_Asa\BCAF_MEAPP_i3\Screenshoot\Sprint4\Web\keyes\keyes-scenario-1-Input-data-FAP.png]]

2022-04-07 14:16:00 - [TEST_STEP][PASSED] - markPassed("scenario 1 - Input data FAP"): scenario 1 - Input data FAP

2022-04-07 14:16:00 - [MESSAGE][PASSED] - scenario 1 - Input data FAP

2022-04-07 14:16:00 - [TEST_STEP][PASSED] - delay(1): Delayed 1 second(s)

2022-04-07 14:16:01 - [MESSAGE][PASSED] - Delayed 1 second(s)

2022-04-07 14:16:01 - [TEST_STEP][PASSED] - scrollToElement(findTestObject("Object Repository/Input_Corporate/Input_Konsumen/i_Fax 2_ri-arrow-right-line"), 60, OPTIONAL): Scroll to object 'Object Repository/Input_Corporate/Input_Konsumen/i_Fax 2_ri-arrow-right-line' successfully

2022-04-07 14:16:01 - [MESSAGE][PASSED] - Scroll to object 'Object Repository/Input_Corporate/Input_Konsumen/i_Fax 2_ri-arrow-right-line' successfully

2022-04-07 14:16:01 - [TEST_STEP][PASSED] - click(findTestObject("Object Repository/Input_Corporate/Input_Konsumen/input_Alamat Pengiriman Surat  Alamat Perusahaan_isAlamatPengirimanSurat"), OPTIONAL): Unable to click on object 'Object Repository/Input_Corporate/Input_Konsumen/input_Alamat Pengiriman Surat  Alamat Perusahaan_isAlamatPengirimanSurat' (Root cause: com.kms.katalon.core.exception.StepFailedException: Unable to click on object 'Object Repository/Input_Corporate/Input_Konsumen/input_Alamat Pengiriman Surat  Alamat Perusahaan_isAlamatPengirimanSurat'
	at com.kms.katalon.core.webui.keyword.internal.WebUIKeywordMain.stepFailed(WebUIKeywordMain.groovy:64)
	at com.kms.katalon.core.webui.keyword.internal.WebUIKeywordMain.runKeyword(WebUIKeywordMain.groovy:26)
	at com.kms.katalon.core.webui.keyword.builtin.ClickKeyword.click(ClickKeyword.groovy:75)
	at com.kms.katalon.core.webui.keyword.builtin.ClickKeyword.execute(ClickKeyword.groovy:42)
	at com.kms.katalon.core.keyword.internal.KeywordExecutor.executeKeywordForPlatform(KeywordExecutor.groovy:74)
	at com.kms.katalon.core.webui.keyword.WebUiBuiltInKeywords.click(WebUiBuiltInKeywords.groovy:608)
	at com.kms.katalon.core.webui.keyword.WebUiBuiltInKeywords$click$10.call(Unknown Source)
	at 01-02-Transaction-AppPending-InputCorporate.run(01-02-Transaction-AppPending-InputCorporate:294)
	at com.kms.katalon.core.main.ScriptEngine.run(ScriptEngine.java:194)
	at com.kms.katalon.core.main.ScriptEngine.runScriptAsRawText(ScriptEngine.java:119)
	at com.kms.katalon.core.main.TestCaseExecutor.runScript(TestCaseExecutor.java:430)
	at com.kms.katalon.core.main.TestCaseExecutor.doExecute(TestCaseExecutor.java:421)
	at com.kms.katalon.core.main.TestCaseExecutor.processExecutionPhase(TestCaseExecutor.java:400)
	at com.kms.katalon.core.main.TestCaseExecutor.accessMainPhase(TestCaseExecutor.java:392)
	at com.kms.katalon.core.main.TestCaseExecutor.execute(TestCaseExecutor.java:273)
	at com.kms.katalon.core.main.TestSuiteExecutor.accessTestCaseMainPhase(TestSuiteExecutor.java:202)
	at com.kms.katalon.core.main.TestSuiteExecutor.accessTestSuiteMainPhase(TestSuiteExecutor.java:164)
	at com.kms.katalon.core.main.TestSuiteExecutor.execute(TestSuiteExecutor.java:105)
	at com.kms.katalon.core.main.TestCaseMain.startTestSuite(TestCaseMain.java:185)
	at com.kms.katalon.core.main.TestCaseMain$startTestSuite$0.call(Unknown Source)
	at TempTestSuite1649315467709.run(TempTestSuite1649315467709.groovy:36)
Caused by: org.openqa.selenium.ElementClickInterceptedException: element click intercepted: Element <input _ngcontent-jgi-c99="" formcontrolname="isAlamatPengirimanSurat" id="radio-perorangan" type="radio" value="ya" name="isAlamatPengirimanSurat" class="form-check-input ng-untouched ng-pristine ng-valid"> is not clickable at point (312, 7). Other element would receive the click: <header _ngcontent-jgi-c84="" id="mainHeader" class="c-header c-header-light c-header-fixed">...</header>
  (Session info: chrome=99.0.4844.84)
Build info: version: '3.141.59', revision: 'e82be7d358', time: '2018-11-14T08:25:53'
System info: host: 'APANDI', ip: '192.168.250.25', os.name: 'Windows 10', os.arch: 'amd64', os.version: '10.0', java.version: '1.8.0_282'
Driver info: com.kms.katalon.selenium.driver.CChromeDriver
Capabilities {acceptInsecureCerts: false, browserName: chrome, browserVersion: 99.0.4844.84, chrome: {chromedriverVersion: 99.0.4844.51 (d537ec02474b5..., userDataDir: C:\Users\NIAYUS~1\AppData\L...}, goog:chromeOptions: {debuggerAddress: localhost:64400}, javascriptEnabled: true, networkConnectionEnabled: false, pageLoadStrategy: normal, platform: WINDOWS, platformName: WINDOWS, proxy: Proxy(), setWindowRect: true, strictFileInteractability: false, timeouts: {implicit: 0, pageLoad: 300000, script: 30000}, unhandledPromptBehavior: dismiss and notify, webauthn:extension:credBlob: true, webauthn:extension:largeBlob: true, webauthn:virtualAuthenticators: true}
Session ID: ecfc213c4c69993ebb39cdf75aad3cd2
	at org.openqa.selenium.remote.http.W3CHttpResponseCodec.createException(W3CHttpResponseCodec.java:187)
	at org.openqa.selenium.remote.http.W3CHttpResponseCodec.decode(W3CHttpResponseCodec.java:122)
	at org.openqa.selenium.remote.http.W3CHttpResponseCodec.decode(W3CHttpResponseCodec.java:49)
	at org.openqa.selenium.remote.HttpCommandExecutor.execute(HttpCommandExecutor.java:158)
	at org.openqa.selenium.remote.service.DriverCommandExecutor.execute(DriverCommandExecutor.java:83)
	at org.openqa.selenium.remote.RemoteWebDriver.execute(RemoteWebDriver.java:552)
	at com.kms.katalon.selenium.driver.CChromeDriver.execute(CChromeDriver.java:19)
	at org.openqa.selenium.remote.RemoteWebElement.execute(RemoteWebElement.java:285)
	at org.openqa.selenium.remote.RemoteWebElement.click(RemoteWebElement.java:84)
	at org.openqa.selenium.support.events.EventFiringWebDriver$EventFiringWebElement.lambda$new$0(EventFiringWebDriver.java:404)
	at com.sun.proxy.$Proxy11.click(Unknown Source)
	at org.openqa.selenium.support.events.EventFiringWebDriver$EventFiringWebElement.click(EventFiringWebDriver.java:417)
	at com.kms.katalon.core.webui.keyword.builtin.ClickKeyword$_click_closure1.doCall(ClickKeyword.groovy:68)
	at com.kms.katalon.core.webui.keyword.builtin.ClickKeyword$_click_closure1.call(ClickKeyword.groovy)
	at com.kms.katalon.core.webui.keyword.internal.WebUIKeywordMain.runKeyword(WebUIKeywordMain.groovy:20)
	at com.kms.katalon.core.webui.keyword.builtin.ClickKeyword.click(ClickKeyword.groovy:75)
	at com.kms.katalon.core.webui.keyword.builtin.ClickKeyword.execute(ClickKeyword.groovy:42)
	at com.kms.katalon.core.keyword.internal.KeywordExecutor.executeKeywordForPlatform(KeywordExecutor.groovy:74)
	at com.kms.katalon.core.webui.keyword.WebUiBuiltInKeywords.click(WebUiBuiltInKeywords.groovy:608)
	at com.kms.katalon.core.webui.keyword.WebUiBuiltInKeywords$click$10.call(Unknown Source)
	at Script1647431898822.run(Script1647431898822.groovy:294)
	... 13 more
)

2022-04-07 14:16:03 - [MESSAGE][WARNING] - Unable to click on object 'Object Repository/Input_Corporate/Input_Konsumen/input_Alamat Pengiriman Surat  Alamat Perusahaan_isAlamatPengirimanSurat' (Root cause: com.kms.katalon.core.exception.StepFailedException: Unable to click on object 'Object Repository/Input_Corporate/Input_Konsumen/input_Alamat Pengiriman Surat  Alamat Perusahaan_isAlamatPengirimanSurat'
	at com.kms.katalon.core.webui.keyword.internal.WebUIKeywordMain.stepFailed(WebUIKeywordMain.groovy:64)
	at com.kms.katalon.core.webui.keyword.internal.WebUIKeywordMain.runKeyword(WebUIKeywordMain.groovy:26)
	at com.kms.katalon.core.webui.keyword.builtin.ClickKeyword.click(ClickKeyword.groovy:75)
	at com.kms.katalon.core.webui.keyword.builtin.ClickKeyword.execute(ClickKeyword.groovy:42)
	at com.kms.katalon.core.keyword.internal.KeywordExecutor.executeKeywordForPlatform(KeywordExecutor.groovy:74)
	at com.kms.katalon.core.webui.keyword.WebUiBuiltInKeywords.click(WebUiBuiltInKeywords.groovy:608)
	at com.kms.katalon.core.webui.keyword.WebUiBuiltInKeywords$click$10.call(Unknown Source)
	at 01-02-Transaction-AppPending-InputCorporate.run(01-02-Transaction-AppPending-InputCorporate:294)
	at com.kms.katalon.core.main.ScriptEngine.run(ScriptEngine.java:194)
	at com.kms.katalon.core.main.ScriptEngine.runScriptAsRawText(ScriptEngine.java:119)
	at com.kms.katalon.core.main.TestCaseExecutor.runScript(TestCaseExecutor.java:430)
	at com.kms.katalon.core.main.TestCaseExecutor.doExecute(TestCaseExecutor.java:421)
	at com.kms.katalon.core.main.TestCaseExecutor.processExecutionPhase(TestCaseExecutor.java:400)
	at com.kms.katalon.core.main.TestCaseExecutor.accessMainPhase(TestCaseExecutor.java:392)
	at com.kms.katalon.core.main.TestCaseExecutor.execute(TestCaseExecutor.java:273)
	at com.kms.katalon.core.main.TestSuiteExecutor.accessTestCaseMainPhase(TestSuiteExecutor.java:202)
	at com.kms.katalon.core.main.TestSuiteExecutor.accessTestSuiteMainPhase(TestSuiteExecutor.java:164)
	at com.kms.katalon.core.main.TestSuiteExecutor.execute(TestSuiteExecutor.java:105)
	at com.kms.katalon.core.main.TestCaseMain.startTestSuite(TestCaseMain.java:185)
	at com.kms.katalon.core.main.TestCaseMain$startTestSuite$0.call(Unknown Source)
	at TempTestSuite1649315467709.run(TempTestSuite1649315467709.groovy:36)
Caused by: org.openqa.selenium.ElementClickInterceptedException: element click intercepted: Element <input _ngcontent-jgi-c99="" formcontrolname="isAlamatPengirimanSurat" id="radio-perorangan" type="radio" value="ya" name="isAlamatPengirimanSurat" class="form-check-input ng-untouched ng-pristine ng-valid"> is not clickable at point (312, 7). Other element would receive the click: <header _ngcontent-jgi-c84="" id="mainHeader" class="c-header c-header-light c-header-fixed">...</header>
  (Session info: chrome=99.0.4844.84)
Build info: version: '3.141.59', revision: 'e82be7d358', time: '2018-11-14T08:25:53'
System info: host: 'APANDI', ip: '192.168.250.25', os.name: 'Windows 10', os.arch: 'amd64', os.version: '10.0', java.version: '1.8.0_282'
Driver info: com.kms.katalon.selenium.driver.CChromeDriver
Capabilities {acceptInsecureCerts: false, browserName: chrome, browserVersion: 99.0.4844.84, chrome: {chromedriverVersion: 99.0.4844.51 (d537ec02474b5..., userDataDir: C:\Users\NIAYUS~1\AppData\L...}, goog:chromeOptions: {debuggerAddress: localhost:64400}, javascriptEnabled: true, networkConnectionEnabled: false, pageLoadStrategy: normal, platform: WINDOWS, platformName: WINDOWS, proxy: Proxy(), setWindowRect: true, strictFileInteractability: false, timeouts: {implicit: 0, pageLoad: 300000, script: 30000}, unhandledPromptBehavior: dismiss and notify, webauthn:extension:credBlob: true, webauthn:extension:largeBlob: true, webauthn:virtualAuthenticators: true}
Session ID: ecfc213c4c69993ebb39cdf75aad3cd2
	at org.openqa.selenium.remote.http.W3CHttpResponseCodec.createException(W3CHttpResponseCodec.java:187)
	at org.openqa.selenium.remote.http.W3CHttpResponseCodec.decode(W3CHttpResponseCodec.java:122)
	at org.openqa.selenium.remote.http.W3CHttpResponseCodec.decode(W3CHttpResponseCodec.java:49)
	at org.openqa.selenium.remote.HttpCommandExecutor.execute(HttpCommandExecutor.java:158)
	at org.openqa.selenium.remote.service.DriverCommandExecutor.execute(DriverCommandExecutor.java:83)
	at org.openqa.selenium.remote.RemoteWebDriver.execute(RemoteWebDriver.java:552)
	at com.kms.katalon.selenium.driver.CChromeDriver.execute(CChromeDriver.java:19)
	at org.openqa.selenium.remote.RemoteWebElement.execute(RemoteWebElement.java:285)
	at org.openqa.selenium.remote.RemoteWebElement.click(RemoteWebElement.java:84)
	at org.openqa.selenium.support.events.EventFiringWebDriver$EventFiringWebElement.lambda$new$0(EventFiringWebDriver.java:404)
	at com.sun.proxy.$Proxy11.click(Unknown Source)
	at org.openqa.selenium.support.events.EventFiringWebDriver$EventFiringWebElement.click(EventFiringWebDriver.java:417)
	at com.kms.katalon.core.webui.keyword.builtin.ClickKeyword$_click_closure1.doCall(ClickKeyword.groovy:68)
	at com.kms.katalon.core.webui.keyword.builtin.ClickKeyword$_click_closure1.call(ClickKeyword.groovy)
	at com.kms.katalon.core.webui.keyword.internal.WebUIKeywordMain.runKeyword(WebUIKeywordMain.groovy:20)
	at com.kms.katalon.core.webui.keyword.builtin.ClickKeyword.click(ClickKeyword.groovy:75)
	at com.kms.katalon.core.webui.keyword.builtin.ClickKeyword.execute(ClickKeyword.groovy:42)
	at com.kms.katalon.core.keyword.internal.KeywordExecutor.executeKeywordForPlatform(KeywordExecutor.groovy:74)
	at com.kms.katalon.core.webui.keyword.WebUiBuiltInKeywords.click(WebUiBuiltInKeywords.groovy:608)
	at com.kms.katalon.core.webui.keyword.WebUiBuiltInKeywords$click$10.call(Unknown Source)
	at Script1647431898822.run(Script1647431898822.groovy:294)
	... 13 more
)
[[ATTACHMENT|C:\\Users\\Nia Yusniati\\Git_Asa\\BCAF_MEAPP_i3\\Reports\\20220407_141107\\Skenario_1\\S1\\20220407_141107\\1649315763568.png]]

2022-04-07 14:16:03 - [TEST_STEP][PASSED] - delay(1): Delayed 1 second(s)

2022-04-07 14:16:04 - [MESSAGE][PASSED] - Delayed 1 second(s)

2022-04-07 14:16:04 - [TEST_STEP][PASSED] - setText(findTestObject("Object Repository/Input_Corporate/Input_Konsumen/input_Email_form-control ng-untouched ng-pristine ng-valid"), konsumen_email, OPTIONAL): Text 'contoh@gmail.com' is set on object 'Object Repository/Input_Corporate/Input_Konsumen/input_Email_form-control ng-untouched ng-pristine ng-valid'

2022-04-07 14:16:06 - [MESSAGE][PASSED] - Text 'contoh@gmail.com' is set on object 'Object Repository/Input_Corporate/Input_Konsumen/input_Email_form-control ng-untouched ng-pristine ng-valid'

2022-04-07 14:16:06 - [TEST_STEP][PASSED] - delay(1): Delayed 1 second(s)

2022-04-07 14:16:07 - [MESSAGE][PASSED] - Delayed 1 second(s)

2022-04-07 14:16:07 - [TEST_STEP][PASSED] - setText(findTestObject("Object Repository/Input_Corporate/Input_Konsumen/input_Telepon 1_form-control ng-untouched ng-pristine ng-valid"), konsumen_telepon1, OPTIONAL): Text '089773662555' is set on object 'Object Repository/Input_Corporate/Input_Konsumen/input_Telepon 1_form-control ng-untouched ng-pristine ng-valid'

2022-04-07 14:16:08 - [MESSAGE][PASSED] - Text '089773662555' is set on object 'Object Repository/Input_Corporate/Input_Konsumen/input_Telepon 1_form-control ng-untouched ng-pristine ng-valid'

2022-04-07 14:16:08 - [TEST_STEP][PASSED] - delay(1): Delayed 1 second(s)

2022-04-07 14:16:09 - [MESSAGE][PASSED] - Delayed 1 second(s)

2022-04-07 14:16:09 - [TEST_STEP][PASSED] - takeFullPageScreenshotAsCheckpoint(userDir + sprint4WebScreenshootPath + "scenario-1-Input-data-alamat-pengirim-surat.png"): Taking screenshot successfully

2022-04-07 14:16:10 - [MESSAGE][INFO] - 0 hidden object(s)

2022-04-07 14:16:10 - [MESSAGE][PASSED] - Taking screenshot successfully
[[ATTACHMENT|C:\Users\Nia Yusniati\Git_Asa\BCAF_MEAPP_i3\Screenshoot\Sprint4\Web\keyes\keyes-scenario-1-Input-data-alamat-pengirim-surat.png]]

2022-04-07 14:16:10 - [TEST_STEP][PASSED] - markPassed("scenario 1 - Input data alamat pengirim surat"): scenario 1 - Input data alamat pengirim surat

2022-04-07 14:16:10 - [MESSAGE][PASSED] - scenario 1 - Input data alamat pengirim surat

2022-04-07 14:16:10 - [TEST_STEP][PASSED] - scrollToPosition(0, 0, OPTIONAL): Browser is scrolled to position x = 0, y = 0

2022-04-07 14:16:10 - [MESSAGE][PASSED] - Browser is scrolled to position x = 0, y = 0

2022-04-07 14:16:10 - [TEST_STEP][PASSED] - delay(2): Delayed 2 second(s)

2022-04-07 14:16:12 - [MESSAGE][PASSED] - Delayed 2 second(s)

2022-04-07 14:16:12 - [TEST_STEP][PASSED] - delay(1): Delayed 1 second(s)

2022-04-07 14:16:13 - [MESSAGE][PASSED] - Delayed 1 second(s)

2022-04-07 14:16:13 - [TEST_STEP][PASSED] - click(findTestObject("Input_Corporate/Pengurus/1_a_Pengurus"), OPTIONAL): Object: 'Object Repository/Input_Corporate/Pengurus/1_a_Pengurus' is clicked on

2022-04-07 14:16:14 - [MESSAGE][PASSED] - Object: 'Object Repository/Input_Corporate/Pengurus/1_a_Pengurus' is clicked on

2022-04-07 14:16:14 - [TEST_STEP][PASSED] - delay(1): Delayed 1 second(s)

2022-04-07 14:16:15 - [MESSAGE][PASSED] - Delayed 1 second(s)

2022-04-07 14:16:15 - [TEST_STEP][PASSED] - takeFullPageScreenshotAsCheckpoint(userDir + sprint4WebScreenshootPath + "scenario-1-Input-data-pengurus.png"): Taking screenshot successfully

2022-04-07 14:16:15 - [MESSAGE][INFO] - 0 hidden object(s)

2022-04-07 14:16:16 - [MESSAGE][PASSED] - Taking screenshot successfully
[[ATTACHMENT|C:\Users\Nia Yusniati\Git_Asa\BCAF_MEAPP_i3\Screenshoot\Sprint4\Web\keyes\keyes-scenario-1-Input-data-pengurus.png]]

2022-04-07 14:16:16 - [TEST_STEP][PASSED] - markPassed("scenario 1 - Input data pengurus"): scenario 1 - Input data pengurus

2022-04-07 14:16:16 - [MESSAGE][PASSED] - scenario 1 - Input data pengurus

2022-04-07 14:16:16 - [TEST_STEP][PASSED] - delay(1): Delayed 1 second(s)

2022-04-07 14:16:17 - [MESSAGE][PASSED] - Delayed 1 second(s)

2022-04-07 14:16:17 - [TEST_STEP][PASSED] - click(findTestObject("Input_Corporate/Pengurus/2_i_Add_ri-file-add-line ( Add_Pengurus )"), OPTIONAL): Object: 'Object Repository/Input_Corporate/Pengurus/2_i_Add_ri-file-add-line ( Add_Pengurus )' is clicked on

2022-04-07 14:16:17 - [MESSAGE][PASSED] - Object: 'Object Repository/Input_Corporate/Pengurus/2_i_Add_ri-file-add-line ( Add_Pengurus )' is clicked on

2022-04-07 14:16:17 - [TEST_STEP][PASSED] - delay(1): Delayed 1 second(s)

2022-04-07 14:16:18 - [MESSAGE][PASSED] - Delayed 1 second(s)

2022-04-07 14:16:18 - [TEST_STEP][PASSED] - click(findTestObject("Input_Corporate/Pengurus/3_button_Pengurus 1"), OPTIONAL): Object: 'Object Repository/Input_Corporate/Pengurus/3_button_Pengurus 1' is clicked on

2022-04-07 14:16:19 - [MESSAGE][PASSED] - Object: 'Object Repository/Input_Corporate/Pengurus/3_button_Pengurus 1' is clicked on

2022-04-07 14:16:19 - [TEST_STEP][PASSED] - delay(1): Delayed 1 second(s)

2022-04-07 14:16:20 - [MESSAGE][PASSED] - Delayed 1 second(s)

2022-04-07 14:16:20 - [TEST_STEP][PASSED] - takeFullPageScreenshotAsCheckpoint(userDir + sprint4WebScreenshootPath + "scenario-1-Masuk-submenu-data-pengurus-1.png"): Taking screenshot successfully

2022-04-07 14:16:21 - [MESSAGE][INFO] - 0 hidden object(s)

2022-04-07 14:16:21 - [MESSAGE][PASSED] - Taking screenshot successfully
[[ATTACHMENT|C:\Users\Nia Yusniati\Git_Asa\BCAF_MEAPP_i3\Screenshoot\Sprint4\Web\keyes\keyes-scenario-1-Masuk-submenu-data-pengurus-1.png]]

2022-04-07 14:16:21 - [TEST_STEP][PASSED] - markPassed("scenario 1 - Masuk submenu data pengurus 1"): scenario 1 - Masuk submenu data pengurus 1

2022-04-07 14:16:21 - [MESSAGE][PASSED] - scenario 1 - Masuk submenu data pengurus 1

2022-04-07 14:16:21 - [TEST_STEP][PASSED] - delay(1): Delayed 1 second(s)

2022-04-07 14:16:22 - [MESSAGE][PASSED] - Delayed 1 second(s)

2022-04-07 14:16:22 - [TEST_STEP][PASSED] - click(findTestObject("Input_Corporate/Pengurus/4_a_Capture File"), OPTIONAL): Object: 'Object Repository/Input_Corporate/Pengurus/4_a_Capture File' is clicked on

2022-04-07 14:16:23 - [MESSAGE][PASSED] - Object: 'Object Repository/Input_Corporate/Pengurus/4_a_Capture File' is clicked on

2022-04-07 14:16:23 - [TEST_STEP][PASSED] - delay(1): Delayed 1 second(s)

2022-04-07 14:16:24 - [MESSAGE][PASSED] - Delayed 1 second(s)

2022-04-07 14:16:24 - [TEST_STEP][PASSED] - uploadFile(findTestObject("Input_Corporate/Capture_"), userDir + cobaKTP, OPTIONAL): File 'C:/Users/Nia Yusniati/Git_Asa/BCAF_MEAPP_i3/Assets/ktp_dummy.png' sent to object: 'Object Repository/Input_Corporate/Capture_'

2022-04-07 14:16:24 - [MESSAGE][PASSED] - File 'C:/Users/Nia Yusniati/Git_Asa/BCAF_MEAPP_i3/Assets/ktp_dummy.png' sent to object: 'Object Repository/Input_Corporate/Capture_'

2022-04-07 14:16:24 - [TEST_STEP][PASSED] - delay(1): Delayed 1 second(s)

2022-04-07 14:16:26 - [MESSAGE][PASSED] - Delayed 1 second(s)

2022-04-07 14:16:26 - [TEST_STEP][PASSED] - waitForElementClickable(findTestObject("Input_Corporate/Pengurus/5_input_Name_form-control ng-untouched ng-pristine ng-invalid"), 300): Object 'Object Repository/Input_Corporate/Pengurus/5_input_Name_form-control ng-untouched ng-pristine ng-invalid' is clickable

2022-04-07 14:16:39 - [MESSAGE][PASSED] - Object 'Object Repository/Input_Corporate/Pengurus/5_input_Name_form-control ng-untouched ng-pristine ng-invalid' is clickable

2022-04-07 14:16:39 - [TEST_STEP][PASSED] - delay(1): Delayed 1 second(s)

2022-04-07 14:16:40 - [MESSAGE][PASSED] - Delayed 1 second(s)

2022-04-07 14:16:40 - [TEST_STEP][PASSED] - takeFullPageScreenshotAsCheckpoint(userDir + sprint4WebScreenshootPath + "scenario-1-Berhasil-input-otomatis-data-pengurus-berdasarkan-data-capture-ktp-pengurus-yang-di-capture.png"): Taking screenshot successfully

2022-04-07 14:16:42 - [MESSAGE][INFO] - 0 hidden object(s)

2022-04-07 14:16:42 - [MESSAGE][PASSED] - Taking screenshot successfully
[[ATTACHMENT|C:\Users\Nia Yusniati\Git_Asa\BCAF_MEAPP_i3\Screenshoot\Sprint4\Web\keyes\keyes-scenario-1-Berhasil-input-otomatis-data-pengurus-berdasarkan-data-capture-ktp-pengurus-yang-di-capture.png]]

2022-04-07 14:16:42 - [TEST_STEP][PASSED] - markPassed("scenario 1 - Berhasil input otomatis data pengurus berdasarkan data capture ktp pengurus yang di capture "): scenario 1 - Berhasil input otomatis data pengurus berdasarkan data capture ktp pengurus yang di capture 

2022-04-07 14:16:42 - [MESSAGE][PASSED] - scenario 1 - Berhasil input otomatis data pengurus berdasarkan data capture ktp pengurus yang di capture 

2022-04-07 14:16:42 - [TEST_STEP][PASSED] - delay(1): Delayed 1 second(s)

2022-04-07 14:16:43 - [MESSAGE][PASSED] - Delayed 1 second(s)

2022-04-07 14:16:43 - [TEST_STEP][PASSED] - setText(findTestObject("Input_Corporate/Pengurus/8_input_SID Pengurus_form-control ng-pristine ng-invalid is-invalid ng-touched"), pengurus_SID, OPTIONAL): Text '3345434656' is set on object 'Object Repository/Input_Corporate/Pengurus/8_input_SID Pengurus_form-control ng-pristine ng-invalid is-invalid ng-touched'

2022-04-07 14:16:44 - [MESSAGE][PASSED] - Text '3345434656' is set on object 'Object Repository/Input_Corporate/Pengurus/8_input_SID Pengurus_form-control ng-pristine ng-invalid is-invalid ng-touched'

2022-04-07 14:16:44 - [TEST_STEP][PASSED] - delay(1): Delayed 1 second(s)

2022-04-07 14:16:45 - [MESSAGE][PASSED] - Delayed 1 second(s)

2022-04-07 14:16:45 - [TEST_STEP][PASSED] - scrollToElement(findTestObject("Input_Corporate/Pengurus/2_i_Add_ri-file-add-line ( Add_Pengurus )"), 30, OPTIONAL): Scroll to object 'Object Repository/Input_Corporate/Pengurus/2_i_Add_ri-file-add-line ( Add_Pengurus )' successfully

2022-04-07 14:16:46 - [MESSAGE][PASSED] - Scroll to object 'Object Repository/Input_Corporate/Pengurus/2_i_Add_ri-file-add-line ( Add_Pengurus )' successfully

2022-04-07 14:16:46 - [TEST_STEP][PASSED] - delay(1): Delayed 1 second(s)

2022-04-07 14:16:47 - [MESSAGE][PASSED] - Delayed 1 second(s)

2022-04-07 14:16:47 - [TEST_STEP][PASSED] - setText(findTestObject("Input_Corporate/Pengurus/15_input_Kode Pos_form-control bcaf-autocomplete ng-pristine ng-invalid ng-touched"), pengurus_kodePos, OPTIONAL): Text '56643' is set on object 'Object Repository/Input_Corporate/Pengurus/15_input_Kode Pos_form-control bcaf-autocomplete ng-pristine ng-invalid ng-touched'

2022-04-07 14:16:48 - [MESSAGE][PASSED] - Text '56643' is set on object 'Object Repository/Input_Corporate/Pengurus/15_input_Kode Pos_form-control bcaf-autocomplete ng-pristine ng-invalid ng-touched'

2022-04-07 14:16:48 - [TEST_STEP][PASSED] - delay(1): Delayed 1 second(s)

2022-04-07 14:16:49 - [MESSAGE][PASSED] - Delayed 1 second(s)

2022-04-07 14:16:49 - [TEST_STEP][PASSED] - click(findTestObject("Input_Corporate/Pengurus/13_div_Pilih Role"), OPTIONAL): Object: 'Object Repository/Input_Corporate/Pengurus/13_div_Pilih Role' is clicked on

2022-04-07 14:16:50 - [MESSAGE][PASSED] - Object: 'Object Repository/Input_Corporate/Pengurus/13_div_Pilih Role' is clicked on

2022-04-07 14:16:50 - [TEST_STEP][PASSED] - delay(1): Delayed 1 second(s)

2022-04-07 14:16:51 - [MESSAGE][PASSED] - Delayed 1 second(s)

2022-04-07 14:16:51 - [TEST_STEP][PASSED] - setText(findTestObject("Input_Corporate/Pengurus/13_div_Pilih Role"), pengurus_role, OPTIONAL): Text 'not set' is set on object 'Object Repository/Input_Corporate/Pengurus/13_div_Pilih Role'

2022-04-07 14:16:52 - [MESSAGE][PASSED] - Text 'not set' is set on object 'Object Repository/Input_Corporate/Pengurus/13_div_Pilih Role'

2022-04-07 14:16:52 - [TEST_STEP][PASSED] - delay(1): Delayed 1 second(s)

2022-04-07 14:16:53 - [MESSAGE][PASSED] - Delayed 1 second(s)

2022-04-07 14:16:53 - [TEST_STEP][PASSED] - click(findTestObject("Input_Corporate/Pengurus/14_div_Not Set"), OPTIONAL): Object: 'Object Repository/Input_Corporate/Pengurus/14_div_Not Set' is clicked on

2022-04-07 14:16:54 - [MESSAGE][PASSED] - Object: 'Object Repository/Input_Corporate/Pengurus/14_div_Not Set' is clicked on

2022-04-07 14:16:54 - [TEST_STEP][PASSED] - delay(1): Delayed 1 second(s)

2022-04-07 14:16:55 - [MESSAGE][PASSED] - Delayed 1 second(s)

2022-04-07 14:16:55 - [TEST_STEP][PASSED] - click(findTestObject("Input_Corporate/Pengurus/21_div_Pilih Jabatan"), OPTIONAL): Object: 'Object Repository/Input_Corporate/Pengurus/21_div_Pilih Jabatan' is clicked on

2022-04-07 14:16:56 - [MESSAGE][PASSED] - Object: 'Object Repository/Input_Corporate/Pengurus/21_div_Pilih Jabatan' is clicked on

2022-04-07 14:16:56 - [TEST_STEP][PASSED] - delay(1): Delayed 1 second(s)

2022-04-07 14:16:57 - [MESSAGE][PASSED] - Delayed 1 second(s)

2022-04-07 14:16:57 - [TEST_STEP][PASSED] - setText(findTestObject("Object Repository/Input_Corporate/Pengurus/21_div_Pilih Jabatan"), pengurus_jabatan, OPTIONAL): Text 'komisaris utama' is set on object 'Object Repository/Input_Corporate/Pengurus/21_div_Pilih Jabatan'

2022-04-07 14:16:58 - [MESSAGE][PASSED] - Text 'komisaris utama' is set on object 'Object Repository/Input_Corporate/Pengurus/21_div_Pilih Jabatan'

2022-04-07 14:16:58 - [TEST_STEP][PASSED] - delay(1): Delayed 1 second(s)

2022-04-07 14:16:59 - [MESSAGE][PASSED] - Delayed 1 second(s)

2022-04-07 14:16:59 - [TEST_STEP][PASSED] - click(findTestObject("Input_Corporate/Pengurus/22_span_Komisaris Utama"), OPTIONAL): Object: 'Object Repository/Input_Corporate/Pengurus/22_span_Komisaris Utama' is clicked on

2022-04-07 14:17:00 - [MESSAGE][PASSED] - Object: 'Object Repository/Input_Corporate/Pengurus/22_span_Komisaris Utama' is clicked on

2022-04-07 14:17:00 - [TEST_STEP][PASSED] - takeFullPageScreenshotAsCheckpoint(userDir + sprint4WebScreenshootPath + "scenario-1-Berhasil-input-otomatis-data-pengurus-1.png"): Taking screenshot successfully

2022-04-07 14:17:01 - [MESSAGE][INFO] - 0 hidden object(s)

2022-04-07 14:17:01 - [MESSAGE][PASSED] - Taking screenshot successfully
[[ATTACHMENT|C:\Users\Nia Yusniati\Git_Asa\BCAF_MEAPP_i3\Screenshoot\Sprint4\Web\keyes\keyes-scenario-1-Berhasil-input-otomatis-data-pengurus-1.png]]

2022-04-07 14:17:01 - [TEST_STEP][PASSED] - markPassed("scenario 1 - Berhasil input data pengurus 1"): scenario 1 - Berhasil input data pengurus 1

2022-04-07 14:17:01 - [MESSAGE][PASSED] - scenario 1 - Berhasil input data pengurus 1

2022-04-07 14:17:01 - [TEST_STEP][PASSED] - delay(1): Delayed 1 second(s)

2022-04-07 14:17:02 - [MESSAGE][PASSED] - Delayed 1 second(s)

2022-04-07 14:17:02 - [TEST_STEP][PASSED] - delay(1): Delayed 1 second(s)

2022-04-07 14:17:03 - [MESSAGE][PASSED] - Delayed 1 second(s)

2022-04-07 14:17:03 - [TEST_STEP][PASSED] - scrollToPosition(0, 133, OPTIONAL): Browser is scrolled to position x = 0, y = 133

2022-04-07 14:17:03 - [MESSAGE][PASSED] - Browser is scrolled to position x = 0, y = 133

2022-04-07 14:17:03 - [TEST_STEP][PASSED] - delay(1): Delayed 1 second(s)

2022-04-07 14:17:04 - [MESSAGE][PASSED] - Delayed 1 second(s)

2022-04-07 14:17:04 - [TEST_STEP][PASSED] - click(findTestObject("Input_Corporate/Pemegang_saham/1_a_Pemegang Saham"), OPTIONAL): Object: 'Object Repository/Input_Corporate/Pemegang_saham/1_a_Pemegang Saham' is clicked on

2022-04-07 14:17:05 - [MESSAGE][PASSED] - Object: 'Object Repository/Input_Corporate/Pemegang_saham/1_a_Pemegang Saham' is clicked on

2022-04-07 14:17:05 - [TEST_STEP][PASSED] - delay(1): Delayed 1 second(s)

2022-04-07 14:17:06 - [MESSAGE][PASSED] - Delayed 1 second(s)

2022-04-07 14:17:06 - [TEST_STEP][PASSED] - takeFullPageScreenshotAsCheckpoint(userDir + sprint4WebScreenshootPath + "scenario-1-Masuk-Submenu-pemegang-saham-1.png"): Taking screenshot successfully

2022-04-07 14:17:07 - [MESSAGE][INFO] - 0 hidden object(s)

2022-04-07 14:17:07 - [MESSAGE][PASSED] - Taking screenshot successfully
[[ATTACHMENT|C:\Users\Nia Yusniati\Git_Asa\BCAF_MEAPP_i3\Screenshoot\Sprint4\Web\keyes\keyes-scenario-1-Masuk-Submenu-pemegang-saham-1.png]]

2022-04-07 14:17:07 - [TEST_STEP][PASSED] - markPassed("scenario 1 - Berhasil masuk menu pemegang saham "): scenario 1 - Berhasil masuk menu pemegang saham 

2022-04-07 14:17:07 - [MESSAGE][PASSED] - scenario 1 - Berhasil masuk menu pemegang saham 

2022-04-07 14:17:07 - [TEST_STEP][PASSED] - delay(1): Delayed 1 second(s)

2022-04-07 14:17:08 - [MESSAGE][PASSED] - Delayed 1 second(s)

2022-04-07 14:17:08 - [TEST_STEP][PASSED] - click(findTestObject("Input_Corporate/Pemegang_saham/2_a_Add"), OPTIONAL): Object: 'Object Repository/Input_Corporate/Pemegang_saham/2_a_Add' is clicked on

2022-04-07 14:17:09 - [MESSAGE][PASSED] - Object: 'Object Repository/Input_Corporate/Pemegang_saham/2_a_Add' is clicked on

2022-04-07 14:17:09 - [TEST_STEP][PASSED] - delay(1): Delayed 1 second(s)

2022-04-07 14:17:10 - [MESSAGE][PASSED] - Delayed 1 second(s)

2022-04-07 14:17:10 - [TEST_STEP][PASSED] - click(findTestObject("Input_Corporate/Pemegang_saham/input_Perorangan_radios"), OPTIONAL): Object: 'Object Repository/Input_Corporate/Pemegang_saham/input_Perorangan_radios' is clicked on

2022-04-07 14:17:11 - [MESSAGE][PASSED] - Object: 'Object Repository/Input_Corporate/Pemegang_saham/input_Perorangan_radios' is clicked on

2022-04-07 14:17:11 - [TEST_STEP][PASSED] - click(findTestObject("Input_Corporate/Pemegang_saham/input_Jenis Pemegang Saham_radios"), OPTIONAL): Object: 'Object Repository/Input_Corporate/Pemegang_saham/input_Jenis Pemegang Saham_radios' is clicked on

2022-04-07 14:17:12 - [MESSAGE][PASSED] - Object: 'Object Repository/Input_Corporate/Pemegang_saham/input_Jenis Pemegang Saham_radios' is clicked on

2022-04-07 14:17:12 - [TEST_STEP][PASSED] - delay(1): Delayed 1 second(s)

2022-04-07 14:17:13 - [MESSAGE][PASSED] - Delayed 1 second(s)

2022-04-07 14:17:13 - [TEST_STEP][PASSED] - takeFullPageScreenshotAsCheckpoint(userDir + sprint4WebScreenshootPath + "scenario-1-Memilih-radio-button-pemegang-saham.png"): Taking screenshot successfully

2022-04-07 14:17:13 - [MESSAGE][INFO] - 0 hidden object(s)

2022-04-07 14:17:13 - [MESSAGE][PASSED] - Taking screenshot successfully
[[ATTACHMENT|C:\Users\Nia Yusniati\Git_Asa\BCAF_MEAPP_i3\Screenshoot\Sprint4\Web\keyes\keyes-scenario-1-Memilih-radio-button-pemegang-saham.png]]

2022-04-07 14:17:13 - [TEST_STEP][PASSED] - markPassed("scenario 1 - Memilih radio button pemegang saham"): scenario 1 - Memilih radio button pemegang saham

2022-04-07 14:17:13 - [MESSAGE][PASSED] - scenario 1 - Memilih radio button pemegang saham

2022-04-07 14:17:13 - [TEST_STEP][PASSED] - delay(1): Delayed 1 second(s)

2022-04-07 14:17:14 - [MESSAGE][PASSED] - Delayed 1 second(s)

2022-04-07 14:17:14 - [TEST_STEP][PASSED] - click(findTestObject("Input_Corporate/Pemegang_saham/4_button_OK"), OPTIONAL): Object: 'Object Repository/Input_Corporate/Pemegang_saham/4_button_OK' is clicked on

2022-04-07 14:17:15 - [MESSAGE][PASSED] - Object: 'Object Repository/Input_Corporate/Pemegang_saham/4_button_OK' is clicked on

2022-04-07 14:17:15 - [TEST_STEP][PASSED] - delay(1): Delayed 1 second(s)

2022-04-07 14:17:16 - [MESSAGE][PASSED] - Delayed 1 second(s)

2022-04-07 14:17:16 - [TEST_STEP][PASSED] - click(findTestObject("Input_Corporate/Pemegang_saham/5_button_Pemegang Saham 1"), OPTIONAL): Object: 'Object Repository/Input_Corporate/Pemegang_saham/5_button_Pemegang Saham 1' is clicked on

2022-04-07 14:17:17 - [MESSAGE][PASSED] - Object: 'Object Repository/Input_Corporate/Pemegang_saham/5_button_Pemegang Saham 1' is clicked on

2022-04-07 14:17:17 - [TEST_STEP][PASSED] - delay(1): Delayed 1 second(s)

2022-04-07 14:17:18 - [MESSAGE][PASSED] - Delayed 1 second(s)

2022-04-07 14:17:18 - [TEST_STEP][PASSED] - takeFullPageScreenshotAsCheckpoint(userDir + sprint4WebScreenshootPath + "scenario-1-Masuk-Submenu-pemegang-saham-1.png"): Taking screenshot successfully

2022-04-07 14:17:19 - [MESSAGE][INFO] - 0 hidden object(s)

2022-04-07 14:17:19 - [MESSAGE][PASSED] - Taking screenshot successfully
[[ATTACHMENT|C:\Users\Nia Yusniati\Git_Asa\BCAF_MEAPP_i3\Screenshoot\Sprint4\Web\keyes\keyes-scenario-1-Masuk-Submenu-pemegang-saham-1.png]]

2022-04-07 14:17:19 - [TEST_STEP][PASSED] - markPassed("scenario 1 - Masuk submenu pemegang saham 1"): scenario 1 - Masuk submenu pemegang saham 1

2022-04-07 14:17:19 - [MESSAGE][PASSED] - scenario 1 - Masuk submenu pemegang saham 1

2022-04-07 14:17:19 - [TEST_STEP][PASSED] - delay(1): Delayed 1 second(s)

2022-04-07 14:17:20 - [MESSAGE][PASSED] - Delayed 1 second(s)

2022-04-07 14:17:20 - [TEST_STEP][PASSED] - click(findTestObject("Input_Corporate/Pemegang_saham/6_a_Capture File"), OPTIONAL): Object: 'Object Repository/Input_Corporate/Pemegang_saham/6_a_Capture File' is clicked on

2022-04-07 14:17:21 - [MESSAGE][PASSED] - Object: 'Object Repository/Input_Corporate/Pemegang_saham/6_a_Capture File' is clicked on

2022-04-07 14:17:21 - [TEST_STEP][PASSED] - delay(1): Delayed 1 second(s)

2022-04-07 14:17:22 - [MESSAGE][PASSED] - Delayed 1 second(s)

2022-04-07 14:17:22 - [TEST_STEP][PASSED] - uploadFile(findTestObject("Input_Corporate/Capture_"), userDir + cobaKTP, OPTIONAL): File 'C:/Users/Nia Yusniati/Git_Asa/BCAF_MEAPP_i3/Assets/ktp_dummy.png' sent to object: 'Object Repository/Input_Corporate/Capture_'

2022-04-07 14:17:22 - [MESSAGE][PASSED] - File 'C:/Users/Nia Yusniati/Git_Asa/BCAF_MEAPP_i3/Assets/ktp_dummy.png' sent to object: 'Object Repository/Input_Corporate/Capture_'

2022-04-07 14:17:22 - [TEST_STEP][PASSED] - delay(1): Delayed 1 second(s)

2022-04-07 14:17:23 - [MESSAGE][PASSED] - Delayed 1 second(s)

2022-04-07 14:17:23 - [TEST_STEP][PASSED] - scrollToPosition(0, 200, OPTIONAL): Browser is scrolled to position x = 0, y = 200

2022-04-07 14:17:23 - [MESSAGE][PASSED] - Browser is scrolled to position x = 0, y = 200

2022-04-07 14:17:23 - [TEST_STEP][PASSED] - delay(1): Delayed 1 second(s)

2022-04-07 14:17:24 - [MESSAGE][PASSED] - Delayed 1 second(s)

2022-04-07 14:17:24 - [TEST_STEP][PASSED] - setText(findTestObject("Object Repository/Input_Corporate/Pemegang_saham/input_Kode Pos_2"), pemegangShm_kodePos): Text '12345' is set on object 'Object Repository/Input_Corporate/Pemegang_saham/input_Kode Pos_2'

2022-04-07 14:17:36 - [MESSAGE][PASSED] - Text '12345' is set on object 'Object Repository/Input_Corporate/Pemegang_saham/input_Kode Pos_2'

2022-04-07 14:17:36 - [TEST_STEP][PASSED] - delay(1): Delayed 1 second(s)

2022-04-07 14:17:37 - [MESSAGE][PASSED] - Delayed 1 second(s)

2022-04-07 14:17:37 - [TEST_STEP][PASSED] - scrollToPosition(0, 133, OPTIONAL): Browser is scrolled to position x = 0, y = 133

2022-04-07 14:17:37 - [MESSAGE][PASSED] - Browser is scrolled to position x = 0, y = 133

2022-04-07 14:17:37 - [TEST_STEP][PASSED] - click(findTestObject("Input_Corporate/Penjamin/1_a_Penjamin"), OPTIONAL): Object: 'Object Repository/Input_Corporate/Penjamin/1_a_Penjamin' is clicked on

2022-04-07 14:17:38 - [MESSAGE][PASSED] - Object: 'Object Repository/Input_Corporate/Penjamin/1_a_Penjamin' is clicked on

2022-04-07 14:17:38 - [TEST_STEP][PASSED] - delay(1): Delayed 1 second(s)

2022-04-07 14:17:39 - [MESSAGE][PASSED] - Delayed 1 second(s)

2022-04-07 14:17:39 - [TEST_STEP][PASSED] - click(findTestObject("Input_Corporate/Penjamin/2_input_Ya_guarantor_Tidak"), OPTIONAL): Object: 'Object Repository/Input_Corporate/Penjamin/2_input_Ya_guarantor_Tidak' is clicked on

2022-04-07 14:17:40 - [MESSAGE][PASSED] - Object: 'Object Repository/Input_Corporate/Penjamin/2_input_Ya_guarantor_Tidak' is clicked on

2022-04-07 14:17:40 - [TEST_STEP][PASSED] - delay(1): Delayed 1 second(s)

2022-04-07 14:17:41 - [MESSAGE][PASSED] - Delayed 1 second(s)

2022-04-07 14:17:41 - [TEST_STEP][PASSED] - takeFullPageScreenshotAsCheckpoint(userDir + sprint4WebScreenshootPath + "scenario-1-Berhasil-pemegang-saham-1.png"): Taking screenshot successfully

2022-04-07 14:17:41 - [MESSAGE][INFO] - 0 hidden object(s)

2022-04-07 14:17:41 - [MESSAGE][PASSED] - Taking screenshot successfully
[[ATTACHMENT|C:\Users\Nia Yusniati\Git_Asa\BCAF_MEAPP_i3\Screenshoot\Sprint4\Web\keyes\keyes-scenario-1-Berhasil-pemegang-saham-1.png]]

2022-04-07 14:17:41 - [TEST_STEP][PASSED] - markPassed("scenario 1 - Berhasil input pemegang saham 1"): scenario 1 - Berhasil input pemegang saham 1

2022-04-07 14:17:41 - [MESSAGE][PASSED] - scenario 1 - Berhasil input pemegang saham 1

2022-04-07 14:17:41 - [TEST_STEP][PASSED] - delay(1): Delayed 1 second(s)

2022-04-07 14:17:42 - [MESSAGE][PASSED] - Delayed 1 second(s)

2022-04-07 14:17:42 - [TEST_STEP][PASSED] - click(findTestObject("Input_Corporate/Financial/li_Financial"), OPTIONAL): Object: 'Object Repository/Input_Corporate/Financial/li_Financial' is clicked on

2022-04-07 14:17:43 - [MESSAGE][PASSED] - Object: 'Object Repository/Input_Corporate/Financial/li_Financial' is clicked on

2022-04-07 14:17:43 - [TEST_STEP][PASSED] - delay(1): Delayed 1 second(s)

2022-04-07 14:17:44 - [MESSAGE][PASSED] - Delayed 1 second(s)

2022-04-07 14:17:44 - [TEST_STEP][PASSED] - takeFullPageScreenshotAsCheckpoint(userDir + sprint4WebScreenshootPath + "scenario-1-Masuk-Submenu-financial.png"): Taking screenshot successfully

2022-04-07 14:17:45 - [MESSAGE][INFO] - 0 hidden object(s)

2022-04-07 14:17:45 - [MESSAGE][PASSED] - Taking screenshot successfully
[[ATTACHMENT|C:\Users\Nia Yusniati\Git_Asa\BCAF_MEAPP_i3\Screenshoot\Sprint4\Web\keyes\keyes-scenario-1-Masuk-Submenu-financial.png]]

2022-04-07 14:17:45 - [TEST_STEP][PASSED] - markPassed("scenario 1 - Masuk submenu financial"): scenario 1 - Masuk submenu financial

2022-04-07 14:17:45 - [MESSAGE][PASSED] - scenario 1 - Masuk submenu financial

2022-04-07 14:17:45 - [TEST_STEP][PASSED] - delay(1): Delayed 1 second(s)

2022-04-07 14:17:46 - [MESSAGE][PASSED] - Delayed 1 second(s)

2022-04-07 14:17:46 - [TEST_STEP][PASSED] - click(findTestObject("Input_Corporate/Financial/button_Laporan Keuangan"), OPTIONAL): Object: 'Object Repository/Input_Corporate/Financial/button_Laporan Keuangan' is clicked on

2022-04-07 14:17:47 - [MESSAGE][PASSED] - Object: 'Object Repository/Input_Corporate/Financial/button_Laporan Keuangan' is clicked on

2022-04-07 14:17:47 - [TEST_STEP][PASSED] - delay(1): Delayed 1 second(s)

2022-04-07 14:17:48 - [MESSAGE][PASSED] - Delayed 1 second(s)

2022-04-07 14:17:48 - [TEST_STEP][PASSED] - click(findTestObject("Input_Corporate/Financial/a_Capture File"), OPTIONAL): Object: 'Object Repository/Input_Corporate/Financial/a_Capture File' is clicked on

2022-04-07 14:17:49 - [MESSAGE][PASSED] - Object: 'Object Repository/Input_Corporate/Financial/a_Capture File' is clicked on

2022-04-07 14:17:49 - [TEST_STEP][PASSED] - delay(1): Delayed 1 second(s)

2022-04-07 14:17:50 - [MESSAGE][PASSED] - Delayed 1 second(s)

2022-04-07 14:17:50 - [TEST_STEP][PASSED] - uploadFile(findTestObject("Input_Corporate/Capture_"), userDir + cobaKTP, OPTIONAL): File 'C:/Users/Nia Yusniati/Git_Asa/BCAF_MEAPP_i3/Assets/ktp_dummy.png' sent to object: 'Object Repository/Input_Corporate/Capture_'

2022-04-07 14:17:50 - [MESSAGE][PASSED] - File 'C:/Users/Nia Yusniati/Git_Asa/BCAF_MEAPP_i3/Assets/ktp_dummy.png' sent to object: 'Object Repository/Input_Corporate/Capture_'

2022-04-07 14:17:50 - [TEST_STEP][PASSED] - delay(1): Delayed 1 second(s)

2022-04-07 14:17:51 - [MESSAGE][PASSED] - Delayed 1 second(s)

2022-04-07 14:17:51 - [TEST_STEP][PASSED] - takeFullPageScreenshotAsCheckpoint(userDir + sprint4WebScreenshootPath + "scenario-1-berhasil-input-capture-laporan-keuangan.png"): Taking screenshot successfully

2022-04-07 14:17:52 - [MESSAGE][INFO] - 0 hidden object(s)

2022-04-07 14:17:52 - [MESSAGE][PASSED] - Taking screenshot successfully
[[ATTACHMENT|C:\Users\Nia Yusniati\Git_Asa\BCAF_MEAPP_i3\Screenshoot\Sprint4\Web\keyes\keyes-scenario-1-berhasil-input-capture-laporan-keuangan.png]]

2022-04-07 14:17:52 - [TEST_STEP][PASSED] - markPassed("scenario 1 - berhasil input capture laporan keuangan"): scenario 1 - berhasil input capture laporan keuangan

2022-04-07 14:17:52 - [MESSAGE][PASSED] - scenario 1 - berhasil input capture laporan keuangan

2022-04-07 14:17:52 - [TEST_STEP][PASSED] - delay(1): Delayed 1 second(s)

2022-04-07 14:17:53 - [MESSAGE][PASSED] - Delayed 1 second(s)

2022-04-07 14:17:53 - [TEST_STEP][PASSED] - click(findTestObject("Input_Corporate/Financial/button_Bukti Kepemilikan Rekening"), OPTIONAL): Object: 'Object Repository/Input_Corporate/Financial/button_Bukti Kepemilikan Rekening' is clicked on

2022-04-07 14:17:54 - [MESSAGE][PASSED] - Object: 'Object Repository/Input_Corporate/Financial/button_Bukti Kepemilikan Rekening' is clicked on

2022-04-07 14:17:54 - [TEST_STEP][PASSED] - delay(1): Delayed 1 second(s)

2022-04-07 14:17:55 - [MESSAGE][PASSED] - Delayed 1 second(s)

2022-04-07 14:17:55 - [TEST_STEP][PASSED] - click(findTestObject("Input_Corporate/Financial/a_Capture File"), OPTIONAL): Object: 'Object Repository/Input_Corporate/Financial/a_Capture File' is clicked on

2022-04-07 14:17:56 - [MESSAGE][PASSED] - Object: 'Object Repository/Input_Corporate/Financial/a_Capture File' is clicked on

2022-04-07 14:17:56 - [TEST_STEP][PASSED] - delay(1): Delayed 1 second(s)

2022-04-07 14:17:57 - [MESSAGE][PASSED] - Delayed 1 second(s)

2022-04-07 14:17:57 - [TEST_STEP][PASSED] - uploadFile(findTestObject("Input_Corporate/Capture_"), userDir + cobaKTP, OPTIONAL): File 'C:/Users/Nia Yusniati/Git_Asa/BCAF_MEAPP_i3/Assets/ktp_dummy.png' sent to object: 'Object Repository/Input_Corporate/Capture_'

2022-04-07 14:17:58 - [MESSAGE][PASSED] - File 'C:/Users/Nia Yusniati/Git_Asa/BCAF_MEAPP_i3/Assets/ktp_dummy.png' sent to object: 'Object Repository/Input_Corporate/Capture_'

2022-04-07 14:17:58 - [TEST_STEP][PASSED] - delay(1): Delayed 1 second(s)

2022-04-07 14:17:59 - [MESSAGE][PASSED] - Delayed 1 second(s)

2022-04-07 14:17:59 - [TEST_STEP][PASSED] - takeFullPageScreenshotAsCheckpoint(userDir + sprint4WebScreenshootPath + "scenario-1-behasil-input-capture-laporan-bukti-kepemilikan.png"): Taking screenshot successfully

2022-04-07 14:17:59 - [MESSAGE][INFO] - 0 hidden object(s)

2022-04-07 14:18:00 - [MESSAGE][PASSED] - Taking screenshot successfully
[[ATTACHMENT|C:\Users\Nia Yusniati\Git_Asa\BCAF_MEAPP_i3\Screenshoot\Sprint4\Web\keyes\keyes-scenario-1-behasil-input-capture-laporan-bukti-kepemilikan.png]]

2022-04-07 14:18:00 - [TEST_STEP][PASSED] - markPassed("scenario 1 - berhasil input capture laporan bukti kepemilikan"): scenario 1 - berhasil input capture laporan bukti kepemilikan

2022-04-07 14:18:00 - [MESSAGE][PASSED] - scenario 1 - berhasil input capture laporan bukti kepemilikan

2022-04-07 14:18:00 - [TEST_STEP][PASSED] - delay(1): Delayed 1 second(s)

2022-04-07 14:18:01 - [MESSAGE][PASSED] - Delayed 1 second(s)

2022-04-07 14:18:01 - [TEST_STEP][PASSED] - setText(findTestObject("Input_Corporate/Financial/input_BCA Branch_form-control ng-untouched ng-pristine ng-valid"), financial_BCABranch, OPTIONAL): Text 'BCA' is set on object 'Object Repository/Input_Corporate/Financial/input_BCA Branch_form-control ng-untouched ng-pristine ng-valid'

2022-04-07 14:18:02 - [MESSAGE][PASSED] - Text 'BCA' is set on object 'Object Repository/Input_Corporate/Financial/input_BCA Branch_form-control ng-untouched ng-pristine ng-valid'

2022-04-07 14:18:02 - [TEST_STEP][PASSED] - delay(1): Delayed 1 second(s)

2022-04-07 14:18:03 - [MESSAGE][PASSED] - Delayed 1 second(s)

2022-04-07 14:18:03 - [TEST_STEP][PASSED] - setText(findTestObject("Input_Corporate/Financial/input_Account No. 10 Digit_form-control ng-untouched ng-pristine ng-valid"), financial_rekNum, OPTIONAL): Text '2343235657' is set on object 'Object Repository/Input_Corporate/Financial/input_Account No. 10 Digit_form-control ng-untouched ng-pristine ng-valid'

2022-04-07 14:18:04 - [MESSAGE][PASSED] - Text '2343235657' is set on object 'Object Repository/Input_Corporate/Financial/input_Account No. 10 Digit_form-control ng-untouched ng-pristine ng-valid'

2022-04-07 14:18:04 - [TEST_STEP][PASSED] - delay(1): Delayed 1 second(s)

2022-04-07 14:18:05 - [MESSAGE][PASSED] - Delayed 1 second(s)

2022-04-07 14:18:05 - [TEST_STEP][PASSED] - takeFullPageScreenshotAsCheckpoint(userDir + sprint4WebScreenshootPath + "scenario-1-berhasil-input-branch-dan-account-10digit-pada-submenu-financial.png"): Taking screenshot successfully

2022-04-07 14:18:06 - [MESSAGE][INFO] - 0 hidden object(s)

2022-04-07 14:18:06 - [MESSAGE][PASSED] - Taking screenshot successfully
[[ATTACHMENT|C:\Users\Nia Yusniati\Git_Asa\BCAF_MEAPP_i3\Screenshoot\Sprint4\Web\keyes\keyes-scenario-1-berhasil-input-branch-dan-account-10digit-pada-submenu-financial.png]]

2022-04-07 14:18:06 - [TEST_STEP][PASSED] - markPassed("scenario 1 - berhasil input branch dan account 10 digit pada submenu financial"): scenario 1 - berhasil input branch dan account 10 digit pada submenu financial

2022-04-07 14:18:06 - [MESSAGE][PASSED] - scenario 1 - berhasil input branch dan account 10 digit pada submenu financial

2022-04-07 14:18:06 - [TEST_STEP][PASSED] - delay(1): Delayed 1 second(s)

2022-04-07 14:18:07 - [MESSAGE][PASSED] - Delayed 1 second(s)

2022-04-07 14:18:07 - [TEST_STEP][PASSED] - click(findTestObject("Input_Corporate/Contact_Person/a_Contact Person"), OPTIONAL): Object: 'Object Repository/Input_Corporate/Contact_Person/a_Contact Person' is clicked on

2022-04-07 14:18:08 - [MESSAGE][PASSED] - Object: 'Object Repository/Input_Corporate/Contact_Person/a_Contact Person' is clicked on

2022-04-07 14:18:08 - [TEST_STEP][PASSED] - delay(1): Delayed 1 second(s)

2022-04-07 14:18:09 - [MESSAGE][PASSED] - Delayed 1 second(s)

2022-04-07 14:18:09 - [TEST_STEP][PASSED] - click(findTestObject("Input_Corporate/Contact_Person/input_Yes_inline-radios_No"), OPTIONAL): Object: 'Object Repository/Input_Corporate/Contact_Person/input_Yes_inline-radios_No' is clicked on

2022-04-07 14:18:10 - [MESSAGE][PASSED] - Object: 'Object Repository/Input_Corporate/Contact_Person/input_Yes_inline-radios_No' is clicked on

2022-04-07 14:18:10 - [TEST_STEP][PASSED] - delay(1): Delayed 1 second(s)

2022-04-07 14:18:11 - [MESSAGE][PASSED] - Delayed 1 second(s)

2022-04-07 14:18:11 - [TEST_STEP][PASSED] - takeFullPageScreenshotAsCheckpoint(userDir + sprint4WebScreenshootPath + "scenario-1-berhasil-input-contact-person.png"): Taking screenshot successfully

2022-04-07 14:18:11 - [MESSAGE][INFO] - 0 hidden object(s)

2022-04-07 14:18:11 - [MESSAGE][PASSED] - Taking screenshot successfully
[[ATTACHMENT|C:\Users\Nia Yusniati\Git_Asa\BCAF_MEAPP_i3\Screenshoot\Sprint4\Web\keyes\keyes-scenario-1-berhasil-input-contact-person.png]]

2022-04-07 14:18:11 - [TEST_STEP][PASSED] - markPassed("scenario 1 - berhasil input contact person"): scenario 1 - berhasil input contact person

2022-04-07 14:18:11 - [MESSAGE][PASSED] - scenario 1 - berhasil input contact person

2022-04-07 14:18:11 - [TEST_STEP][PASSED] - delay(1): Delayed 1 second(s)

2022-04-07 14:18:12 - [MESSAGE][PASSED] - Delayed 1 second(s)

2022-04-07 14:18:12 - [TEST_STEP][PASSED] - click(findTestObject("Input_Corporate/Other_Document/a_Other Document"), OPTIONAL): Object: 'Object Repository/Input_Corporate/Other_Document/a_Other Document' is clicked on

2022-04-07 14:18:13 - [MESSAGE][PASSED] - Object: 'Object Repository/Input_Corporate/Other_Document/a_Other Document' is clicked on

2022-04-07 14:18:13 - [TEST_STEP][PASSED] - delay(1): Delayed 1 second(s)

2022-04-07 14:18:14 - [MESSAGE][PASSED] - Delayed 1 second(s)

2022-04-07 14:18:14 - [TEST_STEP][PASSED] - takeFullPageScreenshotAsCheckpoint(userDir + sprint4WebScreenshootPath + "scenario-1-Masuk-menu-other-document.png"): Taking screenshot successfully

2022-04-07 14:18:15 - [MESSAGE][INFO] - 0 hidden object(s)

2022-04-07 14:18:15 - [MESSAGE][PASSED] - Taking screenshot successfully
[[ATTACHMENT|C:\Users\Nia Yusniati\Git_Asa\BCAF_MEAPP_i3\Screenshoot\Sprint4\Web\keyes\keyes-scenario-1-Masuk-menu-other-document.png]]

2022-04-07 14:18:15 - [TEST_STEP][PASSED] - markPassed("scenario 1 - Masuk menu other document"): scenario 1 - Masuk menu other document

2022-04-07 14:18:15 - [MESSAGE][PASSED] - scenario 1 - Masuk menu other document

2022-04-07 14:18:15 - [TEST_STEP][PASSED] - delay(1): Delayed 1 second(s)

2022-04-07 14:18:16 - [MESSAGE][PASSED] - Delayed 1 second(s)]]></system-out>
         <system-err><![CDATA[]]></system-err>
      </testcase>
      <testcase name="Test Cases/Sprint 4/Skenario 1/01-03-01-Transaction-AppPending-InputData-Information" time="80.172" classname="Test Cases/Sprint 4/Skenario 1/01-03-01-Transaction-AppPending-InputData-Information" status="PASSED">
         <system-out><![CDATA[2022-04-07 14:18:16 - [TEST_CASE][PASSED] - Test Cases/Sprint 4/Skenario 1/01-03-01-Transaction-AppPending-InputData-Information: Test Cases/Sprint 4/Skenario 1/01-03-01-Transaction-AppPending-InputData-Information

2022-04-07 14:18:17 - [TEST_STEP][PASSED] - userDir = getProjectDir(): null

2022-04-07 14:18:17 - [TEST_STEP][PASSED] - delay(1): Delayed 1 second(s)

2022-04-07 14:18:18 - [MESSAGE][PASSED] - Delayed 1 second(s)

2022-04-07 14:18:18 - [TEST_STEP][PASSED] - click(findTestObject("ME_AppPending/span_Collateral dan Loan")): Object: 'Object Repository/ME_AppPending/span_Collateral dan Loan' is clicked on

2022-04-07 14:18:19 - [MESSAGE][PASSED] - Object: 'Object Repository/ME_AppPending/span_Collateral dan Loan' is clicked on

2022-04-07 14:18:19 - [TEST_STEP][PASSED] - delay(1): Delayed 1 second(s)

2022-04-07 14:18:20 - [MESSAGE][PASSED] - Delayed 1 second(s)

2022-04-07 14:18:20 - [TEST_STEP][PASSED] - takeFullPageScreenshotAsCheckpoint(userDir + sprint4WebScreenshootPath + "scenario-1-masuk-menu-collateral-dan-loan.png"): Taking screenshot successfully

2022-04-07 14:18:21 - [MESSAGE][INFO] - 0 hidden object(s)

2022-04-07 14:18:21 - [MESSAGE][PASSED] - Taking screenshot successfully
[[ATTACHMENT|C:\Users\Nia Yusniati\Git_Asa\BCAF_MEAPP_i3\Screenshoot\Sprint4\Web\keyes\keyes-scenario-1-masuk-menu-collateral-dan-loan.png]]

2022-04-07 14:18:21 - [TEST_STEP][PASSED] - markPassed("scenario 1 - Masuk menu collateral dan loan"): scenario 1 - Masuk menu collateral dan loan

2022-04-07 14:18:21 - [MESSAGE][PASSED] - scenario 1 - Masuk menu collateral dan loan

2022-04-07 14:18:21 - [TEST_STEP][PASSED] - delay(1): Delayed 1 second(s)

2022-04-07 14:18:22 - [MESSAGE][PASSED] - Delayed 1 second(s)

2022-04-07 14:18:22 - [TEST_STEP][PASSED] - click(findTestObject("ME_CollateralandLoan_information/li_Information")): Object: 'Object Repository/ME_CollateralandLoan_information/li_Information' is clicked on

2022-04-07 14:18:23 - [MESSAGE][PASSED] - Object: 'Object Repository/ME_CollateralandLoan_information/li_Information' is clicked on

2022-04-07 14:18:23 - [TEST_STEP][PASSED] - delay(1): Delayed 1 second(s)

2022-04-07 14:18:24 - [MESSAGE][PASSED] - Delayed 1 second(s)

2022-04-07 14:18:24 - [TEST_STEP][PASSED] - click(findTestObject("ME_CollateralandLoan_information/input_jenispengajuan1"), OPTIONAL): Object: 'Object Repository/ME_CollateralandLoan_information/input_jenispengajuan1' is clicked on

2022-04-07 14:18:25 - [MESSAGE][PASSED] - Object: 'Object Repository/ME_CollateralandLoan_information/input_jenispengajuan1' is clicked on

2022-04-07 14:18:25 - [TEST_STEP][PASSED] - delay(1): Delayed 1 second(s)

2022-04-07 14:18:26 - [MESSAGE][PASSED] - Delayed 1 second(s)

2022-04-07 14:18:26 - [TEST_STEP][PASSED] - setText(findTestObject("ME_CollateralandLoan_information/input_jenispengajuan1"), information_jenisPengajuan, OPTIONAL): Text 'mobil bekas' is set on object 'Object Repository/ME_CollateralandLoan_information/input_jenispengajuan1'

2022-04-07 14:18:27 - [MESSAGE][PASSED] - Text 'mobil bekas' is set on object 'Object Repository/ME_CollateralandLoan_information/input_jenispengajuan1'

2022-04-07 14:18:27 - [TEST_STEP][PASSED] - delay(1): Delayed 1 second(s)

2022-04-07 14:18:28 - [MESSAGE][PASSED] - Delayed 1 second(s)

2022-04-07 14:18:28 - [TEST_STEP][PASSED] - takeFullPageScreenshotAsCheckpoint(userDir + sprint4WebScreenshootPath + "scenario-1-input-jenis-pengajuan.png"): Taking screenshot successfully

2022-04-07 14:18:29 - [MESSAGE][INFO] - 0 hidden object(s)

2022-04-07 14:18:29 - [MESSAGE][PASSED] - Taking screenshot successfully
[[ATTACHMENT|C:\Users\Nia Yusniati\Git_Asa\BCAF_MEAPP_i3\Screenshoot\Sprint4\Web\keyes\keyes-scenario-1-input-jenis-pengajuan.png]]

2022-04-07 14:18:29 - [TEST_STEP][PASSED] - markPassed("scenario 1 - Input Jenis Pengajuan"): scenario 1 - Input Jenis Pengajuan

2022-04-07 14:18:29 - [MESSAGE][PASSED] - scenario 1 - Input Jenis Pengajuan

2022-04-07 14:18:29 - [TEST_STEP][PASSED] - delay(1): Delayed 1 second(s)

2022-04-07 14:18:30 - [MESSAGE][PASSED] - Delayed 1 second(s)

2022-04-07 14:18:30 - [TEST_STEP][PASSED] - click(findTestObject("ME_CollateralandLoan_information/div_Mobil Bekas")): Object: 'Object Repository/ME_CollateralandLoan_information/div_Mobil Bekas' is clicked on

2022-04-07 14:18:31 - [MESSAGE][PASSED] - Object: 'Object Repository/ME_CollateralandLoan_information/div_Mobil Bekas' is clicked on

2022-04-07 14:18:31 - [TEST_STEP][PASSED] - delay(1): Delayed 1 second(s)

2022-04-07 14:18:32 - [MESSAGE][PASSED] - Delayed 1 second(s)

2022-04-07 14:18:32 - [TEST_STEP][PASSED] - click(findTestObject("ME_CollateralandLoan_information/input_tujuankredit"), OPTIONAL): Object: 'Object Repository/ME_CollateralandLoan_information/input_tujuankredit' is clicked on

2022-04-07 14:18:33 - [MESSAGE][PASSED] - Object: 'Object Repository/ME_CollateralandLoan_information/input_tujuankredit' is clicked on

2022-04-07 14:18:33 - [TEST_STEP][PASSED] - delay(1): Delayed 1 second(s)

2022-04-07 14:18:34 - [MESSAGE][PASSED] - Delayed 1 second(s)

2022-04-07 14:18:34 - [TEST_STEP][PASSED] - setText(findTestObject("ME_CollateralandLoan_information/input_tujuankredit"), information_tujuanKredit, OPTIONAL): Text 'pembelian aset' is set on object 'Object Repository/ME_CollateralandLoan_information/input_tujuankredit'

2022-04-07 14:18:35 - [MESSAGE][PASSED] - Text 'pembelian aset' is set on object 'Object Repository/ME_CollateralandLoan_information/input_tujuankredit'

2022-04-07 14:18:35 - [TEST_STEP][PASSED] - delay(1): Delayed 1 second(s)

2022-04-07 14:18:36 - [MESSAGE][PASSED] - Delayed 1 second(s)

2022-04-07 14:18:36 - [TEST_STEP][PASSED] - takeFullPageScreenshotAsCheckpoint(userDir + sprint4WebScreenshootPath + "scenario-1-input-tujuan-pengajuan.png"): Taking screenshot successfully

2022-04-07 14:18:37 - [MESSAGE][INFO] - 0 hidden object(s)

2022-04-07 14:18:37 - [MESSAGE][PASSED] - Taking screenshot successfully
[[ATTACHMENT|C:\Users\Nia Yusniati\Git_Asa\BCAF_MEAPP_i3\Screenshoot\Sprint4\Web\keyes\keyes-scenario-1-input-tujuan-pengajuan.png]]

2022-04-07 14:18:37 - [TEST_STEP][PASSED] - markPassed("scenario 1 - Input Tujuan Pengajuan"): scenario 1 - Input Tujuan Pengajuan

2022-04-07 14:18:37 - [MESSAGE][PASSED] - scenario 1 - Input Tujuan Pengajuan

2022-04-07 14:18:37 - [TEST_STEP][PASSED] - delay(1): Delayed 1 second(s)

2022-04-07 14:18:38 - [MESSAGE][PASSED] - Delayed 1 second(s)

2022-04-07 14:18:38 - [TEST_STEP][PASSED] - click(findTestObject("ME_CollateralandLoan_information/div_Pembelian Aset")): Object: 'Object Repository/ME_CollateralandLoan_information/div_Pembelian Aset' is clicked on

2022-04-07 14:18:39 - [MESSAGE][PASSED] - Object: 'Object Repository/ME_CollateralandLoan_information/div_Pembelian Aset' is clicked on

2022-04-07 14:18:39 - [TEST_STEP][PASSED] - delay(1): Delayed 1 second(s)

2022-04-07 14:18:40 - [MESSAGE][PASSED] - Delayed 1 second(s)

2022-04-07 14:18:40 - [TEST_STEP][PASSED] - click(findTestObject("ME_CollateralandLoan_information/button_Payment")): Object: 'Object Repository/ME_CollateralandLoan_information/button_Payment' is clicked on

2022-04-07 14:18:41 - [MESSAGE][PASSED] - Object: 'Object Repository/ME_CollateralandLoan_information/button_Payment' is clicked on

2022-04-07 14:18:41 - [TEST_STEP][PASSED] - delay(1): Delayed 1 second(s)

2022-04-07 14:18:42 - [MESSAGE][PASSED] - Delayed 1 second(s)

2022-04-07 14:18:42 - [TEST_STEP][PASSED] - click(findTestObject("ME_CollateralandLoan_information/input_autodebet")): Object: 'Object Repository/ME_CollateralandLoan_information/input_autodebet' is clicked on

2022-04-07 14:18:43 - [MESSAGE][PASSED] - Object: 'Object Repository/ME_CollateralandLoan_information/input_autodebet' is clicked on

2022-04-07 14:18:43 - [TEST_STEP][PASSED] - delay(1): Delayed 1 second(s)

2022-04-07 14:18:44 - [MESSAGE][PASSED] - Delayed 1 second(s)

2022-04-07 14:18:44 - [TEST_STEP][PASSED] - takeFullPageScreenshotAsCheckpoint(userDir + sprint4WebScreenshootPath + "scenario-1-input-payment.png"): Taking screenshot successfully

2022-04-07 14:18:45 - [MESSAGE][INFO] - 0 hidden object(s)

2022-04-07 14:18:45 - [MESSAGE][PASSED] - Taking screenshot successfully
[[ATTACHMENT|C:\Users\Nia Yusniati\Git_Asa\BCAF_MEAPP_i3\Screenshoot\Sprint4\Web\keyes\keyes-scenario-1-input-payment.png]]

2022-04-07 14:18:45 - [TEST_STEP][PASSED] - markPassed("scenario 1 - Input Payment"): scenario 1 - Input Payment

2022-04-07 14:18:45 - [MESSAGE][PASSED] - scenario 1 - Input Payment

2022-04-07 14:18:45 - [TEST_STEP][PASSED] - delay(1): Delayed 1 second(s)

2022-04-07 14:18:46 - [MESSAGE][PASSED] - Delayed 1 second(s)

2022-04-07 14:18:46 - [TEST_STEP][PASSED] - click(findTestObject("ME_CollateralandLoan_information/div_Auto Debet")): Object: 'Object Repository/ME_CollateralandLoan_information/div_Auto Debet' is clicked on

2022-04-07 14:18:47 - [MESSAGE][PASSED] - Object: 'Object Repository/ME_CollateralandLoan_information/div_Auto Debet' is clicked on

2022-04-07 14:18:47 - [TEST_STEP][PASSED] - delay(1): Delayed 1 second(s)

2022-04-07 14:18:48 - [MESSAGE][PASSED] - Delayed 1 second(s)

2022-04-07 14:18:48 - [TEST_STEP][PASSED] - setText(findTestObject("ME_CollateralandLoan_information/input_Account No. 10 Digit_text-input-account-no"), information_accountNum): Text '11111111111' is set on object 'Object Repository/ME_CollateralandLoan_information/input_Account No. 10 Digit_text-input-account-no'

2022-04-07 14:18:49 - [MESSAGE][PASSED] - Text '11111111111' is set on object 'Object Repository/ME_CollateralandLoan_information/input_Account No. 10 Digit_text-input-account-no'

2022-04-07 14:18:49 - [TEST_STEP][PASSED] - delay(1): Delayed 1 second(s)

2022-04-07 14:18:50 - [MESSAGE][PASSED] - Delayed 1 second(s)

2022-04-07 14:18:50 - [TEST_STEP][PASSED] - click(findTestObject("ME_CollateralandLoan_information/input_Account No. 10 Digit_inline-checkbox-autodebetNoRek"), OPTIONAL): Object: 'Object Repository/ME_CollateralandLoan_information/input_Account No. 10 Digit_inline-checkbox-autodebetNoRek' is clicked on

2022-04-07 14:18:51 - [MESSAGE][PASSED] - Object: 'Object Repository/ME_CollateralandLoan_information/input_Account No. 10 Digit_inline-checkbox-autodebetNoRek' is clicked on

2022-04-07 14:18:51 - [TEST_STEP][PASSED] - click(findTestObject("ME_CollateralandLoan_information/Capture_rekeningautodebet")): Object: 'Object Repository/ME_CollateralandLoan_information/Capture_rekeningautodebet' is clicked on

2022-04-07 14:18:52 - [MESSAGE][PASSED] - Object: 'Object Repository/ME_CollateralandLoan_information/Capture_rekeningautodebet' is clicked on

2022-04-07 14:18:52 - [TEST_STEP][PASSED] - delay(1): Delayed 1 second(s)

2022-04-07 14:18:53 - [MESSAGE][PASSED] - Delayed 1 second(s)

2022-04-07 14:18:53 - [TEST_STEP][PASSED] - uploadFile(findTestObject("MEApp_AppBaru_InisiasiKonsumen/Capture_"), userDir + pathfinder_npwp): File 'C:/Users/Nia Yusniati/Git_Asa/BCAF_MEAPP_i3/Assets/npwp-dummy.jpg' sent to object: 'Object Repository/MEApp_AppBaru_InisiasiKonsumen/Capture_'

2022-04-07 14:18:54 - [MESSAGE][PASSED] - File 'C:/Users/Nia Yusniati/Git_Asa/BCAF_MEAPP_i3/Assets/npwp-dummy.jpg' sent to object: 'Object Repository/MEApp_AppBaru_InisiasiKonsumen/Capture_'

2022-04-07 14:18:54 - [TEST_STEP][PASSED] - setText(findTestObject("ME_CollateralandLoan_information/input_Account No. 10 Digit_noRekening"), information_accountNum2): Text '11111111111' is set on object 'Object Repository/ME_CollateralandLoan_information/input_Account No. 10 Digit_noRekening'

2022-04-07 14:18:55 - [MESSAGE][PASSED] - Text '11111111111' is set on object 'Object Repository/ME_CollateralandLoan_information/input_Account No. 10 Digit_noRekening'

2022-04-07 14:18:55 - [TEST_STEP][PASSED] - delay(1): Delayed 1 second(s)

2022-04-07 14:18:56 - [MESSAGE][PASSED] - Delayed 1 second(s)

2022-04-07 14:18:56 - [TEST_STEP][PASSED] - setText(findTestObject("ME_CollateralandLoan_information/input_Cabang BCA_cabangBca"), information_cabang): Text 'jakarta selatan' is set on object 'Object Repository/ME_CollateralandLoan_information/input_Cabang BCA_cabangBca'

2022-04-07 14:18:58 - [MESSAGE][PASSED] - Text 'jakarta selatan' is set on object 'Object Repository/ME_CollateralandLoan_information/input_Cabang BCA_cabangBca'

2022-04-07 14:18:58 - [TEST_STEP][PASSED] - delay(1): Delayed 1 second(s)

2022-04-07 14:18:59 - [MESSAGE][PASSED] - Delayed 1 second(s)

2022-04-07 14:18:59 - [TEST_STEP][PASSED] - setText(findTestObject("ME_CollateralandLoan_information/input_Nama Pemilik Rekening_form-control ng-untouched ng-pristine ng-invalid"), information_namaPemilikRek): Text 'afgan' is set on object 'Object Repository/ME_CollateralandLoan_information/input_Nama Pemilik Rekening_form-control ng-untouched ng-pristine ng-invalid'

2022-04-07 14:19:00 - [MESSAGE][PASSED] - Text 'afgan' is set on object 'Object Repository/ME_CollateralandLoan_information/input_Nama Pemilik Rekening_form-control ng-untouched ng-pristine ng-invalid'

2022-04-07 14:19:00 - [TEST_STEP][PASSED] - delay(1): Delayed 1 second(s)

2022-04-07 14:19:01 - [MESSAGE][PASSED] - Delayed 1 second(s)

2022-04-07 14:19:01 - [TEST_STEP][PASSED] - setText(findTestObject("ME_CollateralandLoan_information/input_No KTP_form-control ng-untouched ng-pristine ng-invalid"), information_noKTP): Text '22222222222222' is set on object 'Object Repository/ME_CollateralandLoan_information/input_No KTP_form-control ng-untouched ng-pristine ng-invalid'

2022-04-07 14:19:02 - [MESSAGE][PASSED] - Text '22222222222222' is set on object 'Object Repository/ME_CollateralandLoan_information/input_No KTP_form-control ng-untouched ng-pristine ng-invalid'

2022-04-07 14:19:02 - [TEST_STEP][PASSED] - delay(1): Delayed 1 second(s)

2022-04-07 14:19:03 - [MESSAGE][PASSED] - Delayed 1 second(s)

2022-04-07 14:19:03 - [TEST_STEP][PASSED] - takeFullPageScreenshotAsCheckpoint(userDir + sprint4WebScreenshootPath + "scenario-1-input-data-autodebit.png"): Taking screenshot successfully

2022-04-07 14:19:04 - [MESSAGE][INFO] - 0 hidden object(s)

2022-04-07 14:19:05 - [MESSAGE][PASSED] - Taking screenshot successfully
[[ATTACHMENT|C:\Users\Nia Yusniati\Git_Asa\BCAF_MEAPP_i3\Screenshoot\Sprint4\Web\keyes\keyes-scenario-1-input-data-autodebit.png]]

2022-04-07 14:19:05 - [TEST_STEP][PASSED] - markPassed("scenario 1 - Input data autodebit"): scenario 1 - Input data autodebit

2022-04-07 14:19:05 - [MESSAGE][PASSED] - scenario 1 - Input data autodebit

2022-04-07 14:19:05 - [TEST_STEP][PASSED] - delay(1): Delayed 1 second(s)

2022-04-07 14:19:06 - [MESSAGE][PASSED] - Delayed 1 second(s)

2022-04-07 14:19:06 - [TEST_STEP][PASSED] - click(findTestObject("ME_CollateralandLoan_information/button_Mutasi Rekening")): Object: 'Object Repository/ME_CollateralandLoan_information/button_Mutasi Rekening' is clicked on

2022-04-07 14:19:07 - [MESSAGE][PASSED] - Object: 'Object Repository/ME_CollateralandLoan_information/button_Mutasi Rekening' is clicked on

2022-04-07 14:19:07 - [TEST_STEP][PASSED] - delay(1): Delayed 1 second(s)

2022-04-07 14:19:08 - [MESSAGE][PASSED] - Delayed 1 second(s)

2022-04-07 14:19:08 - [TEST_STEP][PASSED] - takeFullPageScreenshotAsCheckpoint(userDir + sprint4WebScreenshootPath + "scenario-1-masuk-submenu-input-mutasi-rekening.png"): Taking screenshot successfully

2022-04-07 14:19:08 - [MESSAGE][INFO] - 0 hidden object(s)

2022-04-07 14:19:09 - [MESSAGE][PASSED] - Taking screenshot successfully
[[ATTACHMENT|C:\Users\Nia Yusniati\Git_Asa\BCAF_MEAPP_i3\Screenshoot\Sprint4\Web\keyes\keyes-scenario-1-masuk-submenu-input-mutasi-rekening.png]]

2022-04-07 14:19:09 - [TEST_STEP][PASSED] - markPassed("scenario 1 - Masuk submenu input mutasi rekening"): scenario 1 - Masuk submenu input mutasi rekening

2022-04-07 14:19:09 - [MESSAGE][PASSED] - scenario 1 - Masuk submenu input mutasi rekening

2022-04-07 14:19:09 - [TEST_STEP][PASSED] - delay(1): Delayed 1 second(s)

2022-04-07 14:19:10 - [MESSAGE][PASSED] - Delayed 1 second(s)

2022-04-07 14:19:10 - [TEST_STEP][PASSED] - click(findTestObject("ME_CollateralandLoan_information/button_Add Mutasi Rekening")): Object: 'Object Repository/ME_CollateralandLoan_information/button_Add Mutasi Rekening' is clicked on

2022-04-07 14:19:10 - [MESSAGE][PASSED] - Object: 'Object Repository/ME_CollateralandLoan_information/button_Add Mutasi Rekening' is clicked on

2022-04-07 14:19:10 - [TEST_STEP][PASSED] - delay(1): Delayed 1 second(s)

2022-04-07 14:19:11 - [MESSAGE][PASSED] - Delayed 1 second(s)

2022-04-07 14:19:11 - [TEST_STEP][PASSED] - takeFullPageScreenshotAsCheckpoint(userDir + sprint4WebScreenshootPath + "scenario-1-sebelum-input-data-mutasi-rekening.png"): Taking screenshot successfully

2022-04-07 14:19:12 - [MESSAGE][INFO] - 0 hidden object(s)

2022-04-07 14:19:13 - [MESSAGE][PASSED] - Taking screenshot successfully
[[ATTACHMENT|C:\Users\Nia Yusniati\Git_Asa\BCAF_MEAPP_i3\Screenshoot\Sprint4\Web\keyes\keyes-scenario-1-sebelum-input-data-mutasi-rekening.png]]

2022-04-07 14:19:13 - [TEST_STEP][PASSED] - markPassed("scenario 1 - sebelum input data mutasi rekening"): scenario 1 - sebelum input data mutasi rekening

2022-04-07 14:19:13 - [MESSAGE][PASSED] - scenario 1 - sebelum input data mutasi rekening

2022-04-07 14:19:13 - [TEST_STEP][PASSED] - delay(1): Delayed 1 second(s)

2022-04-07 14:19:14 - [MESSAGE][PASSED] - Delayed 1 second(s)

2022-04-07 14:19:14 - [TEST_STEP][PASSED] - click(findTestObject("ME_CollateralandLoan_information/a_Capture File_mutasirek")): Object: 'Object Repository/ME_CollateralandLoan_information/a_Capture File_mutasirek' is clicked on

2022-04-07 14:19:14 - [MESSAGE][PASSED] - Object: 'Object Repository/ME_CollateralandLoan_information/a_Capture File_mutasirek' is clicked on

2022-04-07 14:19:14 - [TEST_STEP][PASSED] - delay(1): Delayed 1 second(s)

2022-04-07 14:19:15 - [MESSAGE][PASSED] - Delayed 1 second(s)

2022-04-07 14:19:15 - [TEST_STEP][PASSED] - uploadFile(findTestObject("MEApp_AppBaru_InisiasiKonsumen/Capture_"), userDir + pathfinder_npwp): File 'C:/Users/Nia Yusniati/Git_Asa/BCAF_MEAPP_i3/Assets/npwp-dummy.jpg' sent to object: 'Object Repository/MEApp_AppBaru_InisiasiKonsumen/Capture_'

2022-04-07 14:19:16 - [MESSAGE][PASSED] - File 'C:/Users/Nia Yusniati/Git_Asa/BCAF_MEAPP_i3/Assets/npwp-dummy.jpg' sent to object: 'Object Repository/MEApp_AppBaru_InisiasiKonsumen/Capture_'

2022-04-07 14:19:16 - [TEST_STEP][PASSED] - delay(1): Delayed 1 second(s)

2022-04-07 14:19:17 - [MESSAGE][PASSED] - Delayed 1 second(s)

2022-04-07 14:19:17 - [TEST_STEP][PASSED] - setText(findTestObject("ME_CollateralandLoan_information/input_Mutasi Debit_form-control text-right ng-untouched ng-pristine ng-valid"), information_mutasiDebit): Text '10000000' is set on object 'Object Repository/ME_CollateralandLoan_information/input_Mutasi Debit_form-control text-right ng-untouched ng-pristine ng-valid'

2022-04-07 14:19:18 - [MESSAGE][PASSED] - Text '10000000' is set on object 'Object Repository/ME_CollateralandLoan_information/input_Mutasi Debit_form-control text-right ng-untouched ng-pristine ng-valid'

2022-04-07 14:19:18 - [TEST_STEP][PASSED] - delay(1): Delayed 1 second(s)

2022-04-07 14:19:19 - [MESSAGE][PASSED] - Delayed 1 second(s)

2022-04-07 14:19:19 - [TEST_STEP][PASSED] - setText(findTestObject("ME_CollateralandLoan_information/input_Mutasi Kredit_form-control text-right ng-untouched ng-pristine ng-valid"), information_mutasiKredit): Text '10000000' is set on object 'Object Repository/ME_CollateralandLoan_information/input_Mutasi Kredit_form-control text-right ng-untouched ng-pristine ng-valid'

2022-04-07 14:19:21 - [MESSAGE][PASSED] - Text '10000000' is set on object 'Object Repository/ME_CollateralandLoan_information/input_Mutasi Kredit_form-control text-right ng-untouched ng-pristine ng-valid'

2022-04-07 14:19:21 - [TEST_STEP][PASSED] - delay(1): Delayed 1 second(s)

2022-04-07 14:19:22 - [MESSAGE][PASSED] - Delayed 1 second(s)

2022-04-07 14:19:22 - [TEST_STEP][PASSED] - setText(findTestObject("ME_CollateralandLoan_information/input_Mutasi Saldo_form-control text-right ng-untouched ng-pristine ng-valid"), information_mutasiSaldo): Text '10000000' is set on object 'Object Repository/ME_CollateralandLoan_information/input_Mutasi Saldo_form-control text-right ng-untouched ng-pristine ng-valid'

2022-04-07 14:19:23 - [MESSAGE][PASSED] - Text '10000000' is set on object 'Object Repository/ME_CollateralandLoan_information/input_Mutasi Saldo_form-control text-right ng-untouched ng-pristine ng-valid'

2022-04-07 14:19:23 - [TEST_STEP][PASSED] - delay(1): Delayed 1 second(s)

2022-04-07 14:19:24 - [MESSAGE][PASSED] - Delayed 1 second(s)

2022-04-07 14:19:24 - [TEST_STEP][PASSED] - takeFullPageScreenshotAsCheckpoint(userDir + sprint4WebScreenshootPath + "scenario-1-input-data-mutasi-rekening.png"): Taking screenshot successfully

2022-04-07 14:19:25 - [MESSAGE][INFO] - 0 hidden object(s)

2022-04-07 14:19:25 - [MESSAGE][PASSED] - Taking screenshot successfully
[[ATTACHMENT|C:\Users\Nia Yusniati\Git_Asa\BCAF_MEAPP_i3\Screenshoot\Sprint4\Web\keyes\keyes-scenario-1-input-data-mutasi-rekening.png]]

2022-04-07 14:19:25 - [TEST_STEP][PASSED] - markPassed("scenario 1 - input data mutasi rekening"): scenario 1 - input data mutasi rekening

2022-04-07 14:19:25 - [MESSAGE][PASSED] - scenario 1 - input data mutasi rekening

2022-04-07 14:19:25 - [TEST_STEP][PASSED] - delay(1): Delayed 1 second(s)

2022-04-07 14:19:26 - [MESSAGE][PASSED] - Delayed 1 second(s)

2022-04-07 14:19:26 - [TEST_STEP][PASSED] - click(findTestObject("ME_CollateralandLoan_information/button_Add"), OPTIONAL): Object: 'Object Repository/ME_CollateralandLoan_information/button_Add' is clicked on

2022-04-07 14:19:27 - [MESSAGE][PASSED] - Object: 'Object Repository/ME_CollateralandLoan_information/button_Add' is clicked on

2022-04-07 14:19:27 - [TEST_STEP][PASSED] - delay(1): Delayed 1 second(s)

2022-04-07 14:19:28 - [MESSAGE][PASSED] - Delayed 1 second(s)

2022-04-07 14:19:28 - [TEST_STEP][PASSED] - click(findTestObject("ME_CollateralandLoan_information/button_View Detail_btn btn-edit ng-star-inserted"), OPTIONAL): Object: 'Object Repository/ME_CollateralandLoan_information/button_View Detail_btn btn-edit ng-star-inserted' is clicked on

2022-04-07 14:19:29 - [MESSAGE][PASSED] - Object: 'Object Repository/ME_CollateralandLoan_information/button_View Detail_btn btn-edit ng-star-inserted' is clicked on

2022-04-07 14:19:29 - [TEST_STEP][PASSED] - delay(1): Delayed 1 second(s)

2022-04-07 14:19:30 - [MESSAGE][PASSED] - Delayed 1 second(s)

2022-04-07 14:19:30 - [TEST_STEP][PASSED] - click(findTestObject("ME_CollateralandLoan_information/button_Save"), OPTIONAL): Object: 'Object Repository/ME_CollateralandLoan_information/button_Save' is clicked on

2022-04-07 14:19:31 - [MESSAGE][PASSED] - Object: 'Object Repository/ME_CollateralandLoan_information/button_Save' is clicked on

2022-04-07 14:19:31 - [TEST_STEP][PASSED] - delay(1): Delayed 1 second(s)

2022-04-07 14:19:32 - [MESSAGE][PASSED] - Delayed 1 second(s)

2022-04-07 14:19:32 - [TEST_STEP][PASSED] - click(findTestObject("ME_CollateralandLoan_information/a_View Detail_mutasirekening"), OPTIONAL): Object: 'Object Repository/ME_CollateralandLoan_information/a_View Detail_mutasirekening' is clicked on

2022-04-07 14:19:33 - [MESSAGE][PASSED] - Object: 'Object Repository/ME_CollateralandLoan_information/a_View Detail_mutasirekening' is clicked on

2022-04-07 14:19:33 - [TEST_STEP][PASSED] - delay(1): Delayed 1 second(s)

2022-04-07 14:19:34 - [MESSAGE][PASSED] - Delayed 1 second(s)

2022-04-07 14:19:34 - [TEST_STEP][PASSED] - takeFullPageScreenshotAsCheckpoint(userDir + sprint4WebScreenshootPath + "scenario-1-berhasil-mengisi-data-information.png"): Taking screenshot successfully

2022-04-07 14:19:35 - [MESSAGE][INFO] - 0 hidden object(s)

2022-04-07 14:19:35 - [MESSAGE][PASSED] - Taking screenshot successfully
[[ATTACHMENT|C:\Users\Nia Yusniati\Git_Asa\BCAF_MEAPP_i3\Screenshoot\Sprint4\Web\keyes\keyes-scenario-1-berhasil-mengisi-data-information.png]]

2022-04-07 14:19:35 - [TEST_STEP][PASSED] - markPassed("scenario 1 - Berhasil mengisi data information"): scenario 1 - Berhasil mengisi data information

2022-04-07 14:19:35 - [MESSAGE][PASSED] - scenario 1 - Berhasil mengisi data information

2022-04-07 14:19:35 - [TEST_STEP][PASSED] - delay(1): Delayed 1 second(s)

2022-04-07 14:19:36 - [MESSAGE][PASSED] - Delayed 1 second(s)]]></system-out>
         <system-err><![CDATA[]]></system-err>
      </testcase>
      <testcase name="Test Cases/Sprint 4/Skenario 1/01-03-02-Transaction-AppPending-InputData-Vehicle" time="313.672" classname="Test Cases/Sprint 4/Skenario 1/01-03-02-Transaction-AppPending-InputData-Vehicle" status="PASSED">
         <system-out><![CDATA[2022-04-07 14:19:36 - [TEST_CASE][PASSED] - Test Cases/Sprint 4/Skenario 1/01-03-02-Transaction-AppPending-InputData-Vehicle: Test Cases/Sprint 4/Skenario 1/01-03-02-Transaction-AppPending-InputData-Vehicle

2022-04-07 14:19:38 - [TEST_STEP][PASSED] - userDir = getProjectDir(): null

2022-04-07 14:19:38 - [TEST_STEP][PASSED] - delay(1): Delayed 1 second(s)

2022-04-07 14:19:39 - [MESSAGE][PASSED] - Delayed 1 second(s)

2022-04-07 14:19:39 - [TEST_STEP][PASSED] - scrollToPosition(0, 130): Browser is scrolled to position x = 0, y = 130

2022-04-07 14:19:39 - [MESSAGE][PASSED] - Browser is scrolled to position x = 0, y = 130

2022-04-07 14:19:39 - [TEST_STEP][PASSED] - takeFullPageScreenshotAsCheckpoint(userDir + sprint4WebScreenshootPath + "scenario-1-masuk-halaman-collateral-loan-vehicle.png"): Taking screenshot successfully

2022-04-07 14:19:40 - [MESSAGE][INFO] - 0 hidden object(s)

2022-04-07 14:19:41 - [MESSAGE][PASSED] - Taking screenshot successfully
[[ATTACHMENT|C:\Users\Nia Yusniati\Git_Asa\BCAF_MEAPP_i3\Screenshoot\Sprint4\Web\keyes\keyes-scenario-1-masuk-halaman-collateral-loan-vehicle.png]]

2022-04-07 14:19:41 - [TEST_STEP][PASSED] - markPassed("scenario 1 - Masuk halaman collateral loan vehicle"): scenario 1 - Masuk halaman collateral loan vehicle

2022-04-07 14:19:41 - [MESSAGE][PASSED] - scenario 1 - Masuk halaman collateral loan vehicle

2022-04-07 14:19:41 - [TEST_STEP][PASSED] - delay(1): Delayed 1 second(s)

2022-04-07 14:19:42 - [MESSAGE][PASSED] - Delayed 1 second(s)

2022-04-07 14:19:42 - [TEST_STEP][PASSED] - click(findTestObject("ME_CollateralAndLoan_Vehicle/li_Vehicle")): Object: 'Object Repository/ME_CollateralAndLoan_Vehicle/li_Vehicle' is clicked on

2022-04-07 14:19:43 - [MESSAGE][PASSED] - Object: 'Object Repository/ME_CollateralAndLoan_Vehicle/li_Vehicle' is clicked on

2022-04-07 14:19:43 - [TEST_STEP][PASSED] - delay(1): Delayed 1 second(s)

2022-04-07 14:19:44 - [MESSAGE][PASSED] - Delayed 1 second(s)

2022-04-07 14:19:44 - [TEST_STEP][PASSED] - waitForElementPresent(findTestObject("ME_CollateralAndLoan_Vehicle/input_dealername_ketiga"), 0): Object 'Object Repository/ME_CollateralAndLoan_Vehicle/input_dealername_ketiga' is present

2022-04-07 14:19:44 - [MESSAGE][WARNING] - Timeout '0' is invalid. Using default page load timeout: '30'

2022-04-07 14:19:44 - [MESSAGE][PASSED] - Object 'Object Repository/ME_CollateralAndLoan_Vehicle/input_dealername_ketiga' is present

2022-04-07 14:19:44 - [TEST_STEP][PASSED] - click(findTestObject("ME_CollateralAndLoan_Vehicle/input_dealername_ketiga"), OPTIONAL): Object: 'Object Repository/ME_CollateralAndLoan_Vehicle/input_dealername_ketiga' is clicked on

2022-04-07 14:19:45 - [MESSAGE][PASSED] - Object: 'Object Repository/ME_CollateralAndLoan_Vehicle/input_dealername_ketiga' is clicked on

2022-04-07 14:19:45 - [TEST_STEP][PASSED] - delay(1): Delayed 1 second(s)

2022-04-07 14:19:46 - [MESSAGE][PASSED] - Delayed 1 second(s)

2022-04-07 14:19:46 - [TEST_STEP][PASSED] - setText(findTestObject("ME_CollateralAndLoan_Vehicle/input_dealername_ketiga"), vehicle_dealerName, OPTIONAL): Text 'Akita Prima Mobilindo, PT' is set on object 'Object Repository/ME_CollateralAndLoan_Vehicle/input_dealername_ketiga'

2022-04-07 14:19:49 - [MESSAGE][PASSED] - Text 'Akita Prima Mobilindo, PT' is set on object 'Object Repository/ME_CollateralAndLoan_Vehicle/input_dealername_ketiga'

2022-04-07 14:19:49 - [TEST_STEP][PASSED] - delay(1): Delayed 1 second(s)

2022-04-07 14:19:50 - [MESSAGE][PASSED] - Delayed 1 second(s)

2022-04-07 14:19:50 - [TEST_STEP][PASSED] - click(findTestObject("ME_CollateralAndLoan_Vehicle/span_Akita Prima Mobilindo, PT")): Object: 'Object Repository/ME_CollateralAndLoan_Vehicle/span_Akita Prima Mobilindo, PT' is clicked on

2022-04-07 14:19:51 - [MESSAGE][PASSED] - Object: 'Object Repository/ME_CollateralAndLoan_Vehicle/span_Akita Prima Mobilindo, PT' is clicked on

2022-04-07 14:19:51 - [TEST_STEP][PASSED] - delay(1): Delayed 1 second(s)

2022-04-07 14:19:52 - [MESSAGE][PASSED] - Delayed 1 second(s)

2022-04-07 14:19:52 - [TEST_STEP][PASSED] - waitForElementPresent(findTestObject("ME_CollateralAndLoan_Vehicle/input_branch_ketiga"), 0): Object 'Object Repository/ME_CollateralAndLoan_Vehicle/input_branch_ketiga' is present

2022-04-07 14:19:52 - [MESSAGE][WARNING] - Timeout '0' is invalid. Using default page load timeout: '30'

2022-04-07 14:19:52 - [MESSAGE][PASSED] - Object 'Object Repository/ME_CollateralAndLoan_Vehicle/input_branch_ketiga' is present

2022-04-07 14:19:52 - [TEST_STEP][PASSED] - click(findTestObject("ME_CollateralAndLoan_Vehicle/input_branch_ketiga")): Object: 'Object Repository/ME_CollateralAndLoan_Vehicle/input_branch_ketiga' is clicked on

2022-04-07 14:19:53 - [MESSAGE][PASSED] - Object: 'Object Repository/ME_CollateralAndLoan_Vehicle/input_branch_ketiga' is clicked on

2022-04-07 14:19:53 - [TEST_STEP][PASSED] - delay(1): Delayed 1 second(s)

2022-04-07 14:19:54 - [MESSAGE][PASSED] - Delayed 1 second(s)

2022-04-07 14:19:54 - [TEST_STEP][PASSED] - setText(findTestObject("ME_CollateralAndLoan_Vehicle/input_branch_ketiga"), vehicle_branch): Text 'Akita Prima Mobilindo - Pondok Cabe' is set on object 'Object Repository/ME_CollateralAndLoan_Vehicle/input_branch_ketiga'

2022-04-07 14:19:57 - [MESSAGE][PASSED] - Text 'Akita Prima Mobilindo - Pondok Cabe' is set on object 'Object Repository/ME_CollateralAndLoan_Vehicle/input_branch_ketiga'

2022-04-07 14:19:57 - [TEST_STEP][PASSED] - delay(1): Delayed 1 second(s)

2022-04-07 14:19:58 - [MESSAGE][PASSED] - Delayed 1 second(s)

2022-04-07 14:19:58 - [TEST_STEP][PASSED] - waitForElementPresent(findTestObject("ME_CollateralAndLoan_Vehicle/span_A1617 - Akita Prima Mobilindo - Pondok Cabe"), 0): Object 'Object Repository/ME_CollateralAndLoan_Vehicle/span_A1617 - Akita Prima Mobilindo - Pondok Cabe' is present

2022-04-07 14:19:58 - [MESSAGE][WARNING] - Timeout '0' is invalid. Using default page load timeout: '30'

2022-04-07 14:19:59 - [MESSAGE][PASSED] - Object 'Object Repository/ME_CollateralAndLoan_Vehicle/span_A1617 - Akita Prima Mobilindo - Pondok Cabe' is present

2022-04-07 14:19:59 - [TEST_STEP][PASSED] - click(findTestObject("ME_CollateralAndLoan_Vehicle/span_A1617 - Akita Prima Mobilindo - Pondok Cabe")): Object: 'Object Repository/ME_CollateralAndLoan_Vehicle/span_A1617 - Akita Prima Mobilindo - Pondok Cabe' is clicked on

2022-04-07 14:20:00 - [MESSAGE][PASSED] - Object: 'Object Repository/ME_CollateralAndLoan_Vehicle/span_A1617 - Akita Prima Mobilindo - Pondok Cabe' is clicked on

2022-04-07 14:20:00 - [TEST_STEP][PASSED] - delay(1): Delayed 1 second(s)

2022-04-07 14:20:01 - [MESSAGE][PASSED] - Delayed 1 second(s)

2022-04-07 14:20:01 - [TEST_STEP][PASSED] - verifyElementPresent(findTestObject("ME_CollateralAndLoan_Vehicle/input_Address_address"), 0): Object 'Object Repository/ME_CollateralAndLoan_Vehicle/input_Address_address' is present

2022-04-07 14:20:01 - [MESSAGE][WARNING] - Timeout '0' is invalid. Using default page load timeout: '30'

2022-04-07 14:20:01 - [MESSAGE][PASSED] - Object 'Object Repository/ME_CollateralAndLoan_Vehicle/input_Address_address' is present

2022-04-07 14:20:01 - [TEST_STEP][PASSED] - delay(1): Delayed 1 second(s)

2022-04-07 14:20:02 - [MESSAGE][PASSED] - Delayed 1 second(s)

2022-04-07 14:20:02 - [TEST_STEP][PASSED] - verifyElementPresent(findTestObject("ME_CollateralAndLoan_Vehicle/input_City_city"), 0): Object 'Object Repository/ME_CollateralAndLoan_Vehicle/input_City_city' is present

2022-04-07 14:20:02 - [MESSAGE][WARNING] - Timeout '0' is invalid. Using default page load timeout: '30'

2022-04-07 14:20:02 - [MESSAGE][PASSED] - Object 'Object Repository/ME_CollateralAndLoan_Vehicle/input_City_city' is present

2022-04-07 14:20:02 - [TEST_STEP][PASSED] - delay(1): Delayed 1 second(s)

2022-04-07 14:20:03 - [MESSAGE][PASSED] - Delayed 1 second(s)

2022-04-07 14:20:03 - [TEST_STEP][PASSED] - verifyElementPresent(findTestObject("ME_CollateralAndLoan_Vehicle/input_Telephone_phone"), 0): Object 'Object Repository/ME_CollateralAndLoan_Vehicle/input_Telephone_phone' is present

2022-04-07 14:20:04 - [MESSAGE][WARNING] - Timeout '0' is invalid. Using default page load timeout: '30'

2022-04-07 14:20:04 - [MESSAGE][PASSED] - Object 'Object Repository/ME_CollateralAndLoan_Vehicle/input_Telephone_phone' is present

2022-04-07 14:20:04 - [TEST_STEP][PASSED] - delay(1): Delayed 1 second(s)

2022-04-07 14:20:05 - [MESSAGE][PASSED] - Delayed 1 second(s)

2022-04-07 14:20:05 - [TEST_STEP][PASSED] - verifyElementPresent(findTestObject("ME_CollateralAndLoan_Vehicle/input_Authorize Dealer_authorizedDealer"), 0): Object 'Object Repository/ME_CollateralAndLoan_Vehicle/input_Authorize Dealer_authorizedDealer' is present

2022-04-07 14:20:05 - [MESSAGE][WARNING] - Timeout '0' is invalid. Using default page load timeout: '30'

2022-04-07 14:20:05 - [MESSAGE][PASSED] - Object 'Object Repository/ME_CollateralAndLoan_Vehicle/input_Authorize Dealer_authorizedDealer' is present

2022-04-07 14:20:05 - [TEST_STEP][PASSED] - delay(1): Delayed 1 second(s)

2022-04-07 14:20:06 - [MESSAGE][PASSED] - Delayed 1 second(s)

2022-04-07 14:20:06 - [TEST_STEP][PASSED] - verifyElementPresent(findTestObject("ME_CollateralAndLoan_Vehicle/input_Fax_fax"), 0): Object 'Object Repository/ME_CollateralAndLoan_Vehicle/input_Fax_fax' is present

2022-04-07 14:20:07 - [MESSAGE][WARNING] - Timeout '0' is invalid. Using default page load timeout: '30'

2022-04-07 14:20:07 - [MESSAGE][PASSED] - Object 'Object Repository/ME_CollateralAndLoan_Vehicle/input_Fax_fax' is present

2022-04-07 14:20:07 - [TEST_STEP][PASSED] - delay(1): Delayed 1 second(s)

2022-04-07 14:20:08 - [MESSAGE][PASSED] - Delayed 1 second(s)

2022-04-07 14:20:08 - [TEST_STEP][PASSED] - verifyElementPresent(findTestObject("ME_CollateralAndLoan_Vehicle/td_1-nomorrekening"), 0): Object 'Object Repository/ME_CollateralAndLoan_Vehicle/td_1-nomorrekening' is present

2022-04-07 14:20:08 - [MESSAGE][WARNING] - Timeout '0' is invalid. Using default page load timeout: '30'

2022-04-07 14:20:08 - [MESSAGE][PASSED] - Object 'Object Repository/ME_CollateralAndLoan_Vehicle/td_1-nomorrekening' is present

2022-04-07 14:20:08 - [TEST_STEP][PASSED] - takeFullPageScreenshotAsCheckpoint(userDir + sprint4WebScreenshootPath + "scenario-1-masuk-halaman-collateral-loan-vehicle.png"): Taking screenshot successfully

2022-04-07 14:20:10 - [MESSAGE][INFO] - 0 hidden object(s)

2022-04-07 14:20:10 - [MESSAGE][PASSED] - Taking screenshot successfully
[[ATTACHMENT|C:\Users\Nia Yusniati\Git_Asa\BCAF_MEAPP_i3\Screenshoot\Sprint4\Web\keyes\keyes-scenario-1-masuk-halaman-collateral-loan-vehicle.png]]

2022-04-07 14:20:10 - [TEST_STEP][PASSED] - markPassed("scenario 1 - Masuk halaman collateral loan vehicle"): scenario 1 - Masuk halaman collateral loan vehicle

2022-04-07 14:20:10 - [MESSAGE][PASSED] - scenario 1 - Masuk halaman collateral loan vehicle

2022-04-07 14:20:10 - [TEST_STEP][PASSED] - delay(1): Delayed 1 second(s)

2022-04-07 14:20:11 - [MESSAGE][PASSED] - Delayed 1 second(s)

2022-04-07 14:20:11 - [TEST_STEP][PASSED] - delay(1): Delayed 1 second(s)

2022-04-07 14:20:12 - [MESSAGE][PASSED] - Delayed 1 second(s)

2022-04-07 14:20:12 - [TEST_STEP][PASSED] - delay(1): Delayed 1 second(s)

2022-04-07 14:20:13 - [MESSAGE][PASSED] - Delayed 1 second(s)

2022-04-07 14:20:13 - [TEST_STEP][PASSED] - click(findTestObject("ME_CollateralAndLoan_Vehicle/button_Data Vehicle")): Object: 'Object Repository/ME_CollateralAndLoan_Vehicle/button_Data Vehicle' is clicked on

2022-04-07 14:20:14 - [MESSAGE][PASSED] - Object: 'Object Repository/ME_CollateralAndLoan_Vehicle/button_Data Vehicle' is clicked on

2022-04-07 14:20:14 - [TEST_STEP][PASSED] - delay(1): Delayed 1 second(s)

2022-04-07 14:20:15 - [MESSAGE][PASSED] - Delayed 1 second(s)

2022-04-07 14:20:15 - [TEST_STEP][PASSED] - takeFullPageScreenshotAsCheckpoint(userDir + sprint4WebScreenshootPath + "scenario-1-halaman-input-data-vehicle.png"): Taking screenshot successfully

2022-04-07 14:20:16 - [MESSAGE][INFO] - 0 hidden object(s)

2022-04-07 14:20:17 - [MESSAGE][PASSED] - Taking screenshot successfully
[[ATTACHMENT|C:\Users\Nia Yusniati\Git_Asa\BCAF_MEAPP_i3\Screenshoot\Sprint4\Web\keyes\keyes-scenario-1-halaman-input-data-vehicle.png]]

2022-04-07 14:20:17 - [TEST_STEP][PASSED] - markPassed("scenario 1 - halaman input data vehicle"): scenario 1 - halaman input data vehicle

2022-04-07 14:20:17 - [MESSAGE][PASSED] - scenario 1 - halaman input data vehicle

2022-04-07 14:20:17 - [TEST_STEP][PASSED] - delay(2): Delayed 2 second(s)

2022-04-07 14:20:19 - [MESSAGE][PASSED] - Delayed 2 second(s)

2022-04-07 14:20:19 - [TEST_STEP][PASSED] - scrollToElement(findTestObject("ME_CollateralAndLoan_Vehicle/button_Data Vehicle"), 0, STOP_ON_FAILURE): Scroll to object 'Object Repository/ME_CollateralAndLoan_Vehicle/button_Data Vehicle' successfully

2022-04-07 14:20:19 - [MESSAGE][WARNING] - Timeout '0' is invalid. Using default page load timeout: '30'

2022-04-07 14:20:19 - [MESSAGE][PASSED] - Scroll to object 'Object Repository/ME_CollateralAndLoan_Vehicle/button_Data Vehicle' successfully

2022-04-07 14:20:19 - [TEST_STEP][PASSED] - click(findTestObject("ME_CollateralAndLoan_Vehicle/input_used_carCondition-radio")): Object: 'Object Repository/ME_CollateralAndLoan_Vehicle/input_used_carCondition-radio' is clicked on

2022-04-07 14:20:20 - [MESSAGE][PASSED] - Object: 'Object Repository/ME_CollateralAndLoan_Vehicle/input_used_carCondition-radio' is clicked on

2022-04-07 14:20:20 - [TEST_STEP][PASSED] - delay(1): Delayed 1 second(s)

2022-04-07 14:20:21 - [MESSAGE][PASSED] - Delayed 1 second(s)

2022-04-07 14:20:21 - [TEST_STEP][PASSED] - click(findTestObject("Object Repository/ME_CollateralAndLoan_Vehicle/div_Pilih Product Code"), OPTIONAL): Object: 'Object Repository/ME_CollateralAndLoan_Vehicle/div_Pilih Product Code' is clicked on

2022-04-07 14:20:22 - [MESSAGE][PASSED] - Object: 'Object Repository/ME_CollateralAndLoan_Vehicle/div_Pilih Product Code' is clicked on

2022-04-07 14:20:22 - [TEST_STEP][PASSED] - delay(1): Delayed 1 second(s)

2022-04-07 14:20:23 - [MESSAGE][PASSED] - Delayed 1 second(s)

2022-04-07 14:20:23 - [TEST_STEP][PASSED] - setText(findTestObject("ME_CollateralAndLoan_Vehicle/input_productcode2"), vehicle_productCode): Text 'leasing' is set on object 'Object Repository/ME_CollateralAndLoan_Vehicle/input_productcode2'

2022-04-07 14:20:24 - [MESSAGE][PASSED] - Text 'leasing' is set on object 'Object Repository/ME_CollateralAndLoan_Vehicle/input_productcode2'

2022-04-07 14:20:24 - [TEST_STEP][PASSED] - delay(1): Delayed 1 second(s)

2022-04-07 14:20:25 - [MESSAGE][PASSED] - Delayed 1 second(s)

2022-04-07 14:20:25 - [TEST_STEP][PASSED] - click(findTestObject("ME_CollateralAndLoan_Vehicle/span_Leasing")): Object: 'Object Repository/ME_CollateralAndLoan_Vehicle/span_Leasing' is clicked on

2022-04-07 14:20:26 - [MESSAGE][PASSED] - Object: 'Object Repository/ME_CollateralAndLoan_Vehicle/span_Leasing' is clicked on

2022-04-07 14:20:26 - [TEST_STEP][PASSED] - delay(1): Delayed 1 second(s)

2022-04-07 14:20:27 - [MESSAGE][PASSED] - Delayed 1 second(s)

2022-04-07 14:20:27 - [TEST_STEP][PASSED] - click(findTestObject("vehiclekedua/input_brand_kedua")): Object: 'Object Repository/vehiclekedua/input_brand_kedua' is clicked on

2022-04-07 14:20:28 - [MESSAGE][PASSED] - Object: 'Object Repository/vehiclekedua/input_brand_kedua' is clicked on

2022-04-07 14:20:28 - [TEST_STEP][PASSED] - delay(1): Delayed 1 second(s)

2022-04-07 14:20:29 - [MESSAGE][PASSED] - Delayed 1 second(s)

2022-04-07 14:20:29 - [TEST_STEP][PASSED] - setText(findTestObject("vehiclekedua/input_brand_kedua"), vehicle_brand): Text 'toyota' is set on object 'Object Repository/vehiclekedua/input_brand_kedua'

2022-04-07 14:20:31 - [MESSAGE][PASSED] - Text 'toyota' is set on object 'Object Repository/vehiclekedua/input_brand_kedua'

2022-04-07 14:20:31 - [TEST_STEP][PASSED] - delay(1): Delayed 1 second(s)

2022-04-07 14:20:32 - [MESSAGE][PASSED] - Delayed 1 second(s)

2022-04-07 14:20:32 - [TEST_STEP][PASSED] - click(findTestObject("ME_CollateralAndLoan_Vehicle/div_TOYOTA_brand")): Object: 'Object Repository/ME_CollateralAndLoan_Vehicle/div_TOYOTA_brand' is clicked on

2022-04-07 14:20:33 - [MESSAGE][PASSED] - Object: 'Object Repository/ME_CollateralAndLoan_Vehicle/div_TOYOTA_brand' is clicked on

2022-04-07 14:20:33 - [TEST_STEP][PASSED] - delay(1): Delayed 1 second(s)

2022-04-07 14:20:34 - [MESSAGE][PASSED] - Delayed 1 second(s)

2022-04-07 14:20:34 - [TEST_STEP][PASSED] - click(findTestObject("vehiclekedua/input_model_kedua"), OPTIONAL): Object: 'Object Repository/vehiclekedua/input_model_kedua' is clicked on

2022-04-07 14:20:35 - [MESSAGE][PASSED] - Object: 'Object Repository/vehiclekedua/input_model_kedua' is clicked on

2022-04-07 14:20:35 - [TEST_STEP][PASSED] - delay(1): Delayed 1 second(s)

2022-04-07 14:20:36 - [MESSAGE][PASSED] - Delayed 1 second(s)

2022-04-07 14:20:36 - [TEST_STEP][PASSED] - setText(findTestObject("vehiclekedua/input_model_kedua"), vehicle_model, OPTIONAL): Text 'ALL NEW HILUX' is set on object 'Object Repository/vehiclekedua/input_model_kedua'

2022-04-07 14:20:37 - [MESSAGE][PASSED] - Text 'ALL NEW HILUX' is set on object 'Object Repository/vehiclekedua/input_model_kedua'

2022-04-07 14:20:37 - [TEST_STEP][PASSED] - delay(1): Delayed 1 second(s)

2022-04-07 14:20:38 - [MESSAGE][PASSED] - Delayed 1 second(s)

2022-04-07 14:20:38 - [TEST_STEP][PASSED] - click(findTestObject("ME_CollateralAndLoan_Vehicle/div_ALL NEW HILUX_model_datavehicle"), OPTIONAL): Object: 'Object Repository/ME_CollateralAndLoan_Vehicle/div_ALL NEW HILUX_model_datavehicle' is clicked on

2022-04-07 14:20:39 - [MESSAGE][PASSED] - Object: 'Object Repository/ME_CollateralAndLoan_Vehicle/div_ALL NEW HILUX_model_datavehicle' is clicked on

2022-04-07 14:20:39 - [TEST_STEP][PASSED] - delay(1): Delayed 1 second(s)

2022-04-07 14:20:40 - [MESSAGE][PASSED] - Delayed 1 second(s)

2022-04-07 14:20:40 - [TEST_STEP][PASSED] - waitForElementPresent(findTestObject("ME_CollateralAndLoan_Vehicle/input_typekendaraan"), 0): Object 'Object Repository/ME_CollateralAndLoan_Vehicle/input_typekendaraan' is present

2022-04-07 14:20:41 - [MESSAGE][WARNING] - Timeout '0' is invalid. Using default page load timeout: '30'

2022-04-07 14:20:41 - [MESSAGE][PASSED] - Object 'Object Repository/ME_CollateralAndLoan_Vehicle/input_typekendaraan' is present

2022-04-07 14:20:41 - [TEST_STEP][PASSED] - click(findTestObject("ME_CollateralAndLoan_Vehicle/input_typekendaraan"), OPTIONAL): Object: 'Object Repository/ME_CollateralAndLoan_Vehicle/input_typekendaraan' is clicked on

2022-04-07 14:20:42 - [MESSAGE][PASSED] - Object: 'Object Repository/ME_CollateralAndLoan_Vehicle/input_typekendaraan' is clicked on

2022-04-07 14:20:42 - [TEST_STEP][PASSED] - delay(1): Delayed 1 second(s)

2022-04-07 14:20:43 - [MESSAGE][PASSED] - Delayed 1 second(s)

2022-04-07 14:20:43 - [TEST_STEP][PASSED] - setText(findTestObject("ME_CollateralAndLoan_Vehicle/input_typekendaraan"), vehicle_tipeKendaraan, OPTIONAL): Text 'ALL NEW HI LUX DOUBLE CABIN 2.4 G (4X4) M/T DIESEL 2017' is set on object 'Object Repository/ME_CollateralAndLoan_Vehicle/input_typekendaraan'

2022-04-07 14:20:48 - [MESSAGE][PASSED] - Text 'ALL NEW HI LUX DOUBLE CABIN 2.4 G (4X4) M/T DIESEL 2017' is set on object 'Object Repository/ME_CollateralAndLoan_Vehicle/input_typekendaraan'

2022-04-07 14:20:48 - [TEST_STEP][PASSED] - delay(1): Delayed 1 second(s)

2022-04-07 14:20:49 - [MESSAGE][PASSED] - Delayed 1 second(s)

2022-04-07 14:20:49 - [TEST_STEP][PASSED] - waitForElementPresent(findTestObject("ME_CollateralAndLoan_Vehicle/div_ALL NEW HI LUX DOUBLE CABIN 2.4 G (4X4) MT DIESEL 2017_type_datavehicle"), 0): Object 'Object Repository/ME_CollateralAndLoan_Vehicle/div_ALL NEW HI LUX DOUBLE CABIN 2.4 G (4X4) MT DIESEL 2017_type_datavehicle' is present

2022-04-07 14:20:49 - [MESSAGE][WARNING] - Timeout '0' is invalid. Using default page load timeout: '30'

2022-04-07 14:20:49 - [MESSAGE][PASSED] - Object 'Object Repository/ME_CollateralAndLoan_Vehicle/div_ALL NEW HI LUX DOUBLE CABIN 2.4 G (4X4) MT DIESEL 2017_type_datavehicle' is present

2022-04-07 14:20:49 - [TEST_STEP][PASSED] - click(findTestObject("ME_CollateralAndLoan_Vehicle/div_ALL NEW HI LUX DOUBLE CABIN 2.4 G (4X4) MT DIESEL 2017_type_datavehicle"), OPTIONAL): Object: 'Object Repository/ME_CollateralAndLoan_Vehicle/div_ALL NEW HI LUX DOUBLE CABIN 2.4 G (4X4) MT DIESEL 2017_type_datavehicle' is clicked on

2022-04-07 14:20:50 - [MESSAGE][PASSED] - Object: 'Object Repository/ME_CollateralAndLoan_Vehicle/div_ALL NEW HI LUX DOUBLE CABIN 2.4 G (4X4) MT DIESEL 2017_type_datavehicle' is clicked on

2022-04-07 14:20:50 - [TEST_STEP][PASSED] - delay(1): Delayed 1 second(s)

2022-04-07 14:20:51 - [MESSAGE][PASSED] - Delayed 1 second(s)

2022-04-07 14:20:51 - [TEST_STEP][PASSED] - click(findTestObject("vehiclekedua/input_packet_kedua"), OPTIONAL): Object: 'Object Repository/vehiclekedua/input_packet_kedua' is clicked on

2022-04-07 14:20:52 - [MESSAGE][PASSED] - Object: 'Object Repository/vehiclekedua/input_packet_kedua' is clicked on

2022-04-07 14:20:52 - [TEST_STEP][PASSED] - delay(1): Delayed 1 second(s)

2022-04-07 14:20:53 - [MESSAGE][PASSED] - Delayed 1 second(s)

2022-04-07 14:20:53 - [TEST_STEP][PASSED] - setText(findTestObject("vehiclekedua/input_packet_kedua"), vehicle_packet, OPTIONAL): Text 'BCAI - IIMS - SUBS OTR ADDB' is set on object 'Object Repository/vehiclekedua/input_packet_kedua'

2022-04-07 14:21:43 - [MESSAGE][PASSED] - Text 'BCAI - IIMS - SUBS OTR ADDB' is set on object 'Object Repository/vehiclekedua/input_packet_kedua'

2022-04-07 14:21:43 - [TEST_STEP][PASSED] - delay(1): Delayed 1 second(s)

2022-04-07 14:21:44 - [MESSAGE][PASSED] - Delayed 1 second(s)

2022-04-07 14:21:44 - [TEST_STEP][PASSED] - waitForElementPresent(findTestObject("ME_CollateralAndLoan_Vehicle/div_BCAI - IIMS - SUBS OTR ADDB"), 300): Object 'Object Repository/ME_CollateralAndLoan_Vehicle/div_BCAI - IIMS - SUBS OTR ADDB' is present

2022-04-07 14:21:45 - [MESSAGE][PASSED] - Object 'Object Repository/ME_CollateralAndLoan_Vehicle/div_BCAI - IIMS - SUBS OTR ADDB' is present

2022-04-07 14:21:45 - [TEST_STEP][PASSED] - delay(1): Delayed 1 second(s)

2022-04-07 14:21:46 - [MESSAGE][PASSED] - Delayed 1 second(s)

2022-04-07 14:21:46 - [TEST_STEP][PASSED] - click(findTestObject("ME_CollateralAndLoan_Vehicle/div_BCAI - IIMS - SUBS OTR ADDB")): Object: 'Object Repository/ME_CollateralAndLoan_Vehicle/div_BCAI - IIMS - SUBS OTR ADDB' is clicked on

2022-04-07 14:21:47 - [MESSAGE][PASSED] - Object: 'Object Repository/ME_CollateralAndLoan_Vehicle/div_BCAI - IIMS - SUBS OTR ADDB' is clicked on

2022-04-07 14:21:47 - [TEST_STEP][PASSED] - delay(1): Delayed 1 second(s)

2022-04-07 14:21:48 - [MESSAGE][PASSED] - Delayed 1 second(s)

2022-04-07 14:21:48 - [TEST_STEP][PASSED] - setText(findTestObject("ME_CollateralAndLoan_Vehicle/input_Keterangan Type Kendaraan_keteranganType"), vehicle_ketTypeKendaraan): Text 'bekas' is set on object 'Object Repository/ME_CollateralAndLoan_Vehicle/input_Keterangan Type Kendaraan_keteranganType'

2022-04-07 14:21:49 - [MESSAGE][PASSED] - Text 'bekas' is set on object 'Object Repository/ME_CollateralAndLoan_Vehicle/input_Keterangan Type Kendaraan_keteranganType'

2022-04-07 14:21:49 - [TEST_STEP][PASSED] - delay(1): Delayed 1 second(s)

2022-04-07 14:21:50 - [MESSAGE][PASSED] - Delayed 1 second(s)

2022-04-07 14:21:50 - [TEST_STEP][PASSED] - setText(findTestObject("ME_CollateralAndLoan_Vehicle/input_Year_year (1)"), vehicle_year): Text '2020' is set on object 'Object Repository/ME_CollateralAndLoan_Vehicle/input_Year_year (1)'

2022-04-07 14:21:51 - [MESSAGE][PASSED] - Text '2020' is set on object 'Object Repository/ME_CollateralAndLoan_Vehicle/input_Year_year (1)'

2022-04-07 14:21:51 - [TEST_STEP][PASSED] - delay(1): Delayed 1 second(s)

2022-04-07 14:21:52 - [MESSAGE][PASSED] - Delayed 1 second(s)

2022-04-07 14:21:52 - [TEST_STEP][PASSED] - click(findTestObject("ME_CollateralAndLoan_Vehicle/a_Capture File_bpkb")): Object: 'Object Repository/ME_CollateralAndLoan_Vehicle/a_Capture File_bpkb' is clicked on

2022-04-07 14:21:53 - [MESSAGE][PASSED] - Object: 'Object Repository/ME_CollateralAndLoan_Vehicle/a_Capture File_bpkb' is clicked on

2022-04-07 14:21:53 - [TEST_STEP][PASSED] - delay(1): Delayed 1 second(s)

2022-04-07 14:21:54 - [MESSAGE][PASSED] - Delayed 1 second(s)

2022-04-07 14:21:54 - [TEST_STEP][PASSED] - uploadFile(findTestObject("MEApp_AppBaru_InisiasiKonsumen/Capture_"), userDir + pathfinder_npwp): File 'C:/Users/Nia Yusniati/Git_Asa/BCAF_MEAPP_i3/Assets/npwp-dummy.jpg' sent to object: 'Object Repository/MEApp_AppBaru_InisiasiKonsumen/Capture_'

2022-04-07 14:21:55 - [MESSAGE][PASSED] - File 'C:/Users/Nia Yusniati/Git_Asa/BCAF_MEAPP_i3/Assets/npwp-dummy.jpg' sent to object: 'Object Repository/MEApp_AppBaru_InisiasiKonsumen/Capture_'

2022-04-07 14:21:55 - [TEST_STEP][PASSED] - delay(1): Delayed 1 second(s)

2022-04-07 14:21:56 - [MESSAGE][PASSED] - Delayed 1 second(s)

2022-04-07 14:21:56 - [TEST_STEP][PASSED] - click(findTestObject("ME_CollateralAndLoan_Vehicle/a_Capture Files_stnk_datavehicle")): Object: 'Object Repository/ME_CollateralAndLoan_Vehicle/a_Capture Files_stnk_datavehicle' is clicked on

2022-04-07 14:21:57 - [MESSAGE][PASSED] - Object: 'Object Repository/ME_CollateralAndLoan_Vehicle/a_Capture Files_stnk_datavehicle' is clicked on

2022-04-07 14:21:57 - [TEST_STEP][PASSED] - delay(1): Delayed 1 second(s)

2022-04-07 14:21:58 - [MESSAGE][PASSED] - Delayed 1 second(s)

2022-04-07 14:21:58 - [TEST_STEP][PASSED] - uploadFile(findTestObject("MEApp_AppBaru_InisiasiKonsumen/Capture_"), userDir + pathfinder_npwp): File 'C:/Users/Nia Yusniati/Git_Asa/BCAF_MEAPP_i3/Assets/npwp-dummy.jpg' sent to object: 'Object Repository/MEApp_AppBaru_InisiasiKonsumen/Capture_'

2022-04-07 14:21:58 - [MESSAGE][PASSED] - File 'C:/Users/Nia Yusniati/Git_Asa/BCAF_MEAPP_i3/Assets/npwp-dummy.jpg' sent to object: 'Object Repository/MEApp_AppBaru_InisiasiKonsumen/Capture_'

2022-04-07 14:21:58 - [TEST_STEP][PASSED] - delay(1): Delayed 1 second(s)

2022-04-07 14:21:59 - [MESSAGE][PASSED] - Delayed 1 second(s)

2022-04-07 14:21:59 - [TEST_STEP][PASSED] - setText(findTestObject("ME_CollateralAndLoan_Vehicle/input_Color_text-input (1)"), vehicle_color): Text 'hitam' is set on object 'Object Repository/ME_CollateralAndLoan_Vehicle/input_Color_text-input (1)'

2022-04-07 14:22:00 - [MESSAGE][PASSED] - Text 'hitam' is set on object 'Object Repository/ME_CollateralAndLoan_Vehicle/input_Color_text-input (1)'

2022-04-07 14:22:00 - [TEST_STEP][PASSED] - delay(1): Delayed 1 second(s)

2022-04-07 14:22:01 - [MESSAGE][PASSED] - Delayed 1 second(s)

2022-04-07 14:22:01 - [TEST_STEP][PASSED] - setText(findTestObject("ME_CollateralAndLoan_Vehicle/input_BPKB No_text-input"), vehicle_bpkbNum): Text '1111111111' is set on object 'Object Repository/ME_CollateralAndLoan_Vehicle/input_BPKB No_text-input'

2022-04-07 14:22:02 - [MESSAGE][PASSED] - Text '1111111111' is set on object 'Object Repository/ME_CollateralAndLoan_Vehicle/input_BPKB No_text-input'

2022-04-07 14:22:02 - [TEST_STEP][PASSED] - delay(1): Delayed 1 second(s)

2022-04-07 14:22:03 - [MESSAGE][PASSED] - Delayed 1 second(s)

2022-04-07 14:22:03 - [TEST_STEP][PASSED] - setText(findTestObject("ME_CollateralAndLoan_Vehicle/input_Engine No_text-input"), vehicle_engineNum): Text '1111111111' is set on object 'Object Repository/ME_CollateralAndLoan_Vehicle/input_Engine No_text-input'

2022-04-07 14:22:05 - [MESSAGE][PASSED] - Text '1111111111' is set on object 'Object Repository/ME_CollateralAndLoan_Vehicle/input_Engine No_text-input'

2022-04-07 14:22:05 - [TEST_STEP][PASSED] - delay(1): Delayed 1 second(s)

2022-04-07 14:22:06 - [MESSAGE][PASSED] - Delayed 1 second(s)

2022-04-07 14:22:06 - [TEST_STEP][PASSED] - setText(findTestObject("ME_CollateralAndLoan_Vehicle/input_Police No_text-input"), vehicle_policeNum): Text 'B1234AB' is set on object 'Object Repository/ME_CollateralAndLoan_Vehicle/input_Police No_text-input'

2022-04-07 14:22:07 - [MESSAGE][PASSED] - Text 'B1234AB' is set on object 'Object Repository/ME_CollateralAndLoan_Vehicle/input_Police No_text-input'

2022-04-07 14:22:07 - [TEST_STEP][PASSED] - delay(1): Delayed 1 second(s)

2022-04-07 14:22:08 - [MESSAGE][PASSED] - Delayed 1 second(s)

2022-04-07 14:22:08 - [TEST_STEP][PASSED] - setText(findTestObject("ME_CollateralAndLoan_Vehicle/input_Body No_text-input"), vehicle_bodyNum): Text '1111111111' is set on object 'Object Repository/ME_CollateralAndLoan_Vehicle/input_Body No_text-input'

2022-04-07 14:22:09 - [MESSAGE][PASSED] - Text '1111111111' is set on object 'Object Repository/ME_CollateralAndLoan_Vehicle/input_Body No_text-input'

2022-04-07 14:22:09 - [TEST_STEP][PASSED] - delay(1): Delayed 1 second(s)

2022-04-07 14:22:10 - [MESSAGE][PASSED] - Delayed 1 second(s)

2022-04-07 14:22:10 - [TEST_STEP][PASSED] - click(findTestObject("vehiclekedua/input_purpose_kedua"), OPTIONAL): Object: 'Object Repository/vehiclekedua/input_purpose_kedua' is clicked on

2022-04-07 14:22:11 - [MESSAGE][PASSED] - Object: 'Object Repository/vehiclekedua/input_purpose_kedua' is clicked on

2022-04-07 14:22:11 - [TEST_STEP][PASSED] - delay(1): Delayed 1 second(s)

2022-04-07 14:22:12 - [MESSAGE][PASSED] - Delayed 1 second(s)

2022-04-07 14:22:12 - [TEST_STEP][PASSED] - setText(findTestObject("vehiclekedua/input_purpose_kedua"), vehicle_purpose, OPTIONAL): Text 'operasional' is set on object 'Object Repository/vehiclekedua/input_purpose_kedua'

2022-04-07 14:22:13 - [MESSAGE][PASSED] - Text 'operasional' is set on object 'Object Repository/vehiclekedua/input_purpose_kedua'

2022-04-07 14:22:13 - [TEST_STEP][PASSED] - delay(1): Delayed 1 second(s)

2022-04-07 14:22:14 - [MESSAGE][PASSED] - Delayed 1 second(s)

2022-04-07 14:22:14 - [TEST_STEP][PASSED] - click(findTestObject("ME_CollateralAndLoan_Vehicle/div_Operasional"), OPTIONAL): Object: 'Object Repository/ME_CollateralAndLoan_Vehicle/div_Operasional' is clicked on

2022-04-07 14:22:15 - [MESSAGE][PASSED] - Object: 'Object Repository/ME_CollateralAndLoan_Vehicle/div_Operasional' is clicked on

2022-04-07 14:22:15 - [TEST_STEP][PASSED] - delay(1): Delayed 1 second(s)

2022-04-07 14:22:16 - [MESSAGE][PASSED] - Delayed 1 second(s)

2022-04-07 14:22:16 - [TEST_STEP][PASSED] - setText(findTestObject("ME_CollateralAndLoan_Vehicle/input_BPKB Owner_text-input"), vehicle_bpkbowner): Text 'sendiri' is set on object 'Object Repository/ME_CollateralAndLoan_Vehicle/input_BPKB Owner_text-input'

2022-04-07 14:22:18 - [MESSAGE][PASSED] - Text 'sendiri' is set on object 'Object Repository/ME_CollateralAndLoan_Vehicle/input_BPKB Owner_text-input'

2022-04-07 14:22:18 - [TEST_STEP][PASSED] - delay(1): Delayed 1 second(s)

2022-04-07 14:22:19 - [MESSAGE][PASSED] - Delayed 1 second(s)

2022-04-07 14:22:19 - [TEST_STEP][PASSED] - click(findTestObject("vehiclekedua/input_hubungan_bpkbownerdgdebitur_kedua"), OPTIONAL): Object: 'Object Repository/vehiclekedua/input_hubungan_bpkbownerdgdebitur_kedua' is clicked on

2022-04-07 14:22:19 - [MESSAGE][PASSED] - Object: 'Object Repository/vehiclekedua/input_hubungan_bpkbownerdgdebitur_kedua' is clicked on

2022-04-07 14:22:19 - [TEST_STEP][PASSED] - delay(1): Delayed 1 second(s)

2022-04-07 14:22:20 - [MESSAGE][PASSED] - Delayed 1 second(s)

2022-04-07 14:22:20 - [TEST_STEP][PASSED] - setText(findTestObject("vehiclekedua/input_hubungan_bpkbownerdgdebitur_kedua"), vehicle_hubunganBpkb, OPTIONAL): Text 'pasangan' is set on object 'Object Repository/vehiclekedua/input_hubungan_bpkbownerdgdebitur_kedua'

2022-04-07 14:22:21 - [MESSAGE][PASSED] - Text 'pasangan' is set on object 'Object Repository/vehiclekedua/input_hubungan_bpkbownerdgdebitur_kedua'

2022-04-07 14:22:21 - [TEST_STEP][PASSED] - delay(1): Delayed 1 second(s)

2022-04-07 14:22:22 - [MESSAGE][PASSED] - Delayed 1 second(s)

2022-04-07 14:22:22 - [TEST_STEP][PASSED] - click(findTestObject("ME_CollateralAndLoan_Vehicle/div_pasangan"), OPTIONAL): Object: 'Object Repository/ME_CollateralAndLoan_Vehicle/div_pasangan' is clicked on

2022-04-07 14:22:23 - [MESSAGE][PASSED] - Object: 'Object Repository/ME_CollateralAndLoan_Vehicle/div_pasangan' is clicked on

2022-04-07 14:22:23 - [TEST_STEP][PASSED] - delay(1): Delayed 1 second(s)

2022-04-07 14:22:24 - [MESSAGE][PASSED] - Delayed 1 second(s)

2022-04-07 14:22:24 - [TEST_STEP][PASSED] - click(findTestObject("ME_CollateralAndLoan_Vehicle/input_Tujuan Penggunaan Kendaraan_nonproduktif"), OPTIONAL): Object: 'Object Repository/ME_CollateralAndLoan_Vehicle/input_Tujuan Penggunaan Kendaraan_nonproduktif' is clicked on

2022-04-07 14:22:25 - [MESSAGE][PASSED] - Object: 'Object Repository/ME_CollateralAndLoan_Vehicle/input_Tujuan Penggunaan Kendaraan_nonproduktif' is clicked on

2022-04-07 14:22:25 - [TEST_STEP][PASSED] - delay(1): Delayed 1 second(s)

2022-04-07 14:22:26 - [MESSAGE][PASSED] - Delayed 1 second(s)

2022-04-07 14:22:26 - [TEST_STEP][PASSED] - click(findTestObject("ME_CollateralAndLoan_Vehicle/input_Tujuan Penggunaan Kendaraan_produktif"), OPTIONAL): Object: 'Object Repository/ME_CollateralAndLoan_Vehicle/input_Tujuan Penggunaan Kendaraan_produktif' is clicked on

2022-04-07 14:22:27 - [MESSAGE][PASSED] - Object: 'Object Repository/ME_CollateralAndLoan_Vehicle/input_Tujuan Penggunaan Kendaraan_produktif' is clicked on

2022-04-07 14:22:27 - [TEST_STEP][PASSED] - delay(1): Delayed 1 second(s)

2022-04-07 14:22:28 - [MESSAGE][PASSED] - Delayed 1 second(s)

2022-04-07 14:22:28 - [TEST_STEP][PASSED] - takeFullPageScreenshotAsCheckpoint(userDir + sprint4WebScreenshootPath + "scenario-1-berhasil-input-data-vehicle.png"): Taking screenshot successfully

2022-04-07 14:22:29 - [MESSAGE][INFO] - 0 hidden object(s)

2022-04-07 14:22:30 - [MESSAGE][PASSED] - Taking screenshot successfully
[[ATTACHMENT|C:\Users\Nia Yusniati\Git_Asa\BCAF_MEAPP_i3\Screenshoot\Sprint4\Web\keyes\keyes-scenario-1-berhasil-input-data-vehicle.png]]

2022-04-07 14:22:30 - [TEST_STEP][PASSED] - markPassed("scenario 1 - berhasil input data vehicle"): scenario 1 - berhasil input data vehicle

2022-04-07 14:22:30 - [MESSAGE][PASSED] - scenario 1 - berhasil input data vehicle

2022-04-07 14:22:30 - [TEST_STEP][PASSED] - delay(1): Delayed 1 second(s)

2022-04-07 14:22:31 - [MESSAGE][PASSED] - Delayed 1 second(s)

2022-04-07 14:22:31 - [TEST_STEP][PASSED] - delay(1): Delayed 1 second(s)

2022-04-07 14:22:32 - [MESSAGE][PASSED] - Delayed 1 second(s)

2022-04-07 14:22:32 - [TEST_STEP][PASSED] - click(findTestObject("ME_CollateralAndLoan_Vehicle/button_Loan Data"), OPTIONAL): Object: 'Object Repository/ME_CollateralAndLoan_Vehicle/button_Loan Data' is clicked on

2022-04-07 14:22:33 - [MESSAGE][PASSED] - Object: 'Object Repository/ME_CollateralAndLoan_Vehicle/button_Loan Data' is clicked on

2022-04-07 14:22:33 - [TEST_STEP][PASSED] - delay(1): Delayed 1 second(s)

2022-04-07 14:22:34 - [MESSAGE][PASSED] - Delayed 1 second(s)

2022-04-07 14:22:34 - [TEST_STEP][PASSED] - takeFullPageScreenshotAsCheckpoint(userDir + sprint4WebScreenshootPath + "scenario-1-halaman-input-loan-data.png"): Taking screenshot successfully

2022-04-07 14:22:35 - [MESSAGE][INFO] - 0 hidden object(s)

2022-04-07 14:22:36 - [MESSAGE][PASSED] - Taking screenshot successfully
[[ATTACHMENT|C:\Users\Nia Yusniati\Git_Asa\BCAF_MEAPP_i3\Screenshoot\Sprint4\Web\keyes\keyes-scenario-1-halaman-input-loan-data.png]]

2022-04-07 14:22:36 - [TEST_STEP][PASSED] - markPassed("scenario 1 - halaman input loan data"): scenario 1 - halaman input loan data

2022-04-07 14:22:36 - [MESSAGE][PASSED] - scenario 1 - halaman input loan data

2022-04-07 14:22:36 - [TEST_STEP][PASSED] - delay(1): Delayed 1 second(s)

2022-04-07 14:22:37 - [MESSAGE][PASSED] - Delayed 1 second(s)

2022-04-07 14:22:37 - [TEST_STEP][PASSED] - scrollToElement(findTestObject("ME_CollateralAndLoan_Vehicle/button_Loan Data"), 0): Scroll to object 'Object Repository/ME_CollateralAndLoan_Vehicle/button_Loan Data' successfully

2022-04-07 14:22:37 - [MESSAGE][WARNING] - Timeout '0' is invalid. Using default page load timeout: '30'

2022-04-07 14:22:37 - [MESSAGE][PASSED] - Scroll to object 'Object Repository/ME_CollateralAndLoan_Vehicle/button_Loan Data' successfully

2022-04-07 14:22:37 - [TEST_STEP][PASSED] - delay(1): Delayed 1 second(s)

2022-04-07 14:22:38 - [MESSAGE][PASSED] - Delayed 1 second(s)

2022-04-07 14:22:38 - [TEST_STEP][PASSED] - setText(findTestObject("ME_CollateralAndLoan_Vehicle/input_On The Road Price_otr"), vehicle_onTheroadPrice): Text '150000000' is set on object 'Object Repository/ME_CollateralAndLoan_Vehicle/input_On The Road Price_otr'

2022-04-07 14:22:40 - [MESSAGE][PASSED] - Text '150000000' is set on object 'Object Repository/ME_CollateralAndLoan_Vehicle/input_On The Road Price_otr'

2022-04-07 14:22:40 - [TEST_STEP][PASSED] - delay(1): Delayed 1 second(s)

2022-04-07 14:22:41 - [MESSAGE][PASSED] - Delayed 1 second(s)

2022-04-07 14:22:41 - [TEST_STEP][PASSED] - setText(findTestObject("ME_CollateralAndLoan_Vehicle/input_Down Payment_dpNominal"), vehicle_downPayment): Text '0' is set on object 'Object Repository/ME_CollateralAndLoan_Vehicle/input_Down Payment_dpNominal'

2022-04-07 14:22:42 - [MESSAGE][PASSED] - Text '0' is set on object 'Object Repository/ME_CollateralAndLoan_Vehicle/input_Down Payment_dpNominal'

2022-04-07 14:22:42 - [TEST_STEP][PASSED] - delay(1): Delayed 1 second(s)

2022-04-07 14:22:43 - [MESSAGE][PASSED] - Delayed 1 second(s)

2022-04-07 14:22:43 - [TEST_STEP][PASSED] - setText(findTestObject("ME_CollateralAndLoan_Vehicle/input_DP_dpPercent"), vehicle_dpPercent): Text '30' is set on object 'Object Repository/ME_CollateralAndLoan_Vehicle/input_DP_dpPercent'

2022-04-07 14:22:44 - [MESSAGE][PASSED] - Text '30' is set on object 'Object Repository/ME_CollateralAndLoan_Vehicle/input_DP_dpPercent'

2022-04-07 14:22:44 - [TEST_STEP][PASSED] - delay(1): Delayed 1 second(s)

2022-04-07 14:22:45 - [MESSAGE][PASSED] - Delayed 1 second(s)

2022-04-07 14:22:45 - [TEST_STEP][PASSED] - setText(findTestObject("ME_CollateralAndLoan_Vehicle/input_Tenor (bulan)_tenor1"), vehicle_tenorBulan): Text '48' is set on object 'Object Repository/ME_CollateralAndLoan_Vehicle/input_Tenor (bulan)_tenor1'

2022-04-07 14:22:46 - [MESSAGE][PASSED] - Text '48' is set on object 'Object Repository/ME_CollateralAndLoan_Vehicle/input_Tenor (bulan)_tenor1'

2022-04-07 14:22:46 - [TEST_STEP][PASSED] - delay(1): Delayed 1 second(s)

2022-04-07 14:22:47 - [MESSAGE][PASSED] - Delayed 1 second(s)

2022-04-07 14:22:47 - [TEST_STEP][PASSED] - click(findTestObject("ME_CollateralAndLoan_Vehicle/input_Loan Type_inadvance"), OPTIONAL): Object: 'Object Repository/ME_CollateralAndLoan_Vehicle/input_Loan Type_inadvance' is clicked on

2022-04-07 14:22:48 - [MESSAGE][PASSED] - Object: 'Object Repository/ME_CollateralAndLoan_Vehicle/input_Loan Type_inadvance' is clicked on

2022-04-07 14:22:48 - [TEST_STEP][PASSED] - delay(1): Delayed 1 second(s)

2022-04-07 14:22:49 - [MESSAGE][PASSED] - Delayed 1 second(s)

2022-04-07 14:22:49 - [TEST_STEP][PASSED] - setText(findTestObject("ME_CollateralAndLoan_Vehicle/input_Flat Rate_flatRate"), vehicle_flatRate1): Text '7' is set on object 'Object Repository/ME_CollateralAndLoan_Vehicle/input_Flat Rate_flatRate'

2022-04-07 14:22:50 - [MESSAGE][PASSED] - Text '7' is set on object 'Object Repository/ME_CollateralAndLoan_Vehicle/input_Flat Rate_flatRate'

2022-04-07 14:22:50 - [TEST_STEP][PASSED] - delay(1): Delayed 1 second(s)

2022-04-07 14:22:51 - [MESSAGE][PASSED] - Delayed 1 second(s)

2022-04-07 14:22:51 - [TEST_STEP][PASSED] - setText(findTestObject("ME_CollateralAndLoan_Vehicle/input_Flat Rate 2_flatRate2"), vehicle_flatRate2): Text '7' is set on object 'Object Repository/ME_CollateralAndLoan_Vehicle/input_Flat Rate 2_flatRate2'

2022-04-07 14:22:52 - [MESSAGE][PASSED] - Text '7' is set on object 'Object Repository/ME_CollateralAndLoan_Vehicle/input_Flat Rate 2_flatRate2'

2022-04-07 14:22:52 - [TEST_STEP][PASSED] - delay(1): Delayed 1 second(s)

2022-04-07 14:22:53 - [MESSAGE][PASSED] - Delayed 1 second(s)

2022-04-07 14:22:53 - [TEST_STEP][PASSED] - click(findTestObject("ME_CollateralAndLoan_Vehicle/input_Effective Rate_effectiveRate"), OPTIONAL): Object: 'Object Repository/ME_CollateralAndLoan_Vehicle/input_Effective Rate_effectiveRate' is clicked on

2022-04-07 14:22:54 - [MESSAGE][PASSED] - Object: 'Object Repository/ME_CollateralAndLoan_Vehicle/input_Effective Rate_effectiveRate' is clicked on

2022-04-07 14:22:54 - [TEST_STEP][PASSED] - delay(1): Delayed 1 second(s)

2022-04-07 14:22:55 - [MESSAGE][PASSED] - Delayed 1 second(s)

2022-04-07 14:22:55 - [TEST_STEP][PASSED] - click(findTestObject("ME_CollateralAndLoan_Vehicle/input_Effective Rate 2_effectiveRate2"), OPTIONAL): Object: 'Object Repository/ME_CollateralAndLoan_Vehicle/input_Effective Rate 2_effectiveRate2' is clicked on

2022-04-07 14:22:55 - [MESSAGE][PASSED] - Object: 'Object Repository/ME_CollateralAndLoan_Vehicle/input_Effective Rate 2_effectiveRate2' is clicked on

2022-04-07 14:22:55 - [TEST_STEP][PASSED] - delay(1): Delayed 1 second(s)

2022-04-07 14:22:56 - [MESSAGE][PASSED] - Delayed 1 second(s)

2022-04-07 14:22:56 - [TEST_STEP][PASSED] - setText(findTestObject("ME_CollateralAndLoan_Vehicle/input_Provisional Percent_provisionPercent"), vehicle_provPercent): Text '2' is set on object 'Object Repository/ME_CollateralAndLoan_Vehicle/input_Provisional Percent_provisionPercent'

2022-04-07 14:22:57 - [MESSAGE][PASSED] - Text '2' is set on object 'Object Repository/ME_CollateralAndLoan_Vehicle/input_Provisional Percent_provisionPercent'

2022-04-07 14:22:57 - [TEST_STEP][PASSED] - delay(1): Delayed 1 second(s)

2022-04-07 14:22:58 - [MESSAGE][PASSED] - Delayed 1 second(s)

2022-04-07 14:22:58 - [TEST_STEP][PASSED] - click(findTestObject("ME_CollateralAndLoan_Vehicle/input_Provisional Payment_prepaid"), OPTIONAL): Object: 'Object Repository/ME_CollateralAndLoan_Vehicle/input_Provisional Payment_prepaid' is clicked on

2022-04-07 14:22:59 - [MESSAGE][PASSED] - Object: 'Object Repository/ME_CollateralAndLoan_Vehicle/input_Provisional Payment_prepaid' is clicked on

2022-04-07 14:22:59 - [TEST_STEP][PASSED] - delay(1): Delayed 1 second(s)

2022-04-07 14:23:00 - [MESSAGE][PASSED] - Delayed 1 second(s)

2022-04-07 14:23:00 - [TEST_STEP][PASSED] - setText(findTestObject("ME_CollateralAndLoan_Vehicle/input_Adm Fee_admFee"), vehicle_admFee): Text '2000000' is set on object 'Object Repository/ME_CollateralAndLoan_Vehicle/input_Adm Fee_admFee'

2022-04-07 14:23:01 - [MESSAGE][PASSED] - Text '2000000' is set on object 'Object Repository/ME_CollateralAndLoan_Vehicle/input_Adm Fee_admFee'

2022-04-07 14:23:01 - [TEST_STEP][PASSED] - delay(1): Delayed 1 second(s)

2022-04-07 14:23:02 - [MESSAGE][PASSED] - Delayed 1 second(s)

2022-04-07 14:23:02 - [TEST_STEP][PASSED] - click(findTestObject("ME_CollateralAndLoan_Vehicle/input_Adm Fee Payment_onloan"), OPTIONAL): Object: 'Object Repository/ME_CollateralAndLoan_Vehicle/input_Adm Fee Payment_onloan' is clicked on

2022-04-07 14:23:03 - [MESSAGE][PASSED] - Object: 'Object Repository/ME_CollateralAndLoan_Vehicle/input_Adm Fee Payment_onloan' is clicked on

2022-04-07 14:23:03 - [TEST_STEP][PASSED] - delay(1): Delayed 1 second(s)

2022-04-07 14:23:04 - [MESSAGE][PASSED] - Delayed 1 second(s)

2022-04-07 14:23:04 - [TEST_STEP][PASSED] - click(findTestObject("ME_CollateralAndLoan_Vehicle/input_Adm Fee Payment_prepaid"), OPTIONAL): Object: 'Object Repository/ME_CollateralAndLoan_Vehicle/input_Adm Fee Payment_prepaid' is clicked on

2022-04-07 14:23:05 - [MESSAGE][PASSED] - Object: 'Object Repository/ME_CollateralAndLoan_Vehicle/input_Adm Fee Payment_prepaid' is clicked on

2022-04-07 14:23:05 - [TEST_STEP][PASSED] - delay(1): Delayed 1 second(s)

2022-04-07 14:23:06 - [MESSAGE][PASSED] - Delayed 1 second(s)

2022-04-07 14:23:06 - [TEST_STEP][PASSED] - click(findTestObject("ME_CollateralAndLoan_Vehicle/input_gabung_jenisUnit20"), OPTIONAL): Object: 'Object Repository/ME_CollateralAndLoan_Vehicle/input_gabung_jenisUnit20' is clicked on

2022-04-07 14:23:07 - [MESSAGE][PASSED] - Object: 'Object Repository/ME_CollateralAndLoan_Vehicle/input_gabung_jenisUnit20' is clicked on

2022-04-07 14:23:07 - [TEST_STEP][PASSED] - takeFullPageScreenshotAsCheckpoint(userDir + sprint4WebScreenshootPath + "scenario-1-berhasil-input-data-loan.png"): Taking screenshot successfully

2022-04-07 14:23:08 - [MESSAGE][INFO] - 0 hidden object(s)

2022-04-07 14:23:09 - [MESSAGE][PASSED] - Taking screenshot successfully
[[ATTACHMENT|C:\Users\Nia Yusniati\Git_Asa\BCAF_MEAPP_i3\Screenshoot\Sprint4\Web\keyes\keyes-scenario-1-berhasil-input-data-loan.png]]

2022-04-07 14:23:09 - [TEST_STEP][PASSED] - markPassed("scenario 1 - berhasil input data loan"): scenario 1 - berhasil input data loan

2022-04-07 14:23:09 - [MESSAGE][PASSED] - scenario 1 - berhasil input data loan

2022-04-07 14:23:09 - [TEST_STEP][PASSED] - delay(1): Delayed 1 second(s)

2022-04-07 14:23:10 - [MESSAGE][PASSED] - Delayed 1 second(s)

2022-04-07 14:23:10 - [TEST_STEP][PASSED] - delay(1): Delayed 1 second(s)

2022-04-07 14:23:11 - [MESSAGE][PASSED] - Delayed 1 second(s)

2022-04-07 14:23:11 - [TEST_STEP][PASSED] - click(findTestObject("ME_CollateralAndLoan_Vehicle/button_Insurance"), OPTIONAL): Object: 'Object Repository/ME_CollateralAndLoan_Vehicle/button_Insurance' is clicked on

2022-04-07 14:23:12 - [MESSAGE][PASSED] - Object: 'Object Repository/ME_CollateralAndLoan_Vehicle/button_Insurance' is clicked on

2022-04-07 14:23:12 - [TEST_STEP][PASSED] - delay(1): Delayed 1 second(s)

2022-04-07 14:23:13 - [MESSAGE][PASSED] - Delayed 1 second(s)

2022-04-07 14:23:13 - [TEST_STEP][PASSED] - click(findTestObject("ME_CollateralAndLoan_Vehicle/input_Insurance_inline-checkbox1"), OPTIONAL): Object: 'Object Repository/ME_CollateralAndLoan_Vehicle/input_Insurance_inline-checkbox1' is clicked on

2022-04-07 14:23:14 - [MESSAGE][PASSED] - Object: 'Object Repository/ME_CollateralAndLoan_Vehicle/input_Insurance_inline-checkbox1' is clicked on

2022-04-07 14:23:14 - [TEST_STEP][PASSED] - delay(1): Delayed 1 second(s)

2022-04-07 14:23:15 - [MESSAGE][PASSED] - Delayed 1 second(s)

2022-04-07 14:23:15 - [TEST_STEP][PASSED] - takeFullPageScreenshotAsCheckpoint(userDir + sprint4WebScreenshootPath + "scenario-1-halaman-input-insurance.png"): Taking screenshot successfully

2022-04-07 14:23:16 - [MESSAGE][INFO] - 0 hidden object(s)

2022-04-07 14:23:17 - [MESSAGE][PASSED] - Taking screenshot successfully
[[ATTACHMENT|C:\Users\Nia Yusniati\Git_Asa\BCAF_MEAPP_i3\Screenshoot\Sprint4\Web\keyes\keyes-scenario-1-halaman-input-insurance.png]]

2022-04-07 14:23:17 - [TEST_STEP][PASSED] - markPassed("scenario 1 - halaman input insurance"): scenario 1 - halaman input insurance

2022-04-07 14:23:17 - [MESSAGE][PASSED] - scenario 1 - halaman input insurance

2022-04-07 14:23:17 - [TEST_STEP][PASSED] - delay(1): Delayed 1 second(s)

2022-04-07 14:23:18 - [MESSAGE][PASSED] - Delayed 1 second(s)

2022-04-07 14:23:18 - [TEST_STEP][PASSED] - setText(findTestObject("vehiclekedua/input_carinsurance_kedua"), vehicle_carInsurance): Text 'NO INSURANCE' is set on object 'Object Repository/vehiclekedua/input_carinsurance_kedua'

2022-04-07 14:23:19 - [MESSAGE][PASSED] - Text 'NO INSURANCE' is set on object 'Object Repository/vehiclekedua/input_carinsurance_kedua'

2022-04-07 14:23:19 - [TEST_STEP][PASSED] - delay(1): Delayed 1 second(s)

2022-04-07 14:23:20 - [MESSAGE][PASSED] - Delayed 1 second(s)

2022-04-07 14:23:20 - [TEST_STEP][PASSED] - click(findTestObject("vehiclekedua/div_NO INSURANCE_kedua"), OPTIONAL): Object: 'Object Repository/vehiclekedua/div_NO INSURANCE_kedua' is clicked on

2022-04-07 14:23:21 - [MESSAGE][PASSED] - Object: 'Object Repository/vehiclekedua/div_NO INSURANCE_kedua' is clicked on

2022-04-07 14:23:21 - [TEST_STEP][PASSED] - delay(1): Delayed 1 second(s)

2022-04-07 14:23:22 - [MESSAGE][PASSED] - Delayed 1 second(s)

2022-04-07 14:23:22 - [TEST_STEP][PASSED] - click(findTestObject("vehiclekedua/input_carinsurancebranch_kedua"), OPTIONAL): Object: 'Object Repository/vehiclekedua/input_carinsurancebranch_kedua' is clicked on

2022-04-07 14:23:23 - [MESSAGE][PASSED] - Object: 'Object Repository/vehiclekedua/input_carinsurancebranch_kedua' is clicked on

2022-04-07 14:23:23 - [TEST_STEP][PASSED] - delay(1): Delayed 1 second(s)

2022-04-07 14:23:24 - [MESSAGE][PASSED] - Delayed 1 second(s)

2022-04-07 14:23:24 - [TEST_STEP][PASSED] - setText(findTestObject("vehiclekedua/input_carinsurancebranch_kedua"), vehicle_carInsuranceBranch, OPTIONAL): Text 'NO INSURANCE' is set on object 'Object Repository/vehiclekedua/input_carinsurancebranch_kedua'

2022-04-07 14:23:25 - [MESSAGE][PASSED] - Text 'NO INSURANCE' is set on object 'Object Repository/vehiclekedua/input_carinsurancebranch_kedua'

2022-04-07 14:23:25 - [TEST_STEP][PASSED] - delay(1): Delayed 1 second(s)

2022-04-07 14:23:26 - [MESSAGE][PASSED] - Delayed 1 second(s)

2022-04-07 14:23:26 - [TEST_STEP][PASSED] - click(findTestObject("ME_CollateralAndLoan_Vehicle/div_NO INSURANCE_branch"), OPTIONAL): Object: 'Object Repository/ME_CollateralAndLoan_Vehicle/div_NO INSURANCE_branch' is clicked on

2022-04-07 14:23:27 - [MESSAGE][PASSED] - Object: 'Object Repository/ME_CollateralAndLoan_Vehicle/div_NO INSURANCE_branch' is clicked on

2022-04-07 14:23:27 - [TEST_STEP][PASSED] - delay(1): Delayed 1 second(s)

2022-04-07 14:23:28 - [MESSAGE][PASSED] - Delayed 1 second(s)

2022-04-07 14:23:28 - [TEST_STEP][PASSED] - click(findTestObject("vehiclekedua/input_carinsurancetype_kedua")): Object: 'Object Repository/vehiclekedua/input_carinsurancetype_kedua' is clicked on

2022-04-07 14:23:29 - [MESSAGE][PASSED] - Object: 'Object Repository/vehiclekedua/input_carinsurancetype_kedua' is clicked on

2022-04-07 14:23:29 - [TEST_STEP][PASSED] - delay(1): Delayed 1 second(s)

2022-04-07 14:23:30 - [MESSAGE][PASSED] - Delayed 1 second(s)

2022-04-07 14:23:30 - [TEST_STEP][PASSED] - setText(findTestObject("vehiclekedua/input_carinsurancetype_kedua"), vehicle_carInsuransetype): Text 'all risk' is set on object 'Object Repository/vehiclekedua/input_carinsurancetype_kedua'

2022-04-07 14:23:31 - [MESSAGE][PASSED] - Text 'all risk' is set on object 'Object Repository/vehiclekedua/input_carinsurancetype_kedua'

2022-04-07 14:23:31 - [TEST_STEP][PASSED] - delay(1): Delayed 1 second(s)

2022-04-07 14:23:32 - [MESSAGE][PASSED] - Delayed 1 second(s)

2022-04-07 14:23:32 - [TEST_STEP][PASSED] - click(findTestObject("vehiclekedua/div_All Risk_kedua")): Object: 'Object Repository/vehiclekedua/div_All Risk_kedua' is clicked on

2022-04-07 14:23:33 - [MESSAGE][PASSED] - Object: 'Object Repository/vehiclekedua/div_All Risk_kedua' is clicked on

2022-04-07 14:23:33 - [TEST_STEP][PASSED] - delay(1): Delayed 1 second(s)

2022-04-07 14:23:34 - [MESSAGE][PASSED] - Delayed 1 second(s)

2022-04-07 14:23:34 - [TEST_STEP][PASSED] - click(findTestObject("ME_CollateralAndLoan_Vehicle/input_RSCC_carInsuranceRscc0")): Object: 'Object Repository/ME_CollateralAndLoan_Vehicle/input_RSCC_carInsuranceRscc0' is clicked on

2022-04-07 14:23:35 - [MESSAGE][PASSED] - Object: 'Object Repository/ME_CollateralAndLoan_Vehicle/input_RSCC_carInsuranceRscc0' is clicked on

2022-04-07 14:23:35 - [TEST_STEP][PASSED] - delay(1): Delayed 1 second(s)

2022-04-07 14:23:36 - [MESSAGE][PASSED] - Delayed 1 second(s)

2022-04-07 14:23:36 - [TEST_STEP][PASSED] - click(findTestObject("ME_CollateralAndLoan_Vehicle/input_RSMB_carInsuranceRsmb0")): Object: 'Object Repository/ME_CollateralAndLoan_Vehicle/input_RSMB_carInsuranceRsmb0' is clicked on

2022-04-07 14:23:37 - [MESSAGE][PASSED] - Object: 'Object Repository/ME_CollateralAndLoan_Vehicle/input_RSMB_carInsuranceRsmb0' is clicked on

2022-04-07 14:23:37 - [TEST_STEP][PASSED] - delay(1): Delayed 1 second(s)

2022-04-07 14:23:38 - [MESSAGE][PASSED] - Delayed 1 second(s)

2022-04-07 14:23:38 - [TEST_STEP][PASSED] - click(findTestObject("ME_CollateralAndLoan_Vehicle/input_Insurance Payment_prepaid")): Object: 'Object Repository/ME_CollateralAndLoan_Vehicle/input_Insurance Payment_prepaid' is clicked on

2022-04-07 14:23:38 - [MESSAGE][PASSED] - Object: 'Object Repository/ME_CollateralAndLoan_Vehicle/input_Insurance Payment_prepaid' is clicked on

2022-04-07 14:23:38 - [TEST_STEP][PASSED] - delay(1): Delayed 1 second(s)

2022-04-07 14:23:39 - [MESSAGE][PASSED] - Delayed 1 second(s)

2022-04-07 14:23:39 - [TEST_STEP][PASSED] - click(findTestObject("ME_CollateralAndLoan_Vehicle/input_Machine Warranty_lifeInsurance")): Object: 'Object Repository/ME_CollateralAndLoan_Vehicle/input_Machine Warranty_lifeInsurance' is clicked on

2022-04-07 14:23:40 - [MESSAGE][PASSED] - Object: 'Object Repository/ME_CollateralAndLoan_Vehicle/input_Machine Warranty_lifeInsurance' is clicked on

2022-04-07 14:23:40 - [TEST_STEP][PASSED] - delay(1): Delayed 1 second(s)

2022-04-07 14:23:41 - [MESSAGE][PASSED] - Delayed 1 second(s)

2022-04-07 14:23:41 - [TEST_STEP][PASSED] - takeFullPageScreenshotAsCheckpoint(userDir + sprint4WebScreenshootPath + "scenario-1-halaman-input-life-insurance.png"): Taking screenshot successfully

2022-04-07 14:23:42 - [MESSAGE][INFO] - 0 hidden object(s)

2022-04-07 14:23:43 - [MESSAGE][PASSED] - Taking screenshot successfully
[[ATTACHMENT|C:\Users\Nia Yusniati\Git_Asa\BCAF_MEAPP_i3\Screenshoot\Sprint4\Web\keyes\keyes-scenario-1-halaman-input-life-insurance.png]]

2022-04-07 14:23:43 - [TEST_STEP][PASSED] - markPassed("scenario 1 - halaman input life insurance"): scenario 1 - halaman input life insurance

2022-04-07 14:23:43 - [MESSAGE][PASSED] - scenario 1 - halaman input life insurance

2022-04-07 14:23:43 - [TEST_STEP][PASSED] - delay(1): Delayed 1 second(s)

2022-04-07 14:23:44 - [MESSAGE][PASSED] - Delayed 1 second(s)

2022-04-07 14:23:44 - [TEST_STEP][PASSED] - scrollToElement(findTestObject("ME_CollateralAndLoan_Vehicle/a_Calculate All Unit (1)"), 0): Scroll to object 'Object Repository/ME_CollateralAndLoan_Vehicle/a_Calculate All Unit (1)' successfully

2022-04-07 14:23:44 - [MESSAGE][WARNING] - Timeout '0' is invalid. Using default page load timeout: '30'

2022-04-07 14:23:44 - [MESSAGE][PASSED] - Scroll to object 'Object Repository/ME_CollateralAndLoan_Vehicle/a_Calculate All Unit (1)' successfully

2022-04-07 14:23:44 - [TEST_STEP][PASSED] - delay(1): Delayed 1 second(s)

2022-04-07 14:23:45 - [MESSAGE][PASSED] - Delayed 1 second(s)

2022-04-07 14:23:45 - [TEST_STEP][PASSED] - click(findTestObject("vehiclekedua/input_lifeinsurancecorp_kedua"), OPTIONAL): Object: 'Object Repository/vehiclekedua/input_lifeinsurancecorp_kedua' is clicked on

2022-04-07 14:23:46 - [MESSAGE][PASSED] - Object: 'Object Repository/vehiclekedua/input_lifeinsurancecorp_kedua' is clicked on

2022-04-07 14:23:46 - [TEST_STEP][PASSED] - delay(1): Delayed 1 second(s)

2022-04-07 14:23:47 - [MESSAGE][PASSED] - Delayed 1 second(s)

2022-04-07 14:23:47 - [TEST_STEP][PASSED] - setText(findTestObject("vehiclekedua/input_lifeinsurancecorp_kedua"), vehilcle_lifeInsurancecorp, OPTIONAL): Text 'ASURANSI LAINNYA' is set on object 'Object Repository/vehiclekedua/input_lifeinsurancecorp_kedua'

2022-04-07 14:23:49 - [MESSAGE][PASSED] - Text 'ASURANSI LAINNYA' is set on object 'Object Repository/vehiclekedua/input_lifeinsurancecorp_kedua'

2022-04-07 14:23:49 - [TEST_STEP][PASSED] - delay(1): Delayed 1 second(s)

2022-04-07 14:23:50 - [MESSAGE][PASSED] - Delayed 1 second(s)

2022-04-07 14:23:50 - [TEST_STEP][PASSED] - click(findTestObject("vehiclekedua/div_ASURANSI LAINNYA_kedua"), OPTIONAL): Object: 'Object Repository/vehiclekedua/div_ASURANSI LAINNYA_kedua' is clicked on

2022-04-07 14:23:51 - [MESSAGE][PASSED] - Object: 'Object Repository/vehiclekedua/div_ASURANSI LAINNYA_kedua' is clicked on

2022-04-07 14:23:51 - [TEST_STEP][PASSED] - delay(1): Delayed 1 second(s)

2022-04-07 14:23:52 - [MESSAGE][PASSED] - Delayed 1 second(s)

2022-04-07 14:23:52 - [TEST_STEP][PASSED] - click(findTestObject("vehiclekedua/input_lifeinsurancebranch_kedua"), OPTIONAL): Object: 'Object Repository/vehiclekedua/input_lifeinsurancebranch_kedua' is clicked on

2022-04-07 14:23:53 - [MESSAGE][PASSED] - Object: 'Object Repository/vehiclekedua/input_lifeinsurancebranch_kedua' is clicked on

2022-04-07 14:23:53 - [TEST_STEP][PASSED] - delay(1): Delayed 1 second(s)

2022-04-07 14:23:54 - [MESSAGE][PASSED] - Delayed 1 second(s)

2022-04-07 14:23:54 - [TEST_STEP][PASSED] - setText(findTestObject("vehiclekedua/input_lifeinsurancebranch_kedua"), vehicle_lifeInsurancebranch, OPTIONAL): Text 'AS. LAINNYA' is set on object 'Object Repository/vehiclekedua/input_lifeinsurancebranch_kedua'

2022-04-07 14:23:56 - [MESSAGE][PASSED] - Text 'AS. LAINNYA' is set on object 'Object Repository/vehiclekedua/input_lifeinsurancebranch_kedua'

2022-04-07 14:23:56 - [TEST_STEP][PASSED] - delay(1): Delayed 1 second(s)

2022-04-07 14:23:57 - [MESSAGE][PASSED] - Delayed 1 second(s)

2022-04-07 14:23:57 - [TEST_STEP][PASSED] - click(findTestObject("ME_CollateralAndLoan_Vehicle/div_AS. LAINNYA_lifeinsurance"), OPTIONAL): Object: 'Object Repository/ME_CollateralAndLoan_Vehicle/div_AS. LAINNYA_lifeinsurance' is clicked on

2022-04-07 14:23:57 - [MESSAGE][PASSED] - Object: 'Object Repository/ME_CollateralAndLoan_Vehicle/div_AS. LAINNYA_lifeinsurance' is clicked on

2022-04-07 14:23:57 - [TEST_STEP][PASSED] - delay(1): Delayed 1 second(s)

2022-04-07 14:23:58 - [MESSAGE][PASSED] - Delayed 1 second(s)

2022-04-07 14:23:58 - [TEST_STEP][PASSED] - click(findTestObject("ME_CollateralAndLoan_Vehicle/input_Annual_lifeInsurancePayment"), OPTIONAL): Object: 'Object Repository/ME_CollateralAndLoan_Vehicle/input_Annual_lifeInsurancePayment' is clicked on

2022-04-07 14:24:00 - [MESSAGE][PASSED] - Object: 'Object Repository/ME_CollateralAndLoan_Vehicle/input_Annual_lifeInsurancePayment' is clicked on

2022-04-07 14:24:00 - [TEST_STEP][PASSED] - delay(1): Delayed 1 second(s)

2022-04-07 14:24:01 - [MESSAGE][PASSED] - Delayed 1 second(s)

2022-04-07 14:24:01 - [TEST_STEP][PASSED] - takeFullPageScreenshotAsCheckpoint(userDir + sprint4WebScreenshootPath + "scenario-1-berhasil-input-data-insurance.png"): Taking screenshot successfully

2022-04-07 14:24:02 - [MESSAGE][INFO] - 0 hidden object(s)

2022-04-07 14:24:03 - [MESSAGE][PASSED] - Taking screenshot successfully
[[ATTACHMENT|C:\Users\Nia Yusniati\Git_Asa\BCAF_MEAPP_i3\Screenshoot\Sprint4\Web\keyes\keyes-scenario-1-berhasil-input-data-insurance.png]]

2022-04-07 14:24:03 - [TEST_STEP][PASSED] - markPassed("scenario 1 - berhasil input data insurance"): scenario 1 - berhasil input data insurance

2022-04-07 14:24:03 - [MESSAGE][PASSED] - scenario 1 - berhasil input data insurance

2022-04-07 14:24:03 - [TEST_STEP][PASSED] - delay(1): Delayed 1 second(s)

2022-04-07 14:24:04 - [MESSAGE][PASSED] - Delayed 1 second(s)

2022-04-07 14:24:04 - [TEST_STEP][PASSED] - click(findTestObject("ME_CollateralAndLoan_Vehicle/button_Note"), OPTIONAL): Object: 'Object Repository/ME_CollateralAndLoan_Vehicle/button_Note' is clicked on

2022-04-07 14:24:04 - [MESSAGE][PASSED] - Object: 'Object Repository/ME_CollateralAndLoan_Vehicle/button_Note' is clicked on

2022-04-07 14:24:04 - [TEST_STEP][PASSED] - delay(1): Delayed 1 second(s)

2022-04-07 14:24:06 - [MESSAGE][PASSED] - Delayed 1 second(s)

2022-04-07 14:24:06 - [TEST_STEP][PASSED] - takeFullPageScreenshotAsCheckpoint(userDir + sprint4WebScreenshootPath + "scenario-1-submenu-notes.png"): Taking screenshot successfully

2022-04-07 14:24:07 - [MESSAGE][INFO] - 0 hidden object(s)

2022-04-07 14:24:07 - [MESSAGE][PASSED] - Taking screenshot successfully
[[ATTACHMENT|C:\Users\Nia Yusniati\Git_Asa\BCAF_MEAPP_i3\Screenshoot\Sprint4\Web\keyes\keyes-scenario-1-submenu-notes.png]]

2022-04-07 14:24:07 - [TEST_STEP][PASSED] - markPassed("scenario 1 - submenu notes"): scenario 1 - submenu notes

2022-04-07 14:24:07 - [MESSAGE][PASSED] - scenario 1 - submenu notes

2022-04-07 14:24:07 - [TEST_STEP][PASSED] - delay(1): Delayed 1 second(s)

2022-04-07 14:24:08 - [MESSAGE][PASSED] - Delayed 1 second(s)

2022-04-07 14:24:08 - [TEST_STEP][PASSED] - setText(findTestObject("ME_CollateralAndLoan_Vehicle/textarea_Note CMO_noteCMO"), vehicle_noteCMO): Text 'pengajuan 1' is set on object 'Object Repository/ME_CollateralAndLoan_Vehicle/textarea_Note CMO_noteCMO'

2022-04-07 14:24:10 - [MESSAGE][PASSED] - Text 'pengajuan 1' is set on object 'Object Repository/ME_CollateralAndLoan_Vehicle/textarea_Note CMO_noteCMO'

2022-04-07 14:24:10 - [TEST_STEP][PASSED] - delay(1): Delayed 1 second(s)

2022-04-07 14:24:11 - [MESSAGE][PASSED] - Delayed 1 second(s)

2022-04-07 14:24:11 - [TEST_STEP][PASSED] - takeFullPageScreenshotAsCheckpoint(userDir + sprint4WebScreenshootPath + "scenario-1-submenu-notes.png"): Taking screenshot successfully

2022-04-07 14:24:12 - [MESSAGE][INFO] - 0 hidden object(s)

2022-04-07 14:24:12 - [MESSAGE][PASSED] - Taking screenshot successfully
[[ATTACHMENT|C:\Users\Nia Yusniati\Git_Asa\BCAF_MEAPP_i3\Screenshoot\Sprint4\Web\keyes\keyes-scenario-1-submenu-notes.png]]

2022-04-07 14:24:12 - [TEST_STEP][PASSED] - markPassed("scenario 1 - berhasil input  notes CMO"): scenario 1 - berhasil input  notes CMO

2022-04-07 14:24:12 - [MESSAGE][PASSED] - scenario 1 - berhasil input  notes CMO

2022-04-07 14:24:12 - [TEST_STEP][PASSED] - delay(1): Delayed 1 second(s)

2022-04-07 14:24:13 - [MESSAGE][PASSED] - Delayed 1 second(s)

2022-04-07 14:24:13 - [TEST_STEP][PASSED] - click(findTestObject("vehiclekedua/a_Add Unit Kendaraan_kedua")): Object: 'Object Repository/vehiclekedua/a_Add Unit Kendaraan_kedua' is clicked on

2022-04-07 14:24:14 - [MESSAGE][PASSED] - Object: 'Object Repository/vehiclekedua/a_Add Unit Kendaraan_kedua' is clicked on

2022-04-07 14:24:14 - [TEST_STEP][PASSED] - delay(1): Delayed 1 second(s)

2022-04-07 14:24:15 - [MESSAGE][PASSED] - Delayed 1 second(s)

2022-04-07 14:24:15 - [TEST_STEP][PASSED] - takeFullPageScreenshotAsCheckpoint(userDir + sprint4WebScreenshootPath + "scenario-1-pop-up-add-kendaraan.png"): Taking screenshot successfully

2022-04-07 14:24:16 - [MESSAGE][INFO] - 0 hidden object(s)

2022-04-07 14:24:16 - [MESSAGE][PASSED] - Taking screenshot successfully
[[ATTACHMENT|C:\Users\Nia Yusniati\Git_Asa\BCAF_MEAPP_i3\Screenshoot\Sprint4\Web\keyes\keyes-scenario-1-pop-up-add-kendaraan.png]]

2022-04-07 14:24:16 - [TEST_STEP][PASSED] - markPassed("scenario 1 - Popup add unit kendaraan"): scenario 1 - Popup add unit kendaraan

2022-04-07 14:24:16 - [MESSAGE][PASSED] - scenario 1 - Popup add unit kendaraan

2022-04-07 14:24:16 - [TEST_STEP][PASSED] - delay(1): Delayed 1 second(s)

2022-04-07 14:24:17 - [MESSAGE][PASSED] - Delayed 1 second(s)

2022-04-07 14:24:17 - [TEST_STEP][PASSED] - setText(findTestObject("vehiclekedua/input_Jumlah unit_kedua"), vehicle_jumlahUnit): Text '2' is set on object 'Object Repository/vehiclekedua/input_Jumlah unit_kedua'

2022-04-07 14:24:18 - [MESSAGE][PASSED] - Text '2' is set on object 'Object Repository/vehiclekedua/input_Jumlah unit_kedua'

2022-04-07 14:24:18 - [TEST_STEP][PASSED] - delay(1): Delayed 1 second(s)

2022-04-07 14:24:19 - [MESSAGE][PASSED] - Delayed 1 second(s)

2022-04-07 14:24:19 - [TEST_STEP][PASSED] - click(findTestObject("ME_CollateralAndLoan_Vehicle/input_ya_copy_addunit")): Object: 'Object Repository/ME_CollateralAndLoan_Vehicle/input_ya_copy_addunit' is clicked on

2022-04-07 14:24:20 - [MESSAGE][PASSED] - Object: 'Object Repository/ME_CollateralAndLoan_Vehicle/input_ya_copy_addunit' is clicked on

2022-04-07 14:24:20 - [TEST_STEP][PASSED] - delay(1): Delayed 1 second(s)

2022-04-07 14:24:21 - [MESSAGE][PASSED] - Delayed 1 second(s)

2022-04-07 14:24:21 - [TEST_STEP][PASSED] - click(findTestObject("ME_CollateralAndLoan_Vehicle/span_Pilih Unit")): Object: 'Object Repository/ME_CollateralAndLoan_Vehicle/span_Pilih Unit' is clicked on

2022-04-07 14:24:22 - [MESSAGE][PASSED] - Object: 'Object Repository/ME_CollateralAndLoan_Vehicle/span_Pilih Unit' is clicked on

2022-04-07 14:24:22 - [TEST_STEP][PASSED] - delay(1): Delayed 1 second(s)

2022-04-07 14:24:23 - [MESSAGE][PASSED] - Delayed 1 second(s)

2022-04-07 14:24:23 - [TEST_STEP][PASSED] - setText(findTestObject("vehiclekedua/input_Add_select2-search__field-UNIT_yangakandicopy_kedua"), vehicle_searchUnit): Text 'Unit 1' is set on object 'Object Repository/vehiclekedua/input_Add_select2-search__field-UNIT_yangakandicopy_kedua'

2022-04-07 14:24:25 - [MESSAGE][PASSED] - Text 'Unit 1' is set on object 'Object Repository/vehiclekedua/input_Add_select2-search__field-UNIT_yangakandicopy_kedua'

2022-04-07 14:24:25 - [TEST_STEP][PASSED] - delay(1): Delayed 1 second(s)

2022-04-07 14:24:26 - [MESSAGE][PASSED] - Delayed 1 second(s)

2022-04-07 14:24:26 - [TEST_STEP][PASSED] - sendKeys(findTestObject("vehiclekedua/input_Add_select2-search__field-UNIT_yangakandicopy_kedua"), Keys.chord(ENTER)): Keys 'ENTER + ' sent to object: 'Object Repository/vehiclekedua/input_Add_select2-search__field-UNIT_yangakandicopy_kedua'

2022-04-07 14:24:26 - [MESSAGE][PASSED] - Keys 'ENTER + ' sent to object: 'Object Repository/vehiclekedua/input_Add_select2-search__field-UNIT_yangakandicopy_kedua'

2022-04-07 14:24:26 - [TEST_STEP][PASSED] - delay(1): Delayed 1 second(s)

2022-04-07 14:24:27 - [MESSAGE][PASSED] - Delayed 1 second(s)

2022-04-07 14:24:27 - [TEST_STEP][PASSED] - takeFullPageScreenshotAsCheckpoint(userDir + sprint4WebScreenshootPath + "scenario-1-berhasil-add-kendaraan.png"): Taking screenshot successfully

2022-04-07 14:24:28 - [MESSAGE][INFO] - 0 hidden object(s)

2022-04-07 14:24:28 - [MESSAGE][PASSED] - Taking screenshot successfully
[[ATTACHMENT|C:\Users\Nia Yusniati\Git_Asa\BCAF_MEAPP_i3\Screenshoot\Sprint4\Web\keyes\keyes-scenario-1-berhasil-add-kendaraan.png]]

2022-04-07 14:24:28 - [TEST_STEP][PASSED] - markPassed("scenario 1 - berhasil add unit kendaraan"): scenario 1 - berhasil add unit kendaraan

2022-04-07 14:24:28 - [MESSAGE][PASSED] - scenario 1 - berhasil add unit kendaraan

2022-04-07 14:24:28 - [TEST_STEP][PASSED] - delay(1): Delayed 1 second(s)

2022-04-07 14:24:30 - [MESSAGE][PASSED] - Delayed 1 second(s)

2022-04-07 14:24:30 - [TEST_STEP][PASSED] - click(findTestObject("ME_CollateralAndLoan_Vehicle/button_Add_unit")): Object: 'Object Repository/ME_CollateralAndLoan_Vehicle/button_Add_unit' is clicked on

2022-04-07 14:24:30 - [MESSAGE][PASSED] - Object: 'Object Repository/ME_CollateralAndLoan_Vehicle/button_Add_unit' is clicked on

2022-04-07 14:24:30 - [TEST_STEP][PASSED] - delay(1): Delayed 1 second(s)

2022-04-07 14:24:31 - [MESSAGE][PASSED] - Delayed 1 second(s)

2022-04-07 14:24:31 - [TEST_STEP][PASSED] - click(findTestObject("ME_CollateralAndLoan_Vehicle/a_Calculate All Unit")): Object: 'Object Repository/ME_CollateralAndLoan_Vehicle/a_Calculate All Unit' is clicked on

2022-04-07 14:24:34 - [MESSAGE][PASSED] - Object: 'Object Repository/ME_CollateralAndLoan_Vehicle/a_Calculate All Unit' is clicked on

2022-04-07 14:24:34 - [TEST_STEP][PASSED] - delay(1): Delayed 1 second(s)

2022-04-07 14:24:35 - [MESSAGE][PASSED] - Delayed 1 second(s)

2022-04-07 14:24:35 - [TEST_STEP][PASSED] - verifyElementPresent(findTestObject("ME_CollateralAndLoan_Vehicle/label_Summary Total"), 0): Object 'Object Repository/ME_CollateralAndLoan_Vehicle/label_Summary Total' is present

2022-04-07 14:24:36 - [MESSAGE][WARNING] - Timeout '0' is invalid. Using default page load timeout: '30'

2022-04-07 14:24:44 - [MESSAGE][PASSED] - Object 'Object Repository/ME_CollateralAndLoan_Vehicle/label_Summary Total' is present

2022-04-07 14:24:44 - [TEST_STEP][PASSED] - delay(1): Delayed 1 second(s)

2022-04-07 14:24:45 - [MESSAGE][PASSED] - Delayed 1 second(s)

2022-04-07 14:24:45 - [TEST_STEP][PASSED] - takeFullPageScreenshotAsCheckpoint(userDir + sprint4WebScreenshootPath + "scenario-1-pop-up-summary-total.png"): Taking screenshot successfully

2022-04-07 14:24:46 - [MESSAGE][INFO] - 0 hidden object(s)

2022-04-07 14:24:46 - [MESSAGE][PASSED] - Taking screenshot successfully
[[ATTACHMENT|C:\Users\Nia Yusniati\Git_Asa\BCAF_MEAPP_i3\Screenshoot\Sprint4\Web\keyes\keyes-scenario-1-pop-up-summary-total.png]]

2022-04-07 14:24:46 - [TEST_STEP][PASSED] - markPassed("scenario 1 - Popup summary total"): scenario 1 - Popup summary total

2022-04-07 14:24:46 - [MESSAGE][PASSED] - scenario 1 - Popup summary total

2022-04-07 14:24:46 - [TEST_STEP][PASSED] - delay(1): Delayed 1 second(s)

2022-04-07 14:24:47 - [MESSAGE][PASSED] - Delayed 1 second(s)

2022-04-07 14:24:47 - [TEST_STEP][PASSED] - verifyElementPresent(findTestObject("ME_CollateralAndLoan_Vehicle/div_Calculating Summary_mx-0 proceed-state state-1_success"), 0): Object 'Object Repository/ME_CollateralAndLoan_Vehicle/div_Calculating Summary_mx-0 proceed-state state-1_success' is present

2022-04-07 14:24:48 - [MESSAGE][WARNING] - Timeout '0' is invalid. Using default page load timeout: '30'

2022-04-07 14:24:48 - [MESSAGE][PASSED] - Object 'Object Repository/ME_CollateralAndLoan_Vehicle/div_Calculating Summary_mx-0 proceed-state state-1_success' is present

2022-04-07 14:24:48 - [TEST_STEP][PASSED] - delay(1): Delayed 1 second(s)

2022-04-07 14:24:49 - [MESSAGE][PASSED] - Delayed 1 second(s)

2022-04-07 14:24:49 - [TEST_STEP][PASSED] - click(findTestObject("ME_CollateralAndLoan_Vehicle/a_Close_calculate")): Object: 'Object Repository/ME_CollateralAndLoan_Vehicle/a_Close_calculate' is clicked on

2022-04-07 14:24:50 - [MESSAGE][PASSED] - Object: 'Object Repository/ME_CollateralAndLoan_Vehicle/a_Close_calculate' is clicked on]]></system-out>
         <system-err><![CDATA[]]></system-err>
      </testcase>
      <testcase name="Test Cases/Sprint 4/Skenario 1/01-04-Transaction-InputPenyimpangan-ProcessBM" time="36.446" classname="Test Cases/Sprint 4/Skenario 1/01-04-Transaction-InputPenyimpangan-ProcessBM" status="PASSED">
         <system-out><![CDATA[2022-04-07 14:24:50 - [TEST_CASE][PASSED] - Test Cases/Sprint 4/Skenario 1/01-04-Transaction-InputPenyimpangan-ProcessBM: Test Cases/Sprint 4/Skenario 1/01-04-Transaction-InputPenyimpangan-ProcessBM

2022-04-07 14:24:51 - [TEST_STEP][PASSED] - userDir = getProjectDir(): null

2022-04-07 14:24:51 - [TEST_STEP][PASSED] - scrollToPosition(0, 0): Browser is scrolled to position x = 0, y = 0

2022-04-07 14:24:51 - [MESSAGE][PASSED] - Browser is scrolled to position x = 0, y = 0

2022-04-07 14:24:51 - [TEST_STEP][PASSED] - click(findTestObject("Object Repository/Penyimpangan/span_Penyimpangan"), OPTIONAL): Object: 'Object Repository/Penyimpangan/span_Penyimpangan' is clicked on

2022-04-07 14:24:52 - [MESSAGE][PASSED] - Object: 'Object Repository/Penyimpangan/span_Penyimpangan' is clicked on

2022-04-07 14:24:52 - [TEST_STEP][PASSED] - delay(1): Delayed 1 second(s)

2022-04-07 14:24:53 - [MESSAGE][PASSED] - Delayed 1 second(s)

2022-04-07 14:24:53 - [TEST_STEP][PASSED] - takeFullPageScreenshotAsCheckpoint(userDir + sprint4WebScreenshootPath + "scenario-1-masuk-menu-penyimpangan.png"): Taking screenshot successfully

2022-04-07 14:24:54 - [MESSAGE][INFO] - 0 hidden object(s)

2022-04-07 14:24:54 - [MESSAGE][PASSED] - Taking screenshot successfully
[[ATTACHMENT|C:\Users\Nia Yusniati\Git_Asa\BCAF_MEAPP_i3\Screenshoot\Sprint4\Web\keyes\keyes-scenario-1-masuk-menu-penyimpangan.png]]

2022-04-07 14:24:54 - [TEST_STEP][PASSED] - markPassed("scenario 1 - Masuk menu penyimpangan"): scenario 1 - Masuk menu penyimpangan

2022-04-07 14:24:54 - [MESSAGE][PASSED] - scenario 1 - Masuk menu penyimpangan

2022-04-07 14:24:54 - [TEST_STEP][PASSED] - delay(1): Delayed 1 second(s)

2022-04-07 14:24:55 - [MESSAGE][PASSED] - Delayed 1 second(s)

2022-04-07 14:24:55 - [TEST_STEP][PASSED] - setText(findTestObject("Object Repository/Penyimpangan/input_keyword"), processBM_keyword, OPTIONAL): Text 'BM - (Tidak berlaku lagi) Bukti rumah berupa AJB / PBB / PPJB / HGB / Perjanjian Kredit KPR yang menunjukkan alamat sesuai dengan tempat tinggal konsumen (dapat atas nama pemohon / pasangan / anak / orang tua / mertua) (CS)' is set on object 'Object Repository/Penyimpangan/input_keyword'

2022-04-07 14:25:07 - [MESSAGE][PASSED] - Text 'BM - (Tidak berlaku lagi) Bukti rumah berupa AJB / PBB / PPJB / HGB / Perjanjian Kredit KPR yang menunjukkan alamat sesuai dengan tempat tinggal konsumen (dapat atas nama pemohon / pasangan / anak / orang tua / mertua) (CS)' is set on object 'Object Repository/Penyimpangan/input_keyword'

2022-04-07 14:25:07 - [TEST_STEP][PASSED] - takeFullPageScreenshotAsCheckpoint(userDir + sprint4WebScreenshootPath + "scenario-1-input-penyimpangan.png"): Taking screenshot successfully

2022-04-07 14:25:09 - [MESSAGE][INFO] - 0 hidden object(s)

2022-04-07 14:25:09 - [MESSAGE][PASSED] - Taking screenshot successfully
[[ATTACHMENT|C:\Users\Nia Yusniati\Git_Asa\BCAF_MEAPP_i3\Screenshoot\Sprint4\Web\keyes\keyes-scenario-1-input-penyimpangan.png]]

2022-04-07 14:25:09 - [TEST_STEP][PASSED] - markPassed("scenario 1 - Input penyimpangan"): scenario 1 - Input penyimpangan

2022-04-07 14:25:09 - [MESSAGE][PASSED] - scenario 1 - Input penyimpangan

2022-04-07 14:25:09 - [TEST_STEP][PASSED] - delay(1): Delayed 1 second(s)

2022-04-07 14:25:10 - [MESSAGE][PASSED] - Delayed 1 second(s)

2022-04-07 14:25:10 - [TEST_STEP][PASSED] - click(findTestObject("Object Repository/Penyimpangan/span_BM 1"), OPTIONAL): Object: 'Object Repository/Penyimpangan/span_BM 1' is clicked on

2022-04-07 14:25:11 - [MESSAGE][PASSED] - Object: 'Object Repository/Penyimpangan/span_BM 1' is clicked on

2022-04-07 14:25:11 - [TEST_STEP][PASSED] - delay(1): Delayed 1 second(s)

2022-04-07 14:25:12 - [MESSAGE][PASSED] - Delayed 1 second(s)

2022-04-07 14:25:12 - [TEST_STEP][PASSED] - scrollToElement(findTestObject("Object Repository/Penyimpangan/textarea_Catatan_note"), 0, OPTIONAL): Scroll to object 'Object Repository/Penyimpangan/textarea_Catatan_note' successfully

2022-04-07 14:25:12 - [MESSAGE][WARNING] - Timeout '0' is invalid. Using default page load timeout: '30'

2022-04-07 14:25:13 - [MESSAGE][PASSED] - Scroll to object 'Object Repository/Penyimpangan/textarea_Catatan_note' successfully

2022-04-07 14:25:13 - [TEST_STEP][PASSED] - delay(1): Delayed 1 second(s)

2022-04-07 14:25:14 - [MESSAGE][PASSED] - Delayed 1 second(s)

2022-04-07 14:25:14 - [TEST_STEP][PASSED] - setText(findTestObject("Object Repository/Penyimpangan/textarea_Catatan_note"), processBM_catatanNote, OPTIONAL): Text 'Pengajuan 1' is set on object 'Object Repository/Penyimpangan/textarea_Catatan_note'

2022-04-07 14:25:15 - [MESSAGE][PASSED] - Text 'Pengajuan 1' is set on object 'Object Repository/Penyimpangan/textarea_Catatan_note'

2022-04-07 14:25:15 - [TEST_STEP][PASSED] - delay(1): Delayed 1 second(s)

2022-04-07 14:25:16 - [MESSAGE][PASSED] - Delayed 1 second(s)

2022-04-07 14:25:16 - [TEST_STEP][PASSED] - takeFullPageScreenshotAsCheckpoint(userDir + sprint4WebScreenshootPath + "scenario-1-input-penyimpangan-selesai.png"): Taking screenshot successfully

2022-04-07 14:25:17 - [MESSAGE][INFO] - 0 hidden object(s)

2022-04-07 14:25:17 - [MESSAGE][PASSED] - Taking screenshot successfully
[[ATTACHMENT|C:\Users\Nia Yusniati\Git_Asa\BCAF_MEAPP_i3\Screenshoot\Sprint4\Web\keyes\keyes-scenario-1-input-penyimpangan-selesai.png]]

2022-04-07 14:25:17 - [TEST_STEP][PASSED] - markPassed("scenario 1 - Input penyimpangan selesai"): scenario 1 - Input penyimpangan selesai

2022-04-07 14:25:17 - [MESSAGE][PASSED] - scenario 1 - Input penyimpangan selesai

2022-04-07 14:25:17 - [TEST_STEP][PASSED] - delay(1): Delayed 1 second(s)

2022-04-07 14:25:18 - [MESSAGE][PASSED] - Delayed 1 second(s)

2022-04-07 14:25:18 - [TEST_STEP][PASSED] - click(findTestObject("Object Repository/Penyimpangan/span_Proceed"), OPTIONAL): Object: 'Object Repository/Penyimpangan/span_Proceed' is clicked on

2022-04-07 14:25:19 - [MESSAGE][PASSED] - Object: 'Object Repository/Penyimpangan/span_Proceed' is clicked on

2022-04-07 14:25:19 - [TEST_STEP][PASSED] - takeFullPageScreenshotAsCheckpoint(userDir + sprint4WebScreenshootPath + "scenario-1-berhasil-proceed.png"): Taking screenshot successfully

2022-04-07 14:25:20 - [MESSAGE][INFO] - 0 hidden object(s)

2022-04-07 14:25:21 - [MESSAGE][PASSED] - Taking screenshot successfully
[[ATTACHMENT|C:\Users\Nia Yusniati\Git_Asa\BCAF_MEAPP_i3\Screenshoot\Sprint4\Web\keyes\keyes-scenario-1-berhasil-proceed.png]]

2022-04-07 14:25:21 - [TEST_STEP][PASSED] - markPassed("scenario 1 - berhasil proceed"): scenario 1 - berhasil proceed

2022-04-07 14:25:21 - [MESSAGE][PASSED] - scenario 1 - berhasil proceed

2022-04-07 14:25:21 - [TEST_STEP][PASSED] - delay(5): Delayed 5 second(s)

2022-04-07 14:25:26 - [MESSAGE][PASSED] - Delayed 5 second(s)

2022-04-07 14:25:26 - [TEST_STEP][PASSED] - getSearch1 = getText(findTestObject("Penyimpangan/SetSearch")): Text of object 'Object Repository/Penyimpangan/SetSearch' is: '4003931'

2022-04-07 14:25:26 - [MESSAGE][PASSED] - Text of object 'Object Repository/Penyimpangan/SetSearch' is: '4003931'

2022-04-07 14:25:26 - [TEST_STEP][PASSED] - println(getSearch1): null

2022-04-07 14:25:26 - [TEST_STEP][PASSED] - Search1 = getSearch1: null]]></system-out>
         <system-err><![CDATA[]]></system-err>
      </testcase>
      <system-out><![CDATA[2022-04-07 14:11:20 - [TEST_SUITE][PASSED] - S1: Test Cases/Sprint 4/Skenario 1/01-04-Transaction-InputPenyimpangan-ProcessBM]]></system-out>
      <system-err><![CDATA[]]></system-err>
   </testsuite>
</testsuites>
