<?xml version="1.0" encoding="UTF-8"?>
<testsuites name="S2" time="849.129" tests="6" failures="0" errors="0">
   <testsuite name="S2" tests="6" failures="0" errors="0" time="849.129" skipped="0" timestamp="2022-04-07 14:26:18" hostname="Nia Yusniati - Apandi" id="Test Suites/Skenario_2/S2">
      <properties>
         <property name="deviceName" value=""/>
         <property name="devicePlatform" value=""/>
         <property name="logFolder" value="C:\\Users\\Nia Yusniati\\Git_Asa\\BCAF_MEAPP_i3\\Reports\\20220407_142600\\Skenario_2\\S2\\20220407_142600"/>
         <property name="logFiles" value="C:\\Users\\Nia Yusniati\\Git_Asa\\BCAF_MEAPP_i3\\Reports\\20220407_142600\\Skenario_2\\S2\\20220407_142600\\execution0.log"/>
         <property name="attachments" value="C:\Users\Nia Yusniati\Git_Asa\BCAF_MEAPP_i3\Screenshoot\Sprint4\Web\keyes\keyes-scenario-2-aplikasi-baru-login.png, C:\Users\Nia Yusniati\Git_Asa\BCAF_MEAPP_i3\Screenshoot\Sprint4\Web\keyes\keyes-scenario-2-memilih-button-transaksi-dan-aplikasi-baru.png, C:\Users\Nia Yusniati\Git_Asa\BCAF_MEAPP_i3\Screenshoot\Sprint4\Web\keyes\keyes-scenario-2-input-badan-usaha.png, C:\Users\Nia Yusniati\Git_Asa\BCAF_MEAPP_i3\Screenshoot\Sprint4\Web\keyes\keyes-scenario-2-page-sebelum-input-capture.png, C:\Users\Nia Yusniati\Git_Asa\BCAF_MEAPP_i3\Screenshoot\Sprint4\Web\keyes\keyes-scenario-2-Capture-npwp-siup-tdp.png, C:\Users\Nia Yusniati\Git_Asa\BCAF_MEAPP_i3\Screenshoot\Sprint4\Web\keyes\keyes-scenario-2-Memilih-Radio-Button-Perubahan-Data.png, C:\Users\Nia Yusniati\Git_Asa\BCAF_MEAPP_i3\Screenshoot\Sprint4\Web\keyes\keyes-scenario-2-Masuk-aplikasi-matching.png, C:\Users\Nia Yusniati\Git_Asa\BCAF_MEAPP_i3\Screenshoot\Sprint4\Web\keyes\keyes-scenario-2-Berhasil-dilakukan-inisiasi-konsumen-baru.png, C:\Users\Nia Yusniati\Git_Asa\BCAF_MEAPP_i3\Screenshoot\Sprint4\Web\keyes\keyes-scenario-2-masuk-submenu-surat-keterangan-domisili.png, C:\Users\Nia Yusniati\Git_Asa\BCAF_MEAPP_i3\Screenshoot\Sprint4\Web\keyes\keyes-scenario-2-capture-surat-keterangan-domisili-berhasil.png, C:\Users\Nia Yusniati\Git_Asa\BCAF_MEAPP_i3\Screenshoot\Sprint4\Web\keyes\keyes-scenario-2-Masuk-submenu-FAP.png, C:\Users\Nia Yusniati\Git_Asa\BCAF_MEAPP_i3\Screenshoot\Sprint4\Web\keyes\keyes-scenario-2-Input-data-FAP.png, C:\\Users\\Nia Yusniati\\Git_Asa\\BCAF_MEAPP_i3\\Reports\\20220407_142600\\Skenario_2\\S2\\20220407_142600\\1649316619737.png, C:\Users\Nia Yusniati\Git_Asa\BCAF_MEAPP_i3\Screenshoot\Sprint4\Web\keyes\keyes-scenario-2-Input-data-alamat-pengirim-surat.png, C:\Users\Nia Yusniati\Git_Asa\BCAF_MEAPP_i3\Screenshoot\Sprint4\Web\keyes\keyes-scenario-2-Input-data-pengurus.png, C:\Users\Nia Yusniati\Git_Asa\BCAF_MEAPP_i3\Screenshoot\Sprint4\Web\keyes\keyes-scenario-2-Masuk-submenu-data-pengurus-1.png, C:\Users\Nia Yusniati\Git_Asa\BCAF_MEAPP_i3\Screenshoot\Sprint4\Web\keyes\keyes-scenario-2-Berhasil-input-otomatis-data-pengurus-berdasarkan-data-capture-ktp-pengurus-yang-di-capture.png, C:\Users\Nia Yusniati\Git_Asa\BCAF_MEAPP_i3\Screenshoot\Sprint4\Web\keyes\keyes-scenario-2-Berhasil-input-otomatis-data-pengurus-1.png, C:\Users\Nia Yusniati\Git_Asa\BCAF_MEAPP_i3\Screenshoot\Sprint4\Web\keyes\keyes-scenario-2-Masuk-Submenu-pemegang-saham-1.png, C:\Users\Nia Yusniati\Git_Asa\BCAF_MEAPP_i3\Screenshoot\Sprint4\Web\keyes\keyes-scenario-2-Memilih-radio-button-pemegang-saham.png, C:\Users\Nia Yusniati\Git_Asa\BCAF_MEAPP_i3\Screenshoot\Sprint4\Web\keyes\keyes-scenario-2-Masuk-Submenu-pemegang-saham-1.png, C:\Users\Nia Yusniati\Git_Asa\BCAF_MEAPP_i3\Screenshoot\Sprint4\Web\keyes\keyes-scenario-2-Berhasil-pemegang-saham-1.png, C:\Users\Nia Yusniati\Git_Asa\BCAF_MEAPP_i3\Screenshoot\Sprint4\Web\keyes\keyes-scenario-2-Masuk-Submenu-financial.png, C:\Users\Nia Yusniati\Git_Asa\BCAF_MEAPP_i3\Screenshoot\Sprint4\Web\keyes\keyes-scenario-2-berhasil-input-capture-laporan-keuangan.png, C:\Users\Nia Yusniati\Git_Asa\BCAF_MEAPP_i3\Screenshoot\Sprint4\Web\keyes\keyes-scenario-2-behasil-input-capture-laporan-bukti-kepemilikan.png, C:\Users\Nia Yusniati\Git_Asa\BCAF_MEAPP_i3\Screenshoot\Sprint4\Web\keyes\keyes-scenario-2-berhasil-input-branch-dan-account-10digit-pada-submenu-financial.png, C:\Users\Nia Yusniati\Git_Asa\BCAF_MEAPP_i3\Screenshoot\Sprint4\Web\keyes\keyes-scenario-2-berhasil-input-contact-person.png, C:\Users\Nia Yusniati\Git_Asa\BCAF_MEAPP_i3\Screenshoot\Sprint4\Web\keyes\keyes-scenario-2-Masuk-menu-other-document.png, C:\Users\Nia Yusniati\Git_Asa\BCAF_MEAPP_i3\Screenshoot\Sprint4\Web\keyes\keyes-scenario-2-masuk-menu-collateral-dan-loan.png, C:\Users\Nia Yusniati\Git_Asa\BCAF_MEAPP_i3\Screenshoot\Sprint4\Web\keyes\keyes-scenario-2-input-jenis-pengajuan.png, C:\Users\Nia Yusniati\Git_Asa\BCAF_MEAPP_i3\Screenshoot\Sprint4\Web\keyes\keyes-scenario-2-input-tujuan-pengajuan.png, C:\Users\Nia Yusniati\Git_Asa\BCAF_MEAPP_i3\Screenshoot\Sprint4\Web\keyes\keyes-scenario-2-input-payment.png, C:\Users\Nia Yusniati\Git_Asa\BCAF_MEAPP_i3\Screenshoot\Sprint4\Web\keyes\keyes-scenario-2-input-data-autodebit.png, C:\Users\Nia Yusniati\Git_Asa\BCAF_MEAPP_i3\Screenshoot\Sprint4\Web\keyes\keyes-scenario-2-masuk-submenu-input-mutasi-rekening.png, C:\Users\Nia Yusniati\Git_Asa\BCAF_MEAPP_i3\Screenshoot\Sprint4\Web\keyes\keyes-scenario-2-sebelum-input-data-mutasi-rekening.png, C:\Users\Nia Yusniati\Git_Asa\BCAF_MEAPP_i3\Screenshoot\Sprint4\Web\keyes\keyes-scenario-2-input-data-mutasi-rekening.png, C:\Users\Nia Yusniati\Git_Asa\BCAF_MEAPP_i3\Screenshoot\Sprint4\Web\keyes\keyes-scenario-2-berhasil-mengisi-data-information.png, C:\Users\Nia Yusniati\Git_Asa\BCAF_MEAPP_i3\Screenshoot\Sprint4\Web\keyes\keyes-scenario-2-masuk-halaman-collateral-loan-vehicle.png, C:\Users\Nia Yusniati\Git_Asa\BCAF_MEAPP_i3\Screenshoot\Sprint4\Web\keyes\keyes-scenario-2-masuk-halaman-collateral-loan-vehicle.png, C:\Users\Nia Yusniati\Git_Asa\BCAF_MEAPP_i3\Screenshoot\Sprint4\Web\keyes\keyes-scenario-2-halaman-input-data-vehicle.png, C:\Users\Nia Yusniati\Git_Asa\BCAF_MEAPP_i3\Screenshoot\Sprint4\Web\keyes\keyes-scenario-2-berhasil-input-data-vehicle.png, C:\Users\Nia Yusniati\Git_Asa\BCAF_MEAPP_i3\Screenshoot\Sprint4\Web\keyes\keyes-scenario-2-halaman-input-loan-data.png, C:\Users\Nia Yusniati\Git_Asa\BCAF_MEAPP_i3\Screenshoot\Sprint4\Web\keyes\keyes-scenario-2-berhasil-input-data-loan.png, C:\Users\Nia Yusniati\Git_Asa\BCAF_MEAPP_i3\Screenshoot\Sprint4\Web\keyes\keyes-scenario-2-halaman-input-insurance.png, C:\Users\Nia Yusniati\Git_Asa\BCAF_MEAPP_i3\Screenshoot\Sprint4\Web\keyes\keyes-scenario-2-halaman-input-life-insurance.png, C:\Users\Nia Yusniati\Git_Asa\BCAF_MEAPP_i3\Screenshoot\Sprint4\Web\keyes\keyes-scenario-2-berhasil-input-data-insurance.png, C:\Users\Nia Yusniati\Git_Asa\BCAF_MEAPP_i3\Screenshoot\Sprint4\Web\keyes\keyes-scenario-2-submenu-notes.png, C:\Users\Nia Yusniati\Git_Asa\BCAF_MEAPP_i3\Screenshoot\Sprint4\Web\keyes\keyes-scenario-2-submenu-notes.png, C:\Users\Nia Yusniati\Git_Asa\BCAF_MEAPP_i3\Screenshoot\Sprint4\Web\keyes\keyes-scenario-2-pop-up-add-kendaraan.png, C:\Users\Nia Yusniati\Git_Asa\BCAF_MEAPP_i3\Screenshoot\Sprint4\Web\keyes\keyes-scenario-2-berhasil-add-kendaraan.png, C:\Users\Nia Yusniati\Git_Asa\BCAF_MEAPP_i3\Screenshoot\Sprint4\Web\keyes\keyes-scenario-2-pop-up-summary-total.png, C:\Users\Nia Yusniati\Git_Asa\BCAF_MEAPP_i3\Screenshoot\Sprint4\Web\keyes\keyes-scenario-2-masuk-menu-penyimpangan.png, C:\Users\Nia Yusniati\Git_Asa\BCAF_MEAPP_i3\Screenshoot\Sprint4\Web\keyes\keyes-scenario-2-input-penyimpangan.png, C:\Users\Nia Yusniati\Git_Asa\BCAF_MEAPP_i3\Screenshoot\Sprint4\Web\keyes\keyes-scenario-2-input-penyimpangan-selesai.png, C:\Users\Nia Yusniati\Git_Asa\BCAF_MEAPP_i3\Screenshoot\Sprint4\Web\keyes\keyes-scenario-2-berhasil-proceed.png, C:\Users\Nia Yusniati\Git_Asa\BCAF_MEAPP_i3\Screenshoot\Sprint4\Web\keyes\keyes-scenario-2-menu-inquiry-status.png, C:\Users\Nia Yusniati\Git_Asa\BCAF_MEAPP_i3\Screenshoot\Sprint4\Web\keyes\keyes-scenario-2-input-search-inquiry-status-data-pengajuan-1.png, C:\Users\Nia Yusniati\Git_Asa\BCAF_MEAPP_i3\Screenshoot\Sprint4\Web\keyes\keyes-scenario-2-input-search-inquiry-status-data-pengajuan-2.png"/>
         <property name="hostName" value="Nia Yusniati - Apandi"/>
         <property name="os" value="Windows 10 64bit"/>
         <property name="katalonVersion" value="8.1.0.208"/>
         <property name="browser" value="Chrome 99.0.4844.84"/>
         <property name="hostAddress" value="192.168.250.25"/>
         <property name="sessionId" value="d6a86edb694979b0f20e4ccd3e25bfed"/>
         <property name="seleniumVersion" value="3.141.59"/>
         <property name="proxyInformation" value="ProxyInformation { proxyOption=NO_PROXY, proxyServerType=HTTP, username=, password=********, proxyServerAddress=, proxyServerPort=0, executionList=&quot;&quot;, isApplyToDesiredCapabilities=true }"/>
         <property name="platform" value="Windows 10"/>
      </properties>
      <testcase name="Test Cases/Sprint 4/Skenario 2/02-01-Transaction-AppBaru-InisiasiKonsumenBaru" time="105.842" classname="Test Cases/Sprint 4/Skenario 2/02-01-Transaction-AppBaru-InisiasiKonsumenBaru" status="PASSED">
         <system-out><![CDATA[2022-04-07 14:26:18 - [TEST_CASE][PASSED] - Test Cases/Sprint 4/Skenario 2/02-01-Transaction-AppBaru-InisiasiKonsumenBaru: Test Cases/Sprint 4/Skenario 2/02-01-Transaction-AppBaru-InisiasiKonsumenBaru

2022-04-07 14:26:20 - [TEST_STEP][PASSED] - robot = new java.awt.Robot(): null

2022-04-07 14:26:20 - [TEST_STEP][PASSED] - userDir = getProjectDir(): null

2022-04-07 14:26:20 - [TEST_STEP][PASSED] - openBrowser(""): Browser is opened with url: ''

2022-04-07 14:26:21 - [MESSAGE][INFO] - Starting 'Chrome' driver

2022-04-07 14:26:21 - [MESSAGE][INFO] - Action delay is set to 0 milliseconds

2022-04-07 14:26:24 - [MESSAGE][PASSED] - Browser is opened with url: ''

2022-04-07 14:26:24 - [TEST_STEP][PASSED] - driver = getWebDriver(): null

2022-04-07 14:26:24 - [TEST_STEP][PASSED] - navigateToUrl(ME_url): Navigate to 'https://mecorporate.idofocus.co.id:25443/login' successfully

2022-04-07 14:26:31 - [MESSAGE][PASSED] - Navigate to 'https://mecorporate.idofocus.co.id:25443/login' successfully

2022-04-07 14:26:31 - [TEST_STEP][PASSED] - maximizeWindow(): Current window maximized

2022-04-07 14:26:32 - [MESSAGE][PASSED] - Current window maximized

2022-04-07 14:26:32 - [TEST_STEP][PASSED] - delay(5): Delayed 5 second(s)

2022-04-07 14:26:37 - [MESSAGE][PASSED] - Delayed 5 second(s)

2022-04-07 14:26:37 - [TEST_STEP][PASSED] - setText(findTestObject("MEApp_AppBaru_InisiasiKonsumen/input_User ID_login"), CMO): Text '20190364' is set on object 'Object Repository/MEApp_AppBaru_InisiasiKonsumen/input_User ID_login'

2022-04-07 14:26:38 - [MESSAGE][PASSED] - Text '20190364' is set on object 'Object Repository/MEApp_AppBaru_InisiasiKonsumen/input_User ID_login'

2022-04-07 14:26:38 - [TEST_STEP][PASSED] - setText(findTestObject("MEApp_AppBaru_InisiasiKonsumen/input_User Password_login"), password): Text 'Mobile123+' is set on object 'Object Repository/MEApp_AppBaru_InisiasiKonsumen/input_User Password_login'

2022-04-07 14:26:39 - [MESSAGE][PASSED] - Text 'Mobile123+' is set on object 'Object Repository/MEApp_AppBaru_InisiasiKonsumen/input_User Password_login'

2022-04-07 14:26:39 - [TEST_STEP][PASSED] - takeFullPageScreenshotAsCheckpoint(userDir + sprint4WebScreenshootPath + "scenario-2-aplikasi-baru-login.png"): Taking screenshot successfully

2022-04-07 14:26:39 - [MESSAGE][INFO] - 0 hidden object(s)

2022-04-07 14:26:40 - [MESSAGE][PASSED] - Taking screenshot successfully
[[ATTACHMENT|C:\Users\Nia Yusniati\Git_Asa\BCAF_MEAPP_i3\Screenshoot\Sprint4\Web\keyes\keyes-scenario-2-aplikasi-baru-login.png]]

2022-04-07 14:26:40 - [TEST_STEP][PASSED] - markPassed("scenario 2 - Memastikan login berhasil"): scenario 2 - Memastikan login berhasil

2022-04-07 14:26:40 - [MESSAGE][PASSED] - scenario 2 - Memastikan login berhasil

2022-04-07 14:26:40 - [TEST_STEP][PASSED] - click(findTestObject("MEApp_AppBaru_InisiasiKonsumen/button_Login")): Object: 'Object Repository/MEApp_AppBaru_InisiasiKonsumen/button_Login' is clicked on

2022-04-07 14:26:40 - [MESSAGE][PASSED] - Object: 'Object Repository/MEApp_AppBaru_InisiasiKonsumen/button_Login' is clicked on

2022-04-07 14:26:40 - [TEST_STEP][PASSED] - delay(2): Delayed 2 second(s)

2022-04-07 14:26:42 - [MESSAGE][PASSED] - Delayed 2 second(s)

2022-04-07 14:26:42 - [TEST_STEP][PASSED] - verifyElementPresent(findTestObject("MEApp_AppBaru_InisiasiKonsumen/span_Transaksi"), 0): Object 'Object Repository/MEApp_AppBaru_InisiasiKonsumen/span_Transaksi' is present

2022-04-07 14:26:42 - [MESSAGE][WARNING] - Timeout '0' is invalid. Using default page load timeout: '30'

2022-04-07 14:26:43 - [MESSAGE][PASSED] - Object 'Object Repository/MEApp_AppBaru_InisiasiKonsumen/span_Transaksi' is present

2022-04-07 14:26:43 - [TEST_STEP][PASSED] - click(findTestObject("MEApp_AppBaru_InisiasiKonsumen/span_Transaksi")): Object: 'Object Repository/MEApp_AppBaru_InisiasiKonsumen/span_Transaksi' is clicked on

2022-04-07 14:26:43 - [MESSAGE][PASSED] - Object: 'Object Repository/MEApp_AppBaru_InisiasiKonsumen/span_Transaksi' is clicked on

2022-04-07 14:26:43 - [TEST_STEP][PASSED] - delay(1): Delayed 1 second(s)

2022-04-07 14:26:44 - [MESSAGE][PASSED] - Delayed 1 second(s)

2022-04-07 14:26:44 - [TEST_STEP][PASSED] - click(findTestObject("MEApp_AppBaru_InisiasiKonsumen/span_Aplikasi Baru")): Object: 'Object Repository/MEApp_AppBaru_InisiasiKonsumen/span_Aplikasi Baru' is clicked on

2022-04-07 14:26:45 - [MESSAGE][PASSED] - Object: 'Object Repository/MEApp_AppBaru_InisiasiKonsumen/span_Aplikasi Baru' is clicked on

2022-04-07 14:26:45 - [TEST_STEP][PASSED] - delay(1): Delayed 1 second(s)

2022-04-07 14:26:46 - [MESSAGE][PASSED] - Delayed 1 second(s)

2022-04-07 14:26:46 - [TEST_STEP][PASSED] - takeFullPageScreenshotAsCheckpoint(userDir + sprint4WebScreenshootPath + "scenario-2-memilih-button-transaksi-dan-aplikasi-baru.png"): Taking screenshot successfully

2022-04-07 14:26:47 - [MESSAGE][INFO] - 0 hidden object(s)

2022-04-07 14:26:47 - [MESSAGE][PASSED] - Taking screenshot successfully
[[ATTACHMENT|C:\Users\Nia Yusniati\Git_Asa\BCAF_MEAPP_i3\Screenshoot\Sprint4\Web\keyes\keyes-scenario-2-memilih-button-transaksi-dan-aplikasi-baru.png]]

2022-04-07 14:26:47 - [TEST_STEP][PASSED] - markPassed("scenario 2 - Memilih button transaksi dan aplikasi baru"): scenario 2 - Memilih button transaksi dan aplikasi baru

2022-04-07 14:26:47 - [MESSAGE][PASSED] - scenario 2 - Memilih button transaksi dan aplikasi baru

2022-04-07 14:26:47 - [TEST_STEP][PASSED] - click(findTestObject("MEApp_AppBaru_InisiasiKonsumen/input_perorangan_radios-apptype")): Object: 'Object Repository/MEApp_AppBaru_InisiasiKonsumen/input_perorangan_radios-apptype' is clicked on

2022-04-07 14:26:47 - [MESSAGE][PASSED] - Object: 'Object Repository/MEApp_AppBaru_InisiasiKonsumen/input_perorangan_radios-apptype' is clicked on

2022-04-07 14:26:47 - [TEST_STEP][PASSED] - delay(1): Delayed 1 second(s)

2022-04-07 14:26:48 - [MESSAGE][PASSED] - Delayed 1 second(s)

2022-04-07 14:26:48 - [TEST_STEP][PASSED] - click(findTestObject("MEApp_AppBaru_InisiasiKonsumen/input_korporasi_radios-apptype")): Object: 'Object Repository/MEApp_AppBaru_InisiasiKonsumen/input_korporasi_radios-apptype' is clicked on

2022-04-07 14:26:49 - [MESSAGE][PASSED] - Object: 'Object Repository/MEApp_AppBaru_InisiasiKonsumen/input_korporasi_radios-apptype' is clicked on

2022-04-07 14:26:49 - [TEST_STEP][PASSED] - delay(1): Delayed 1 second(s)

2022-04-07 14:26:50 - [MESSAGE][PASSED] - Delayed 1 second(s)

2022-04-07 14:26:50 - [TEST_STEP][PASSED] - click(findTestObject("MEApp_AppBaru_InisiasiKonsumen/input-badanusaha")): Object: 'Object Repository/MEApp_AppBaru_InisiasiKonsumen/input-badanusaha' is clicked on

2022-04-07 14:26:51 - [MESSAGE][PASSED] - Object: 'Object Repository/MEApp_AppBaru_InisiasiKonsumen/input-badanusaha' is clicked on

2022-04-07 14:26:51 - [TEST_STEP][PASSED] - delay(1): Delayed 1 second(s)

2022-04-07 14:26:52 - [MESSAGE][PASSED] - Delayed 1 second(s)

2022-04-07 14:26:52 - [TEST_STEP][PASSED] - setText(findTestObject("MEApp_AppBaru_InisiasiKonsumen/input-badanusaha"), "Perseroan Terbatas ( PT. , NV. , LTD. )"): Text 'Perseroan Terbatas ( PT. , NV. , LTD. )' is set on object 'Object Repository/MEApp_AppBaru_InisiasiKonsumen/input-badanusaha'

2022-04-07 14:26:53 - [MESSAGE][PASSED] - Text 'Perseroan Terbatas ( PT. , NV. , LTD. )' is set on object 'Object Repository/MEApp_AppBaru_InisiasiKonsumen/input-badanusaha'

2022-04-07 14:26:53 - [TEST_STEP][PASSED] - delay(1): Delayed 1 second(s)

2022-04-07 14:26:54 - [MESSAGE][PASSED] - Delayed 1 second(s)

2022-04-07 14:26:54 - [TEST_STEP][PASSED] - takeFullPageScreenshotAsCheckpoint(userDir + sprint4WebScreenshootPath + "scenario-2-input-badan-usaha.png"): Taking screenshot successfully

2022-04-07 14:26:54 - [MESSAGE][INFO] - 0 hidden object(s)

2022-04-07 14:26:54 - [MESSAGE][PASSED] - Taking screenshot successfully
[[ATTACHMENT|C:\Users\Nia Yusniati\Git_Asa\BCAF_MEAPP_i3\Screenshoot\Sprint4\Web\keyes\keyes-scenario-2-input-badan-usaha.png]]

2022-04-07 14:26:54 - [TEST_STEP][PASSED] - markPassed("scenario 2 - Input badan usaha"): scenario 2 - Input badan usaha

2022-04-07 14:26:54 - [MESSAGE][PASSED] - scenario 2 - Input badan usaha

2022-04-07 14:26:54 - [TEST_STEP][PASSED] - delay(2): Delayed 2 second(s)

2022-04-07 14:26:56 - [MESSAGE][PASSED] - Delayed 2 second(s)

2022-04-07 14:26:56 - [TEST_STEP][PASSED] - click(findTestObject("MEApp_AppBaru_InisiasiKonsumen/span_Perseroan Terbatas ( PT. , NV. , LTD. )")): Object: 'Object Repository/MEApp_AppBaru_InisiasiKonsumen/span_Perseroan Terbatas ( PT. , NV. , LTD. )' is clicked on

2022-04-07 14:26:57 - [MESSAGE][PASSED] - Object: 'Object Repository/MEApp_AppBaru_InisiasiKonsumen/span_Perseroan Terbatas ( PT. , NV. , LTD. )' is clicked on

2022-04-07 14:26:57 - [TEST_STEP][PASSED] - delay(2): Delayed 2 second(s)

2022-04-07 14:26:59 - [MESSAGE][PASSED] - Delayed 2 second(s)

2022-04-07 14:26:59 - [TEST_STEP][PASSED] - takeFullPageScreenshotAsCheckpoint(userDir + sprint4WebScreenshootPath + "scenario-2-page-sebelum-input-capture.png"): Taking screenshot successfully

2022-04-07 14:27:00 - [MESSAGE][INFO] - 0 hidden object(s)

2022-04-07 14:27:00 - [MESSAGE][PASSED] - Taking screenshot successfully
[[ATTACHMENT|C:\Users\Nia Yusniati\Git_Asa\BCAF_MEAPP_i3\Screenshoot\Sprint4\Web\keyes\keyes-scenario-2-page-sebelum-input-capture.png]]

2022-04-07 14:27:00 - [TEST_STEP][PASSED] - markPassed("scenario 2 - Sebelum input capture npwp + SIUP + TDP"): scenario 2 - Sebelum input capture npwp + SIUP + TDP

2022-04-07 14:27:00 - [MESSAGE][PASSED] - scenario 2 - Sebelum input capture npwp + SIUP + TDP

2022-04-07 14:27:00 - [TEST_STEP][PASSED] - delay(2): Delayed 2 second(s)

2022-04-07 14:27:02 - [MESSAGE][PASSED] - Delayed 2 second(s)

2022-04-07 14:27:02 - [TEST_STEP][PASSED] - click(findTestObject("MEApp_AppBaru_InisiasiKonsumen/button_Capture_npwp")): Object: 'Object Repository/MEApp_AppBaru_InisiasiKonsumen/button_Capture_npwp' is clicked on

2022-04-07 14:27:02 - [MESSAGE][PASSED] - Object: 'Object Repository/MEApp_AppBaru_InisiasiKonsumen/button_Capture_npwp' is clicked on

2022-04-07 14:27:02 - [TEST_STEP][PASSED] - delay(2): Delayed 2 second(s)

2022-04-07 14:27:04 - [MESSAGE][PASSED] - Delayed 2 second(s)

2022-04-07 14:27:04 - [TEST_STEP][PASSED] - uploadFile(findTestObject("MEApp_AppBaru_InisiasiKonsumen/Capture_"), userDir + pathfinder_npwp): File 'C:/Users/Nia Yusniati/Git_Asa/BCAF_MEAPP_i3/Assets/npwp-dummy.jpg' sent to object: 'Object Repository/MEApp_AppBaru_InisiasiKonsumen/Capture_'

2022-04-07 14:27:05 - [MESSAGE][PASSED] - File 'C:/Users/Nia Yusniati/Git_Asa/BCAF_MEAPP_i3/Assets/npwp-dummy.jpg' sent to object: 'Object Repository/MEApp_AppBaru_InisiasiKonsumen/Capture_'

2022-04-07 14:27:05 - [TEST_STEP][PASSED] - waitForElementPresent(findTestObject("MEApp_AppBaru_InisiasiKonsumen/button_NPWP"), 0): Object 'Object Repository/MEApp_AppBaru_InisiasiKonsumen/button_NPWP' is present

2022-04-07 14:27:05 - [MESSAGE][WARNING] - Timeout '0' is invalid. Using default page load timeout: '30'

2022-04-07 14:27:08 - [MESSAGE][PASSED] - Object 'Object Repository/MEApp_AppBaru_InisiasiKonsumen/button_NPWP' is present

2022-04-07 14:27:08 - [TEST_STEP][PASSED] - setText(findTestObject("MEApp_AppBaru_InisiasiKonsumen/input_NPWP No fix"), NPWP_tidakBerlaku): Text '018368167428000' is set on object 'Object Repository/MEApp_AppBaru_InisiasiKonsumen/input_NPWP No fix'

2022-04-07 14:27:09 - [MESSAGE][PASSED] - Text '018368167428000' is set on object 'Object Repository/MEApp_AppBaru_InisiasiKonsumen/input_NPWP No fix'

2022-04-07 14:27:09 - [TEST_STEP][PASSED] - delay(1): Delayed 1 second(s)

2022-04-07 14:27:10 - [MESSAGE][PASSED] - Delayed 1 second(s)

2022-04-07 14:27:10 - [TEST_STEP][PASSED] - setText(findTestObject("MEApp_AppBaru_InisiasiKonsumen/input_Name fix"), CN_tidakBerlaku): Text 'NIGUUNUNANETI  AASA DS' is set on object 'Object Repository/MEApp_AppBaru_InisiasiKonsumen/input_Name fix'

2022-04-07 14:27:11 - [MESSAGE][PASSED] - Text 'NIGUUNUNANETI  AASA DS' is set on object 'Object Repository/MEApp_AppBaru_InisiasiKonsumen/input_Name fix'

2022-04-07 14:27:11 - [TEST_STEP][PASSED] - click(findTestObject("MEApp_AppBaru_InisiasiKonsumen/button_Capture_siupfix")): Object: 'Object Repository/MEApp_AppBaru_InisiasiKonsumen/button_Capture_siupfix' is clicked on

2022-04-07 14:27:12 - [MESSAGE][PASSED] - Object: 'Object Repository/MEApp_AppBaru_InisiasiKonsumen/button_Capture_siupfix' is clicked on

2022-04-07 14:27:12 - [TEST_STEP][PASSED] - delay(2): Delayed 2 second(s)

2022-04-07 14:27:14 - [MESSAGE][PASSED] - Delayed 2 second(s)

2022-04-07 14:27:14 - [TEST_STEP][PASSED] - uploadFile(findTestObject("MEApp_AppBaru_InisiasiKonsumen/Capture_"), userDir + pathfinder_siup): File 'C:/Users/Nia Yusniati/Git_Asa/BCAF_MEAPP_i3/Assets/siup-dummy.jpg' sent to object: 'Object Repository/MEApp_AppBaru_InisiasiKonsumen/Capture_'

2022-04-07 14:27:14 - [MESSAGE][PASSED] - File 'C:/Users/Nia Yusniati/Git_Asa/BCAF_MEAPP_i3/Assets/siup-dummy.jpg' sent to object: 'Object Repository/MEApp_AppBaru_InisiasiKonsumen/Capture_'

2022-04-07 14:27:14 - [TEST_STEP][PASSED] - delay(2): Delayed 2 second(s)

2022-04-07 14:27:16 - [MESSAGE][PASSED] - Delayed 2 second(s)

2022-04-07 14:27:16 - [TEST_STEP][PASSED] - click(findTestObject("MEApp_AppBaru_InisiasiKonsumen/button_Capture_TDP")): Object: 'Object Repository/MEApp_AppBaru_InisiasiKonsumen/button_Capture_TDP' is clicked on

2022-04-07 14:27:20 - [MESSAGE][PASSED] - Object: 'Object Repository/MEApp_AppBaru_InisiasiKonsumen/button_Capture_TDP' is clicked on

2022-04-07 14:27:20 - [TEST_STEP][PASSED] - delay(2): Delayed 2 second(s)

2022-04-07 14:27:22 - [MESSAGE][PASSED] - Delayed 2 second(s)

2022-04-07 14:27:22 - [TEST_STEP][PASSED] - uploadFile(findTestObject("MEApp_AppBaru_InisiasiKonsumen/Capture_"), userDir + pathfinder_tdp): File 'C:/Users/Nia Yusniati/Git_Asa/BCAF_MEAPP_i3/Assets/tdp-dummy.jpg' sent to object: 'Object Repository/MEApp_AppBaru_InisiasiKonsumen/Capture_'

2022-04-07 14:27:23 - [MESSAGE][PASSED] - File 'C:/Users/Nia Yusniati/Git_Asa/BCAF_MEAPP_i3/Assets/tdp-dummy.jpg' sent to object: 'Object Repository/MEApp_AppBaru_InisiasiKonsumen/Capture_'

2022-04-07 14:27:23 - [TEST_STEP][PASSED] - delay(2): Delayed 2 second(s)

2022-04-07 14:27:25 - [MESSAGE][PASSED] - Delayed 2 second(s)

2022-04-07 14:27:25 - [TEST_STEP][PASSED] - takeFullPageScreenshotAsCheckpoint(userDir + sprint4WebScreenshootPath + "scenario-2-Capture-npwp-siup-tdp.png"): Taking screenshot successfully

2022-04-07 14:27:25 - [MESSAGE][INFO] - 0 hidden object(s)

2022-04-07 14:27:26 - [MESSAGE][PASSED] - Taking screenshot successfully
[[ATTACHMENT|C:\Users\Nia Yusniati\Git_Asa\BCAF_MEAPP_i3\Screenshoot\Sprint4\Web\keyes\keyes-scenario-2-Capture-npwp-siup-tdp.png]]

2022-04-07 14:27:26 - [TEST_STEP][PASSED] - markPassed("scenario 2 - Capture NPWP + SIUP + TDP"): scenario 2 - Capture NPWP + SIUP + TDP

2022-04-07 14:27:26 - [MESSAGE][PASSED] - scenario 2 - Capture NPWP + SIUP + TDP

2022-04-07 14:27:26 - [TEST_STEP][PASSED] - delay(2): Delayed 2 second(s)

2022-04-07 14:27:28 - [MESSAGE][PASSED] - Delayed 2 second(s)

2022-04-07 14:27:28 - [TEST_STEP][PASSED] - click(findTestObject("MEApp_AppBaru_InisiasiKonsumen/input_Ada Perubahan Data Tidak")): Object: 'Object Repository/MEApp_AppBaru_InisiasiKonsumen/input_Ada Perubahan Data Tidak' is clicked on

2022-04-07 14:27:28 - [MESSAGE][PASSED] - Object: 'Object Repository/MEApp_AppBaru_InisiasiKonsumen/input_Ada Perubahan Data Tidak' is clicked on

2022-04-07 14:27:28 - [TEST_STEP][PASSED] - delay(1): Delayed 1 second(s)

2022-04-07 14:27:29 - [MESSAGE][PASSED] - Delayed 1 second(s)

2022-04-07 14:27:29 - [TEST_STEP][PASSED] - click(findTestObject("MEApp_AppBaru_InisiasiKonsumen/input_Ada Perubahan Data YA")): Object: 'Object Repository/MEApp_AppBaru_InisiasiKonsumen/input_Ada Perubahan Data YA' is clicked on

2022-04-07 14:27:30 - [MESSAGE][PASSED] - Object: 'Object Repository/MEApp_AppBaru_InisiasiKonsumen/input_Ada Perubahan Data YA' is clicked on

2022-04-07 14:27:30 - [TEST_STEP][PASSED] - delay(1): Delayed 1 second(s)

2022-04-07 14:27:31 - [MESSAGE][PASSED] - Delayed 1 second(s)

2022-04-07 14:27:31 - [TEST_STEP][PASSED] - takeFullPageScreenshotAsCheckpoint(userDir + sprint4WebScreenshootPath + "scenario-2-Memilih-Radio-Button-Perubahan-Data.png"): Taking screenshot successfully

2022-04-07 14:27:32 - [MESSAGE][INFO] - 0 hidden object(s)

2022-04-07 14:27:32 - [MESSAGE][PASSED] - Taking screenshot successfully
[[ATTACHMENT|C:\Users\Nia Yusniati\Git_Asa\BCAF_MEAPP_i3\Screenshoot\Sprint4\Web\keyes\keyes-scenario-2-Memilih-Radio-Button-Perubahan-Data.png]]

2022-04-07 14:27:32 - [TEST_STEP][PASSED] - markPassed("scenario 2 - Memilih Radio Button Perubahan Data"): scenario 2 - Memilih Radio Button Perubahan Data

2022-04-07 14:27:32 - [MESSAGE][PASSED] - scenario 2 - Memilih Radio Button Perubahan Data

2022-04-07 14:27:32 - [TEST_STEP][PASSED] - delay(2): Delayed 2 second(s)

2022-04-07 14:27:34 - [MESSAGE][PASSED] - Delayed 2 second(s)

2022-04-07 14:27:34 - [TEST_STEP][PASSED] - click(findTestObject("MEApp_AppBaru_InisiasiKonsumen/button_Prosesfix")): Object: 'Object Repository/MEApp_AppBaru_InisiasiKonsumen/button_Prosesfix' is clicked on

2022-04-07 14:27:35 - [MESSAGE][PASSED] - Object: 'Object Repository/MEApp_AppBaru_InisiasiKonsumen/button_Prosesfix' is clicked on

2022-04-07 14:27:35 - [TEST_STEP][PASSED] - delay(2): Delayed 2 second(s)

2022-04-07 14:27:37 - [MESSAGE][PASSED] - Delayed 2 second(s)

2022-04-07 14:27:37 - [TEST_STEP][PASSED] - waitForElementPresent(findTestObject("MEApp_AppBaru_InisiasiKonsumen/AplikasiBaruMatching"), 300): Object 'Object Repository/MEApp_AppBaru_InisiasiKonsumen/AplikasiBaruMatching' is present

2022-04-07 14:27:52 - [MESSAGE][PASSED] - Object 'Object Repository/MEApp_AppBaru_InisiasiKonsumen/AplikasiBaruMatching' is present

2022-04-07 14:27:52 - [TEST_STEP][PASSED] - takeFullPageScreenshotAsCheckpoint(userDir + sprint4WebScreenshootPath + "scenario-2-Masuk-aplikasi-matching.png"): Taking screenshot successfully

2022-04-07 14:27:53 - [MESSAGE][INFO] - 0 hidden object(s)

2022-04-07 14:27:53 - [MESSAGE][PASSED] - Taking screenshot successfully
[[ATTACHMENT|C:\Users\Nia Yusniati\Git_Asa\BCAF_MEAPP_i3\Screenshoot\Sprint4\Web\keyes\keyes-scenario-2-Masuk-aplikasi-matching.png]]

2022-04-07 14:27:53 - [TEST_STEP][PASSED] - markPassed("scenario 2 - Masuk aplikasi matching"): scenario 2 - Masuk aplikasi matching

2022-04-07 14:27:53 - [MESSAGE][PASSED] - scenario 2 - Masuk aplikasi matching

2022-04-07 14:27:53 - [TEST_STEP][PASSED] - delay(2): Delayed 2 second(s)

2022-04-07 14:27:55 - [MESSAGE][PASSED] - Delayed 2 second(s)

2022-04-07 14:27:55 - [TEST_STEP][PASSED] - click(findTestObject("MEApp_AppBaru_InisiasiKonsumen/a_Ok")): Object: 'Object Repository/MEApp_AppBaru_InisiasiKonsumen/a_Ok' is clicked on

2022-04-07 14:27:56 - [MESSAGE][PASSED] - Object: 'Object Repository/MEApp_AppBaru_InisiasiKonsumen/a_Ok' is clicked on

2022-04-07 14:27:56 - [TEST_STEP][PASSED] - delay(1): Delayed 1 second(s)

2022-04-07 14:27:57 - [MESSAGE][PASSED] - Delayed 1 second(s)

2022-04-07 14:27:57 - [TEST_STEP][PASSED] - click(findTestObject("MEApp_AppBaru_InisiasiKonsumen/button_Ya")): Object: 'Object Repository/MEApp_AppBaru_InisiasiKonsumen/button_Ya' is clicked on

2022-04-07 14:27:58 - [MESSAGE][PASSED] - Object: 'Object Repository/MEApp_AppBaru_InisiasiKonsumen/button_Ya' is clicked on

2022-04-07 14:27:58 - [TEST_STEP][PASSED] - delay(3): Delayed 3 second(s)

2022-04-07 14:28:01 - [MESSAGE][PASSED] - Delayed 3 second(s)

2022-04-07 14:28:01 - [TEST_STEP][PASSED] - takeFullPageScreenshotAsCheckpoint(userDir + sprint4WebScreenshootPath + "scenario-2-Berhasil-dilakukan-inisiasi-konsumen-baru.png"): Taking screenshot successfully

2022-04-07 14:28:02 - [MESSAGE][INFO] - 0 hidden object(s)

2022-04-07 14:28:02 - [MESSAGE][PASSED] - Taking screenshot successfully
[[ATTACHMENT|C:\Users\Nia Yusniati\Git_Asa\BCAF_MEAPP_i3\Screenshoot\Sprint4\Web\keyes\keyes-scenario-2-Berhasil-dilakukan-inisiasi-konsumen-baru.png]]

2022-04-07 14:28:02 - [TEST_STEP][PASSED] - markPassed("scenario 2 - Berhasil dilakukan inisiasi konsumen baru"): scenario 2 - Berhasil dilakukan inisiasi konsumen baru

2022-04-07 14:28:02 - [MESSAGE][PASSED] - scenario 2 - Berhasil dilakukan inisiasi konsumen baru

2022-04-07 14:28:02 - [TEST_STEP][PASSED] - delay(2): Delayed 2 second(s)

2022-04-07 14:28:04 - [MESSAGE][PASSED] - Delayed 2 second(s)]]></system-out>
         <system-err><![CDATA[]]></system-err>
      </testcase>
      <testcase name="Test Cases/Sprint 4/Skenario 2/02-02-Transaction-AppPending-InputCorporate" time="291.776" classname="Test Cases/Sprint 4/Skenario 2/02-02-Transaction-AppPending-InputCorporate" status="PASSED">
         <system-out><![CDATA[2022-04-07 14:28:04 - [TEST_CASE][PASSED] - Test Cases/Sprint 4/Skenario 2/02-02-Transaction-AppPending-InputCorporate: Test Cases/Sprint 4/Skenario 2/02-02-Transaction-AppPending-InputCorporate

2022-04-07 14:28:07 - [TEST_STEP][PASSED] - userDir = getProjectDir(): null

2022-04-07 14:28:07 - [TEST_STEP][PASSED] - setText(findTestObject("Object Repository/Input_Corporate/Input_Konsumen/input_SID Name_form-control ng-untouched ng-pristine ng-invalid"), konsumen_SID, OPTIONAL): Text '223213445' is set on object 'Object Repository/Input_Corporate/Input_Konsumen/input_SID Name_form-control ng-untouched ng-pristine ng-invalid'

2022-04-07 14:29:04 - [MESSAGE][PASSED] - Text '223213445' is set on object 'Object Repository/Input_Corporate/Input_Konsumen/input_SID Name_form-control ng-untouched ng-pristine ng-invalid'

2022-04-07 14:29:04 - [TEST_STEP][PASSED] - delay(1): Delayed 1 second(s)

2022-04-07 14:29:05 - [MESSAGE][PASSED] - Delayed 1 second(s)

2022-04-07 14:29:05 - [TEST_STEP][PASSED] - scrollToElement(findTestObject("Object Repository/Input_Corporate/Input_Konsumen/i_Fax 2_ri-arrow-right-line"), 60, OPTIONAL): Scroll to object 'Object Repository/Input_Corporate/Input_Konsumen/i_Fax 2_ri-arrow-right-line' successfully

2022-04-07 14:29:05 - [MESSAGE][PASSED] - Scroll to object 'Object Repository/Input_Corporate/Input_Konsumen/i_Fax 2_ri-arrow-right-line' successfully

2022-04-07 14:29:05 - [TEST_STEP][PASSED] - delay(1): Delayed 1 second(s)

2022-04-07 14:29:06 - [MESSAGE][PASSED] - Delayed 1 second(s)

2022-04-07 14:29:06 - [TEST_STEP][PASSED] - click(findTestObject("Object Repository/Input_Corporate/Input_Konsumen/button_Surat Keterangan Domisili"), OPTIONAL): Object: 'Object Repository/Input_Corporate/Input_Konsumen/button_Surat Keterangan Domisili' is clicked on

2022-04-07 14:29:07 - [MESSAGE][PASSED] - Object: 'Object Repository/Input_Corporate/Input_Konsumen/button_Surat Keterangan Domisili' is clicked on

2022-04-07 14:29:07 - [TEST_STEP][PASSED] - delay(1): Delayed 1 second(s)

2022-04-07 14:29:08 - [MESSAGE][PASSED] - Delayed 1 second(s)

2022-04-07 14:29:08 - [TEST_STEP][PASSED] - takeFullPageScreenshotAsCheckpoint(userDir + sprint4WebScreenshootPath + "scenario-2-masuk-submenu-surat-keterangan-domisili.png"): Taking screenshot successfully

2022-04-07 14:29:09 - [MESSAGE][INFO] - 0 hidden object(s)

2022-04-07 14:29:09 - [MESSAGE][PASSED] - Taking screenshot successfully
[[ATTACHMENT|C:\Users\Nia Yusniati\Git_Asa\BCAF_MEAPP_i3\Screenshoot\Sprint4\Web\keyes\keyes-scenario-2-masuk-submenu-surat-keterangan-domisili.png]]

2022-04-07 14:29:09 - [TEST_STEP][PASSED] - markPassed("scenario 2 - Masuk submenu surat keterangan domisili"): scenario 2 - Masuk submenu surat keterangan domisili

2022-04-07 14:29:09 - [MESSAGE][PASSED] - scenario 2 - Masuk submenu surat keterangan domisili

2022-04-07 14:29:09 - [TEST_STEP][PASSED] - delay(1): Delayed 1 second(s)

2022-04-07 14:29:10 - [MESSAGE][PASSED] - Delayed 1 second(s)

2022-04-07 14:29:10 - [TEST_STEP][PASSED] - click(findTestObject("Object Repository/Input_Corporate/Input_Konsumen/button_Capture_Domisili"), OPTIONAL): Object: 'Object Repository/Input_Corporate/Input_Konsumen/button_Capture_Domisili' is clicked on

2022-04-07 14:29:11 - [MESSAGE][PASSED] - Object: 'Object Repository/Input_Corporate/Input_Konsumen/button_Capture_Domisili' is clicked on

2022-04-07 14:29:11 - [TEST_STEP][PASSED] - delay(1): Delayed 1 second(s)

2022-04-07 14:29:12 - [MESSAGE][PASSED] - Delayed 1 second(s)

2022-04-07 14:29:12 - [TEST_STEP][PASSED] - uploadFile(findTestObject("Input_Corporate/Capture_"), userDir + cobaKTP, OPTIONAL): File 'C:/Users/Nia Yusniati/Git_Asa/BCAF_MEAPP_i3/Assets/ktp_dummy.png' sent to object: 'Object Repository/Input_Corporate/Capture_'

2022-04-07 14:29:12 - [MESSAGE][PASSED] - File 'C:/Users/Nia Yusniati/Git_Asa/BCAF_MEAPP_i3/Assets/ktp_dummy.png' sent to object: 'Object Repository/Input_Corporate/Capture_'

2022-04-07 14:29:12 - [TEST_STEP][PASSED] - delay(1): Delayed 1 second(s)

2022-04-07 14:29:13 - [MESSAGE][PASSED] - Delayed 1 second(s)

2022-04-07 14:29:13 - [TEST_STEP][PASSED] - takeFullPageScreenshotAsCheckpoint(userDir + sprint4WebScreenshootPath + "scenario-2-capture-surat-keterangan-domisili-berhasil.png"): Taking screenshot successfully

2022-04-07 14:29:14 - [MESSAGE][INFO] - 0 hidden object(s)

2022-04-07 14:29:14 - [MESSAGE][PASSED] - Taking screenshot successfully
[[ATTACHMENT|C:\Users\Nia Yusniati\Git_Asa\BCAF_MEAPP_i3\Screenshoot\Sprint4\Web\keyes\keyes-scenario-2-capture-surat-keterangan-domisili-berhasil.png]]

2022-04-07 14:29:14 - [TEST_STEP][PASSED] - markPassed("scenario 2 - Capture surat keterangan domisili berhasil"): scenario 2 - Capture surat keterangan domisili berhasil

2022-04-07 14:29:14 - [MESSAGE][PASSED] - scenario 2 - Capture surat keterangan domisili berhasil

2022-04-07 14:29:14 - [TEST_STEP][PASSED] - delay(1): Delayed 1 second(s)

2022-04-07 14:29:15 - [MESSAGE][PASSED] - Delayed 1 second(s)

2022-04-07 14:29:15 - [TEST_STEP][PASSED] - click(findTestObject("Object Repository/Input_Corporate/Input_Konsumen/button_FAP"), OPTIONAL): Object: 'Object Repository/Input_Corporate/Input_Konsumen/button_FAP' is clicked on

2022-04-07 14:29:16 - [MESSAGE][PASSED] - Object: 'Object Repository/Input_Corporate/Input_Konsumen/button_FAP' is clicked on

2022-04-07 14:29:16 - [TEST_STEP][PASSED] - delay(1): Delayed 1 second(s)

2022-04-07 14:29:17 - [MESSAGE][PASSED] - Delayed 1 second(s)

2022-04-07 14:29:17 - [TEST_STEP][PASSED] - takeFullPageScreenshotAsCheckpoint(userDir + sprint4WebScreenshootPath + "scenario-2-Masuk-submenu-FAP.png"): Taking screenshot successfully

2022-04-07 14:29:19 - [MESSAGE][INFO] - 0 hidden object(s)

2022-04-07 14:29:19 - [MESSAGE][PASSED] - Taking screenshot successfully
[[ATTACHMENT|C:\Users\Nia Yusniati\Git_Asa\BCAF_MEAPP_i3\Screenshoot\Sprint4\Web\keyes\keyes-scenario-2-Masuk-submenu-FAP.png]]

2022-04-07 14:29:19 - [TEST_STEP][PASSED] - markPassed("scenario 2 - Masuk submenu FAP"): scenario 2 - Masuk submenu FAP

2022-04-07 14:29:19 - [MESSAGE][PASSED] - scenario 2 - Masuk submenu FAP

2022-04-07 14:29:19 - [TEST_STEP][PASSED] - delay(1): Delayed 1 second(s)

2022-04-07 14:29:20 - [MESSAGE][PASSED] - Delayed 1 second(s)

2022-04-07 14:29:20 - [TEST_STEP][PASSED] - click(findTestObject("Object Repository/Input_Corporate/Input_Konsumen/a_Add Capture_FAP"), OPTIONAL): Object: 'Object Repository/Input_Corporate/Input_Konsumen/a_Add Capture_FAP' is clicked on

2022-04-07 14:29:21 - [MESSAGE][PASSED] - Object: 'Object Repository/Input_Corporate/Input_Konsumen/a_Add Capture_FAP' is clicked on

2022-04-07 14:29:21 - [TEST_STEP][PASSED] - delay(1): Delayed 1 second(s)

2022-04-07 14:29:22 - [MESSAGE][PASSED] - Delayed 1 second(s)

2022-04-07 14:29:22 - [TEST_STEP][PASSED] - uploadFile(findTestObject("Input_Corporate/Capture_"), userDir + cobaKTP, OPTIONAL): File 'C:/Users/Nia Yusniati/Git_Asa/BCAF_MEAPP_i3/Assets/ktp_dummy.png' sent to object: 'Object Repository/Input_Corporate/Capture_'

2022-04-07 14:29:23 - [MESSAGE][PASSED] - File 'C:/Users/Nia Yusniati/Git_Asa/BCAF_MEAPP_i3/Assets/ktp_dummy.png' sent to object: 'Object Repository/Input_Corporate/Capture_'

2022-04-07 14:29:23 - [TEST_STEP][PASSED] - delay(1): Delayed 1 second(s)

2022-04-07 14:29:24 - [MESSAGE][PASSED] - Delayed 1 second(s)

2022-04-07 14:29:24 - [TEST_STEP][PASSED] - setText(findTestObject("Object Repository/Input_Corporate/Input_Konsumen/input_Jenis Usaha_form-control ng-untouched ng-pristine ng-invalid"), konsumen_jenisUsaha, OPTIONAL): Text 'Kontruksi' is set on object 'Object Repository/Input_Corporate/Input_Konsumen/input_Jenis Usaha_form-control ng-untouched ng-pristine ng-invalid'

2022-04-07 14:29:25 - [MESSAGE][PASSED] - Text 'Kontruksi' is set on object 'Object Repository/Input_Corporate/Input_Konsumen/input_Jenis Usaha_form-control ng-untouched ng-pristine ng-invalid'

2022-04-07 14:29:25 - [TEST_STEP][PASSED] - delay(1): Delayed 1 second(s)

2022-04-07 14:29:26 - [MESSAGE][PASSED] - Delayed 1 second(s)

2022-04-07 14:29:26 - [TEST_STEP][PASSED] - setText(findTestObject("Object Repository/Input_Corporate/Input_Konsumen/input_Economy Code_form-control bcaf-autocomplete ng-untouched ng-pristine ng-invalid"), konsumen_economyCode, OPTIONAL): Text '010103' is set on object 'Object Repository/Input_Corporate/Input_Konsumen/input_Economy Code_form-control bcaf-autocomplete ng-untouched ng-pristine ng-invalid'

2022-04-07 14:29:27 - [MESSAGE][PASSED] - Text '010103' is set on object 'Object Repository/Input_Corporate/Input_Konsumen/input_Economy Code_form-control bcaf-autocomplete ng-untouched ng-pristine ng-invalid'

2022-04-07 14:29:27 - [TEST_STEP][PASSED] - delay(1): Delayed 1 second(s)

2022-04-07 14:29:28 - [MESSAGE][PASSED] - Delayed 1 second(s)

2022-04-07 14:29:28 - [TEST_STEP][PASSED] - waitForElementPresent(findTestObject("Object Repository/Input_Corporate/Input_Konsumen/li_010103 Pertanian  Kehutanan-Pertanian  Pupuk-Importir"), 100, OPTIONAL): Object 'Object Repository/Input_Corporate/Input_Konsumen/li_010103 Pertanian  Kehutanan-Pertanian  Pupuk-Importir' is present

2022-04-07 14:29:29 - [MESSAGE][PASSED] - Object 'Object Repository/Input_Corporate/Input_Konsumen/li_010103 Pertanian  Kehutanan-Pertanian  Pupuk-Importir' is present

2022-04-07 14:29:29 - [TEST_STEP][PASSED] - delay(1): Delayed 1 second(s)

2022-04-07 14:29:30 - [MESSAGE][PASSED] - Delayed 1 second(s)

2022-04-07 14:29:30 - [TEST_STEP][PASSED] - click(findTestObject("Object Repository/Input_Corporate/Input_Konsumen/li_010103 Pertanian  Kehutanan-Pertanian  Pupuk-Importir"), OPTIONAL): Object: 'Object Repository/Input_Corporate/Input_Konsumen/li_010103 Pertanian  Kehutanan-Pertanian  Pupuk-Importir' is clicked on

2022-04-07 14:29:30 - [MESSAGE][PASSED] - Object: 'Object Repository/Input_Corporate/Input_Konsumen/li_010103 Pertanian  Kehutanan-Pertanian  Pupuk-Importir' is clicked on

2022-04-07 14:29:30 - [TEST_STEP][PASSED] - delay(1): Delayed 1 second(s)

2022-04-07 14:29:31 - [MESSAGE][PASSED] - Delayed 1 second(s)

2022-04-07 14:29:31 - [TEST_STEP][PASSED] - setText(findTestObject("Object Repository/Input_Corporate/Input_Konsumen/input_Kode Lokasi Proyek_form"), konsumen_kodeLokasi, OPTIONAL): Text '1213' is set on object 'Object Repository/Input_Corporate/Input_Konsumen/input_Kode Lokasi Proyek_form'

2022-04-07 14:29:33 - [MESSAGE][PASSED] - Text '1213' is set on object 'Object Repository/Input_Corporate/Input_Konsumen/input_Kode Lokasi Proyek_form'

2022-04-07 14:29:33 - [TEST_STEP][PASSED] - delay(1): Delayed 1 second(s)

2022-04-07 14:29:34 - [MESSAGE][PASSED] - Delayed 1 second(s)

2022-04-07 14:29:34 - [TEST_STEP][PASSED] - waitForElementPresent(findTestObject("Object Repository/Input_Corporate/Input_Konsumen/li_1213 - MALANG,KAB"), 100, OPTIONAL): Object 'Object Repository/Input_Corporate/Input_Konsumen/li_1213 - MALANG,KAB' is present

2022-04-07 14:29:34 - [MESSAGE][PASSED] - Object 'Object Repository/Input_Corporate/Input_Konsumen/li_1213 - MALANG,KAB' is present

2022-04-07 14:29:34 - [TEST_STEP][PASSED] - delay(1): Delayed 1 second(s)

2022-04-07 14:29:35 - [MESSAGE][PASSED] - Delayed 1 second(s)

2022-04-07 14:29:35 - [TEST_STEP][PASSED] - click(findTestObject("Object Repository/Input_Corporate/Input_Konsumen/li_1213 - MALANG,KAB"), OPTIONAL): Object: 'Object Repository/Input_Corporate/Input_Konsumen/li_1213 - MALANG,KAB' is clicked on

2022-04-07 14:29:36 - [MESSAGE][PASSED] - Object: 'Object Repository/Input_Corporate/Input_Konsumen/li_1213 - MALANG,KAB' is clicked on

2022-04-07 14:29:36 - [TEST_STEP][PASSED] - delay(1): Delayed 1 second(s)

2022-04-07 14:29:37 - [MESSAGE][PASSED] - Delayed 1 second(s)

2022-04-07 14:29:37 - [TEST_STEP][PASSED] - setText(findTestObject("Object Repository/Input_Corporate/Input_Konsumen/input_Berdiri Sejak Tahun_form-control ng-untouched ng-pristine ng-invalid"), konsumen_tahunBerdiri, OPTIONAL): Text '1995' is set on object 'Object Repository/Input_Corporate/Input_Konsumen/input_Berdiri Sejak Tahun_form-control ng-untouched ng-pristine ng-invalid'

2022-04-07 14:29:38 - [MESSAGE][PASSED] - Text '1995' is set on object 'Object Repository/Input_Corporate/Input_Konsumen/input_Berdiri Sejak Tahun_form-control ng-untouched ng-pristine ng-invalid'

2022-04-07 14:29:38 - [TEST_STEP][PASSED] - delay(1): Delayed 1 second(s)

2022-04-07 14:29:39 - [MESSAGE][PASSED] - Delayed 1 second(s)

2022-04-07 14:29:39 - [TEST_STEP][PASSED] - setText(findTestObject("Object Repository/Input_Corporate/Input_Konsumen/input_Omzet Usaha per Tahun_form-control text-right ng-untouched ng-pristine ng-invalid"), konsumen_omzetUsaha, OPTIONAL): Text '10000000000' is set on object 'Object Repository/Input_Corporate/Input_Konsumen/input_Omzet Usaha per Tahun_form-control text-right ng-untouched ng-pristine ng-invalid'

2022-04-07 14:29:40 - [MESSAGE][PASSED] - Text '10000000000' is set on object 'Object Repository/Input_Corporate/Input_Konsumen/input_Omzet Usaha per Tahun_form-control text-right ng-untouched ng-pristine ng-invalid'

2022-04-07 14:29:40 - [TEST_STEP][PASSED] - delay(1): Delayed 1 second(s)

2022-04-07 14:29:41 - [MESSAGE][PASSED] - Delayed 1 second(s)

2022-04-07 14:29:41 - [TEST_STEP][PASSED] - setText(findTestObject("Object Repository/Input_Corporate/Input_Konsumen/input_No. Rekening BCA_form-control ng-untouched ng-pristine ng-valid"), konsumen_noRekBCA, OPTIONAL): Text '413514512' is set on object 'Object Repository/Input_Corporate/Input_Konsumen/input_No. Rekening BCA_form-control ng-untouched ng-pristine ng-valid'

2022-04-07 14:29:43 - [MESSAGE][PASSED] - Text '413514512' is set on object 'Object Repository/Input_Corporate/Input_Konsumen/input_No. Rekening BCA_form-control ng-untouched ng-pristine ng-valid'

2022-04-07 14:29:43 - [TEST_STEP][PASSED] - delay(1): Delayed 1 second(s)

2022-04-07 14:29:44 - [MESSAGE][PASSED] - Delayed 1 second(s)

2022-04-07 14:29:44 - [TEST_STEP][PASSED] - setText(findTestObject("Object Repository/Input_Corporate/Input_Konsumen/input_Alamat Perusahaan_form-control ng-untouched ng-pristine ng-invalid"), konsumen_alamatPT, OPTIONAL): Text 'Jakarta, No. 45' is set on object 'Object Repository/Input_Corporate/Input_Konsumen/input_Alamat Perusahaan_form-control ng-untouched ng-pristine ng-invalid'

2022-04-07 14:29:45 - [MESSAGE][PASSED] - Text 'Jakarta, No. 45' is set on object 'Object Repository/Input_Corporate/Input_Konsumen/input_Alamat Perusahaan_form-control ng-untouched ng-pristine ng-invalid'

2022-04-07 14:29:45 - [TEST_STEP][PASSED] - delay(1): Delayed 1 second(s)

2022-04-07 14:29:46 - [MESSAGE][PASSED] - Delayed 1 second(s)

2022-04-07 14:29:46 - [TEST_STEP][PASSED] - setText(findTestObject("Object Repository/Input_Corporate/Input_Konsumen/input_Provinsi_form-control bcaf-autocomplete ng-untouched ng-pristine ng-invalid"), konsumen_provinsi, OPTIONAL): Text 'JAWA TIMUR' is set on object 'Object Repository/Input_Corporate/Input_Konsumen/input_Provinsi_form-control bcaf-autocomplete ng-untouched ng-pristine ng-invalid'

2022-04-07 14:29:48 - [MESSAGE][PASSED] - Text 'JAWA TIMUR' is set on object 'Object Repository/Input_Corporate/Input_Konsumen/input_Provinsi_form-control bcaf-autocomplete ng-untouched ng-pristine ng-invalid'

2022-04-07 14:29:48 - [TEST_STEP][PASSED] - delay(1): Delayed 1 second(s)

2022-04-07 14:29:49 - [MESSAGE][PASSED] - Delayed 1 second(s)

2022-04-07 14:29:49 - [TEST_STEP][PASSED] - waitForElementPresent(findTestObject("Object Repository/Input_Corporate/Input_Konsumen/li_JAWA TIMUR"), 100, OPTIONAL): Object 'Object Repository/Input_Corporate/Input_Konsumen/li_JAWA TIMUR' is present

2022-04-07 14:29:49 - [MESSAGE][PASSED] - Object 'Object Repository/Input_Corporate/Input_Konsumen/li_JAWA TIMUR' is present

2022-04-07 14:29:49 - [TEST_STEP][PASSED] - delay(1): Delayed 1 second(s)

2022-04-07 14:29:50 - [MESSAGE][PASSED] - Delayed 1 second(s)

2022-04-07 14:29:50 - [TEST_STEP][PASSED] - click(findTestObject("Object Repository/Input_Corporate/Input_Konsumen/li_JAWA TIMUR"), OPTIONAL): Object: 'Object Repository/Input_Corporate/Input_Konsumen/li_JAWA TIMUR' is clicked on

2022-04-07 14:29:51 - [MESSAGE][PASSED] - Object: 'Object Repository/Input_Corporate/Input_Konsumen/li_JAWA TIMUR' is clicked on

2022-04-07 14:29:51 - [TEST_STEP][PASSED] - delay(1): Delayed 1 second(s)

2022-04-07 14:29:52 - [MESSAGE][PASSED] - Delayed 1 second(s)

2022-04-07 14:29:52 - [TEST_STEP][PASSED] - setText(findTestObject("Object Repository/Input_Corporate/Input_Konsumen/input_KabKota_form-control bcaf-autocomplete ng-untouched ng-pristine ng-invalid"), konsumen_kabKota, OPTIONAL): Text 'Malang' is set on object 'Object Repository/Input_Corporate/Input_Konsumen/input_KabKota_form-control bcaf-autocomplete ng-untouched ng-pristine ng-invalid'

2022-04-07 14:29:53 - [MESSAGE][PASSED] - Text 'Malang' is set on object 'Object Repository/Input_Corporate/Input_Konsumen/input_KabKota_form-control bcaf-autocomplete ng-untouched ng-pristine ng-invalid'

2022-04-07 14:29:53 - [TEST_STEP][PASSED] - delay(1): Delayed 1 second(s)

2022-04-07 14:29:54 - [MESSAGE][PASSED] - Delayed 1 second(s)

2022-04-07 14:29:54 - [TEST_STEP][PASSED] - waitForElementPresent(findTestObject("Object Repository/Input_Corporate/Input_Konsumen/li_MALANG"), 100, OPTIONAL): Object 'Object Repository/Input_Corporate/Input_Konsumen/li_MALANG' is present

2022-04-07 14:29:55 - [MESSAGE][PASSED] - Object 'Object Repository/Input_Corporate/Input_Konsumen/li_MALANG' is present

2022-04-07 14:29:55 - [TEST_STEP][PASSED] - delay(1): Delayed 1 second(s)

2022-04-07 14:29:56 - [MESSAGE][PASSED] - Delayed 1 second(s)

2022-04-07 14:29:56 - [TEST_STEP][PASSED] - click(findTestObject("Object Repository/Input_Corporate/Input_Konsumen/li_MALANG"), OPTIONAL): Object: 'Object Repository/Input_Corporate/Input_Konsumen/li_MALANG' is clicked on

2022-04-07 14:29:56 - [MESSAGE][PASSED] - Object: 'Object Repository/Input_Corporate/Input_Konsumen/li_MALANG' is clicked on

2022-04-07 14:29:56 - [TEST_STEP][PASSED] - delay(1): Delayed 1 second(s)

2022-04-07 14:29:57 - [MESSAGE][PASSED] - Delayed 1 second(s)

2022-04-07 14:29:57 - [TEST_STEP][PASSED] - setText(findTestObject("Object Repository/Input_Corporate/Input_Konsumen/input_Kecamatan_form-control bcaf-autocomplete ng-untouched ng-pristine ng-invalid"), konsumen_kecamantan, OPTIONAL): Text 'lowokwaru' is set on object 'Object Repository/Input_Corporate/Input_Konsumen/input_Kecamatan_form-control bcaf-autocomplete ng-untouched ng-pristine ng-invalid'

2022-04-07 14:29:59 - [MESSAGE][PASSED] - Text 'lowokwaru' is set on object 'Object Repository/Input_Corporate/Input_Konsumen/input_Kecamatan_form-control bcaf-autocomplete ng-untouched ng-pristine ng-invalid'

2022-04-07 14:29:59 - [TEST_STEP][PASSED] - delay(1): Delayed 1 second(s)

2022-04-07 14:30:00 - [MESSAGE][PASSED] - Delayed 1 second(s)

2022-04-07 14:30:00 - [TEST_STEP][PASSED] - waitForElementPresent(findTestObject("Object Repository/Input_Corporate/Input_Konsumen/li_LOWOKWARU"), 0, OPTIONAL): Object 'Object Repository/Input_Corporate/Input_Konsumen/li_LOWOKWARU' is present

2022-04-07 14:30:00 - [MESSAGE][WARNING] - Timeout '0' is invalid. Using default page load timeout: '30'

2022-04-07 14:30:00 - [MESSAGE][PASSED] - Object 'Object Repository/Input_Corporate/Input_Konsumen/li_LOWOKWARU' is present

2022-04-07 14:30:00 - [TEST_STEP][PASSED] - delay(1): Delayed 1 second(s)

2022-04-07 14:30:01 - [MESSAGE][PASSED] - Delayed 1 second(s)

2022-04-07 14:30:01 - [TEST_STEP][PASSED] - click(findTestObject("Object Repository/Input_Corporate/Input_Konsumen/li_LOWOKWARU"), OPTIONAL): Object: 'Object Repository/Input_Corporate/Input_Konsumen/li_LOWOKWARU' is clicked on

2022-04-07 14:30:02 - [MESSAGE][PASSED] - Object: 'Object Repository/Input_Corporate/Input_Konsumen/li_LOWOKWARU' is clicked on

2022-04-07 14:30:02 - [TEST_STEP][PASSED] - delay(1): Delayed 1 second(s)

2022-04-07 14:30:03 - [MESSAGE][PASSED] - Delayed 1 second(s)

2022-04-07 14:30:03 - [TEST_STEP][PASSED] - setText(findTestObject("Object Repository/Input_Corporate/Input_Konsumen/input_Kelurahan_form-control bcaf-autocomplete ng-untouched ng-pristine ng-invalid"), konsumen_kelurahan, OPTIONAL): Text 'ketawanggede' is set on object 'Object Repository/Input_Corporate/Input_Konsumen/input_Kelurahan_form-control bcaf-autocomplete ng-untouched ng-pristine ng-invalid'

2022-04-07 14:30:04 - [MESSAGE][PASSED] - Text 'ketawanggede' is set on object 'Object Repository/Input_Corporate/Input_Konsumen/input_Kelurahan_form-control bcaf-autocomplete ng-untouched ng-pristine ng-invalid'

2022-04-07 14:30:04 - [TEST_STEP][PASSED] - delay(1): Delayed 1 second(s)

2022-04-07 14:30:05 - [MESSAGE][PASSED] - Delayed 1 second(s)

2022-04-07 14:30:05 - [TEST_STEP][PASSED] - waitForElementPresent(findTestObject("Object Repository/Input_Corporate/Input_Konsumen/li_KETAWANGGEDE"), 100, OPTIONAL): Object 'Object Repository/Input_Corporate/Input_Konsumen/li_KETAWANGGEDE' is present

2022-04-07 14:30:06 - [MESSAGE][PASSED] - Object 'Object Repository/Input_Corporate/Input_Konsumen/li_KETAWANGGEDE' is present

2022-04-07 14:30:06 - [TEST_STEP][PASSED] - delay(1): Delayed 1 second(s)

2022-04-07 14:30:07 - [MESSAGE][PASSED] - Delayed 1 second(s)

2022-04-07 14:30:07 - [TEST_STEP][PASSED] - click(findTestObject("Object Repository/Input_Corporate/Input_Konsumen/li_KETAWANGGEDE"), OPTIONAL): Object: 'Object Repository/Input_Corporate/Input_Konsumen/li_KETAWANGGEDE' is clicked on

2022-04-07 14:30:08 - [MESSAGE][PASSED] - Object: 'Object Repository/Input_Corporate/Input_Konsumen/li_KETAWANGGEDE' is clicked on

2022-04-07 14:30:08 - [TEST_STEP][PASSED] - delay(1): Delayed 1 second(s)

2022-04-07 14:30:09 - [MESSAGE][PASSED] - Delayed 1 second(s)

2022-04-07 14:30:09 - [TEST_STEP][PASSED] - setText(findTestObject("Object Repository/Input_Corporate/Input_Konsumen/input_Kode Pos_form-control bcaf-autocomplete ng-untouched ng-pristine ng-invalid"), konsumen_kodePos, OPTIONAL): Text '65145' is set on object 'Object Repository/Input_Corporate/Input_Konsumen/input_Kode Pos_form-control bcaf-autocomplete ng-untouched ng-pristine ng-invalid'

2022-04-07 14:30:10 - [MESSAGE][PASSED] - Text '65145' is set on object 'Object Repository/Input_Corporate/Input_Konsumen/input_Kode Pos_form-control bcaf-autocomplete ng-untouched ng-pristine ng-invalid'

2022-04-07 14:30:10 - [TEST_STEP][PASSED] - delay(1): Delayed 1 second(s)

2022-04-07 14:30:11 - [MESSAGE][PASSED] - Delayed 1 second(s)

2022-04-07 14:30:11 - [TEST_STEP][PASSED] - waitForElementPresent(findTestObject("Object Repository/Input_Corporate/Input_Konsumen/li_65145"), 100, OPTIONAL): Object 'Object Repository/Input_Corporate/Input_Konsumen/li_65145' is present

2022-04-07 14:30:11 - [MESSAGE][PASSED] - Object 'Object Repository/Input_Corporate/Input_Konsumen/li_65145' is present

2022-04-07 14:30:11 - [TEST_STEP][PASSED] - delay(1): Delayed 1 second(s)

2022-04-07 14:30:12 - [MESSAGE][PASSED] - Delayed 1 second(s)

2022-04-07 14:30:12 - [TEST_STEP][PASSED] - click(findTestObject("Object Repository/Input_Corporate/Input_Konsumen/li_65145"), OPTIONAL): Object: 'Object Repository/Input_Corporate/Input_Konsumen/li_65145' is clicked on

2022-04-07 14:30:13 - [MESSAGE][PASSED] - Object: 'Object Repository/Input_Corporate/Input_Konsumen/li_65145' is clicked on

2022-04-07 14:30:13 - [TEST_STEP][PASSED] - delay(1): Delayed 1 second(s)

2022-04-07 14:30:14 - [MESSAGE][PASSED] - Delayed 1 second(s)

2022-04-07 14:30:14 - [TEST_STEP][PASSED] - takeFullPageScreenshotAsCheckpoint(userDir + sprint4WebScreenshootPath + "scenario-2-Input-data-FAP.png"): Taking screenshot successfully

2022-04-07 14:30:16 - [MESSAGE][INFO] - 0 hidden object(s)

2022-04-07 14:30:16 - [MESSAGE][PASSED] - Taking screenshot successfully
[[ATTACHMENT|C:\Users\Nia Yusniati\Git_Asa\BCAF_MEAPP_i3\Screenshoot\Sprint4\Web\keyes\keyes-scenario-2-Input-data-FAP.png]]

2022-04-07 14:30:16 - [TEST_STEP][PASSED] - markPassed("scenario 2 - Input data FAP"): scenario 2 - Input data FAP

2022-04-07 14:30:16 - [MESSAGE][PASSED] - scenario 2 - Input data FAP

2022-04-07 14:30:16 - [TEST_STEP][PASSED] - delay(1): Delayed 1 second(s)

2022-04-07 14:30:17 - [MESSAGE][PASSED] - Delayed 1 second(s)

2022-04-07 14:30:17 - [TEST_STEP][PASSED] - scrollToElement(findTestObject("Object Repository/Input_Corporate/Input_Konsumen/i_Fax 2_ri-arrow-right-line"), 60, OPTIONAL): Scroll to object 'Object Repository/Input_Corporate/Input_Konsumen/i_Fax 2_ri-arrow-right-line' successfully

2022-04-07 14:30:18 - [MESSAGE][PASSED] - Scroll to object 'Object Repository/Input_Corporate/Input_Konsumen/i_Fax 2_ri-arrow-right-line' successfully

2022-04-07 14:30:18 - [TEST_STEP][PASSED] - click(findTestObject("Object Repository/Input_Corporate/Input_Konsumen/input_Alamat Pengiriman Surat  Alamat Perusahaan_isAlamatPengirimanSurat"), OPTIONAL): Unable to click on object 'Object Repository/Input_Corporate/Input_Konsumen/input_Alamat Pengiriman Surat  Alamat Perusahaan_isAlamatPengirimanSurat' (Root cause: com.kms.katalon.core.exception.StepFailedException: Unable to click on object 'Object Repository/Input_Corporate/Input_Konsumen/input_Alamat Pengiriman Surat  Alamat Perusahaan_isAlamatPengirimanSurat'
	at com.kms.katalon.core.webui.keyword.internal.WebUIKeywordMain.stepFailed(WebUIKeywordMain.groovy:64)
	at com.kms.katalon.core.webui.keyword.internal.WebUIKeywordMain.runKeyword(WebUIKeywordMain.groovy:26)
	at com.kms.katalon.core.webui.keyword.builtin.ClickKeyword.click(ClickKeyword.groovy:75)
	at com.kms.katalon.core.webui.keyword.builtin.ClickKeyword.execute(ClickKeyword.groovy:42)
	at com.kms.katalon.core.keyword.internal.KeywordExecutor.executeKeywordForPlatform(KeywordExecutor.groovy:74)
	at com.kms.katalon.core.webui.keyword.WebUiBuiltInKeywords.click(WebUiBuiltInKeywords.groovy:608)
	at com.kms.katalon.core.webui.keyword.WebUiBuiltInKeywords$click$10.call(Unknown Source)
	at 02-02-Transaction-AppPending-InputCorporate.run(02-02-Transaction-AppPending-InputCorporate:294)
	at com.kms.katalon.core.main.ScriptEngine.run(ScriptEngine.java:194)
	at com.kms.katalon.core.main.ScriptEngine.runScriptAsRawText(ScriptEngine.java:119)
	at com.kms.katalon.core.main.TestCaseExecutor.runScript(TestCaseExecutor.java:430)
	at com.kms.katalon.core.main.TestCaseExecutor.doExecute(TestCaseExecutor.java:421)
	at com.kms.katalon.core.main.TestCaseExecutor.processExecutionPhase(TestCaseExecutor.java:400)
	at com.kms.katalon.core.main.TestCaseExecutor.accessMainPhase(TestCaseExecutor.java:392)
	at com.kms.katalon.core.main.TestCaseExecutor.execute(TestCaseExecutor.java:273)
	at com.kms.katalon.core.main.TestSuiteExecutor.accessTestCaseMainPhase(TestSuiteExecutor.java:202)
	at com.kms.katalon.core.main.TestSuiteExecutor.accessTestSuiteMainPhase(TestSuiteExecutor.java:164)
	at com.kms.katalon.core.main.TestSuiteExecutor.execute(TestSuiteExecutor.java:105)
	at com.kms.katalon.core.main.TestCaseMain.startTestSuite(TestCaseMain.java:185)
	at com.kms.katalon.core.main.TestCaseMain$startTestSuite$0.call(Unknown Source)
	at TempTestSuite1649316360829.run(TempTestSuite1649316360829.groovy:36)
Caused by: org.openqa.selenium.ElementClickInterceptedException: element click intercepted: Element <input _ngcontent-ngg-c99="" formcontrolname="isAlamatPengirimanSurat" id="radio-perorangan" type="radio" value="ya" name="isAlamatPengirimanSurat" class="form-check-input ng-untouched ng-pristine ng-valid"> is not clickable at point (312, 7). Other element would receive the click: <header _ngcontent-ngg-c84="" id="mainHeader" class="c-header c-header-light c-header-fixed">...</header>
  (Session info: chrome=99.0.4844.84)
Build info: version: '3.141.59', revision: 'e82be7d358', time: '2018-11-14T08:25:53'
System info: host: 'APANDI', ip: '192.168.250.25', os.name: 'Windows 10', os.arch: 'amd64', os.version: '10.0', java.version: '1.8.0_282'
Driver info: com.kms.katalon.selenium.driver.CChromeDriver
Capabilities {acceptInsecureCerts: false, browserName: chrome, browserVersion: 99.0.4844.84, chrome: {chromedriverVersion: 99.0.4844.51 (d537ec02474b5..., userDataDir: C:\Users\NIAYUS~1\AppData\L...}, goog:chromeOptions: {debuggerAddress: localhost:51388}, javascriptEnabled: true, networkConnectionEnabled: false, pageLoadStrategy: normal, platform: WINDOWS, platformName: WINDOWS, proxy: Proxy(), setWindowRect: true, strictFileInteractability: false, timeouts: {implicit: 0, pageLoad: 300000, script: 30000}, unhandledPromptBehavior: dismiss and notify, webauthn:extension:credBlob: true, webauthn:extension:largeBlob: true, webauthn:virtualAuthenticators: true}
Session ID: d6a86edb694979b0f20e4ccd3e25bfed
	at org.openqa.selenium.remote.http.W3CHttpResponseCodec.createException(W3CHttpResponseCodec.java:187)
	at org.openqa.selenium.remote.http.W3CHttpResponseCodec.decode(W3CHttpResponseCodec.java:122)
	at org.openqa.selenium.remote.http.W3CHttpResponseCodec.decode(W3CHttpResponseCodec.java:49)
	at org.openqa.selenium.remote.HttpCommandExecutor.execute(HttpCommandExecutor.java:158)
	at org.openqa.selenium.remote.service.DriverCommandExecutor.execute(DriverCommandExecutor.java:83)
	at org.openqa.selenium.remote.RemoteWebDriver.execute(RemoteWebDriver.java:552)
	at com.kms.katalon.selenium.driver.CChromeDriver.execute(CChromeDriver.java:19)
	at org.openqa.selenium.remote.RemoteWebElement.execute(RemoteWebElement.java:285)
	at org.openqa.selenium.remote.RemoteWebElement.click(RemoteWebElement.java:84)
	at org.openqa.selenium.support.events.EventFiringWebDriver$EventFiringWebElement.lambda$new$0(EventFiringWebDriver.java:404)
	at com.sun.proxy.$Proxy11.click(Unknown Source)
	at org.openqa.selenium.support.events.EventFiringWebDriver$EventFiringWebElement.click(EventFiringWebDriver.java:417)
	at com.kms.katalon.core.webui.keyword.builtin.ClickKeyword$_click_closure1.doCall(ClickKeyword.groovy:68)
	at com.kms.katalon.core.webui.keyword.builtin.ClickKeyword$_click_closure1.call(ClickKeyword.groovy)
	at com.kms.katalon.core.webui.keyword.internal.WebUIKeywordMain.runKeyword(WebUIKeywordMain.groovy:20)
	at com.kms.katalon.core.webui.keyword.builtin.ClickKeyword.click(ClickKeyword.groovy:75)
	at com.kms.katalon.core.webui.keyword.builtin.ClickKeyword.execute(ClickKeyword.groovy:42)
	at com.kms.katalon.core.keyword.internal.KeywordExecutor.executeKeywordForPlatform(KeywordExecutor.groovy:74)
	at com.kms.katalon.core.webui.keyword.WebUiBuiltInKeywords.click(WebUiBuiltInKeywords.groovy:608)
	at com.kms.katalon.core.webui.keyword.WebUiBuiltInKeywords$click$10.call(Unknown Source)
	at Script1646993288966.run(Script1646993288966.groovy:294)
	... 13 more
)

2022-04-07 14:30:19 - [MESSAGE][WARNING] - Unable to click on object 'Object Repository/Input_Corporate/Input_Konsumen/input_Alamat Pengiriman Surat  Alamat Perusahaan_isAlamatPengirimanSurat' (Root cause: com.kms.katalon.core.exception.StepFailedException: Unable to click on object 'Object Repository/Input_Corporate/Input_Konsumen/input_Alamat Pengiriman Surat  Alamat Perusahaan_isAlamatPengirimanSurat'
	at com.kms.katalon.core.webui.keyword.internal.WebUIKeywordMain.stepFailed(WebUIKeywordMain.groovy:64)
	at com.kms.katalon.core.webui.keyword.internal.WebUIKeywordMain.runKeyword(WebUIKeywordMain.groovy:26)
	at com.kms.katalon.core.webui.keyword.builtin.ClickKeyword.click(ClickKeyword.groovy:75)
	at com.kms.katalon.core.webui.keyword.builtin.ClickKeyword.execute(ClickKeyword.groovy:42)
	at com.kms.katalon.core.keyword.internal.KeywordExecutor.executeKeywordForPlatform(KeywordExecutor.groovy:74)
	at com.kms.katalon.core.webui.keyword.WebUiBuiltInKeywords.click(WebUiBuiltInKeywords.groovy:608)
	at com.kms.katalon.core.webui.keyword.WebUiBuiltInKeywords$click$10.call(Unknown Source)
	at 02-02-Transaction-AppPending-InputCorporate.run(02-02-Transaction-AppPending-InputCorporate:294)
	at com.kms.katalon.core.main.ScriptEngine.run(ScriptEngine.java:194)
	at com.kms.katalon.core.main.ScriptEngine.runScriptAsRawText(ScriptEngine.java:119)
	at com.kms.katalon.core.main.TestCaseExecutor.runScript(TestCaseExecutor.java:430)
	at com.kms.katalon.core.main.TestCaseExecutor.doExecute(TestCaseExecutor.java:421)
	at com.kms.katalon.core.main.TestCaseExecutor.processExecutionPhase(TestCaseExecutor.java:400)
	at com.kms.katalon.core.main.TestCaseExecutor.accessMainPhase(TestCaseExecutor.java:392)
	at com.kms.katalon.core.main.TestCaseExecutor.execute(TestCaseExecutor.java:273)
	at com.kms.katalon.core.main.TestSuiteExecutor.accessTestCaseMainPhase(TestSuiteExecutor.java:202)
	at com.kms.katalon.core.main.TestSuiteExecutor.accessTestSuiteMainPhase(TestSuiteExecutor.java:164)
	at com.kms.katalon.core.main.TestSuiteExecutor.execute(TestSuiteExecutor.java:105)
	at com.kms.katalon.core.main.TestCaseMain.startTestSuite(TestCaseMain.java:185)
	at com.kms.katalon.core.main.TestCaseMain$startTestSuite$0.call(Unknown Source)
	at TempTestSuite1649316360829.run(TempTestSuite1649316360829.groovy:36)
Caused by: org.openqa.selenium.ElementClickInterceptedException: element click intercepted: Element <input _ngcontent-ngg-c99="" formcontrolname="isAlamatPengirimanSurat" id="radio-perorangan" type="radio" value="ya" name="isAlamatPengirimanSurat" class="form-check-input ng-untouched ng-pristine ng-valid"> is not clickable at point (312, 7). Other element would receive the click: <header _ngcontent-ngg-c84="" id="mainHeader" class="c-header c-header-light c-header-fixed">...</header>
  (Session info: chrome=99.0.4844.84)
Build info: version: '3.141.59', revision: 'e82be7d358', time: '2018-11-14T08:25:53'
System info: host: 'APANDI', ip: '192.168.250.25', os.name: 'Windows 10', os.arch: 'amd64', os.version: '10.0', java.version: '1.8.0_282'
Driver info: com.kms.katalon.selenium.driver.CChromeDriver
Capabilities {acceptInsecureCerts: false, browserName: chrome, browserVersion: 99.0.4844.84, chrome: {chromedriverVersion: 99.0.4844.51 (d537ec02474b5..., userDataDir: C:\Users\NIAYUS~1\AppData\L...}, goog:chromeOptions: {debuggerAddress: localhost:51388}, javascriptEnabled: true, networkConnectionEnabled: false, pageLoadStrategy: normal, platform: WINDOWS, platformName: WINDOWS, proxy: Proxy(), setWindowRect: true, strictFileInteractability: false, timeouts: {implicit: 0, pageLoad: 300000, script: 30000}, unhandledPromptBehavior: dismiss and notify, webauthn:extension:credBlob: true, webauthn:extension:largeBlob: true, webauthn:virtualAuthenticators: true}
Session ID: d6a86edb694979b0f20e4ccd3e25bfed
	at org.openqa.selenium.remote.http.W3CHttpResponseCodec.createException(W3CHttpResponseCodec.java:187)
	at org.openqa.selenium.remote.http.W3CHttpResponseCodec.decode(W3CHttpResponseCodec.java:122)
	at org.openqa.selenium.remote.http.W3CHttpResponseCodec.decode(W3CHttpResponseCodec.java:49)
	at org.openqa.selenium.remote.HttpCommandExecutor.execute(HttpCommandExecutor.java:158)
	at org.openqa.selenium.remote.service.DriverCommandExecutor.execute(DriverCommandExecutor.java:83)
	at org.openqa.selenium.remote.RemoteWebDriver.execute(RemoteWebDriver.java:552)
	at com.kms.katalon.selenium.driver.CChromeDriver.execute(CChromeDriver.java:19)
	at org.openqa.selenium.remote.RemoteWebElement.execute(RemoteWebElement.java:285)
	at org.openqa.selenium.remote.RemoteWebElement.click(RemoteWebElement.java:84)
	at org.openqa.selenium.support.events.EventFiringWebDriver$EventFiringWebElement.lambda$new$0(EventFiringWebDriver.java:404)
	at com.sun.proxy.$Proxy11.click(Unknown Source)
	at org.openqa.selenium.support.events.EventFiringWebDriver$EventFiringWebElement.click(EventFiringWebDriver.java:417)
	at com.kms.katalon.core.webui.keyword.builtin.ClickKeyword$_click_closure1.doCall(ClickKeyword.groovy:68)
	at com.kms.katalon.core.webui.keyword.builtin.ClickKeyword$_click_closure1.call(ClickKeyword.groovy)
	at com.kms.katalon.core.webui.keyword.internal.WebUIKeywordMain.runKeyword(WebUIKeywordMain.groovy:20)
	at com.kms.katalon.core.webui.keyword.builtin.ClickKeyword.click(ClickKeyword.groovy:75)
	at com.kms.katalon.core.webui.keyword.builtin.ClickKeyword.execute(ClickKeyword.groovy:42)
	at com.kms.katalon.core.keyword.internal.KeywordExecutor.executeKeywordForPlatform(KeywordExecutor.groovy:74)
	at com.kms.katalon.core.webui.keyword.WebUiBuiltInKeywords.click(WebUiBuiltInKeywords.groovy:608)
	at com.kms.katalon.core.webui.keyword.WebUiBuiltInKeywords$click$10.call(Unknown Source)
	at Script1646993288966.run(Script1646993288966.groovy:294)
	... 13 more
)
[[ATTACHMENT|C:\\Users\\Nia Yusniati\\Git_Asa\\BCAF_MEAPP_i3\\Reports\\20220407_142600\\Skenario_2\\S2\\20220407_142600\\1649316619737.png]]

2022-04-07 14:30:19 - [TEST_STEP][PASSED] - delay(1): Delayed 1 second(s)

2022-04-07 14:30:21 - [MESSAGE][PASSED] - Delayed 1 second(s)

2022-04-07 14:30:21 - [TEST_STEP][PASSED] - setText(findTestObject("Object Repository/Input_Corporate/Input_Konsumen/input_Email_form-control ng-untouched ng-pristine ng-valid"), konsumen_email, OPTIONAL): Text 'contoh@gmail.com' is set on object 'Object Repository/Input_Corporate/Input_Konsumen/input_Email_form-control ng-untouched ng-pristine ng-valid'

2022-04-07 14:30:22 - [MESSAGE][PASSED] - Text 'contoh@gmail.com' is set on object 'Object Repository/Input_Corporate/Input_Konsumen/input_Email_form-control ng-untouched ng-pristine ng-valid'

2022-04-07 14:30:22 - [TEST_STEP][PASSED] - delay(1): Delayed 1 second(s)

2022-04-07 14:30:23 - [MESSAGE][PASSED] - Delayed 1 second(s)

2022-04-07 14:30:23 - [TEST_STEP][PASSED] - setText(findTestObject("Object Repository/Input_Corporate/Input_Konsumen/input_Telepon 1_form-control ng-untouched ng-pristine ng-valid"), konsumen_telepon1, OPTIONAL): Text '089773662555' is set on object 'Object Repository/Input_Corporate/Input_Konsumen/input_Telepon 1_form-control ng-untouched ng-pristine ng-valid'

2022-04-07 14:30:24 - [MESSAGE][PASSED] - Text '089773662555' is set on object 'Object Repository/Input_Corporate/Input_Konsumen/input_Telepon 1_form-control ng-untouched ng-pristine ng-valid'

2022-04-07 14:30:24 - [TEST_STEP][PASSED] - delay(1): Delayed 1 second(s)

2022-04-07 14:30:25 - [MESSAGE][PASSED] - Delayed 1 second(s)

2022-04-07 14:30:25 - [TEST_STEP][PASSED] - takeFullPageScreenshotAsCheckpoint(userDir + sprint4WebScreenshootPath + "scenario-2-Input-data-alamat-pengirim-surat.png"): Taking screenshot successfully

2022-04-07 14:30:27 - [MESSAGE][INFO] - 0 hidden object(s)

2022-04-07 14:30:27 - [MESSAGE][PASSED] - Taking screenshot successfully
[[ATTACHMENT|C:\Users\Nia Yusniati\Git_Asa\BCAF_MEAPP_i3\Screenshoot\Sprint4\Web\keyes\keyes-scenario-2-Input-data-alamat-pengirim-surat.png]]

2022-04-07 14:30:27 - [TEST_STEP][PASSED] - markPassed("scenario 2 - Input data alamat pengirim surat"): scenario 2 - Input data alamat pengirim surat

2022-04-07 14:30:27 - [MESSAGE][PASSED] - scenario 2 - Input data alamat pengirim surat

2022-04-07 14:30:27 - [TEST_STEP][PASSED] - scrollToPosition(0, 0, OPTIONAL): Browser is scrolled to position x = 0, y = 0

2022-04-07 14:30:27 - [MESSAGE][PASSED] - Browser is scrolled to position x = 0, y = 0

2022-04-07 14:30:27 - [TEST_STEP][PASSED] - delay(2): Delayed 2 second(s)

2022-04-07 14:30:29 - [MESSAGE][PASSED] - Delayed 2 second(s)

2022-04-07 14:30:29 - [TEST_STEP][PASSED] - delay(1): Delayed 1 second(s)

2022-04-07 14:30:30 - [MESSAGE][PASSED] - Delayed 1 second(s)

2022-04-07 14:30:30 - [TEST_STEP][PASSED] - click(findTestObject("Input_Corporate/Pengurus/1_a_Pengurus"), OPTIONAL): Object: 'Object Repository/Input_Corporate/Pengurus/1_a_Pengurus' is clicked on

2022-04-07 14:30:55 - [MESSAGE][PASSED] - Object: 'Object Repository/Input_Corporate/Pengurus/1_a_Pengurus' is clicked on

2022-04-07 14:30:55 - [TEST_STEP][PASSED] - delay(1): Delayed 1 second(s)

2022-04-07 14:30:56 - [MESSAGE][PASSED] - Delayed 1 second(s)

2022-04-07 14:30:56 - [TEST_STEP][PASSED] - takeFullPageScreenshotAsCheckpoint(userDir + sprint4WebScreenshootPath + "scenario-2-Input-data-pengurus.png"): Taking screenshot successfully

2022-04-07 14:30:56 - [MESSAGE][INFO] - 0 hidden object(s)

2022-04-07 14:30:56 - [MESSAGE][PASSED] - Taking screenshot successfully
[[ATTACHMENT|C:\Users\Nia Yusniati\Git_Asa\BCAF_MEAPP_i3\Screenshoot\Sprint4\Web\keyes\keyes-scenario-2-Input-data-pengurus.png]]

2022-04-07 14:30:56 - [TEST_STEP][PASSED] - markPassed("scenario 2 - Input data pengurus"): scenario 2 - Input data pengurus

2022-04-07 14:30:56 - [MESSAGE][PASSED] - scenario 2 - Input data pengurus

2022-04-07 14:30:56 - [TEST_STEP][PASSED] - delay(1): Delayed 1 second(s)

2022-04-07 14:30:57 - [MESSAGE][PASSED] - Delayed 1 second(s)

2022-04-07 14:30:57 - [TEST_STEP][PASSED] - click(findTestObject("Input_Corporate/Pengurus/2_i_Add_ri-file-add-line ( Add_Pengurus )"), OPTIONAL): Object: 'Object Repository/Input_Corporate/Pengurus/2_i_Add_ri-file-add-line ( Add_Pengurus )' is clicked on

2022-04-07 14:30:58 - [MESSAGE][PASSED] - Object: 'Object Repository/Input_Corporate/Pengurus/2_i_Add_ri-file-add-line ( Add_Pengurus )' is clicked on

2022-04-07 14:30:58 - [TEST_STEP][PASSED] - delay(1): Delayed 1 second(s)

2022-04-07 14:30:59 - [MESSAGE][PASSED] - Delayed 1 second(s)

2022-04-07 14:30:59 - [TEST_STEP][PASSED] - click(findTestObject("Input_Corporate/Pengurus/3_button_Pengurus 1"), OPTIONAL): Object: 'Object Repository/Input_Corporate/Pengurus/3_button_Pengurus 1' is clicked on

2022-04-07 14:31:00 - [MESSAGE][PASSED] - Object: 'Object Repository/Input_Corporate/Pengurus/3_button_Pengurus 1' is clicked on

2022-04-07 14:31:00 - [TEST_STEP][PASSED] - delay(1): Delayed 1 second(s)

2022-04-07 14:31:01 - [MESSAGE][PASSED] - Delayed 1 second(s)

2022-04-07 14:31:01 - [TEST_STEP][PASSED] - takeFullPageScreenshotAsCheckpoint(userDir + sprint4WebScreenshootPath + "scenario-2-Masuk-submenu-data-pengurus-1.png"): Taking screenshot successfully

2022-04-07 14:31:02 - [MESSAGE][INFO] - 0 hidden object(s)

2022-04-07 14:31:02 - [MESSAGE][PASSED] - Taking screenshot successfully
[[ATTACHMENT|C:\Users\Nia Yusniati\Git_Asa\BCAF_MEAPP_i3\Screenshoot\Sprint4\Web\keyes\keyes-scenario-2-Masuk-submenu-data-pengurus-1.png]]

2022-04-07 14:31:02 - [TEST_STEP][PASSED] - markPassed("scenario 2 - Masuk submenu data pengurus 1"): scenario 2 - Masuk submenu data pengurus 1

2022-04-07 14:31:02 - [MESSAGE][PASSED] - scenario 2 - Masuk submenu data pengurus 1

2022-04-07 14:31:02 - [TEST_STEP][PASSED] - delay(1): Delayed 1 second(s)

2022-04-07 14:31:03 - [MESSAGE][PASSED] - Delayed 1 second(s)

2022-04-07 14:31:03 - [TEST_STEP][PASSED] - click(findTestObject("Input_Corporate/Pengurus/4_a_Capture File"), OPTIONAL): Object: 'Object Repository/Input_Corporate/Pengurus/4_a_Capture File' is clicked on

2022-04-07 14:31:04 - [MESSAGE][PASSED] - Object: 'Object Repository/Input_Corporate/Pengurus/4_a_Capture File' is clicked on

2022-04-07 14:31:04 - [TEST_STEP][PASSED] - delay(1): Delayed 1 second(s)

2022-04-07 14:31:05 - [MESSAGE][PASSED] - Delayed 1 second(s)

2022-04-07 14:31:05 - [TEST_STEP][PASSED] - uploadFile(findTestObject("Input_Corporate/Capture_"), userDir + cobaKTP, OPTIONAL): File 'C:/Users/Nia Yusniati/Git_Asa/BCAF_MEAPP_i3/Assets/ktp_dummy.png' sent to object: 'Object Repository/Input_Corporate/Capture_'

2022-04-07 14:31:05 - [MESSAGE][PASSED] - File 'C:/Users/Nia Yusniati/Git_Asa/BCAF_MEAPP_i3/Assets/ktp_dummy.png' sent to object: 'Object Repository/Input_Corporate/Capture_'

2022-04-07 14:31:05 - [TEST_STEP][PASSED] - delay(1): Delayed 1 second(s)

2022-04-07 14:31:06 - [MESSAGE][PASSED] - Delayed 1 second(s)

2022-04-07 14:31:06 - [TEST_STEP][PASSED] - waitForElementClickable(findTestObject("Input_Corporate/Pengurus/5_input_Name_form-control ng-untouched ng-pristine ng-invalid"), 300): Object 'Object Repository/Input_Corporate/Pengurus/5_input_Name_form-control ng-untouched ng-pristine ng-invalid' is clickable

2022-04-07 14:31:19 - [MESSAGE][PASSED] - Object 'Object Repository/Input_Corporate/Pengurus/5_input_Name_form-control ng-untouched ng-pristine ng-invalid' is clickable

2022-04-07 14:31:19 - [TEST_STEP][PASSED] - delay(1): Delayed 1 second(s)

2022-04-07 14:31:21 - [MESSAGE][PASSED] - Delayed 1 second(s)

2022-04-07 14:31:21 - [TEST_STEP][PASSED] - takeFullPageScreenshotAsCheckpoint(userDir + sprint4WebScreenshootPath + "scenario-2-Berhasil-input-otomatis-data-pengurus-berdasarkan-data-capture-ktp-pengurus-yang-di-capture.png"): Taking screenshot successfully

2022-04-07 14:31:21 - [MESSAGE][INFO] - 0 hidden object(s)

2022-04-07 14:31:22 - [MESSAGE][PASSED] - Taking screenshot successfully
[[ATTACHMENT|C:\Users\Nia Yusniati\Git_Asa\BCAF_MEAPP_i3\Screenshoot\Sprint4\Web\keyes\keyes-scenario-2-Berhasil-input-otomatis-data-pengurus-berdasarkan-data-capture-ktp-pengurus-yang-di-capture.png]]

2022-04-07 14:31:22 - [TEST_STEP][PASSED] - markPassed("scenario 2 - Berhasil input otomatis data pengurus berdasarkan data capture ktp pengurus yang di capture "): scenario 2 - Berhasil input otomatis data pengurus berdasarkan data capture ktp pengurus yang di capture 

2022-04-07 14:31:22 - [MESSAGE][PASSED] - scenario 2 - Berhasil input otomatis data pengurus berdasarkan data capture ktp pengurus yang di capture 

2022-04-07 14:31:22 - [TEST_STEP][PASSED] - delay(1): Delayed 1 second(s)

2022-04-07 14:31:23 - [MESSAGE][PASSED] - Delayed 1 second(s)

2022-04-07 14:31:23 - [TEST_STEP][PASSED] - setText(findTestObject("Input_Corporate/Pengurus/8_input_SID Pengurus_form-control ng-pristine ng-invalid is-invalid ng-touched"), pengurus_SID, OPTIONAL): Text '3345434656' is set on object 'Object Repository/Input_Corporate/Pengurus/8_input_SID Pengurus_form-control ng-pristine ng-invalid is-invalid ng-touched'

2022-04-07 14:31:24 - [MESSAGE][PASSED] - Text '3345434656' is set on object 'Object Repository/Input_Corporate/Pengurus/8_input_SID Pengurus_form-control ng-pristine ng-invalid is-invalid ng-touched'

2022-04-07 14:31:24 - [TEST_STEP][PASSED] - delay(1): Delayed 1 second(s)

2022-04-07 14:31:25 - [MESSAGE][PASSED] - Delayed 1 second(s)

2022-04-07 14:31:25 - [TEST_STEP][PASSED] - scrollToElement(findTestObject("Input_Corporate/Pengurus/2_i_Add_ri-file-add-line ( Add_Pengurus )"), 30, OPTIONAL): Scroll to object 'Object Repository/Input_Corporate/Pengurus/2_i_Add_ri-file-add-line ( Add_Pengurus )' successfully

2022-04-07 14:31:25 - [MESSAGE][PASSED] - Scroll to object 'Object Repository/Input_Corporate/Pengurus/2_i_Add_ri-file-add-line ( Add_Pengurus )' successfully

2022-04-07 14:31:25 - [TEST_STEP][PASSED] - delay(1): Delayed 1 second(s)

2022-04-07 14:31:26 - [MESSAGE][PASSED] - Delayed 1 second(s)

2022-04-07 14:31:26 - [TEST_STEP][PASSED] - setText(findTestObject("Input_Corporate/Pengurus/15_input_Kode Pos_form-control bcaf-autocomplete ng-pristine ng-invalid ng-touched"), pengurus_kodePos, OPTIONAL): Text '56643' is set on object 'Object Repository/Input_Corporate/Pengurus/15_input_Kode Pos_form-control bcaf-autocomplete ng-pristine ng-invalid ng-touched'

2022-04-07 14:31:28 - [MESSAGE][PASSED] - Text '56643' is set on object 'Object Repository/Input_Corporate/Pengurus/15_input_Kode Pos_form-control bcaf-autocomplete ng-pristine ng-invalid ng-touched'

2022-04-07 14:31:28 - [TEST_STEP][PASSED] - delay(1): Delayed 1 second(s)

2022-04-07 14:31:29 - [MESSAGE][PASSED] - Delayed 1 second(s)

2022-04-07 14:31:29 - [TEST_STEP][PASSED] - click(findTestObject("Input_Corporate/Pengurus/13_div_Pilih Role"), OPTIONAL): Object: 'Object Repository/Input_Corporate/Pengurus/13_div_Pilih Role' is clicked on

2022-04-07 14:31:30 - [MESSAGE][PASSED] - Object: 'Object Repository/Input_Corporate/Pengurus/13_div_Pilih Role' is clicked on

2022-04-07 14:31:30 - [TEST_STEP][PASSED] - delay(1): Delayed 1 second(s)

2022-04-07 14:31:31 - [MESSAGE][PASSED] - Delayed 1 second(s)

2022-04-07 14:31:31 - [TEST_STEP][PASSED] - setText(findTestObject("Input_Corporate/Pengurus/13_div_Pilih Role"), pengurus_role, OPTIONAL): Text 'not set' is set on object 'Object Repository/Input_Corporate/Pengurus/13_div_Pilih Role'

2022-04-07 14:31:32 - [MESSAGE][PASSED] - Text 'not set' is set on object 'Object Repository/Input_Corporate/Pengurus/13_div_Pilih Role'

2022-04-07 14:31:32 - [TEST_STEP][PASSED] - delay(1): Delayed 1 second(s)

2022-04-07 14:31:33 - [MESSAGE][PASSED] - Delayed 1 second(s)

2022-04-07 14:31:33 - [TEST_STEP][PASSED] - click(findTestObject("Input_Corporate/Pengurus/14_div_Not Set"), OPTIONAL): Object: 'Object Repository/Input_Corporate/Pengurus/14_div_Not Set' is clicked on

2022-04-07 14:31:34 - [MESSAGE][PASSED] - Object: 'Object Repository/Input_Corporate/Pengurus/14_div_Not Set' is clicked on

2022-04-07 14:31:34 - [TEST_STEP][PASSED] - delay(1): Delayed 1 second(s)

2022-04-07 14:31:35 - [MESSAGE][PASSED] - Delayed 1 second(s)

2022-04-07 14:31:35 - [TEST_STEP][PASSED] - click(findTestObject("Input_Corporate/Pengurus/21_div_Pilih Jabatan"), OPTIONAL): Object: 'Object Repository/Input_Corporate/Pengurus/21_div_Pilih Jabatan' is clicked on

2022-04-07 14:31:36 - [MESSAGE][PASSED] - Object: 'Object Repository/Input_Corporate/Pengurus/21_div_Pilih Jabatan' is clicked on

2022-04-07 14:31:36 - [TEST_STEP][PASSED] - delay(1): Delayed 1 second(s)

2022-04-07 14:31:37 - [MESSAGE][PASSED] - Delayed 1 second(s)

2022-04-07 14:31:37 - [TEST_STEP][PASSED] - setText(findTestObject("Object Repository/Input_Corporate/Pengurus/21_div_Pilih Jabatan"), pengurus_jabatan, OPTIONAL): Text 'komisaris utama' is set on object 'Object Repository/Input_Corporate/Pengurus/21_div_Pilih Jabatan'

2022-04-07 14:31:38 - [MESSAGE][PASSED] - Text 'komisaris utama' is set on object 'Object Repository/Input_Corporate/Pengurus/21_div_Pilih Jabatan'

2022-04-07 14:31:38 - [TEST_STEP][PASSED] - delay(1): Delayed 1 second(s)

2022-04-07 14:31:39 - [MESSAGE][PASSED] - Delayed 1 second(s)

2022-04-07 14:31:39 - [TEST_STEP][PASSED] - click(findTestObject("Input_Corporate/Pengurus/22_span_Komisaris Utama"), OPTIONAL): Object: 'Object Repository/Input_Corporate/Pengurus/22_span_Komisaris Utama' is clicked on

2022-04-07 14:31:40 - [MESSAGE][PASSED] - Object: 'Object Repository/Input_Corporate/Pengurus/22_span_Komisaris Utama' is clicked on

2022-04-07 14:31:40 - [TEST_STEP][PASSED] - takeFullPageScreenshotAsCheckpoint(userDir + sprint4WebScreenshootPath + "scenario-2-Berhasil-input-otomatis-data-pengurus-1.png"): Taking screenshot successfully

2022-04-07 14:31:41 - [MESSAGE][INFO] - 0 hidden object(s)

2022-04-07 14:31:41 - [MESSAGE][PASSED] - Taking screenshot successfully
[[ATTACHMENT|C:\Users\Nia Yusniati\Git_Asa\BCAF_MEAPP_i3\Screenshoot\Sprint4\Web\keyes\keyes-scenario-2-Berhasil-input-otomatis-data-pengurus-1.png]]

2022-04-07 14:31:41 - [TEST_STEP][PASSED] - markPassed("scenario 2 - Berhasil input data pengurus 1"): scenario 2 - Berhasil input data pengurus 1

2022-04-07 14:31:41 - [MESSAGE][PASSED] - scenario 2 - Berhasil input data pengurus 1

2022-04-07 14:31:41 - [TEST_STEP][PASSED] - delay(1): Delayed 1 second(s)

2022-04-07 14:31:42 - [MESSAGE][PASSED] - Delayed 1 second(s)

2022-04-07 14:31:42 - [TEST_STEP][PASSED] - delay(1): Delayed 1 second(s)

2022-04-07 14:31:43 - [MESSAGE][PASSED] - Delayed 1 second(s)

2022-04-07 14:31:43 - [TEST_STEP][PASSED] - scrollToPosition(0, 133, OPTIONAL): Browser is scrolled to position x = 0, y = 133

2022-04-07 14:31:43 - [MESSAGE][PASSED] - Browser is scrolled to position x = 0, y = 133

2022-04-07 14:31:43 - [TEST_STEP][PASSED] - delay(1): Delayed 1 second(s)

2022-04-07 14:31:44 - [MESSAGE][PASSED] - Delayed 1 second(s)

2022-04-07 14:31:44 - [TEST_STEP][PASSED] - click(findTestObject("Input_Corporate/Pemegang_saham/1_a_Pemegang Saham"), OPTIONAL): Object: 'Object Repository/Input_Corporate/Pemegang_saham/1_a_Pemegang Saham' is clicked on

2022-04-07 14:31:45 - [MESSAGE][PASSED] - Object: 'Object Repository/Input_Corporate/Pemegang_saham/1_a_Pemegang Saham' is clicked on

2022-04-07 14:31:45 - [TEST_STEP][PASSED] - delay(1): Delayed 1 second(s)

2022-04-07 14:31:46 - [MESSAGE][PASSED] - Delayed 1 second(s)

2022-04-07 14:31:46 - [TEST_STEP][PASSED] - takeFullPageScreenshotAsCheckpoint(userDir + sprint4WebScreenshootPath + "scenario-2-Masuk-Submenu-pemegang-saham-1.png"): Taking screenshot successfully

2022-04-07 14:31:46 - [MESSAGE][INFO] - 0 hidden object(s)

2022-04-07 14:31:47 - [MESSAGE][PASSED] - Taking screenshot successfully
[[ATTACHMENT|C:\Users\Nia Yusniati\Git_Asa\BCAF_MEAPP_i3\Screenshoot\Sprint4\Web\keyes\keyes-scenario-2-Masuk-Submenu-pemegang-saham-1.png]]

2022-04-07 14:31:47 - [TEST_STEP][PASSED] - markPassed("scenario 2 - Berhasil masuk menu pemegang saham "): scenario 2 - Berhasil masuk menu pemegang saham 

2022-04-07 14:31:47 - [MESSAGE][PASSED] - scenario 2 - Berhasil masuk menu pemegang saham 

2022-04-07 14:31:47 - [TEST_STEP][PASSED] - delay(1): Delayed 1 second(s)

2022-04-07 14:31:48 - [MESSAGE][PASSED] - Delayed 1 second(s)

2022-04-07 14:31:48 - [TEST_STEP][PASSED] - click(findTestObject("Input_Corporate/Pemegang_saham/2_a_Add"), OPTIONAL): Object: 'Object Repository/Input_Corporate/Pemegang_saham/2_a_Add' is clicked on

2022-04-07 14:31:48 - [MESSAGE][PASSED] - Object: 'Object Repository/Input_Corporate/Pemegang_saham/2_a_Add' is clicked on

2022-04-07 14:31:48 - [TEST_STEP][PASSED] - delay(1): Delayed 1 second(s)

2022-04-07 14:31:49 - [MESSAGE][PASSED] - Delayed 1 second(s)

2022-04-07 14:31:49 - [TEST_STEP][PASSED] - click(findTestObject("Input_Corporate/Pemegang_saham/input_Perorangan_radios"), OPTIONAL): Object: 'Object Repository/Input_Corporate/Pemegang_saham/input_Perorangan_radios' is clicked on

2022-04-07 14:31:50 - [MESSAGE][PASSED] - Object: 'Object Repository/Input_Corporate/Pemegang_saham/input_Perorangan_radios' is clicked on

2022-04-07 14:31:50 - [TEST_STEP][PASSED] - click(findTestObject("Input_Corporate/Pemegang_saham/input_Jenis Pemegang Saham_radios"), OPTIONAL): Object: 'Object Repository/Input_Corporate/Pemegang_saham/input_Jenis Pemegang Saham_radios' is clicked on

2022-04-07 14:31:51 - [MESSAGE][PASSED] - Object: 'Object Repository/Input_Corporate/Pemegang_saham/input_Jenis Pemegang Saham_radios' is clicked on

2022-04-07 14:31:51 - [TEST_STEP][PASSED] - delay(1): Delayed 1 second(s)

2022-04-07 14:31:52 - [MESSAGE][PASSED] - Delayed 1 second(s)

2022-04-07 14:31:52 - [TEST_STEP][PASSED] - takeFullPageScreenshotAsCheckpoint(userDir + sprint4WebScreenshootPath + "scenario-2-Memilih-radio-button-pemegang-saham.png"): Taking screenshot successfully

2022-04-07 14:31:53 - [MESSAGE][INFO] - 0 hidden object(s)

2022-04-07 14:31:53 - [MESSAGE][PASSED] - Taking screenshot successfully
[[ATTACHMENT|C:\Users\Nia Yusniati\Git_Asa\BCAF_MEAPP_i3\Screenshoot\Sprint4\Web\keyes\keyes-scenario-2-Memilih-radio-button-pemegang-saham.png]]

2022-04-07 14:31:53 - [TEST_STEP][PASSED] - markPassed("scenario 2 - Memilih radio button pemegang saham"): scenario 2 - Memilih radio button pemegang saham

2022-04-07 14:31:53 - [MESSAGE][PASSED] - scenario 2 - Memilih radio button pemegang saham

2022-04-07 14:31:53 - [TEST_STEP][PASSED] - delay(1): Delayed 1 second(s)

2022-04-07 14:31:54 - [MESSAGE][PASSED] - Delayed 1 second(s)

2022-04-07 14:31:54 - [TEST_STEP][PASSED] - click(findTestObject("Input_Corporate/Pemegang_saham/4_button_OK"), OPTIONAL): Object: 'Object Repository/Input_Corporate/Pemegang_saham/4_button_OK' is clicked on

2022-04-07 14:31:55 - [MESSAGE][PASSED] - Object: 'Object Repository/Input_Corporate/Pemegang_saham/4_button_OK' is clicked on

2022-04-07 14:31:55 - [TEST_STEP][PASSED] - delay(1): Delayed 1 second(s)

2022-04-07 14:31:56 - [MESSAGE][PASSED] - Delayed 1 second(s)

2022-04-07 14:31:56 - [TEST_STEP][PASSED] - click(findTestObject("Input_Corporate/Pemegang_saham/5_button_Pemegang Saham 1"), OPTIONAL): Object: 'Object Repository/Input_Corporate/Pemegang_saham/5_button_Pemegang Saham 1' is clicked on

2022-04-07 14:31:57 - [MESSAGE][PASSED] - Object: 'Object Repository/Input_Corporate/Pemegang_saham/5_button_Pemegang Saham 1' is clicked on

2022-04-07 14:31:57 - [TEST_STEP][PASSED] - delay(1): Delayed 1 second(s)

2022-04-07 14:31:58 - [MESSAGE][PASSED] - Delayed 1 second(s)

2022-04-07 14:31:58 - [TEST_STEP][PASSED] - takeFullPageScreenshotAsCheckpoint(userDir + sprint4WebScreenshootPath + "scenario-2-Masuk-Submenu-pemegang-saham-1.png"): Taking screenshot successfully

2022-04-07 14:31:59 - [MESSAGE][INFO] - 0 hidden object(s)

2022-04-07 14:31:59 - [MESSAGE][PASSED] - Taking screenshot successfully
[[ATTACHMENT|C:\Users\Nia Yusniati\Git_Asa\BCAF_MEAPP_i3\Screenshoot\Sprint4\Web\keyes\keyes-scenario-2-Masuk-Submenu-pemegang-saham-1.png]]

2022-04-07 14:31:59 - [TEST_STEP][PASSED] - markPassed("scenario 2 - Masuk submenu pemegang saham 1"): scenario 2 - Masuk submenu pemegang saham 1

2022-04-07 14:31:59 - [MESSAGE][PASSED] - scenario 2 - Masuk submenu pemegang saham 1

2022-04-07 14:31:59 - [TEST_STEP][PASSED] - delay(1): Delayed 1 second(s)

2022-04-07 14:32:00 - [MESSAGE][PASSED] - Delayed 1 second(s)

2022-04-07 14:32:00 - [TEST_STEP][PASSED] - click(findTestObject("Input_Corporate/Pemegang_saham/6_a_Capture File"), OPTIONAL): Object: 'Object Repository/Input_Corporate/Pemegang_saham/6_a_Capture File' is clicked on

2022-04-07 14:32:01 - [MESSAGE][PASSED] - Object: 'Object Repository/Input_Corporate/Pemegang_saham/6_a_Capture File' is clicked on

2022-04-07 14:32:01 - [TEST_STEP][PASSED] - delay(1): Delayed 1 second(s)

2022-04-07 14:32:02 - [MESSAGE][PASSED] - Delayed 1 second(s)

2022-04-07 14:32:02 - [TEST_STEP][PASSED] - uploadFile(findTestObject("Input_Corporate/Capture_"), userDir + cobaKTP, OPTIONAL): File 'C:/Users/Nia Yusniati/Git_Asa/BCAF_MEAPP_i3/Assets/ktp_dummy.png' sent to object: 'Object Repository/Input_Corporate/Capture_'

2022-04-07 14:32:02 - [MESSAGE][PASSED] - File 'C:/Users/Nia Yusniati/Git_Asa/BCAF_MEAPP_i3/Assets/ktp_dummy.png' sent to object: 'Object Repository/Input_Corporate/Capture_'

2022-04-07 14:32:02 - [TEST_STEP][PASSED] - delay(1): Delayed 1 second(s)

2022-04-07 14:32:03 - [MESSAGE][PASSED] - Delayed 1 second(s)

2022-04-07 14:32:03 - [TEST_STEP][PASSED] - scrollToPosition(0, 200, OPTIONAL): Browser is scrolled to position x = 0, y = 200

2022-04-07 14:32:03 - [MESSAGE][PASSED] - Browser is scrolled to position x = 0, y = 200

2022-04-07 14:32:03 - [TEST_STEP][PASSED] - delay(1): Delayed 1 second(s)

2022-04-07 14:32:04 - [MESSAGE][PASSED] - Delayed 1 second(s)

2022-04-07 14:32:04 - [TEST_STEP][PASSED] - setText(findTestObject("Object Repository/Input_Corporate/Pemegang_saham/input_Kode Pos_2"), pemegangShm_kodePos): Text '12345' is set on object 'Object Repository/Input_Corporate/Pemegang_saham/input_Kode Pos_2'

2022-04-07 14:32:17 - [MESSAGE][PASSED] - Text '12345' is set on object 'Object Repository/Input_Corporate/Pemegang_saham/input_Kode Pos_2'

2022-04-07 14:32:17 - [TEST_STEP][PASSED] - delay(1): Delayed 1 second(s)

2022-04-07 14:32:18 - [MESSAGE][PASSED] - Delayed 1 second(s)

2022-04-07 14:32:18 - [TEST_STEP][PASSED] - scrollToPosition(0, 133, OPTIONAL): Browser is scrolled to position x = 0, y = 133

2022-04-07 14:32:18 - [MESSAGE][PASSED] - Browser is scrolled to position x = 0, y = 133

2022-04-07 14:32:18 - [TEST_STEP][PASSED] - click(findTestObject("Input_Corporate/Penjamin/1_a_Penjamin"), OPTIONAL): Object: 'Object Repository/Input_Corporate/Penjamin/1_a_Penjamin' is clicked on

2022-04-07 14:32:18 - [MESSAGE][PASSED] - Object: 'Object Repository/Input_Corporate/Penjamin/1_a_Penjamin' is clicked on

2022-04-07 14:32:18 - [TEST_STEP][PASSED] - delay(1): Delayed 1 second(s)

2022-04-07 14:32:19 - [MESSAGE][PASSED] - Delayed 1 second(s)

2022-04-07 14:32:19 - [TEST_STEP][PASSED] - click(findTestObject("Input_Corporate/Penjamin/2_input_Ya_guarantor_Tidak"), OPTIONAL): Object: 'Object Repository/Input_Corporate/Penjamin/2_input_Ya_guarantor_Tidak' is clicked on

2022-04-07 14:32:20 - [MESSAGE][PASSED] - Object: 'Object Repository/Input_Corporate/Penjamin/2_input_Ya_guarantor_Tidak' is clicked on

2022-04-07 14:32:20 - [TEST_STEP][PASSED] - delay(1): Delayed 1 second(s)

2022-04-07 14:32:21 - [MESSAGE][PASSED] - Delayed 1 second(s)

2022-04-07 14:32:21 - [TEST_STEP][PASSED] - takeFullPageScreenshotAsCheckpoint(userDir + sprint4WebScreenshootPath + "scenario-2-Berhasil-pemegang-saham-1.png"): Taking screenshot successfully

2022-04-07 14:32:22 - [MESSAGE][INFO] - 0 hidden object(s)

2022-04-07 14:32:22 - [MESSAGE][PASSED] - Taking screenshot successfully
[[ATTACHMENT|C:\Users\Nia Yusniati\Git_Asa\BCAF_MEAPP_i3\Screenshoot\Sprint4\Web\keyes\keyes-scenario-2-Berhasil-pemegang-saham-1.png]]

2022-04-07 14:32:22 - [TEST_STEP][PASSED] - markPassed("scenario 2 - Berhasil input pemegang saham 1"): scenario 2 - Berhasil input pemegang saham 1

2022-04-07 14:32:22 - [MESSAGE][PASSED] - scenario 2 - Berhasil input pemegang saham 1

2022-04-07 14:32:22 - [TEST_STEP][PASSED] - delay(1): Delayed 1 second(s)

2022-04-07 14:32:23 - [MESSAGE][PASSED] - Delayed 1 second(s)

2022-04-07 14:32:23 - [TEST_STEP][PASSED] - click(findTestObject("Input_Corporate/Financial/li_Financial"), OPTIONAL): Object: 'Object Repository/Input_Corporate/Financial/li_Financial' is clicked on

2022-04-07 14:32:24 - [MESSAGE][PASSED] - Object: 'Object Repository/Input_Corporate/Financial/li_Financial' is clicked on

2022-04-07 14:32:24 - [TEST_STEP][PASSED] - delay(1): Delayed 1 second(s)

2022-04-07 14:32:25 - [MESSAGE][PASSED] - Delayed 1 second(s)

2022-04-07 14:32:25 - [TEST_STEP][PASSED] - takeFullPageScreenshotAsCheckpoint(userDir + sprint4WebScreenshootPath + "scenario-2-Masuk-Submenu-financial.png"): Taking screenshot successfully

2022-04-07 14:32:25 - [MESSAGE][INFO] - 0 hidden object(s)

2022-04-07 14:32:25 - [MESSAGE][PASSED] - Taking screenshot successfully
[[ATTACHMENT|C:\Users\Nia Yusniati\Git_Asa\BCAF_MEAPP_i3\Screenshoot\Sprint4\Web\keyes\keyes-scenario-2-Masuk-Submenu-financial.png]]

2022-04-07 14:32:25 - [TEST_STEP][PASSED] - markPassed("scenario 2 - Masuk submenu financial"): scenario 2 - Masuk submenu financial

2022-04-07 14:32:25 - [MESSAGE][PASSED] - scenario 2 - Masuk submenu financial

2022-04-07 14:32:25 - [TEST_STEP][PASSED] - delay(1): Delayed 1 second(s)

2022-04-07 14:32:26 - [MESSAGE][PASSED] - Delayed 1 second(s)

2022-04-07 14:32:26 - [TEST_STEP][PASSED] - click(findTestObject("Input_Corporate/Financial/button_Laporan Keuangan"), OPTIONAL): Object: 'Object Repository/Input_Corporate/Financial/button_Laporan Keuangan' is clicked on

2022-04-07 14:32:27 - [MESSAGE][PASSED] - Object: 'Object Repository/Input_Corporate/Financial/button_Laporan Keuangan' is clicked on

2022-04-07 14:32:27 - [TEST_STEP][PASSED] - delay(1): Delayed 1 second(s)

2022-04-07 14:32:28 - [MESSAGE][PASSED] - Delayed 1 second(s)

2022-04-07 14:32:28 - [TEST_STEP][PASSED] - click(findTestObject("Input_Corporate/Financial/a_Capture File"), OPTIONAL): Object: 'Object Repository/Input_Corporate/Financial/a_Capture File' is clicked on

2022-04-07 14:32:29 - [MESSAGE][PASSED] - Object: 'Object Repository/Input_Corporate/Financial/a_Capture File' is clicked on

2022-04-07 14:32:29 - [TEST_STEP][PASSED] - delay(1): Delayed 1 second(s)

2022-04-07 14:32:30 - [MESSAGE][PASSED] - Delayed 1 second(s)

2022-04-07 14:32:30 - [TEST_STEP][PASSED] - uploadFile(findTestObject("Input_Corporate/Capture_"), userDir + cobaKTP, OPTIONAL): File 'C:/Users/Nia Yusniati/Git_Asa/BCAF_MEAPP_i3/Assets/ktp_dummy.png' sent to object: 'Object Repository/Input_Corporate/Capture_'

2022-04-07 14:32:31 - [MESSAGE][PASSED] - File 'C:/Users/Nia Yusniati/Git_Asa/BCAF_MEAPP_i3/Assets/ktp_dummy.png' sent to object: 'Object Repository/Input_Corporate/Capture_'

2022-04-07 14:32:31 - [TEST_STEP][PASSED] - delay(1): Delayed 1 second(s)

2022-04-07 14:32:32 - [MESSAGE][PASSED] - Delayed 1 second(s)

2022-04-07 14:32:32 - [TEST_STEP][PASSED] - takeFullPageScreenshotAsCheckpoint(userDir + sprint4WebScreenshootPath + "scenario-2-berhasil-input-capture-laporan-keuangan.png"): Taking screenshot successfully

2022-04-07 14:32:33 - [MESSAGE][INFO] - 0 hidden object(s)

2022-04-07 14:32:33 - [MESSAGE][PASSED] - Taking screenshot successfully
[[ATTACHMENT|C:\Users\Nia Yusniati\Git_Asa\BCAF_MEAPP_i3\Screenshoot\Sprint4\Web\keyes\keyes-scenario-2-berhasil-input-capture-laporan-keuangan.png]]

2022-04-07 14:32:33 - [TEST_STEP][PASSED] - markPassed("scenario 2 - berhasil input capture laporan keuangan"): scenario 2 - berhasil input capture laporan keuangan

2022-04-07 14:32:33 - [MESSAGE][PASSED] - scenario 2 - berhasil input capture laporan keuangan

2022-04-07 14:32:33 - [TEST_STEP][PASSED] - delay(1): Delayed 1 second(s)

2022-04-07 14:32:34 - [MESSAGE][PASSED] - Delayed 1 second(s)

2022-04-07 14:32:34 - [TEST_STEP][PASSED] - click(findTestObject("Input_Corporate/Financial/button_Bukti Kepemilikan Rekening"), OPTIONAL): Object: 'Object Repository/Input_Corporate/Financial/button_Bukti Kepemilikan Rekening' is clicked on

2022-04-07 14:32:35 - [MESSAGE][PASSED] - Object: 'Object Repository/Input_Corporate/Financial/button_Bukti Kepemilikan Rekening' is clicked on

2022-04-07 14:32:35 - [TEST_STEP][PASSED] - delay(1): Delayed 1 second(s)

2022-04-07 14:32:36 - [MESSAGE][PASSED] - Delayed 1 second(s)

2022-04-07 14:32:36 - [TEST_STEP][PASSED] - click(findTestObject("Input_Corporate/Financial/a_Capture File"), OPTIONAL): Object: 'Object Repository/Input_Corporate/Financial/a_Capture File' is clicked on

2022-04-07 14:32:37 - [MESSAGE][PASSED] - Object: 'Object Repository/Input_Corporate/Financial/a_Capture File' is clicked on

2022-04-07 14:32:37 - [TEST_STEP][PASSED] - delay(1): Delayed 1 second(s)

2022-04-07 14:32:38 - [MESSAGE][PASSED] - Delayed 1 second(s)

2022-04-07 14:32:38 - [TEST_STEP][PASSED] - uploadFile(findTestObject("Input_Corporate/Capture_"), userDir + cobaKTP, OPTIONAL): File 'C:/Users/Nia Yusniati/Git_Asa/BCAF_MEAPP_i3/Assets/ktp_dummy.png' sent to object: 'Object Repository/Input_Corporate/Capture_'

2022-04-07 14:32:38 - [MESSAGE][PASSED] - File 'C:/Users/Nia Yusniati/Git_Asa/BCAF_MEAPP_i3/Assets/ktp_dummy.png' sent to object: 'Object Repository/Input_Corporate/Capture_'

2022-04-07 14:32:38 - [TEST_STEP][PASSED] - delay(1): Delayed 1 second(s)

2022-04-07 14:32:39 - [MESSAGE][PASSED] - Delayed 1 second(s)

2022-04-07 14:32:39 - [TEST_STEP][PASSED] - takeFullPageScreenshotAsCheckpoint(userDir + sprint4WebScreenshootPath + "scenario-2-behasil-input-capture-laporan-bukti-kepemilikan.png"): Taking screenshot successfully

2022-04-07 14:32:40 - [MESSAGE][INFO] - 0 hidden object(s)

2022-04-07 14:32:40 - [MESSAGE][PASSED] - Taking screenshot successfully
[[ATTACHMENT|C:\Users\Nia Yusniati\Git_Asa\BCAF_MEAPP_i3\Screenshoot\Sprint4\Web\keyes\keyes-scenario-2-behasil-input-capture-laporan-bukti-kepemilikan.png]]

2022-04-07 14:32:40 - [TEST_STEP][PASSED] - markPassed("scenario 2 - berhasil input capture laporan bukti kepemilikan"): scenario 2 - berhasil input capture laporan bukti kepemilikan

2022-04-07 14:32:40 - [MESSAGE][PASSED] - scenario 2 - berhasil input capture laporan bukti kepemilikan

2022-04-07 14:32:40 - [TEST_STEP][PASSED] - delay(1): Delayed 1 second(s)

2022-04-07 14:32:41 - [MESSAGE][PASSED] - Delayed 1 second(s)

2022-04-07 14:32:41 - [TEST_STEP][PASSED] - setText(findTestObject("Input_Corporate/Financial/input_BCA Branch_form-control ng-untouched ng-pristine ng-valid"), financial_BCABranch, OPTIONAL): Text 'BCA' is set on object 'Object Repository/Input_Corporate/Financial/input_BCA Branch_form-control ng-untouched ng-pristine ng-valid'

2022-04-07 14:32:42 - [MESSAGE][PASSED] - Text 'BCA' is set on object 'Object Repository/Input_Corporate/Financial/input_BCA Branch_form-control ng-untouched ng-pristine ng-valid'

2022-04-07 14:32:42 - [TEST_STEP][PASSED] - delay(1): Delayed 1 second(s)

2022-04-07 14:32:43 - [MESSAGE][PASSED] - Delayed 1 second(s)

2022-04-07 14:32:43 - [TEST_STEP][PASSED] - setText(findTestObject("Input_Corporate/Financial/input_Account No. 10 Digit_form-control ng-untouched ng-pristine ng-valid"), financial_rekNum, OPTIONAL): Text '2343235657' is set on object 'Object Repository/Input_Corporate/Financial/input_Account No. 10 Digit_form-control ng-untouched ng-pristine ng-valid'

2022-04-07 14:32:45 - [MESSAGE][PASSED] - Text '2343235657' is set on object 'Object Repository/Input_Corporate/Financial/input_Account No. 10 Digit_form-control ng-untouched ng-pristine ng-valid'

2022-04-07 14:32:45 - [TEST_STEP][PASSED] - delay(1): Delayed 1 second(s)

2022-04-07 14:32:46 - [MESSAGE][PASSED] - Delayed 1 second(s)

2022-04-07 14:32:46 - [TEST_STEP][PASSED] - takeFullPageScreenshotAsCheckpoint(userDir + sprint4WebScreenshootPath + "scenario-2-berhasil-input-branch-dan-account-10digit-pada-submenu-financial.png"): Taking screenshot successfully

2022-04-07 14:32:46 - [MESSAGE][INFO] - 0 hidden object(s)

2022-04-07 14:32:47 - [MESSAGE][PASSED] - Taking screenshot successfully
[[ATTACHMENT|C:\Users\Nia Yusniati\Git_Asa\BCAF_MEAPP_i3\Screenshoot\Sprint4\Web\keyes\keyes-scenario-2-berhasil-input-branch-dan-account-10digit-pada-submenu-financial.png]]

2022-04-07 14:32:47 - [TEST_STEP][PASSED] - markPassed("scenario 2 - berhasil input branch dan account 10 digit pada submenu financial"): scenario 2 - berhasil input branch dan account 10 digit pada submenu financial

2022-04-07 14:32:47 - [MESSAGE][PASSED] - scenario 2 - berhasil input branch dan account 10 digit pada submenu financial

2022-04-07 14:32:47 - [TEST_STEP][PASSED] - delay(1): Delayed 1 second(s)

2022-04-07 14:32:48 - [MESSAGE][PASSED] - Delayed 1 second(s)

2022-04-07 14:32:48 - [TEST_STEP][PASSED] - click(findTestObject("Input_Corporate/Contact_Person/a_Contact Person"), OPTIONAL): Object: 'Object Repository/Input_Corporate/Contact_Person/a_Contact Person' is clicked on

2022-04-07 14:32:48 - [MESSAGE][PASSED] - Object: 'Object Repository/Input_Corporate/Contact_Person/a_Contact Person' is clicked on

2022-04-07 14:32:48 - [TEST_STEP][PASSED] - delay(1): Delayed 1 second(s)

2022-04-07 14:32:49 - [MESSAGE][PASSED] - Delayed 1 second(s)

2022-04-07 14:32:49 - [TEST_STEP][PASSED] - click(findTestObject("Input_Corporate/Contact_Person/input_Yes_inline-radios_No"), OPTIONAL): Object: 'Object Repository/Input_Corporate/Contact_Person/input_Yes_inline-radios_No' is clicked on

2022-04-07 14:32:50 - [MESSAGE][PASSED] - Object: 'Object Repository/Input_Corporate/Contact_Person/input_Yes_inline-radios_No' is clicked on

2022-04-07 14:32:50 - [TEST_STEP][PASSED] - delay(1): Delayed 1 second(s)

2022-04-07 14:32:51 - [MESSAGE][PASSED] - Delayed 1 second(s)

2022-04-07 14:32:51 - [TEST_STEP][PASSED] - takeFullPageScreenshotAsCheckpoint(userDir + sprint4WebScreenshootPath + "scenario-2-berhasil-input-contact-person.png"): Taking screenshot successfully

2022-04-07 14:32:52 - [MESSAGE][INFO] - 0 hidden object(s)

2022-04-07 14:32:52 - [MESSAGE][PASSED] - Taking screenshot successfully
[[ATTACHMENT|C:\Users\Nia Yusniati\Git_Asa\BCAF_MEAPP_i3\Screenshoot\Sprint4\Web\keyes\keyes-scenario-2-berhasil-input-contact-person.png]]

2022-04-07 14:32:52 - [TEST_STEP][PASSED] - markPassed("scenario 2 - berhasil input contact person"): scenario 2 - berhasil input contact person

2022-04-07 14:32:52 - [MESSAGE][PASSED] - scenario 2 - berhasil input contact person

2022-04-07 14:32:52 - [TEST_STEP][PASSED] - delay(1): Delayed 1 second(s)

2022-04-07 14:32:53 - [MESSAGE][PASSED] - Delayed 1 second(s)

2022-04-07 14:32:53 - [TEST_STEP][PASSED] - click(findTestObject("Input_Corporate/Other_Document/a_Other Document"), OPTIONAL): Object: 'Object Repository/Input_Corporate/Other_Document/a_Other Document' is clicked on

2022-04-07 14:32:54 - [MESSAGE][PASSED] - Object: 'Object Repository/Input_Corporate/Other_Document/a_Other Document' is clicked on

2022-04-07 14:32:54 - [TEST_STEP][PASSED] - delay(1): Delayed 1 second(s)

2022-04-07 14:32:55 - [MESSAGE][PASSED] - Delayed 1 second(s)

2022-04-07 14:32:55 - [TEST_STEP][PASSED] - takeFullPageScreenshotAsCheckpoint(userDir + sprint4WebScreenshootPath + "scenario-2-Masuk-menu-other-document.png"): Taking screenshot successfully

2022-04-07 14:32:55 - [MESSAGE][INFO] - 0 hidden object(s)

2022-04-07 14:32:55 - [MESSAGE][PASSED] - Taking screenshot successfully
[[ATTACHMENT|C:\Users\Nia Yusniati\Git_Asa\BCAF_MEAPP_i3\Screenshoot\Sprint4\Web\keyes\keyes-scenario-2-Masuk-menu-other-document.png]]

2022-04-07 14:32:55 - [TEST_STEP][PASSED] - markPassed("scenario 2 - Masuk menu other document"): scenario 2 - Masuk menu other document

2022-04-07 14:32:55 - [MESSAGE][PASSED] - scenario 2 - Masuk menu other document

2022-04-07 14:32:55 - [TEST_STEP][PASSED] - delay(1): Delayed 1 second(s)

2022-04-07 14:32:56 - [MESSAGE][PASSED] - Delayed 1 second(s)]]></system-out>
         <system-err><![CDATA[]]></system-err>
      </testcase>
      <testcase name="Test Cases/Sprint 4/Skenario 2/02-03-01-Transaction-AppPending-InputData-Information" time="79.935" classname="Test Cases/Sprint 4/Skenario 2/02-03-01-Transaction-AppPending-InputData-Information" status="PASSED">
         <system-out><![CDATA[2022-04-07 14:32:56 - [TEST_CASE][PASSED] - Test Cases/Sprint 4/Skenario 2/02-03-01-Transaction-AppPending-InputData-Information: Test Cases/Sprint 4/Skenario 2/02-03-01-Transaction-AppPending-InputData-Information

2022-04-07 14:32:58 - [TEST_STEP][PASSED] - userDir = getProjectDir(): null

2022-04-07 14:32:58 - [TEST_STEP][PASSED] - delay(1): Delayed 1 second(s)

2022-04-07 14:32:59 - [MESSAGE][PASSED] - Delayed 1 second(s)

2022-04-07 14:32:59 - [TEST_STEP][PASSED] - click(findTestObject("ME_AppPending/span_Collateral dan Loan")): Object: 'Object Repository/ME_AppPending/span_Collateral dan Loan' is clicked on

2022-04-07 14:32:59 - [MESSAGE][PASSED] - Object: 'Object Repository/ME_AppPending/span_Collateral dan Loan' is clicked on

2022-04-07 14:32:59 - [TEST_STEP][PASSED] - delay(1): Delayed 1 second(s)

2022-04-07 14:33:00 - [MESSAGE][PASSED] - Delayed 1 second(s)

2022-04-07 14:33:00 - [TEST_STEP][PASSED] - takeFullPageScreenshotAsCheckpoint(userDir + sprint4WebScreenshootPath + "scenario-2-masuk-menu-collateral-dan-loan.png"): Taking screenshot successfully

2022-04-07 14:33:01 - [MESSAGE][INFO] - 0 hidden object(s)

2022-04-07 14:33:01 - [MESSAGE][PASSED] - Taking screenshot successfully
[[ATTACHMENT|C:\Users\Nia Yusniati\Git_Asa\BCAF_MEAPP_i3\Screenshoot\Sprint4\Web\keyes\keyes-scenario-2-masuk-menu-collateral-dan-loan.png]]

2022-04-07 14:33:01 - [TEST_STEP][PASSED] - markPassed("scenario 2 - Masuk menu collateral dan loan"): scenario 2 - Masuk menu collateral dan loan

2022-04-07 14:33:01 - [MESSAGE][PASSED] - scenario 2 - Masuk menu collateral dan loan

2022-04-07 14:33:01 - [TEST_STEP][PASSED] - delay(1): Delayed 1 second(s)

2022-04-07 14:33:02 - [MESSAGE][PASSED] - Delayed 1 second(s)

2022-04-07 14:33:02 - [TEST_STEP][PASSED] - click(findTestObject("ME_CollateralandLoan_information/li_Information")): Object: 'Object Repository/ME_CollateralandLoan_information/li_Information' is clicked on

2022-04-07 14:33:03 - [MESSAGE][PASSED] - Object: 'Object Repository/ME_CollateralandLoan_information/li_Information' is clicked on

2022-04-07 14:33:03 - [TEST_STEP][PASSED] - delay(1): Delayed 1 second(s)

2022-04-07 14:33:04 - [MESSAGE][PASSED] - Delayed 1 second(s)

2022-04-07 14:33:04 - [TEST_STEP][PASSED] - click(findTestObject("ME_CollateralandLoan_information/input_jenispengajuan1"), OPTIONAL): Object: 'Object Repository/ME_CollateralandLoan_information/input_jenispengajuan1' is clicked on

2022-04-07 14:33:05 - [MESSAGE][PASSED] - Object: 'Object Repository/ME_CollateralandLoan_information/input_jenispengajuan1' is clicked on

2022-04-07 14:33:05 - [TEST_STEP][PASSED] - delay(1): Delayed 1 second(s)

2022-04-07 14:33:06 - [MESSAGE][PASSED] - Delayed 1 second(s)

2022-04-07 14:33:06 - [TEST_STEP][PASSED] - setText(findTestObject("ME_CollateralandLoan_information/input_jenispengajuan1"), information_jenisPengajuan, OPTIONAL): Text 'mobil bekas' is set on object 'Object Repository/ME_CollateralandLoan_information/input_jenispengajuan1'

2022-04-07 14:33:07 - [MESSAGE][PASSED] - Text 'mobil bekas' is set on object 'Object Repository/ME_CollateralandLoan_information/input_jenispengajuan1'

2022-04-07 14:33:07 - [TEST_STEP][PASSED] - delay(1): Delayed 1 second(s)

2022-04-07 14:33:08 - [MESSAGE][PASSED] - Delayed 1 second(s)

2022-04-07 14:33:08 - [TEST_STEP][PASSED] - takeFullPageScreenshotAsCheckpoint(userDir + sprint4WebScreenshootPath + "scenario-2-input-jenis-pengajuan.png"): Taking screenshot successfully

2022-04-07 14:33:09 - [MESSAGE][INFO] - 0 hidden object(s)

2022-04-07 14:33:09 - [MESSAGE][PASSED] - Taking screenshot successfully
[[ATTACHMENT|C:\Users\Nia Yusniati\Git_Asa\BCAF_MEAPP_i3\Screenshoot\Sprint4\Web\keyes\keyes-scenario-2-input-jenis-pengajuan.png]]

2022-04-07 14:33:09 - [TEST_STEP][PASSED] - markPassed("scenario 2 - Input Jenis Pengajuan"): scenario 2 - Input Jenis Pengajuan

2022-04-07 14:33:09 - [MESSAGE][PASSED] - scenario 2 - Input Jenis Pengajuan

2022-04-07 14:33:09 - [TEST_STEP][PASSED] - delay(1): Delayed 1 second(s)

2022-04-07 14:33:10 - [MESSAGE][PASSED] - Delayed 1 second(s)

2022-04-07 14:33:10 - [TEST_STEP][PASSED] - click(findTestObject("ME_CollateralandLoan_information/div_Mobil Bekas")): Object: 'Object Repository/ME_CollateralandLoan_information/div_Mobil Bekas' is clicked on

2022-04-07 14:33:11 - [MESSAGE][PASSED] - Object: 'Object Repository/ME_CollateralandLoan_information/div_Mobil Bekas' is clicked on

2022-04-07 14:33:11 - [TEST_STEP][PASSED] - delay(1): Delayed 1 second(s)

2022-04-07 14:33:12 - [MESSAGE][PASSED] - Delayed 1 second(s)

2022-04-07 14:33:12 - [TEST_STEP][PASSED] - click(findTestObject("ME_CollateralandLoan_information/input_tujuankredit"), OPTIONAL): Object: 'Object Repository/ME_CollateralandLoan_information/input_tujuankredit' is clicked on

2022-04-07 14:33:13 - [MESSAGE][PASSED] - Object: 'Object Repository/ME_CollateralandLoan_information/input_tujuankredit' is clicked on

2022-04-07 14:33:13 - [TEST_STEP][PASSED] - delay(1): Delayed 1 second(s)

2022-04-07 14:33:14 - [MESSAGE][PASSED] - Delayed 1 second(s)

2022-04-07 14:33:14 - [TEST_STEP][PASSED] - setText(findTestObject("ME_CollateralandLoan_information/input_tujuankredit"), information_tujuanKredit, OPTIONAL): Text 'pembelian aset' is set on object 'Object Repository/ME_CollateralandLoan_information/input_tujuankredit'

2022-04-07 14:33:15 - [MESSAGE][PASSED] - Text 'pembelian aset' is set on object 'Object Repository/ME_CollateralandLoan_information/input_tujuankredit'

2022-04-07 14:33:15 - [TEST_STEP][PASSED] - delay(1): Delayed 1 second(s)

2022-04-07 14:33:16 - [MESSAGE][PASSED] - Delayed 1 second(s)

2022-04-07 14:33:16 - [TEST_STEP][PASSED] - takeFullPageScreenshotAsCheckpoint(userDir + sprint4WebScreenshootPath + "scenario-2-input-tujuan-pengajuan.png"): Taking screenshot successfully

2022-04-07 14:33:17 - [MESSAGE][INFO] - 0 hidden object(s)

2022-04-07 14:33:17 - [MESSAGE][PASSED] - Taking screenshot successfully
[[ATTACHMENT|C:\Users\Nia Yusniati\Git_Asa\BCAF_MEAPP_i3\Screenshoot\Sprint4\Web\keyes\keyes-scenario-2-input-tujuan-pengajuan.png]]

2022-04-07 14:33:17 - [TEST_STEP][PASSED] - markPassed("scenario 2 - Input Tujuan Pengajuan"): scenario 2 - Input Tujuan Pengajuan

2022-04-07 14:33:17 - [MESSAGE][PASSED] - scenario 2 - Input Tujuan Pengajuan

2022-04-07 14:33:17 - [TEST_STEP][PASSED] - delay(1): Delayed 1 second(s)

2022-04-07 14:33:18 - [MESSAGE][PASSED] - Delayed 1 second(s)

2022-04-07 14:33:18 - [TEST_STEP][PASSED] - click(findTestObject("ME_CollateralandLoan_information/div_Pembelian Aset")): Object: 'Object Repository/ME_CollateralandLoan_information/div_Pembelian Aset' is clicked on

2022-04-07 14:33:19 - [MESSAGE][PASSED] - Object: 'Object Repository/ME_CollateralandLoan_information/div_Pembelian Aset' is clicked on

2022-04-07 14:33:19 - [TEST_STEP][PASSED] - delay(1): Delayed 1 second(s)

2022-04-07 14:33:20 - [MESSAGE][PASSED] - Delayed 1 second(s)

2022-04-07 14:33:20 - [TEST_STEP][PASSED] - click(findTestObject("ME_CollateralandLoan_information/button_Payment")): Object: 'Object Repository/ME_CollateralandLoan_information/button_Payment' is clicked on

2022-04-07 14:33:21 - [MESSAGE][PASSED] - Object: 'Object Repository/ME_CollateralandLoan_information/button_Payment' is clicked on

2022-04-07 14:33:21 - [TEST_STEP][PASSED] - delay(1): Delayed 1 second(s)

2022-04-07 14:33:22 - [MESSAGE][PASSED] - Delayed 1 second(s)

2022-04-07 14:33:22 - [TEST_STEP][PASSED] - click(findTestObject("ME_CollateralandLoan_information/input_autodebet")): Object: 'Object Repository/ME_CollateralandLoan_information/input_autodebet' is clicked on

2022-04-07 14:33:23 - [MESSAGE][PASSED] - Object: 'Object Repository/ME_CollateralandLoan_information/input_autodebet' is clicked on

2022-04-07 14:33:23 - [TEST_STEP][PASSED] - delay(1): Delayed 1 second(s)

2022-04-07 14:33:24 - [MESSAGE][PASSED] - Delayed 1 second(s)

2022-04-07 14:33:24 - [TEST_STEP][PASSED] - takeFullPageScreenshotAsCheckpoint(userDir + sprint4WebScreenshootPath + "scenario-2-input-payment.png"): Taking screenshot successfully

2022-04-07 14:33:25 - [MESSAGE][INFO] - 0 hidden object(s)

2022-04-07 14:33:25 - [MESSAGE][PASSED] - Taking screenshot successfully
[[ATTACHMENT|C:\Users\Nia Yusniati\Git_Asa\BCAF_MEAPP_i3\Screenshoot\Sprint4\Web\keyes\keyes-scenario-2-input-payment.png]]

2022-04-07 14:33:25 - [TEST_STEP][PASSED] - markPassed("scenario 2 - Input Payment"): scenario 2 - Input Payment

2022-04-07 14:33:25 - [MESSAGE][PASSED] - scenario 2 - Input Payment

2022-04-07 14:33:25 - [TEST_STEP][PASSED] - delay(1): Delayed 1 second(s)

2022-04-07 14:33:26 - [MESSAGE][PASSED] - Delayed 1 second(s)

2022-04-07 14:33:26 - [TEST_STEP][PASSED] - click(findTestObject("ME_CollateralandLoan_information/div_Auto Debet")): Object: 'Object Repository/ME_CollateralandLoan_information/div_Auto Debet' is clicked on

2022-04-07 14:33:27 - [MESSAGE][PASSED] - Object: 'Object Repository/ME_CollateralandLoan_information/div_Auto Debet' is clicked on

2022-04-07 14:33:27 - [TEST_STEP][PASSED] - delay(1): Delayed 1 second(s)

2022-04-07 14:33:28 - [MESSAGE][PASSED] - Delayed 1 second(s)

2022-04-07 14:33:28 - [TEST_STEP][PASSED] - setText(findTestObject("ME_CollateralandLoan_information/input_Account No. 10 Digit_text-input-account-no"), information_accountNum): Text '11111111111' is set on object 'Object Repository/ME_CollateralandLoan_information/input_Account No. 10 Digit_text-input-account-no'

2022-04-07 14:33:30 - [MESSAGE][PASSED] - Text '11111111111' is set on object 'Object Repository/ME_CollateralandLoan_information/input_Account No. 10 Digit_text-input-account-no'

2022-04-07 14:33:30 - [TEST_STEP][PASSED] - delay(1): Delayed 1 second(s)

2022-04-07 14:33:31 - [MESSAGE][PASSED] - Delayed 1 second(s)

2022-04-07 14:33:31 - [TEST_STEP][PASSED] - click(findTestObject("ME_CollateralandLoan_information/input_Account No. 10 Digit_inline-checkbox-autodebetNoRek"), OPTIONAL): Object: 'Object Repository/ME_CollateralandLoan_information/input_Account No. 10 Digit_inline-checkbox-autodebetNoRek' is clicked on

2022-04-07 14:33:32 - [MESSAGE][PASSED] - Object: 'Object Repository/ME_CollateralandLoan_information/input_Account No. 10 Digit_inline-checkbox-autodebetNoRek' is clicked on

2022-04-07 14:33:32 - [TEST_STEP][PASSED] - click(findTestObject("ME_CollateralandLoan_information/Capture_rekeningautodebet")): Object: 'Object Repository/ME_CollateralandLoan_information/Capture_rekeningautodebet' is clicked on

2022-04-07 14:33:32 - [MESSAGE][PASSED] - Object: 'Object Repository/ME_CollateralandLoan_information/Capture_rekeningautodebet' is clicked on

2022-04-07 14:33:32 - [TEST_STEP][PASSED] - delay(1): Delayed 1 second(s)

2022-04-07 14:33:34 - [MESSAGE][PASSED] - Delayed 1 second(s)

2022-04-07 14:33:34 - [TEST_STEP][PASSED] - uploadFile(findTestObject("MEApp_AppBaru_InisiasiKonsumen/Capture_"), userDir + pathfinder_npwp): File 'C:/Users/Nia Yusniati/Git_Asa/BCAF_MEAPP_i3/Assets/npwp-dummy.jpg' sent to object: 'Object Repository/MEApp_AppBaru_InisiasiKonsumen/Capture_'

2022-04-07 14:33:34 - [MESSAGE][PASSED] - File 'C:/Users/Nia Yusniati/Git_Asa/BCAF_MEAPP_i3/Assets/npwp-dummy.jpg' sent to object: 'Object Repository/MEApp_AppBaru_InisiasiKonsumen/Capture_'

2022-04-07 14:33:34 - [TEST_STEP][PASSED] - setText(findTestObject("ME_CollateralandLoan_information/input_Account No. 10 Digit_noRekening"), information_accountNum2): Text '11111111111' is set on object 'Object Repository/ME_CollateralandLoan_information/input_Account No. 10 Digit_noRekening'

2022-04-07 14:33:36 - [MESSAGE][PASSED] - Text '11111111111' is set on object 'Object Repository/ME_CollateralandLoan_information/input_Account No. 10 Digit_noRekening'

2022-04-07 14:33:36 - [TEST_STEP][PASSED] - delay(1): Delayed 1 second(s)

2022-04-07 14:33:37 - [MESSAGE][PASSED] - Delayed 1 second(s)

2022-04-07 14:33:37 - [TEST_STEP][PASSED] - setText(findTestObject("ME_CollateralandLoan_information/input_Cabang BCA_cabangBca"), information_cabang): Text 'jakarta selatan' is set on object 'Object Repository/ME_CollateralandLoan_information/input_Cabang BCA_cabangBca'

2022-04-07 14:33:38 - [MESSAGE][PASSED] - Text 'jakarta selatan' is set on object 'Object Repository/ME_CollateralandLoan_information/input_Cabang BCA_cabangBca'

2022-04-07 14:33:38 - [TEST_STEP][PASSED] - delay(1): Delayed 1 second(s)

2022-04-07 14:33:39 - [MESSAGE][PASSED] - Delayed 1 second(s)

2022-04-07 14:33:39 - [TEST_STEP][PASSED] - setText(findTestObject("ME_CollateralandLoan_information/input_Nama Pemilik Rekening_form-control ng-untouched ng-pristine ng-invalid"), information_namaPemilikRek): Text 'afgan' is set on object 'Object Repository/ME_CollateralandLoan_information/input_Nama Pemilik Rekening_form-control ng-untouched ng-pristine ng-invalid'

2022-04-07 14:33:40 - [MESSAGE][PASSED] - Text 'afgan' is set on object 'Object Repository/ME_CollateralandLoan_information/input_Nama Pemilik Rekening_form-control ng-untouched ng-pristine ng-invalid'

2022-04-07 14:33:40 - [TEST_STEP][PASSED] - delay(1): Delayed 1 second(s)

2022-04-07 14:33:41 - [MESSAGE][PASSED] - Delayed 1 second(s)

2022-04-07 14:33:41 - [TEST_STEP][PASSED] - setText(findTestObject("ME_CollateralandLoan_information/input_No KTP_form-control ng-untouched ng-pristine ng-invalid"), information_noKTP): Text '22222222222222' is set on object 'Object Repository/ME_CollateralandLoan_information/input_No KTP_form-control ng-untouched ng-pristine ng-invalid'

2022-04-07 14:33:43 - [MESSAGE][PASSED] - Text '22222222222222' is set on object 'Object Repository/ME_CollateralandLoan_information/input_No KTP_form-control ng-untouched ng-pristine ng-invalid'

2022-04-07 14:33:43 - [TEST_STEP][PASSED] - delay(1): Delayed 1 second(s)

2022-04-07 14:33:44 - [MESSAGE][PASSED] - Delayed 1 second(s)

2022-04-07 14:33:44 - [TEST_STEP][PASSED] - takeFullPageScreenshotAsCheckpoint(userDir + sprint4WebScreenshootPath + "scenario-2-input-data-autodebit.png"): Taking screenshot successfully

2022-04-07 14:33:45 - [MESSAGE][INFO] - 0 hidden object(s)

2022-04-07 14:33:45 - [MESSAGE][PASSED] - Taking screenshot successfully
[[ATTACHMENT|C:\Users\Nia Yusniati\Git_Asa\BCAF_MEAPP_i3\Screenshoot\Sprint4\Web\keyes\keyes-scenario-2-input-data-autodebit.png]]

2022-04-07 14:33:45 - [TEST_STEP][PASSED] - markPassed("scenario 2 - Input data autodebit"): scenario 2 - Input data autodebit

2022-04-07 14:33:45 - [MESSAGE][PASSED] - scenario 2 - Input data autodebit

2022-04-07 14:33:45 - [TEST_STEP][PASSED] - delay(1): Delayed 1 second(s)

2022-04-07 14:33:46 - [MESSAGE][PASSED] - Delayed 1 second(s)

2022-04-07 14:33:46 - [TEST_STEP][PASSED] - click(findTestObject("ME_CollateralandLoan_information/button_Mutasi Rekening")): Object: 'Object Repository/ME_CollateralandLoan_information/button_Mutasi Rekening' is clicked on

2022-04-07 14:33:47 - [MESSAGE][PASSED] - Object: 'Object Repository/ME_CollateralandLoan_information/button_Mutasi Rekening' is clicked on

2022-04-07 14:33:47 - [TEST_STEP][PASSED] - delay(1): Delayed 1 second(s)

2022-04-07 14:33:48 - [MESSAGE][PASSED] - Delayed 1 second(s)

2022-04-07 14:33:48 - [TEST_STEP][PASSED] - takeFullPageScreenshotAsCheckpoint(userDir + sprint4WebScreenshootPath + "scenario-2-masuk-submenu-input-mutasi-rekening.png"): Taking screenshot successfully

2022-04-07 14:33:49 - [MESSAGE][INFO] - 0 hidden object(s)

2022-04-07 14:33:49 - [MESSAGE][PASSED] - Taking screenshot successfully
[[ATTACHMENT|C:\Users\Nia Yusniati\Git_Asa\BCAF_MEAPP_i3\Screenshoot\Sprint4\Web\keyes\keyes-scenario-2-masuk-submenu-input-mutasi-rekening.png]]

2022-04-07 14:33:49 - [TEST_STEP][PASSED] - markPassed("scenario 2 - Masuk submenu input mutasi rekening"): scenario 2 - Masuk submenu input mutasi rekening

2022-04-07 14:33:49 - [MESSAGE][PASSED] - scenario 2 - Masuk submenu input mutasi rekening

2022-04-07 14:33:49 - [TEST_STEP][PASSED] - delay(1): Delayed 1 second(s)

2022-04-07 14:33:50 - [MESSAGE][PASSED] - Delayed 1 second(s)

2022-04-07 14:33:50 - [TEST_STEP][PASSED] - click(findTestObject("ME_CollateralandLoan_information/button_Add Mutasi Rekening")): Object: 'Object Repository/ME_CollateralandLoan_information/button_Add Mutasi Rekening' is clicked on

2022-04-07 14:33:51 - [MESSAGE][PASSED] - Object: 'Object Repository/ME_CollateralandLoan_information/button_Add Mutasi Rekening' is clicked on

2022-04-07 14:33:51 - [TEST_STEP][PASSED] - delay(1): Delayed 1 second(s)

2022-04-07 14:33:52 - [MESSAGE][PASSED] - Delayed 1 second(s)

2022-04-07 14:33:52 - [TEST_STEP][PASSED] - takeFullPageScreenshotAsCheckpoint(userDir + sprint4WebScreenshootPath + "scenario-2-sebelum-input-data-mutasi-rekening.png"): Taking screenshot successfully

2022-04-07 14:33:53 - [MESSAGE][INFO] - 0 hidden object(s)

2022-04-07 14:33:53 - [MESSAGE][PASSED] - Taking screenshot successfully
[[ATTACHMENT|C:\Users\Nia Yusniati\Git_Asa\BCAF_MEAPP_i3\Screenshoot\Sprint4\Web\keyes\keyes-scenario-2-sebelum-input-data-mutasi-rekening.png]]

2022-04-07 14:33:53 - [TEST_STEP][PASSED] - markPassed("scenario 2 - sebelum input data mutasi rekening"): scenario 2 - sebelum input data mutasi rekening

2022-04-07 14:33:53 - [MESSAGE][PASSED] - scenario 2 - sebelum input data mutasi rekening

2022-04-07 14:33:53 - [TEST_STEP][PASSED] - delay(1): Delayed 1 second(s)

2022-04-07 14:33:54 - [MESSAGE][PASSED] - Delayed 1 second(s)

2022-04-07 14:33:54 - [TEST_STEP][PASSED] - click(findTestObject("ME_CollateralandLoan_information/a_Capture File_mutasirek")): Object: 'Object Repository/ME_CollateralandLoan_information/a_Capture File_mutasirek' is clicked on

2022-04-07 14:33:55 - [MESSAGE][PASSED] - Object: 'Object Repository/ME_CollateralandLoan_information/a_Capture File_mutasirek' is clicked on

2022-04-07 14:33:55 - [TEST_STEP][PASSED] - delay(1): Delayed 1 second(s)

2022-04-07 14:33:56 - [MESSAGE][PASSED] - Delayed 1 second(s)

2022-04-07 14:33:56 - [TEST_STEP][PASSED] - uploadFile(findTestObject("MEApp_AppBaru_InisiasiKonsumen/Capture_"), userDir + pathfinder_npwp): File 'C:/Users/Nia Yusniati/Git_Asa/BCAF_MEAPP_i3/Assets/npwp-dummy.jpg' sent to object: 'Object Repository/MEApp_AppBaru_InisiasiKonsumen/Capture_'

2022-04-07 14:33:56 - [MESSAGE][PASSED] - File 'C:/Users/Nia Yusniati/Git_Asa/BCAF_MEAPP_i3/Assets/npwp-dummy.jpg' sent to object: 'Object Repository/MEApp_AppBaru_InisiasiKonsumen/Capture_'

2022-04-07 14:33:56 - [TEST_STEP][PASSED] - delay(1): Delayed 1 second(s)

2022-04-07 14:33:57 - [MESSAGE][PASSED] - Delayed 1 second(s)

2022-04-07 14:33:57 - [TEST_STEP][PASSED] - setText(findTestObject("ME_CollateralandLoan_information/input_Mutasi Debit_form-control text-right ng-untouched ng-pristine ng-valid"), information_mutasiDebit): Text '10000000' is set on object 'Object Repository/ME_CollateralandLoan_information/input_Mutasi Debit_form-control text-right ng-untouched ng-pristine ng-valid'

2022-04-07 14:33:58 - [MESSAGE][PASSED] - Text '10000000' is set on object 'Object Repository/ME_CollateralandLoan_information/input_Mutasi Debit_form-control text-right ng-untouched ng-pristine ng-valid'

2022-04-07 14:33:58 - [TEST_STEP][PASSED] - delay(1): Delayed 1 second(s)

2022-04-07 14:33:59 - [MESSAGE][PASSED] - Delayed 1 second(s)

2022-04-07 14:33:59 - [TEST_STEP][PASSED] - setText(findTestObject("ME_CollateralandLoan_information/input_Mutasi Kredit_form-control text-right ng-untouched ng-pristine ng-valid"), information_mutasiKredit): Text '10000000' is set on object 'Object Repository/ME_CollateralandLoan_information/input_Mutasi Kredit_form-control text-right ng-untouched ng-pristine ng-valid'

2022-04-07 14:34:00 - [MESSAGE][PASSED] - Text '10000000' is set on object 'Object Repository/ME_CollateralandLoan_information/input_Mutasi Kredit_form-control text-right ng-untouched ng-pristine ng-valid'

2022-04-07 14:34:00 - [TEST_STEP][PASSED] - delay(1): Delayed 1 second(s)

2022-04-07 14:34:01 - [MESSAGE][PASSED] - Delayed 1 second(s)

2022-04-07 14:34:01 - [TEST_STEP][PASSED] - setText(findTestObject("ME_CollateralandLoan_information/input_Mutasi Saldo_form-control text-right ng-untouched ng-pristine ng-valid"), information_mutasiSaldo): Text '10000000' is set on object 'Object Repository/ME_CollateralandLoan_information/input_Mutasi Saldo_form-control text-right ng-untouched ng-pristine ng-valid'

2022-04-07 14:34:03 - [MESSAGE][PASSED] - Text '10000000' is set on object 'Object Repository/ME_CollateralandLoan_information/input_Mutasi Saldo_form-control text-right ng-untouched ng-pristine ng-valid'

2022-04-07 14:34:03 - [TEST_STEP][PASSED] - delay(1): Delayed 1 second(s)

2022-04-07 14:34:04 - [MESSAGE][PASSED] - Delayed 1 second(s)

2022-04-07 14:34:04 - [TEST_STEP][PASSED] - takeFullPageScreenshotAsCheckpoint(userDir + sprint4WebScreenshootPath + "scenario-2-input-data-mutasi-rekening.png"): Taking screenshot successfully

2022-04-07 14:34:05 - [MESSAGE][INFO] - 0 hidden object(s)

2022-04-07 14:34:05 - [MESSAGE][PASSED] - Taking screenshot successfully
[[ATTACHMENT|C:\Users\Nia Yusniati\Git_Asa\BCAF_MEAPP_i3\Screenshoot\Sprint4\Web\keyes\keyes-scenario-2-input-data-mutasi-rekening.png]]

2022-04-07 14:34:05 - [TEST_STEP][PASSED] - markPassed("scenario 2 - input data mutasi rekening"): scenario 2 - input data mutasi rekening

2022-04-07 14:34:05 - [MESSAGE][PASSED] - scenario 2 - input data mutasi rekening

2022-04-07 14:34:05 - [TEST_STEP][PASSED] - delay(1): Delayed 1 second(s)

2022-04-07 14:34:06 - [MESSAGE][PASSED] - Delayed 1 second(s)

2022-04-07 14:34:06 - [TEST_STEP][PASSED] - click(findTestObject("ME_CollateralandLoan_information/button_Add"), OPTIONAL): Object: 'Object Repository/ME_CollateralandLoan_information/button_Add' is clicked on

2022-04-07 14:34:07 - [MESSAGE][PASSED] - Object: 'Object Repository/ME_CollateralandLoan_information/button_Add' is clicked on

2022-04-07 14:34:07 - [TEST_STEP][PASSED] - delay(1): Delayed 1 second(s)

2022-04-07 14:34:08 - [MESSAGE][PASSED] - Delayed 1 second(s)

2022-04-07 14:34:08 - [TEST_STEP][PASSED] - click(findTestObject("ME_CollateralandLoan_information/button_View Detail_btn btn-edit ng-star-inserted"), OPTIONAL): Object: 'Object Repository/ME_CollateralandLoan_information/button_View Detail_btn btn-edit ng-star-inserted' is clicked on

2022-04-07 14:34:09 - [MESSAGE][PASSED] - Object: 'Object Repository/ME_CollateralandLoan_information/button_View Detail_btn btn-edit ng-star-inserted' is clicked on

2022-04-07 14:34:09 - [TEST_STEP][PASSED] - delay(1): Delayed 1 second(s)

2022-04-07 14:34:10 - [MESSAGE][PASSED] - Delayed 1 second(s)

2022-04-07 14:34:10 - [TEST_STEP][PASSED] - click(findTestObject("ME_CollateralandLoan_information/button_Save"), OPTIONAL): Object: 'Object Repository/ME_CollateralandLoan_information/button_Save' is clicked on

2022-04-07 14:34:11 - [MESSAGE][PASSED] - Object: 'Object Repository/ME_CollateralandLoan_information/button_Save' is clicked on

2022-04-07 14:34:11 - [TEST_STEP][PASSED] - delay(1): Delayed 1 second(s)

2022-04-07 14:34:12 - [MESSAGE][PASSED] - Delayed 1 second(s)

2022-04-07 14:34:12 - [TEST_STEP][PASSED] - click(findTestObject("ME_CollateralandLoan_information/a_View Detail_mutasirekening"), OPTIONAL): Object: 'Object Repository/ME_CollateralandLoan_information/a_View Detail_mutasirekening' is clicked on

2022-04-07 14:34:13 - [MESSAGE][PASSED] - Object: 'Object Repository/ME_CollateralandLoan_information/a_View Detail_mutasirekening' is clicked on

2022-04-07 14:34:13 - [TEST_STEP][PASSED] - delay(1): Delayed 1 second(s)

2022-04-07 14:34:14 - [MESSAGE][PASSED] - Delayed 1 second(s)

2022-04-07 14:34:14 - [TEST_STEP][PASSED] - takeFullPageScreenshotAsCheckpoint(userDir + sprint4WebScreenshootPath + "scenario-2-berhasil-mengisi-data-information.png"): Taking screenshot successfully

2022-04-07 14:34:15 - [MESSAGE][INFO] - 0 hidden object(s)

2022-04-07 14:34:15 - [MESSAGE][PASSED] - Taking screenshot successfully
[[ATTACHMENT|C:\Users\Nia Yusniati\Git_Asa\BCAF_MEAPP_i3\Screenshoot\Sprint4\Web\keyes\keyes-scenario-2-berhasil-mengisi-data-information.png]]

2022-04-07 14:34:15 - [TEST_STEP][PASSED] - markPassed("scenario 2 - Berhasil mengisi data information"): scenario 2 - Berhasil mengisi data information

2022-04-07 14:34:15 - [MESSAGE][PASSED] - scenario 2 - Berhasil mengisi data information

2022-04-07 14:34:15 - [TEST_STEP][PASSED] - delay(1): Delayed 1 second(s)

2022-04-07 14:34:16 - [MESSAGE][PASSED] - Delayed 1 second(s)]]></system-out>
         <system-err><![CDATA[]]></system-err>
      </testcase>
      <testcase name="Test Cases/Sprint 4/Skenario 2/02-03-02-Transaction-AppPending-InputData-Vehicle" time="291.816" classname="Test Cases/Sprint 4/Skenario 2/02-03-02-Transaction-AppPending-InputData-Vehicle" status="PASSED">
         <system-out><![CDATA[2022-04-07 14:34:16 - [TEST_CASE][PASSED] - Test Cases/Sprint 4/Skenario 2/02-03-02-Transaction-AppPending-InputData-Vehicle: Test Cases/Sprint 4/Skenario 2/02-03-02-Transaction-AppPending-InputData-Vehicle

2022-04-07 14:34:18 - [TEST_STEP][PASSED] - userDir = getProjectDir(): null

2022-04-07 14:34:18 - [TEST_STEP][PASSED] - delay(1): Delayed 1 second(s)

2022-04-07 14:34:19 - [MESSAGE][PASSED] - Delayed 1 second(s)

2022-04-07 14:34:19 - [TEST_STEP][PASSED] - scrollToPosition(0, 130): Browser is scrolled to position x = 0, y = 130

2022-04-07 14:34:19 - [MESSAGE][PASSED] - Browser is scrolled to position x = 0, y = 130

2022-04-07 14:34:19 - [TEST_STEP][PASSED] - takeFullPageScreenshotAsCheckpoint(userDir + sprint4WebScreenshootPath + "scenario-2-masuk-halaman-collateral-loan-vehicle.png"): Taking screenshot successfully

2022-04-07 14:34:20 - [MESSAGE][INFO] - 0 hidden object(s)

2022-04-07 14:34:20 - [MESSAGE][PASSED] - Taking screenshot successfully
[[ATTACHMENT|C:\Users\Nia Yusniati\Git_Asa\BCAF_MEAPP_i3\Screenshoot\Sprint4\Web\keyes\keyes-scenario-2-masuk-halaman-collateral-loan-vehicle.png]]

2022-04-07 14:34:20 - [TEST_STEP][PASSED] - markPassed("scenario 2 - Masuk halaman collateral loan vehicle"): scenario 2 - Masuk halaman collateral loan vehicle

2022-04-07 14:34:20 - [MESSAGE][PASSED] - scenario 2 - Masuk halaman collateral loan vehicle

2022-04-07 14:34:20 - [TEST_STEP][PASSED] - delay(1): Delayed 1 second(s)

2022-04-07 14:34:21 - [MESSAGE][PASSED] - Delayed 1 second(s)

2022-04-07 14:34:21 - [TEST_STEP][PASSED] - click(findTestObject("ME_CollateralAndLoan_Vehicle/li_Vehicle")): Object: 'Object Repository/ME_CollateralAndLoan_Vehicle/li_Vehicle' is clicked on

2022-04-07 14:34:22 - [MESSAGE][PASSED] - Object: 'Object Repository/ME_CollateralAndLoan_Vehicle/li_Vehicle' is clicked on

2022-04-07 14:34:22 - [TEST_STEP][PASSED] - delay(1): Delayed 1 second(s)

2022-04-07 14:34:23 - [MESSAGE][PASSED] - Delayed 1 second(s)

2022-04-07 14:34:23 - [TEST_STEP][PASSED] - waitForElementPresent(findTestObject("ME_CollateralAndLoan_Vehicle/input_dealername_ketiga"), 0): Object 'Object Repository/ME_CollateralAndLoan_Vehicle/input_dealername_ketiga' is present

2022-04-07 14:34:23 - [MESSAGE][WARNING] - Timeout '0' is invalid. Using default page load timeout: '30'

2022-04-07 14:34:23 - [MESSAGE][PASSED] - Object 'Object Repository/ME_CollateralAndLoan_Vehicle/input_dealername_ketiga' is present

2022-04-07 14:34:23 - [TEST_STEP][PASSED] - click(findTestObject("ME_CollateralAndLoan_Vehicle/input_dealername_ketiga"), OPTIONAL): Object: 'Object Repository/ME_CollateralAndLoan_Vehicle/input_dealername_ketiga' is clicked on

2022-04-07 14:34:24 - [MESSAGE][PASSED] - Object: 'Object Repository/ME_CollateralAndLoan_Vehicle/input_dealername_ketiga' is clicked on

2022-04-07 14:34:24 - [TEST_STEP][PASSED] - delay(1): Delayed 1 second(s)

2022-04-07 14:34:25 - [MESSAGE][PASSED] - Delayed 1 second(s)

2022-04-07 14:34:25 - [TEST_STEP][PASSED] - setText(findTestObject("ME_CollateralAndLoan_Vehicle/input_dealername_ketiga"), "Akita Prima Mobilindo, PT", OPTIONAL): Text 'Akita Prima Mobilindo, PT' is set on object 'Object Repository/ME_CollateralAndLoan_Vehicle/input_dealername_ketiga'

2022-04-07 14:34:28 - [MESSAGE][PASSED] - Text 'Akita Prima Mobilindo, PT' is set on object 'Object Repository/ME_CollateralAndLoan_Vehicle/input_dealername_ketiga'

2022-04-07 14:34:28 - [TEST_STEP][PASSED] - delay(1): Delayed 1 second(s)

2022-04-07 14:34:29 - [MESSAGE][PASSED] - Delayed 1 second(s)

2022-04-07 14:34:29 - [TEST_STEP][PASSED] - click(findTestObject("ME_CollateralAndLoan_Vehicle/span_Akita Prima Mobilindo, PT")): Object: 'Object Repository/ME_CollateralAndLoan_Vehicle/span_Akita Prima Mobilindo, PT' is clicked on

2022-04-07 14:34:29 - [MESSAGE][PASSED] - Object: 'Object Repository/ME_CollateralAndLoan_Vehicle/span_Akita Prima Mobilindo, PT' is clicked on

2022-04-07 14:34:29 - [TEST_STEP][PASSED] - delay(1): Delayed 1 second(s)

2022-04-07 14:34:30 - [MESSAGE][PASSED] - Delayed 1 second(s)

2022-04-07 14:34:30 - [TEST_STEP][PASSED] - waitForElementPresent(findTestObject("ME_CollateralAndLoan_Vehicle/input_branch_ketiga"), 0): Object 'Object Repository/ME_CollateralAndLoan_Vehicle/input_branch_ketiga' is present

2022-04-07 14:34:31 - [MESSAGE][WARNING] - Timeout '0' is invalid. Using default page load timeout: '30'

2022-04-07 14:34:31 - [MESSAGE][PASSED] - Object 'Object Repository/ME_CollateralAndLoan_Vehicle/input_branch_ketiga' is present

2022-04-07 14:34:31 - [TEST_STEP][PASSED] - click(findTestObject("ME_CollateralAndLoan_Vehicle/input_branch_ketiga")): Object: 'Object Repository/ME_CollateralAndLoan_Vehicle/input_branch_ketiga' is clicked on

2022-04-07 14:34:32 - [MESSAGE][PASSED] - Object: 'Object Repository/ME_CollateralAndLoan_Vehicle/input_branch_ketiga' is clicked on

2022-04-07 14:34:32 - [TEST_STEP][PASSED] - delay(1): Delayed 1 second(s)

2022-04-07 14:34:33 - [MESSAGE][PASSED] - Delayed 1 second(s)

2022-04-07 14:34:33 - [TEST_STEP][PASSED] - setText(findTestObject("ME_CollateralAndLoan_Vehicle/input_branch_ketiga"), "Akita Prima Mobilindo - Pondok Cabe"): Text 'Akita Prima Mobilindo - Pondok Cabe' is set on object 'Object Repository/ME_CollateralAndLoan_Vehicle/input_branch_ketiga'

2022-04-07 14:34:35 - [MESSAGE][PASSED] - Text 'Akita Prima Mobilindo - Pondok Cabe' is set on object 'Object Repository/ME_CollateralAndLoan_Vehicle/input_branch_ketiga'

2022-04-07 14:34:35 - [TEST_STEP][PASSED] - delay(1): Delayed 1 second(s)

2022-04-07 14:34:36 - [MESSAGE][PASSED] - Delayed 1 second(s)

2022-04-07 14:34:36 - [TEST_STEP][PASSED] - waitForElementPresent(findTestObject("ME_CollateralAndLoan_Vehicle/span_A1617 - Akita Prima Mobilindo - Pondok Cabe"), 0): Object 'Object Repository/ME_CollateralAndLoan_Vehicle/span_A1617 - Akita Prima Mobilindo - Pondok Cabe' is present

2022-04-07 14:34:36 - [MESSAGE][WARNING] - Timeout '0' is invalid. Using default page load timeout: '30'

2022-04-07 14:34:36 - [MESSAGE][PASSED] - Object 'Object Repository/ME_CollateralAndLoan_Vehicle/span_A1617 - Akita Prima Mobilindo - Pondok Cabe' is present

2022-04-07 14:34:36 - [TEST_STEP][PASSED] - click(findTestObject("ME_CollateralAndLoan_Vehicle/span_A1617 - Akita Prima Mobilindo - Pondok Cabe")): Object: 'Object Repository/ME_CollateralAndLoan_Vehicle/span_A1617 - Akita Prima Mobilindo - Pondok Cabe' is clicked on

2022-04-07 14:34:37 - [MESSAGE][PASSED] - Object: 'Object Repository/ME_CollateralAndLoan_Vehicle/span_A1617 - Akita Prima Mobilindo - Pondok Cabe' is clicked on

2022-04-07 14:34:37 - [TEST_STEP][PASSED] - delay(1): Delayed 1 second(s)

2022-04-07 14:34:38 - [MESSAGE][PASSED] - Delayed 1 second(s)

2022-04-07 14:34:38 - [TEST_STEP][PASSED] - verifyElementPresent(findTestObject("ME_CollateralAndLoan_Vehicle/input_Address_address"), 0): Object 'Object Repository/ME_CollateralAndLoan_Vehicle/input_Address_address' is present

2022-04-07 14:34:38 - [MESSAGE][WARNING] - Timeout '0' is invalid. Using default page load timeout: '30'

2022-04-07 14:34:38 - [MESSAGE][PASSED] - Object 'Object Repository/ME_CollateralAndLoan_Vehicle/input_Address_address' is present

2022-04-07 14:34:38 - [TEST_STEP][PASSED] - delay(1): Delayed 1 second(s)

2022-04-07 14:34:40 - [MESSAGE][PASSED] - Delayed 1 second(s)

2022-04-07 14:34:40 - [TEST_STEP][PASSED] - verifyElementPresent(findTestObject("ME_CollateralAndLoan_Vehicle/input_City_city"), 0): Object 'Object Repository/ME_CollateralAndLoan_Vehicle/input_City_city' is present

2022-04-07 14:34:40 - [MESSAGE][WARNING] - Timeout '0' is invalid. Using default page load timeout: '30'

2022-04-07 14:34:40 - [MESSAGE][PASSED] - Object 'Object Repository/ME_CollateralAndLoan_Vehicle/input_City_city' is present

2022-04-07 14:34:40 - [TEST_STEP][PASSED] - delay(1): Delayed 1 second(s)

2022-04-07 14:34:41 - [MESSAGE][PASSED] - Delayed 1 second(s)

2022-04-07 14:34:41 - [TEST_STEP][PASSED] - verifyElementPresent(findTestObject("ME_CollateralAndLoan_Vehicle/input_Telephone_phone"), 0): Object 'Object Repository/ME_CollateralAndLoan_Vehicle/input_Telephone_phone' is present

2022-04-07 14:34:41 - [MESSAGE][WARNING] - Timeout '0' is invalid. Using default page load timeout: '30'

2022-04-07 14:34:41 - [MESSAGE][PASSED] - Object 'Object Repository/ME_CollateralAndLoan_Vehicle/input_Telephone_phone' is present

2022-04-07 14:34:41 - [TEST_STEP][PASSED] - delay(1): Delayed 1 second(s)

2022-04-07 14:34:42 - [MESSAGE][PASSED] - Delayed 1 second(s)

2022-04-07 14:34:42 - [TEST_STEP][PASSED] - verifyElementPresent(findTestObject("ME_CollateralAndLoan_Vehicle/input_Authorize Dealer_authorizedDealer"), 0): Object 'Object Repository/ME_CollateralAndLoan_Vehicle/input_Authorize Dealer_authorizedDealer' is present

2022-04-07 14:34:42 - [MESSAGE][WARNING] - Timeout '0' is invalid. Using default page load timeout: '30'

2022-04-07 14:34:43 - [MESSAGE][PASSED] - Object 'Object Repository/ME_CollateralAndLoan_Vehicle/input_Authorize Dealer_authorizedDealer' is present

2022-04-07 14:34:43 - [TEST_STEP][PASSED] - delay(1): Delayed 1 second(s)

2022-04-07 14:34:44 - [MESSAGE][PASSED] - Delayed 1 second(s)

2022-04-07 14:34:44 - [TEST_STEP][PASSED] - verifyElementPresent(findTestObject("ME_CollateralAndLoan_Vehicle/input_Fax_fax"), 0): Object 'Object Repository/ME_CollateralAndLoan_Vehicle/input_Fax_fax' is present

2022-04-07 14:34:44 - [MESSAGE][WARNING] - Timeout '0' is invalid. Using default page load timeout: '30'

2022-04-07 14:34:44 - [MESSAGE][PASSED] - Object 'Object Repository/ME_CollateralAndLoan_Vehicle/input_Fax_fax' is present

2022-04-07 14:34:44 - [TEST_STEP][PASSED] - delay(1): Delayed 1 second(s)

2022-04-07 14:34:45 - [MESSAGE][PASSED] - Delayed 1 second(s)

2022-04-07 14:34:45 - [TEST_STEP][PASSED] - verifyElementPresent(findTestObject("ME_CollateralAndLoan_Vehicle/td_1-nomorrekening"), 0): Object 'Object Repository/ME_CollateralAndLoan_Vehicle/td_1-nomorrekening' is present

2022-04-07 14:34:45 - [MESSAGE][WARNING] - Timeout '0' is invalid. Using default page load timeout: '30'

2022-04-07 14:34:46 - [MESSAGE][PASSED] - Object 'Object Repository/ME_CollateralAndLoan_Vehicle/td_1-nomorrekening' is present

2022-04-07 14:34:46 - [TEST_STEP][PASSED] - takeFullPageScreenshotAsCheckpoint(userDir + sprint4WebScreenshootPath + "scenario-2-masuk-halaman-collateral-loan-vehicle.png"): Taking screenshot successfully

2022-04-07 14:34:47 - [MESSAGE][INFO] - 0 hidden object(s)

2022-04-07 14:34:47 - [MESSAGE][PASSED] - Taking screenshot successfully
[[ATTACHMENT|C:\Users\Nia Yusniati\Git_Asa\BCAF_MEAPP_i3\Screenshoot\Sprint4\Web\keyes\keyes-scenario-2-masuk-halaman-collateral-loan-vehicle.png]]

2022-04-07 14:34:47 - [TEST_STEP][PASSED] - markPassed("scenario 2 - Masuk halaman collateral loan vehicle"): scenario 2 - Masuk halaman collateral loan vehicle

2022-04-07 14:34:47 - [MESSAGE][PASSED] - scenario 2 - Masuk halaman collateral loan vehicle

2022-04-07 14:34:47 - [TEST_STEP][PASSED] - delay(1): Delayed 1 second(s)

2022-04-07 14:34:48 - [MESSAGE][PASSED] - Delayed 1 second(s)

2022-04-07 14:34:48 - [TEST_STEP][PASSED] - delay(1): Delayed 1 second(s)

2022-04-07 14:34:49 - [MESSAGE][PASSED] - Delayed 1 second(s)

2022-04-07 14:34:49 - [TEST_STEP][PASSED] - delay(1): Delayed 1 second(s)

2022-04-07 14:34:50 - [MESSAGE][PASSED] - Delayed 1 second(s)

2022-04-07 14:34:50 - [TEST_STEP][PASSED] - click(findTestObject("ME_CollateralAndLoan_Vehicle/button_Data Vehicle")): Object: 'Object Repository/ME_CollateralAndLoan_Vehicle/button_Data Vehicle' is clicked on

2022-04-07 14:34:51 - [MESSAGE][PASSED] - Object: 'Object Repository/ME_CollateralAndLoan_Vehicle/button_Data Vehicle' is clicked on

2022-04-07 14:34:51 - [TEST_STEP][PASSED] - delay(1): Delayed 1 second(s)

2022-04-07 14:34:52 - [MESSAGE][PASSED] - Delayed 1 second(s)

2022-04-07 14:34:52 - [TEST_STEP][PASSED] - takeFullPageScreenshotAsCheckpoint(userDir + sprint4WebScreenshootPath + "scenario-2-halaman-input-data-vehicle.png"): Taking screenshot successfully

2022-04-07 14:34:53 - [MESSAGE][INFO] - 0 hidden object(s)

2022-04-07 14:34:54 - [MESSAGE][PASSED] - Taking screenshot successfully
[[ATTACHMENT|C:\Users\Nia Yusniati\Git_Asa\BCAF_MEAPP_i3\Screenshoot\Sprint4\Web\keyes\keyes-scenario-2-halaman-input-data-vehicle.png]]

2022-04-07 14:34:54 - [TEST_STEP][PASSED] - markPassed("scenario 2 - halaman input data vehicle"): scenario 2 - halaman input data vehicle

2022-04-07 14:34:54 - [MESSAGE][PASSED] - scenario 2 - halaman input data vehicle

2022-04-07 14:34:54 - [TEST_STEP][PASSED] - delay(2): Delayed 2 second(s)

2022-04-07 14:34:56 - [MESSAGE][PASSED] - Delayed 2 second(s)

2022-04-07 14:34:56 - [TEST_STEP][PASSED] - scrollToElement(findTestObject("ME_CollateralAndLoan_Vehicle/button_Data Vehicle"), 0, STOP_ON_FAILURE): Scroll to object 'Object Repository/ME_CollateralAndLoan_Vehicle/button_Data Vehicle' successfully

2022-04-07 14:34:56 - [MESSAGE][WARNING] - Timeout '0' is invalid. Using default page load timeout: '30'

2022-04-07 14:34:56 - [MESSAGE][PASSED] - Scroll to object 'Object Repository/ME_CollateralAndLoan_Vehicle/button_Data Vehicle' successfully

2022-04-07 14:34:56 - [TEST_STEP][PASSED] - click(findTestObject("ME_CollateralAndLoan_Vehicle/input_used_carCondition-radio")): Object: 'Object Repository/ME_CollateralAndLoan_Vehicle/input_used_carCondition-radio' is clicked on

2022-04-07 14:34:57 - [MESSAGE][PASSED] - Object: 'Object Repository/ME_CollateralAndLoan_Vehicle/input_used_carCondition-radio' is clicked on

2022-04-07 14:34:57 - [TEST_STEP][PASSED] - delay(1): Delayed 1 second(s)

2022-04-07 14:34:58 - [MESSAGE][PASSED] - Delayed 1 second(s)

2022-04-07 14:34:58 - [TEST_STEP][PASSED] - click(findTestObject("Object Repository/ME_CollateralAndLoan_Vehicle/div_Pilih Product Code"), OPTIONAL): Object: 'Object Repository/ME_CollateralAndLoan_Vehicle/div_Pilih Product Code' is clicked on

2022-04-07 14:34:59 - [MESSAGE][PASSED] - Object: 'Object Repository/ME_CollateralAndLoan_Vehicle/div_Pilih Product Code' is clicked on

2022-04-07 14:34:59 - [TEST_STEP][PASSED] - delay(1): Delayed 1 second(s)

2022-04-07 14:35:00 - [MESSAGE][PASSED] - Delayed 1 second(s)

2022-04-07 14:35:00 - [TEST_STEP][PASSED] - setText(findTestObject("ME_CollateralAndLoan_Vehicle/input_productcode2"), "leasing"): Text 'leasing' is set on object 'Object Repository/ME_CollateralAndLoan_Vehicle/input_productcode2'

2022-04-07 14:35:01 - [MESSAGE][PASSED] - Text 'leasing' is set on object 'Object Repository/ME_CollateralAndLoan_Vehicle/input_productcode2'

2022-04-07 14:35:01 - [TEST_STEP][PASSED] - delay(1): Delayed 1 second(s)

2022-04-07 14:35:02 - [MESSAGE][PASSED] - Delayed 1 second(s)

2022-04-07 14:35:02 - [TEST_STEP][PASSED] - click(findTestObject("ME_CollateralAndLoan_Vehicle/span_Leasing")): Object: 'Object Repository/ME_CollateralAndLoan_Vehicle/span_Leasing' is clicked on

2022-04-07 14:35:03 - [MESSAGE][PASSED] - Object: 'Object Repository/ME_CollateralAndLoan_Vehicle/span_Leasing' is clicked on

2022-04-07 14:35:03 - [TEST_STEP][PASSED] - delay(1): Delayed 1 second(s)

2022-04-07 14:35:04 - [MESSAGE][PASSED] - Delayed 1 second(s)

2022-04-07 14:35:04 - [TEST_STEP][PASSED] - click(findTestObject("vehiclekedua/input_brand_kedua")): Object: 'Object Repository/vehiclekedua/input_brand_kedua' is clicked on

2022-04-07 14:35:05 - [MESSAGE][PASSED] - Object: 'Object Repository/vehiclekedua/input_brand_kedua' is clicked on

2022-04-07 14:35:05 - [TEST_STEP][PASSED] - delay(1): Delayed 1 second(s)

2022-04-07 14:35:06 - [MESSAGE][PASSED] - Delayed 1 second(s)

2022-04-07 14:35:06 - [TEST_STEP][PASSED] - setText(findTestObject("vehiclekedua/input_brand_kedua"), "toyota"): Text 'toyota' is set on object 'Object Repository/vehiclekedua/input_brand_kedua'

2022-04-07 14:35:07 - [MESSAGE][PASSED] - Text 'toyota' is set on object 'Object Repository/vehiclekedua/input_brand_kedua'

2022-04-07 14:35:07 - [TEST_STEP][PASSED] - delay(1): Delayed 1 second(s)

2022-04-07 14:35:08 - [MESSAGE][PASSED] - Delayed 1 second(s)

2022-04-07 14:35:08 - [TEST_STEP][PASSED] - click(findTestObject("ME_CollateralAndLoan_Vehicle/div_TOYOTA_brand")): Object: 'Object Repository/ME_CollateralAndLoan_Vehicle/div_TOYOTA_brand' is clicked on

2022-04-07 14:35:09 - [MESSAGE][PASSED] - Object: 'Object Repository/ME_CollateralAndLoan_Vehicle/div_TOYOTA_brand' is clicked on

2022-04-07 14:35:09 - [TEST_STEP][PASSED] - delay(1): Delayed 1 second(s)

2022-04-07 14:35:10 - [MESSAGE][PASSED] - Delayed 1 second(s)

2022-04-07 14:35:10 - [TEST_STEP][PASSED] - click(findTestObject("vehiclekedua/input_model_kedua"), OPTIONAL): Object: 'Object Repository/vehiclekedua/input_model_kedua' is clicked on

2022-04-07 14:35:11 - [MESSAGE][PASSED] - Object: 'Object Repository/vehiclekedua/input_model_kedua' is clicked on

2022-04-07 14:35:11 - [TEST_STEP][PASSED] - delay(1): Delayed 1 second(s)

2022-04-07 14:35:12 - [MESSAGE][PASSED] - Delayed 1 second(s)

2022-04-07 14:35:12 - [TEST_STEP][PASSED] - setText(findTestObject("vehiclekedua/input_model_kedua"), "ALL NEW HILUX", OPTIONAL): Text 'ALL NEW HILUX' is set on object 'Object Repository/vehiclekedua/input_model_kedua'

2022-04-07 14:35:14 - [MESSAGE][PASSED] - Text 'ALL NEW HILUX' is set on object 'Object Repository/vehiclekedua/input_model_kedua'

2022-04-07 14:35:14 - [TEST_STEP][PASSED] - delay(1): Delayed 1 second(s)

2022-04-07 14:35:15 - [MESSAGE][PASSED] - Delayed 1 second(s)

2022-04-07 14:35:15 - [TEST_STEP][PASSED] - click(findTestObject("ME_CollateralAndLoan_Vehicle/div_ALL NEW HILUX_model_datavehicle"), OPTIONAL): Object: 'Object Repository/ME_CollateralAndLoan_Vehicle/div_ALL NEW HILUX_model_datavehicle' is clicked on

2022-04-07 14:35:16 - [MESSAGE][PASSED] - Object: 'Object Repository/ME_CollateralAndLoan_Vehicle/div_ALL NEW HILUX_model_datavehicle' is clicked on

2022-04-07 14:35:16 - [TEST_STEP][PASSED] - delay(1): Delayed 1 second(s)

2022-04-07 14:35:17 - [MESSAGE][PASSED] - Delayed 1 second(s)

2022-04-07 14:35:17 - [TEST_STEP][PASSED] - waitForElementPresent(findTestObject("ME_CollateralAndLoan_Vehicle/input_typekendaraan"), 0): Object 'Object Repository/ME_CollateralAndLoan_Vehicle/input_typekendaraan' is present

2022-04-07 14:35:18 - [MESSAGE][WARNING] - Timeout '0' is invalid. Using default page load timeout: '30'

2022-04-07 14:35:18 - [MESSAGE][PASSED] - Object 'Object Repository/ME_CollateralAndLoan_Vehicle/input_typekendaraan' is present

2022-04-07 14:35:18 - [TEST_STEP][PASSED] - click(findTestObject("ME_CollateralAndLoan_Vehicle/input_typekendaraan"), OPTIONAL): Object: 'Object Repository/ME_CollateralAndLoan_Vehicle/input_typekendaraan' is clicked on

2022-04-07 14:35:19 - [MESSAGE][PASSED] - Object: 'Object Repository/ME_CollateralAndLoan_Vehicle/input_typekendaraan' is clicked on

2022-04-07 14:35:19 - [TEST_STEP][PASSED] - delay(1): Delayed 1 second(s)

2022-04-07 14:35:20 - [MESSAGE][PASSED] - Delayed 1 second(s)

2022-04-07 14:35:20 - [TEST_STEP][PASSED] - setText(findTestObject("ME_CollateralAndLoan_Vehicle/input_typekendaraan"), "ALL NEW HI LUX DOUBLE CABIN 2.4 G (4X4) M/T DIESEL 2017", OPTIONAL): Text 'ALL NEW HI LUX DOUBLE CABIN 2.4 G (4X4) M/T DIESEL 2017' is set on object 'Object Repository/ME_CollateralAndLoan_Vehicle/input_typekendaraan'

2022-04-07 14:35:24 - [MESSAGE][PASSED] - Text 'ALL NEW HI LUX DOUBLE CABIN 2.4 G (4X4) M/T DIESEL 2017' is set on object 'Object Repository/ME_CollateralAndLoan_Vehicle/input_typekendaraan'

2022-04-07 14:35:24 - [TEST_STEP][PASSED] - delay(1): Delayed 1 second(s)

2022-04-07 14:35:25 - [MESSAGE][PASSED] - Delayed 1 second(s)

2022-04-07 14:35:25 - [TEST_STEP][PASSED] - waitForElementPresent(findTestObject("ME_CollateralAndLoan_Vehicle/div_ALL NEW HI LUX DOUBLE CABIN 2.4 G (4X4) MT DIESEL 2017_type_datavehicle"), 0): Object 'Object Repository/ME_CollateralAndLoan_Vehicle/div_ALL NEW HI LUX DOUBLE CABIN 2.4 G (4X4) MT DIESEL 2017_type_datavehicle' is present

2022-04-07 14:35:25 - [MESSAGE][WARNING] - Timeout '0' is invalid. Using default page load timeout: '30'

2022-04-07 14:35:25 - [MESSAGE][PASSED] - Object 'Object Repository/ME_CollateralAndLoan_Vehicle/div_ALL NEW HI LUX DOUBLE CABIN 2.4 G (4X4) MT DIESEL 2017_type_datavehicle' is present

2022-04-07 14:35:25 - [TEST_STEP][PASSED] - click(findTestObject("ME_CollateralAndLoan_Vehicle/div_ALL NEW HI LUX DOUBLE CABIN 2.4 G (4X4) MT DIESEL 2017_type_datavehicle"), OPTIONAL): Object: 'Object Repository/ME_CollateralAndLoan_Vehicle/div_ALL NEW HI LUX DOUBLE CABIN 2.4 G (4X4) MT DIESEL 2017_type_datavehicle' is clicked on

2022-04-07 14:35:26 - [MESSAGE][PASSED] - Object: 'Object Repository/ME_CollateralAndLoan_Vehicle/div_ALL NEW HI LUX DOUBLE CABIN 2.4 G (4X4) MT DIESEL 2017_type_datavehicle' is clicked on

2022-04-07 14:35:26 - [TEST_STEP][PASSED] - delay(1): Delayed 1 second(s)

2022-04-07 14:35:27 - [MESSAGE][PASSED] - Delayed 1 second(s)

2022-04-07 14:35:27 - [TEST_STEP][PASSED] - click(findTestObject("vehiclekedua/input_packet_kedua"), OPTIONAL): Object: 'Object Repository/vehiclekedua/input_packet_kedua' is clicked on

2022-04-07 14:35:28 - [MESSAGE][PASSED] - Object: 'Object Repository/vehiclekedua/input_packet_kedua' is clicked on

2022-04-07 14:35:28 - [TEST_STEP][PASSED] - delay(1): Delayed 1 second(s)

2022-04-07 14:35:29 - [MESSAGE][PASSED] - Delayed 1 second(s)

2022-04-07 14:35:29 - [TEST_STEP][PASSED] - setText(findTestObject("vehiclekedua/input_packet_kedua"), "BCAI - IIMS - SUBS OTR ADDB", OPTIONAL): Text 'BCAI - IIMS - SUBS OTR ADDB' is set on object 'Object Repository/vehiclekedua/input_packet_kedua'

2022-04-07 14:35:58 - [MESSAGE][PASSED] - Text 'BCAI - IIMS - SUBS OTR ADDB' is set on object 'Object Repository/vehiclekedua/input_packet_kedua'

2022-04-07 14:35:58 - [TEST_STEP][PASSED] - delay(1): Delayed 1 second(s)

2022-04-07 14:35:59 - [MESSAGE][PASSED] - Delayed 1 second(s)

2022-04-07 14:35:59 - [TEST_STEP][PASSED] - waitForElementPresent(findTestObject("ME_CollateralAndLoan_Vehicle/div_BCAI - IIMS - SUBS OTR ADDB"), 300): Object 'Object Repository/ME_CollateralAndLoan_Vehicle/div_BCAI - IIMS - SUBS OTR ADDB' is present

2022-04-07 14:36:00 - [MESSAGE][PASSED] - Object 'Object Repository/ME_CollateralAndLoan_Vehicle/div_BCAI - IIMS - SUBS OTR ADDB' is present

2022-04-07 14:36:00 - [TEST_STEP][PASSED] - delay(1): Delayed 1 second(s)

2022-04-07 14:36:01 - [MESSAGE][PASSED] - Delayed 1 second(s)

2022-04-07 14:36:01 - [TEST_STEP][PASSED] - click(findTestObject("ME_CollateralAndLoan_Vehicle/div_BCAI - IIMS - SUBS OTR ADDB")): Object: 'Object Repository/ME_CollateralAndLoan_Vehicle/div_BCAI - IIMS - SUBS OTR ADDB' is clicked on

2022-04-07 14:36:02 - [MESSAGE][PASSED] - Object: 'Object Repository/ME_CollateralAndLoan_Vehicle/div_BCAI - IIMS - SUBS OTR ADDB' is clicked on

2022-04-07 14:36:02 - [TEST_STEP][PASSED] - delay(1): Delayed 1 second(s)

2022-04-07 14:36:03 - [MESSAGE][PASSED] - Delayed 1 second(s)

2022-04-07 14:36:03 - [TEST_STEP][PASSED] - setText(findTestObject("ME_CollateralAndLoan_Vehicle/input_Keterangan Type Kendaraan_keteranganType"), "bekas"): Text 'bekas' is set on object 'Object Repository/ME_CollateralAndLoan_Vehicle/input_Keterangan Type Kendaraan_keteranganType'

2022-04-07 14:36:04 - [MESSAGE][PASSED] - Text 'bekas' is set on object 'Object Repository/ME_CollateralAndLoan_Vehicle/input_Keterangan Type Kendaraan_keteranganType'

2022-04-07 14:36:04 - [TEST_STEP][PASSED] - delay(1): Delayed 1 second(s)

2022-04-07 14:36:05 - [MESSAGE][PASSED] - Delayed 1 second(s)

2022-04-07 14:36:05 - [TEST_STEP][PASSED] - setText(findTestObject("ME_CollateralAndLoan_Vehicle/input_Year_year (1)"), "2020"): Text '2020' is set on object 'Object Repository/ME_CollateralAndLoan_Vehicle/input_Year_year (1)'

2022-04-07 14:36:06 - [MESSAGE][PASSED] - Text '2020' is set on object 'Object Repository/ME_CollateralAndLoan_Vehicle/input_Year_year (1)'

2022-04-07 14:36:06 - [TEST_STEP][PASSED] - delay(1): Delayed 1 second(s)

2022-04-07 14:36:07 - [MESSAGE][PASSED] - Delayed 1 second(s)

2022-04-07 14:36:07 - [TEST_STEP][PASSED] - click(findTestObject("ME_CollateralAndLoan_Vehicle/a_Capture File_bpkb")): Object: 'Object Repository/ME_CollateralAndLoan_Vehicle/a_Capture File_bpkb' is clicked on

2022-04-07 14:36:08 - [MESSAGE][PASSED] - Object: 'Object Repository/ME_CollateralAndLoan_Vehicle/a_Capture File_bpkb' is clicked on

2022-04-07 14:36:08 - [TEST_STEP][PASSED] - delay(1): Delayed 1 second(s)

2022-04-07 14:36:09 - [MESSAGE][PASSED] - Delayed 1 second(s)

2022-04-07 14:36:09 - [TEST_STEP][PASSED] - uploadFile(findTestObject("MEApp_AppBaru_InisiasiKonsumen/Capture_"), userDir + pathfinder_npwp): File 'C:/Users/Nia Yusniati/Git_Asa/BCAF_MEAPP_i3/Assets/npwp-dummy.jpg' sent to object: 'Object Repository/MEApp_AppBaru_InisiasiKonsumen/Capture_'

2022-04-07 14:36:10 - [MESSAGE][PASSED] - File 'C:/Users/Nia Yusniati/Git_Asa/BCAF_MEAPP_i3/Assets/npwp-dummy.jpg' sent to object: 'Object Repository/MEApp_AppBaru_InisiasiKonsumen/Capture_'

2022-04-07 14:36:10 - [TEST_STEP][PASSED] - delay(1): Delayed 1 second(s)

2022-04-07 14:36:11 - [MESSAGE][PASSED] - Delayed 1 second(s)

2022-04-07 14:36:11 - [TEST_STEP][PASSED] - click(findTestObject("ME_CollateralAndLoan_Vehicle/a_Capture Files_stnk_datavehicle")): Object: 'Object Repository/ME_CollateralAndLoan_Vehicle/a_Capture Files_stnk_datavehicle' is clicked on

2022-04-07 14:36:12 - [MESSAGE][PASSED] - Object: 'Object Repository/ME_CollateralAndLoan_Vehicle/a_Capture Files_stnk_datavehicle' is clicked on

2022-04-07 14:36:12 - [TEST_STEP][PASSED] - delay(1): Delayed 1 second(s)

2022-04-07 14:36:13 - [MESSAGE][PASSED] - Delayed 1 second(s)

2022-04-07 14:36:13 - [TEST_STEP][PASSED] - uploadFile(findTestObject("MEApp_AppBaru_InisiasiKonsumen/Capture_"), userDir + pathfinder_npwp): File 'C:/Users/Nia Yusniati/Git_Asa/BCAF_MEAPP_i3/Assets/npwp-dummy.jpg' sent to object: 'Object Repository/MEApp_AppBaru_InisiasiKonsumen/Capture_'

2022-04-07 14:36:13 - [MESSAGE][PASSED] - File 'C:/Users/Nia Yusniati/Git_Asa/BCAF_MEAPP_i3/Assets/npwp-dummy.jpg' sent to object: 'Object Repository/MEApp_AppBaru_InisiasiKonsumen/Capture_'

2022-04-07 14:36:13 - [TEST_STEP][PASSED] - delay(1): Delayed 1 second(s)

2022-04-07 14:36:14 - [MESSAGE][PASSED] - Delayed 1 second(s)

2022-04-07 14:36:14 - [TEST_STEP][PASSED] - setText(findTestObject("ME_CollateralAndLoan_Vehicle/input_Color_text-input (1)"), "hitam"): Text 'hitam' is set on object 'Object Repository/ME_CollateralAndLoan_Vehicle/input_Color_text-input (1)'

2022-04-07 14:36:15 - [MESSAGE][PASSED] - Text 'hitam' is set on object 'Object Repository/ME_CollateralAndLoan_Vehicle/input_Color_text-input (1)'

2022-04-07 14:36:15 - [TEST_STEP][PASSED] - delay(1): Delayed 1 second(s)

2022-04-07 14:36:17 - [MESSAGE][PASSED] - Delayed 1 second(s)

2022-04-07 14:36:17 - [TEST_STEP][PASSED] - setText(findTestObject("ME_CollateralAndLoan_Vehicle/input_BPKB No_text-input"), "1111111111"): Text '1111111111' is set on object 'Object Repository/ME_CollateralAndLoan_Vehicle/input_BPKB No_text-input'

2022-04-07 14:36:18 - [MESSAGE][PASSED] - Text '1111111111' is set on object 'Object Repository/ME_CollateralAndLoan_Vehicle/input_BPKB No_text-input'

2022-04-07 14:36:18 - [TEST_STEP][PASSED] - delay(1): Delayed 1 second(s)

2022-04-07 14:36:19 - [MESSAGE][PASSED] - Delayed 1 second(s)

2022-04-07 14:36:19 - [TEST_STEP][PASSED] - setText(findTestObject("ME_CollateralAndLoan_Vehicle/input_Engine No_text-input"), "1111111111"): Text '1111111111' is set on object 'Object Repository/ME_CollateralAndLoan_Vehicle/input_Engine No_text-input'

2022-04-07 14:36:20 - [MESSAGE][PASSED] - Text '1111111111' is set on object 'Object Repository/ME_CollateralAndLoan_Vehicle/input_Engine No_text-input'

2022-04-07 14:36:20 - [TEST_STEP][PASSED] - delay(1): Delayed 1 second(s)

2022-04-07 14:36:21 - [MESSAGE][PASSED] - Delayed 1 second(s)

2022-04-07 14:36:21 - [TEST_STEP][PASSED] - setText(findTestObject("ME_CollateralAndLoan_Vehicle/input_Police No_text-input"), "B1234AB"): Text 'B1234AB' is set on object 'Object Repository/ME_CollateralAndLoan_Vehicle/input_Police No_text-input'

2022-04-07 14:36:22 - [MESSAGE][PASSED] - Text 'B1234AB' is set on object 'Object Repository/ME_CollateralAndLoan_Vehicle/input_Police No_text-input'

2022-04-07 14:36:22 - [TEST_STEP][PASSED] - delay(1): Delayed 1 second(s)

2022-04-07 14:36:23 - [MESSAGE][PASSED] - Delayed 1 second(s)

2022-04-07 14:36:23 - [TEST_STEP][PASSED] - setText(findTestObject("ME_CollateralAndLoan_Vehicle/input_Body No_text-input"), "1111111111"): Text '1111111111' is set on object 'Object Repository/ME_CollateralAndLoan_Vehicle/input_Body No_text-input'

2022-04-07 14:36:24 - [MESSAGE][PASSED] - Text '1111111111' is set on object 'Object Repository/ME_CollateralAndLoan_Vehicle/input_Body No_text-input'

2022-04-07 14:36:24 - [TEST_STEP][PASSED] - delay(1): Delayed 1 second(s)

2022-04-07 14:36:25 - [MESSAGE][PASSED] - Delayed 1 second(s)

2022-04-07 14:36:25 - [TEST_STEP][PASSED] - click(findTestObject("vehiclekedua/input_purpose_kedua"), OPTIONAL): Object: 'Object Repository/vehiclekedua/input_purpose_kedua' is clicked on

2022-04-07 14:36:26 - [MESSAGE][PASSED] - Object: 'Object Repository/vehiclekedua/input_purpose_kedua' is clicked on

2022-04-07 14:36:26 - [TEST_STEP][PASSED] - delay(1): Delayed 1 second(s)

2022-04-07 14:36:27 - [MESSAGE][PASSED] - Delayed 1 second(s)

2022-04-07 14:36:27 - [TEST_STEP][PASSED] - setText(findTestObject("vehiclekedua/input_purpose_kedua"), "operasional", OPTIONAL): Text 'operasional' is set on object 'Object Repository/vehiclekedua/input_purpose_kedua'

2022-04-07 14:36:29 - [MESSAGE][PASSED] - Text 'operasional' is set on object 'Object Repository/vehiclekedua/input_purpose_kedua'

2022-04-07 14:36:29 - [TEST_STEP][PASSED] - delay(1): Delayed 1 second(s)

2022-04-07 14:36:30 - [MESSAGE][PASSED] - Delayed 1 second(s)

2022-04-07 14:36:30 - [TEST_STEP][PASSED] - click(findTestObject("ME_CollateralAndLoan_Vehicle/div_Operasional"), OPTIONAL): Object: 'Object Repository/ME_CollateralAndLoan_Vehicle/div_Operasional' is clicked on

2022-04-07 14:36:31 - [MESSAGE][PASSED] - Object: 'Object Repository/ME_CollateralAndLoan_Vehicle/div_Operasional' is clicked on

2022-04-07 14:36:31 - [TEST_STEP][PASSED] - delay(1): Delayed 1 second(s)

2022-04-07 14:36:32 - [MESSAGE][PASSED] - Delayed 1 second(s)

2022-04-07 14:36:32 - [TEST_STEP][PASSED] - setText(findTestObject("ME_CollateralAndLoan_Vehicle/input_BPKB Owner_text-input"), "sendiri"): Text 'sendiri' is set on object 'Object Repository/ME_CollateralAndLoan_Vehicle/input_BPKB Owner_text-input'

2022-04-07 14:36:33 - [MESSAGE][PASSED] - Text 'sendiri' is set on object 'Object Repository/ME_CollateralAndLoan_Vehicle/input_BPKB Owner_text-input'

2022-04-07 14:36:33 - [TEST_STEP][PASSED] - delay(1): Delayed 1 second(s)

2022-04-07 14:36:34 - [MESSAGE][PASSED] - Delayed 1 second(s)

2022-04-07 14:36:34 - [TEST_STEP][PASSED] - click(findTestObject("vehiclekedua/input_hubungan_bpkbownerdgdebitur_kedua"), OPTIONAL): Object: 'Object Repository/vehiclekedua/input_hubungan_bpkbownerdgdebitur_kedua' is clicked on

2022-04-07 14:36:35 - [MESSAGE][PASSED] - Object: 'Object Repository/vehiclekedua/input_hubungan_bpkbownerdgdebitur_kedua' is clicked on

2022-04-07 14:36:35 - [TEST_STEP][PASSED] - delay(1): Delayed 1 second(s)

2022-04-07 14:36:36 - [MESSAGE][PASSED] - Delayed 1 second(s)

2022-04-07 14:36:36 - [TEST_STEP][PASSED] - setText(findTestObject("vehiclekedua/input_hubungan_bpkbownerdgdebitur_kedua"), "pasangan", OPTIONAL): Text 'pasangan' is set on object 'Object Repository/vehiclekedua/input_hubungan_bpkbownerdgdebitur_kedua'

2022-04-07 14:36:37 - [MESSAGE][PASSED] - Text 'pasangan' is set on object 'Object Repository/vehiclekedua/input_hubungan_bpkbownerdgdebitur_kedua'

2022-04-07 14:36:37 - [TEST_STEP][PASSED] - delay(1): Delayed 1 second(s)

2022-04-07 14:36:38 - [MESSAGE][PASSED] - Delayed 1 second(s)

2022-04-07 14:36:38 - [TEST_STEP][PASSED] - click(findTestObject("ME_CollateralAndLoan_Vehicle/div_pasangan"), OPTIONAL): Object: 'Object Repository/ME_CollateralAndLoan_Vehicle/div_pasangan' is clicked on

2022-04-07 14:36:39 - [MESSAGE][PASSED] - Object: 'Object Repository/ME_CollateralAndLoan_Vehicle/div_pasangan' is clicked on

2022-04-07 14:36:39 - [TEST_STEP][PASSED] - delay(1): Delayed 1 second(s)

2022-04-07 14:36:40 - [MESSAGE][PASSED] - Delayed 1 second(s)

2022-04-07 14:36:40 - [TEST_STEP][PASSED] - click(findTestObject("ME_CollateralAndLoan_Vehicle/input_Tujuan Penggunaan Kendaraan_nonproduktif"), OPTIONAL): Object: 'Object Repository/ME_CollateralAndLoan_Vehicle/input_Tujuan Penggunaan Kendaraan_nonproduktif' is clicked on

2022-04-07 14:36:41 - [MESSAGE][PASSED] - Object: 'Object Repository/ME_CollateralAndLoan_Vehicle/input_Tujuan Penggunaan Kendaraan_nonproduktif' is clicked on

2022-04-07 14:36:41 - [TEST_STEP][PASSED] - delay(1): Delayed 1 second(s)

2022-04-07 14:36:42 - [MESSAGE][PASSED] - Delayed 1 second(s)

2022-04-07 14:36:42 - [TEST_STEP][PASSED] - click(findTestObject("ME_CollateralAndLoan_Vehicle/input_Tujuan Penggunaan Kendaraan_produktif"), OPTIONAL): Object: 'Object Repository/ME_CollateralAndLoan_Vehicle/input_Tujuan Penggunaan Kendaraan_produktif' is clicked on

2022-04-07 14:36:43 - [MESSAGE][PASSED] - Object: 'Object Repository/ME_CollateralAndLoan_Vehicle/input_Tujuan Penggunaan Kendaraan_produktif' is clicked on

2022-04-07 14:36:43 - [TEST_STEP][PASSED] - delay(1): Delayed 1 second(s)

2022-04-07 14:36:44 - [MESSAGE][PASSED] - Delayed 1 second(s)

2022-04-07 14:36:44 - [TEST_STEP][PASSED] - takeFullPageScreenshotAsCheckpoint(userDir + sprint4WebScreenshootPath + "scenario-2-berhasil-input-data-vehicle.png"): Taking screenshot successfully

2022-04-07 14:36:45 - [MESSAGE][INFO] - 0 hidden object(s)

2022-04-07 14:36:46 - [MESSAGE][PASSED] - Taking screenshot successfully
[[ATTACHMENT|C:\Users\Nia Yusniati\Git_Asa\BCAF_MEAPP_i3\Screenshoot\Sprint4\Web\keyes\keyes-scenario-2-berhasil-input-data-vehicle.png]]

2022-04-07 14:36:46 - [TEST_STEP][PASSED] - markPassed("scenario 2 - berhasil input data vehicle"): scenario 2 - berhasil input data vehicle

2022-04-07 14:36:46 - [MESSAGE][PASSED] - scenario 2 - berhasil input data vehicle

2022-04-07 14:36:46 - [TEST_STEP][PASSED] - delay(1): Delayed 1 second(s)

2022-04-07 14:36:47 - [MESSAGE][PASSED] - Delayed 1 second(s)

2022-04-07 14:36:47 - [TEST_STEP][PASSED] - delay(1): Delayed 1 second(s)

2022-04-07 14:36:48 - [MESSAGE][PASSED] - Delayed 1 second(s)

2022-04-07 14:36:48 - [TEST_STEP][PASSED] - click(findTestObject("ME_CollateralAndLoan_Vehicle/button_Loan Data"), OPTIONAL): Object: 'Object Repository/ME_CollateralAndLoan_Vehicle/button_Loan Data' is clicked on

2022-04-07 14:36:49 - [MESSAGE][PASSED] - Object: 'Object Repository/ME_CollateralAndLoan_Vehicle/button_Loan Data' is clicked on

2022-04-07 14:36:49 - [TEST_STEP][PASSED] - delay(1): Delayed 1 second(s)

2022-04-07 14:36:50 - [MESSAGE][PASSED] - Delayed 1 second(s)

2022-04-07 14:36:50 - [TEST_STEP][PASSED] - takeFullPageScreenshotAsCheckpoint(userDir + sprint4WebScreenshootPath + "scenario-2-halaman-input-loan-data.png"): Taking screenshot successfully

2022-04-07 14:36:52 - [MESSAGE][INFO] - 0 hidden object(s)

2022-04-07 14:36:52 - [MESSAGE][PASSED] - Taking screenshot successfully
[[ATTACHMENT|C:\Users\Nia Yusniati\Git_Asa\BCAF_MEAPP_i3\Screenshoot\Sprint4\Web\keyes\keyes-scenario-2-halaman-input-loan-data.png]]

2022-04-07 14:36:52 - [TEST_STEP][PASSED] - markPassed("scenario 2 - halaman input loan data"): scenario 2 - halaman input loan data

2022-04-07 14:36:52 - [MESSAGE][PASSED] - scenario 2 - halaman input loan data

2022-04-07 14:36:52 - [TEST_STEP][PASSED] - delay(1): Delayed 1 second(s)

2022-04-07 14:36:53 - [MESSAGE][PASSED] - Delayed 1 second(s)

2022-04-07 14:36:53 - [TEST_STEP][PASSED] - scrollToElement(findTestObject("ME_CollateralAndLoan_Vehicle/button_Loan Data"), 0): Scroll to object 'Object Repository/ME_CollateralAndLoan_Vehicle/button_Loan Data' successfully

2022-04-07 14:36:53 - [MESSAGE][WARNING] - Timeout '0' is invalid. Using default page load timeout: '30'

2022-04-07 14:36:54 - [MESSAGE][PASSED] - Scroll to object 'Object Repository/ME_CollateralAndLoan_Vehicle/button_Loan Data' successfully

2022-04-07 14:36:54 - [TEST_STEP][PASSED] - delay(1): Delayed 1 second(s)

2022-04-07 14:36:55 - [MESSAGE][PASSED] - Delayed 1 second(s)

2022-04-07 14:36:55 - [TEST_STEP][PASSED] - setText(findTestObject("ME_CollateralAndLoan_Vehicle/input_On The Road Price_otr"), "150000000"): Text '150000000' is set on object 'Object Repository/ME_CollateralAndLoan_Vehicle/input_On The Road Price_otr'

2022-04-07 14:36:56 - [MESSAGE][PASSED] - Text '150000000' is set on object 'Object Repository/ME_CollateralAndLoan_Vehicle/input_On The Road Price_otr'

2022-04-07 14:36:56 - [TEST_STEP][PASSED] - delay(1): Delayed 1 second(s)

2022-04-07 14:36:57 - [MESSAGE][PASSED] - Delayed 1 second(s)

2022-04-07 14:36:57 - [TEST_STEP][PASSED] - setText(findTestObject("ME_CollateralAndLoan_Vehicle/input_Down Payment_dpNominal"), "0"): Text '0' is set on object 'Object Repository/ME_CollateralAndLoan_Vehicle/input_Down Payment_dpNominal'

2022-04-07 14:36:58 - [MESSAGE][PASSED] - Text '0' is set on object 'Object Repository/ME_CollateralAndLoan_Vehicle/input_Down Payment_dpNominal'

2022-04-07 14:36:58 - [TEST_STEP][PASSED] - delay(1): Delayed 1 second(s)

2022-04-07 14:36:59 - [MESSAGE][PASSED] - Delayed 1 second(s)

2022-04-07 14:36:59 - [TEST_STEP][PASSED] - setText(findTestObject("ME_CollateralAndLoan_Vehicle/input_DP_dpPercent"), "30"): Text '30' is set on object 'Object Repository/ME_CollateralAndLoan_Vehicle/input_DP_dpPercent'

2022-04-07 14:37:00 - [MESSAGE][PASSED] - Text '30' is set on object 'Object Repository/ME_CollateralAndLoan_Vehicle/input_DP_dpPercent'

2022-04-07 14:37:00 - [TEST_STEP][PASSED] - delay(1): Delayed 1 second(s)

2022-04-07 14:37:01 - [MESSAGE][PASSED] - Delayed 1 second(s)

2022-04-07 14:37:01 - [TEST_STEP][PASSED] - setText(findTestObject("ME_CollateralAndLoan_Vehicle/input_Tenor (bulan)_tenor1"), "48"): Text '48' is set on object 'Object Repository/ME_CollateralAndLoan_Vehicle/input_Tenor (bulan)_tenor1'

2022-04-07 14:37:03 - [MESSAGE][PASSED] - Text '48' is set on object 'Object Repository/ME_CollateralAndLoan_Vehicle/input_Tenor (bulan)_tenor1'

2022-04-07 14:37:03 - [TEST_STEP][PASSED] - delay(1): Delayed 1 second(s)

2022-04-07 14:37:04 - [MESSAGE][PASSED] - Delayed 1 second(s)

2022-04-07 14:37:04 - [TEST_STEP][PASSED] - click(findTestObject("ME_CollateralAndLoan_Vehicle/input_Loan Type_inadvance"), OPTIONAL): Object: 'Object Repository/ME_CollateralAndLoan_Vehicle/input_Loan Type_inadvance' is clicked on

2022-04-07 14:37:05 - [MESSAGE][PASSED] - Object: 'Object Repository/ME_CollateralAndLoan_Vehicle/input_Loan Type_inadvance' is clicked on

2022-04-07 14:37:05 - [TEST_STEP][PASSED] - delay(1): Delayed 1 second(s)

2022-04-07 14:37:06 - [MESSAGE][PASSED] - Delayed 1 second(s)

2022-04-07 14:37:06 - [TEST_STEP][PASSED] - setText(findTestObject("ME_CollateralAndLoan_Vehicle/input_Flat Rate_flatRate"), "7"): Text '7' is set on object 'Object Repository/ME_CollateralAndLoan_Vehicle/input_Flat Rate_flatRate'

2022-04-07 14:37:07 - [MESSAGE][PASSED] - Text '7' is set on object 'Object Repository/ME_CollateralAndLoan_Vehicle/input_Flat Rate_flatRate'

2022-04-07 14:37:07 - [TEST_STEP][PASSED] - delay(1): Delayed 1 second(s)

2022-04-07 14:37:08 - [MESSAGE][PASSED] - Delayed 1 second(s)

2022-04-07 14:37:08 - [TEST_STEP][PASSED] - setText(findTestObject("ME_CollateralAndLoan_Vehicle/input_Flat Rate 2_flatRate2"), "7"): Text '7' is set on object 'Object Repository/ME_CollateralAndLoan_Vehicle/input_Flat Rate 2_flatRate2'

2022-04-07 14:37:09 - [MESSAGE][PASSED] - Text '7' is set on object 'Object Repository/ME_CollateralAndLoan_Vehicle/input_Flat Rate 2_flatRate2'

2022-04-07 14:37:09 - [TEST_STEP][PASSED] - delay(1): Delayed 1 second(s)

2022-04-07 14:37:10 - [MESSAGE][PASSED] - Delayed 1 second(s)

2022-04-07 14:37:10 - [TEST_STEP][PASSED] - click(findTestObject("ME_CollateralAndLoan_Vehicle/input_Effective Rate_effectiveRate"), OPTIONAL): Object: 'Object Repository/ME_CollateralAndLoan_Vehicle/input_Effective Rate_effectiveRate' is clicked on

2022-04-07 14:37:11 - [MESSAGE][PASSED] - Object: 'Object Repository/ME_CollateralAndLoan_Vehicle/input_Effective Rate_effectiveRate' is clicked on

2022-04-07 14:37:11 - [TEST_STEP][PASSED] - delay(1): Delayed 1 second(s)

2022-04-07 14:37:12 - [MESSAGE][PASSED] - Delayed 1 second(s)

2022-04-07 14:37:12 - [TEST_STEP][PASSED] - click(findTestObject("ME_CollateralAndLoan_Vehicle/input_Effective Rate 2_effectiveRate2"), OPTIONAL): Object: 'Object Repository/ME_CollateralAndLoan_Vehicle/input_Effective Rate 2_effectiveRate2' is clicked on

2022-04-07 14:37:12 - [MESSAGE][PASSED] - Object: 'Object Repository/ME_CollateralAndLoan_Vehicle/input_Effective Rate 2_effectiveRate2' is clicked on

2022-04-07 14:37:13 - [TEST_STEP][PASSED] - delay(1): Delayed 1 second(s)

2022-04-07 14:37:14 - [MESSAGE][PASSED] - Delayed 1 second(s)

2022-04-07 14:37:14 - [TEST_STEP][PASSED] - setText(findTestObject("ME_CollateralAndLoan_Vehicle/input_Provisional Percent_provisionPercent"), "2"): Text '2' is set on object 'Object Repository/ME_CollateralAndLoan_Vehicle/input_Provisional Percent_provisionPercent'

2022-04-07 14:37:15 - [MESSAGE][PASSED] - Text '2' is set on object 'Object Repository/ME_CollateralAndLoan_Vehicle/input_Provisional Percent_provisionPercent'

2022-04-07 14:37:15 - [TEST_STEP][PASSED] - delay(1): Delayed 1 second(s)

2022-04-07 14:37:16 - [MESSAGE][PASSED] - Delayed 1 second(s)

2022-04-07 14:37:16 - [TEST_STEP][PASSED] - click(findTestObject("ME_CollateralAndLoan_Vehicle/input_Provisional Payment_prepaid"), OPTIONAL): Object: 'Object Repository/ME_CollateralAndLoan_Vehicle/input_Provisional Payment_prepaid' is clicked on

2022-04-07 14:37:17 - [MESSAGE][PASSED] - Object: 'Object Repository/ME_CollateralAndLoan_Vehicle/input_Provisional Payment_prepaid' is clicked on

2022-04-07 14:37:17 - [TEST_STEP][PASSED] - delay(1): Delayed 1 second(s)

2022-04-07 14:37:18 - [MESSAGE][PASSED] - Delayed 1 second(s)

2022-04-07 14:37:18 - [TEST_STEP][PASSED] - setText(findTestObject("ME_CollateralAndLoan_Vehicle/input_Adm Fee_admFee"), "2000000"): Text '2000000' is set on object 'Object Repository/ME_CollateralAndLoan_Vehicle/input_Adm Fee_admFee'

2022-04-07 14:37:19 - [MESSAGE][PASSED] - Text '2000000' is set on object 'Object Repository/ME_CollateralAndLoan_Vehicle/input_Adm Fee_admFee'

2022-04-07 14:37:19 - [TEST_STEP][PASSED] - delay(1): Delayed 1 second(s)

2022-04-07 14:37:20 - [MESSAGE][PASSED] - Delayed 1 second(s)

2022-04-07 14:37:20 - [TEST_STEP][PASSED] - click(findTestObject("ME_CollateralAndLoan_Vehicle/input_Adm Fee Payment_onloan"), OPTIONAL): Object: 'Object Repository/ME_CollateralAndLoan_Vehicle/input_Adm Fee Payment_onloan' is clicked on

2022-04-07 14:37:21 - [MESSAGE][PASSED] - Object: 'Object Repository/ME_CollateralAndLoan_Vehicle/input_Adm Fee Payment_onloan' is clicked on

2022-04-07 14:37:21 - [TEST_STEP][PASSED] - delay(1): Delayed 1 second(s)

2022-04-07 14:37:22 - [MESSAGE][PASSED] - Delayed 1 second(s)

2022-04-07 14:37:22 - [TEST_STEP][PASSED] - click(findTestObject("ME_CollateralAndLoan_Vehicle/input_Adm Fee Payment_prepaid"), OPTIONAL): Object: 'Object Repository/ME_CollateralAndLoan_Vehicle/input_Adm Fee Payment_prepaid' is clicked on

2022-04-07 14:37:23 - [MESSAGE][PASSED] - Object: 'Object Repository/ME_CollateralAndLoan_Vehicle/input_Adm Fee Payment_prepaid' is clicked on

2022-04-07 14:37:23 - [TEST_STEP][PASSED] - delay(1): Delayed 1 second(s)

2022-04-07 14:37:24 - [MESSAGE][PASSED] - Delayed 1 second(s)

2022-04-07 14:37:24 - [TEST_STEP][PASSED] - click(findTestObject("ME_CollateralAndLoan_Vehicle/input_gabung_jenisUnit20"), OPTIONAL): Object: 'Object Repository/ME_CollateralAndLoan_Vehicle/input_gabung_jenisUnit20' is clicked on

2022-04-07 14:37:25 - [MESSAGE][PASSED] - Object: 'Object Repository/ME_CollateralAndLoan_Vehicle/input_gabung_jenisUnit20' is clicked on

2022-04-07 14:37:25 - [TEST_STEP][PASSED] - takeFullPageScreenshotAsCheckpoint(userDir + sprint4WebScreenshootPath + "scenario-2-berhasil-input-data-loan.png"): Taking screenshot successfully

2022-04-07 14:37:26 - [MESSAGE][INFO] - 0 hidden object(s)

2022-04-07 14:37:27 - [MESSAGE][PASSED] - Taking screenshot successfully
[[ATTACHMENT|C:\Users\Nia Yusniati\Git_Asa\BCAF_MEAPP_i3\Screenshoot\Sprint4\Web\keyes\keyes-scenario-2-berhasil-input-data-loan.png]]

2022-04-07 14:37:27 - [TEST_STEP][PASSED] - markPassed("scenario 2 - berhasil input data loan"): scenario 2 - berhasil input data loan

2022-04-07 14:37:27 - [MESSAGE][PASSED] - scenario 2 - berhasil input data loan

2022-04-07 14:37:27 - [TEST_STEP][PASSED] - delay(1): Delayed 1 second(s)

2022-04-07 14:37:28 - [MESSAGE][PASSED] - Delayed 1 second(s)

2022-04-07 14:37:28 - [TEST_STEP][PASSED] - delay(1): Delayed 1 second(s)

2022-04-07 14:37:29 - [MESSAGE][PASSED] - Delayed 1 second(s)

2022-04-07 14:37:29 - [TEST_STEP][PASSED] - click(findTestObject("ME_CollateralAndLoan_Vehicle/button_Insurance"), OPTIONAL): Object: 'Object Repository/ME_CollateralAndLoan_Vehicle/button_Insurance' is clicked on

2022-04-07 14:37:30 - [MESSAGE][PASSED] - Object: 'Object Repository/ME_CollateralAndLoan_Vehicle/button_Insurance' is clicked on

2022-04-07 14:37:30 - [TEST_STEP][PASSED] - delay(1): Delayed 1 second(s)

2022-04-07 14:37:31 - [MESSAGE][PASSED] - Delayed 1 second(s)

2022-04-07 14:37:31 - [TEST_STEP][PASSED] - click(findTestObject("ME_CollateralAndLoan_Vehicle/input_Insurance_inline-checkbox1"), OPTIONAL): Object: 'Object Repository/ME_CollateralAndLoan_Vehicle/input_Insurance_inline-checkbox1' is clicked on

2022-04-07 14:37:32 - [MESSAGE][PASSED] - Object: 'Object Repository/ME_CollateralAndLoan_Vehicle/input_Insurance_inline-checkbox1' is clicked on

2022-04-07 14:37:32 - [TEST_STEP][PASSED] - delay(1): Delayed 1 second(s)

2022-04-07 14:37:33 - [MESSAGE][PASSED] - Delayed 1 second(s)

2022-04-07 14:37:33 - [TEST_STEP][PASSED] - takeFullPageScreenshotAsCheckpoint(userDir + sprint4WebScreenshootPath + "scenario-2-halaman-input-insurance.png"): Taking screenshot successfully

2022-04-07 14:37:34 - [MESSAGE][INFO] - 0 hidden object(s)

2022-04-07 14:37:35 - [MESSAGE][PASSED] - Taking screenshot successfully
[[ATTACHMENT|C:\Users\Nia Yusniati\Git_Asa\BCAF_MEAPP_i3\Screenshoot\Sprint4\Web\keyes\keyes-scenario-2-halaman-input-insurance.png]]

2022-04-07 14:37:35 - [TEST_STEP][PASSED] - markPassed("scenario 2 - halaman input insurance"): scenario 2 - halaman input insurance

2022-04-07 14:37:35 - [MESSAGE][PASSED] - scenario 2 - halaman input insurance

2022-04-07 14:37:35 - [TEST_STEP][PASSED] - delay(1): Delayed 1 second(s)

2022-04-07 14:37:36 - [MESSAGE][PASSED] - Delayed 1 second(s)

2022-04-07 14:37:36 - [TEST_STEP][PASSED] - setText(findTestObject("vehiclekedua/input_carinsurance_kedua"), "NO INSURANCE"): Text 'NO INSURANCE' is set on object 'Object Repository/vehiclekedua/input_carinsurance_kedua'

2022-04-07 14:37:38 - [MESSAGE][PASSED] - Text 'NO INSURANCE' is set on object 'Object Repository/vehiclekedua/input_carinsurance_kedua'

2022-04-07 14:37:38 - [TEST_STEP][PASSED] - delay(1): Delayed 1 second(s)

2022-04-07 14:37:39 - [MESSAGE][PASSED] - Delayed 1 second(s)

2022-04-07 14:37:39 - [TEST_STEP][PASSED] - click(findTestObject("vehiclekedua/div_NO INSURANCE_kedua"), OPTIONAL): Object: 'Object Repository/vehiclekedua/div_NO INSURANCE_kedua' is clicked on

2022-04-07 14:37:40 - [MESSAGE][PASSED] - Object: 'Object Repository/vehiclekedua/div_NO INSURANCE_kedua' is clicked on

2022-04-07 14:37:40 - [TEST_STEP][PASSED] - delay(1): Delayed 1 second(s)

2022-04-07 14:37:41 - [MESSAGE][PASSED] - Delayed 1 second(s)

2022-04-07 14:37:41 - [TEST_STEP][PASSED] - click(findTestObject("vehiclekedua/input_carinsurancebranch_kedua"), OPTIONAL): Object: 'Object Repository/vehiclekedua/input_carinsurancebranch_kedua' is clicked on

2022-04-07 14:37:42 - [MESSAGE][PASSED] - Object: 'Object Repository/vehiclekedua/input_carinsurancebranch_kedua' is clicked on

2022-04-07 14:37:42 - [TEST_STEP][PASSED] - delay(1): Delayed 1 second(s)

2022-04-07 14:37:43 - [MESSAGE][PASSED] - Delayed 1 second(s)

2022-04-07 14:37:43 - [TEST_STEP][PASSED] - setText(findTestObject("vehiclekedua/input_carinsurancebranch_kedua"), "NO INSURANCE", OPTIONAL): Text 'NO INSURANCE' is set on object 'Object Repository/vehiclekedua/input_carinsurancebranch_kedua'

2022-04-07 14:37:44 - [MESSAGE][PASSED] - Text 'NO INSURANCE' is set on object 'Object Repository/vehiclekedua/input_carinsurancebranch_kedua'

2022-04-07 14:37:44 - [TEST_STEP][PASSED] - delay(1): Delayed 1 second(s)

2022-04-07 14:37:45 - [MESSAGE][PASSED] - Delayed 1 second(s)

2022-04-07 14:37:45 - [TEST_STEP][PASSED] - click(findTestObject("ME_CollateralAndLoan_Vehicle/div_NO INSURANCE_branch"), OPTIONAL): Object: 'Object Repository/ME_CollateralAndLoan_Vehicle/div_NO INSURANCE_branch' is clicked on

2022-04-07 14:37:46 - [MESSAGE][PASSED] - Object: 'Object Repository/ME_CollateralAndLoan_Vehicle/div_NO INSURANCE_branch' is clicked on

2022-04-07 14:37:46 - [TEST_STEP][PASSED] - delay(1): Delayed 1 second(s)

2022-04-07 14:37:47 - [MESSAGE][PASSED] - Delayed 1 second(s)

2022-04-07 14:37:47 - [TEST_STEP][PASSED] - click(findTestObject("vehiclekedua/input_carinsurancetype_kedua")): Object: 'Object Repository/vehiclekedua/input_carinsurancetype_kedua' is clicked on

2022-04-07 14:37:48 - [MESSAGE][PASSED] - Object: 'Object Repository/vehiclekedua/input_carinsurancetype_kedua' is clicked on

2022-04-07 14:37:48 - [TEST_STEP][PASSED] - delay(1): Delayed 1 second(s)

2022-04-07 14:37:49 - [MESSAGE][PASSED] - Delayed 1 second(s)

2022-04-07 14:37:49 - [TEST_STEP][PASSED] - setText(findTestObject("vehiclekedua/input_carinsurancetype_kedua"), "all risk"): Text 'all risk' is set on object 'Object Repository/vehiclekedua/input_carinsurancetype_kedua'

2022-04-07 14:37:50 - [MESSAGE][PASSED] - Text 'all risk' is set on object 'Object Repository/vehiclekedua/input_carinsurancetype_kedua'

2022-04-07 14:37:50 - [TEST_STEP][PASSED] - delay(1): Delayed 1 second(s)

2022-04-07 14:37:51 - [MESSAGE][PASSED] - Delayed 1 second(s)

2022-04-07 14:37:51 - [TEST_STEP][PASSED] - click(findTestObject("vehiclekedua/div_All Risk_kedua")): Object: 'Object Repository/vehiclekedua/div_All Risk_kedua' is clicked on

2022-04-07 14:37:52 - [MESSAGE][PASSED] - Object: 'Object Repository/vehiclekedua/div_All Risk_kedua' is clicked on

2022-04-07 14:37:52 - [TEST_STEP][PASSED] - delay(1): Delayed 1 second(s)

2022-04-07 14:37:53 - [MESSAGE][PASSED] - Delayed 1 second(s)

2022-04-07 14:37:53 - [TEST_STEP][PASSED] - click(findTestObject("ME_CollateralAndLoan_Vehicle/input_RSCC_carInsuranceRscc0")): Object: 'Object Repository/ME_CollateralAndLoan_Vehicle/input_RSCC_carInsuranceRscc0' is clicked on

2022-04-07 14:37:54 - [MESSAGE][PASSED] - Object: 'Object Repository/ME_CollateralAndLoan_Vehicle/input_RSCC_carInsuranceRscc0' is clicked on

2022-04-07 14:37:54 - [TEST_STEP][PASSED] - delay(1): Delayed 1 second(s)

2022-04-07 14:37:55 - [MESSAGE][PASSED] - Delayed 1 second(s)

2022-04-07 14:37:55 - [TEST_STEP][PASSED] - click(findTestObject("ME_CollateralAndLoan_Vehicle/input_RSMB_carInsuranceRsmb0")): Object: 'Object Repository/ME_CollateralAndLoan_Vehicle/input_RSMB_carInsuranceRsmb0' is clicked on

2022-04-07 14:37:56 - [MESSAGE][PASSED] - Object: 'Object Repository/ME_CollateralAndLoan_Vehicle/input_RSMB_carInsuranceRsmb0' is clicked on

2022-04-07 14:37:56 - [TEST_STEP][PASSED] - delay(1): Delayed 1 second(s)

2022-04-07 14:37:57 - [MESSAGE][PASSED] - Delayed 1 second(s)

2022-04-07 14:37:57 - [TEST_STEP][PASSED] - click(findTestObject("ME_CollateralAndLoan_Vehicle/input_Insurance Payment_prepaid")): Object: 'Object Repository/ME_CollateralAndLoan_Vehicle/input_Insurance Payment_prepaid' is clicked on

2022-04-07 14:37:58 - [MESSAGE][PASSED] - Object: 'Object Repository/ME_CollateralAndLoan_Vehicle/input_Insurance Payment_prepaid' is clicked on

2022-04-07 14:37:58 - [TEST_STEP][PASSED] - delay(1): Delayed 1 second(s)

2022-04-07 14:37:59 - [MESSAGE][PASSED] - Delayed 1 second(s)

2022-04-07 14:37:59 - [TEST_STEP][PASSED] - click(findTestObject("ME_CollateralAndLoan_Vehicle/input_Machine Warranty_lifeInsurance")): Object: 'Object Repository/ME_CollateralAndLoan_Vehicle/input_Machine Warranty_lifeInsurance' is clicked on

2022-04-07 14:38:00 - [MESSAGE][PASSED] - Object: 'Object Repository/ME_CollateralAndLoan_Vehicle/input_Machine Warranty_lifeInsurance' is clicked on

2022-04-07 14:38:00 - [TEST_STEP][PASSED] - delay(1): Delayed 1 second(s)

2022-04-07 14:38:01 - [MESSAGE][PASSED] - Delayed 1 second(s)

2022-04-07 14:38:01 - [TEST_STEP][PASSED] - takeFullPageScreenshotAsCheckpoint(userDir + sprint4WebScreenshootPath + "scenario-2-halaman-input-life-insurance.png"): Taking screenshot successfully

2022-04-07 14:38:02 - [MESSAGE][INFO] - 0 hidden object(s)

2022-04-07 14:38:03 - [MESSAGE][PASSED] - Taking screenshot successfully
[[ATTACHMENT|C:\Users\Nia Yusniati\Git_Asa\BCAF_MEAPP_i3\Screenshoot\Sprint4\Web\keyes\keyes-scenario-2-halaman-input-life-insurance.png]]

2022-04-07 14:38:03 - [TEST_STEP][PASSED] - markPassed("scenario 2 - halaman input life insurance"): scenario 2 - halaman input life insurance

2022-04-07 14:38:03 - [MESSAGE][PASSED] - scenario 2 - halaman input life insurance

2022-04-07 14:38:03 - [TEST_STEP][PASSED] - delay(1): Delayed 1 second(s)

2022-04-07 14:38:04 - [MESSAGE][PASSED] - Delayed 1 second(s)

2022-04-07 14:38:04 - [TEST_STEP][PASSED] - scrollToElement(findTestObject("ME_CollateralAndLoan_Vehicle/a_Calculate All Unit (1)"), 0): Scroll to object 'Object Repository/ME_CollateralAndLoan_Vehicle/a_Calculate All Unit (1)' successfully

2022-04-07 14:38:04 - [MESSAGE][WARNING] - Timeout '0' is invalid. Using default page load timeout: '30'

2022-04-07 14:38:04 - [MESSAGE][PASSED] - Scroll to object 'Object Repository/ME_CollateralAndLoan_Vehicle/a_Calculate All Unit (1)' successfully

2022-04-07 14:38:04 - [TEST_STEP][PASSED] - delay(1): Delayed 1 second(s)

2022-04-07 14:38:05 - [MESSAGE][PASSED] - Delayed 1 second(s)

2022-04-07 14:38:05 - [TEST_STEP][PASSED] - click(findTestObject("vehiclekedua/input_lifeinsurancecorp_kedua"), OPTIONAL): Object: 'Object Repository/vehiclekedua/input_lifeinsurancecorp_kedua' is clicked on

2022-04-07 14:38:07 - [MESSAGE][PASSED] - Object: 'Object Repository/vehiclekedua/input_lifeinsurancecorp_kedua' is clicked on

2022-04-07 14:38:07 - [TEST_STEP][PASSED] - delay(1): Delayed 1 second(s)

2022-04-07 14:38:08 - [MESSAGE][PASSED] - Delayed 1 second(s)

2022-04-07 14:38:08 - [TEST_STEP][PASSED] - setText(findTestObject("vehiclekedua/input_lifeinsurancecorp_kedua"), "ASURANSI LAINNYA", OPTIONAL): Text 'ASURANSI LAINNYA' is set on object 'Object Repository/vehiclekedua/input_lifeinsurancecorp_kedua'

2022-04-07 14:38:09 - [MESSAGE][PASSED] - Text 'ASURANSI LAINNYA' is set on object 'Object Repository/vehiclekedua/input_lifeinsurancecorp_kedua'

2022-04-07 14:38:09 - [TEST_STEP][PASSED] - delay(1): Delayed 1 second(s)

2022-04-07 14:38:10 - [MESSAGE][PASSED] - Delayed 1 second(s)

2022-04-07 14:38:10 - [TEST_STEP][PASSED] - click(findTestObject("vehiclekedua/div_ASURANSI LAINNYA_kedua"), OPTIONAL): Object: 'Object Repository/vehiclekedua/div_ASURANSI LAINNYA_kedua' is clicked on

2022-04-07 14:38:11 - [MESSAGE][PASSED] - Object: 'Object Repository/vehiclekedua/div_ASURANSI LAINNYA_kedua' is clicked on

2022-04-07 14:38:11 - [TEST_STEP][PASSED] - delay(1): Delayed 1 second(s)

2022-04-07 14:38:12 - [MESSAGE][PASSED] - Delayed 1 second(s)

2022-04-07 14:38:12 - [TEST_STEP][PASSED] - click(findTestObject("vehiclekedua/input_lifeinsurancebranch_kedua"), OPTIONAL): Object: 'Object Repository/vehiclekedua/input_lifeinsurancebranch_kedua' is clicked on

2022-04-07 14:38:13 - [MESSAGE][PASSED] - Object: 'Object Repository/vehiclekedua/input_lifeinsurancebranch_kedua' is clicked on

2022-04-07 14:38:13 - [TEST_STEP][PASSED] - delay(1): Delayed 1 second(s)

2022-04-07 14:38:14 - [MESSAGE][PASSED] - Delayed 1 second(s)

2022-04-07 14:38:14 - [TEST_STEP][PASSED] - setText(findTestObject("vehiclekedua/input_lifeinsurancebranch_kedua"), "AS. LAINNYA", OPTIONAL): Text 'AS. LAINNYA' is set on object 'Object Repository/vehiclekedua/input_lifeinsurancebranch_kedua'

2022-04-07 14:38:16 - [MESSAGE][PASSED] - Text 'AS. LAINNYA' is set on object 'Object Repository/vehiclekedua/input_lifeinsurancebranch_kedua'

2022-04-07 14:38:16 - [TEST_STEP][PASSED] - delay(1): Delayed 1 second(s)

2022-04-07 14:38:17 - [MESSAGE][PASSED] - Delayed 1 second(s)

2022-04-07 14:38:17 - [TEST_STEP][PASSED] - click(findTestObject("ME_CollateralAndLoan_Vehicle/div_AS. LAINNYA_lifeinsurance"), OPTIONAL): Object: 'Object Repository/ME_CollateralAndLoan_Vehicle/div_AS. LAINNYA_lifeinsurance' is clicked on

2022-04-07 14:38:18 - [MESSAGE][PASSED] - Object: 'Object Repository/ME_CollateralAndLoan_Vehicle/div_AS. LAINNYA_lifeinsurance' is clicked on

2022-04-07 14:38:18 - [TEST_STEP][PASSED] - delay(1): Delayed 1 second(s)

2022-04-07 14:38:19 - [MESSAGE][PASSED] - Delayed 1 second(s)

2022-04-07 14:38:19 - [TEST_STEP][PASSED] - click(findTestObject("ME_CollateralAndLoan_Vehicle/input_Annual_lifeInsurancePayment"), OPTIONAL): Object: 'Object Repository/ME_CollateralAndLoan_Vehicle/input_Annual_lifeInsurancePayment' is clicked on

2022-04-07 14:38:20 - [MESSAGE][PASSED] - Object: 'Object Repository/ME_CollateralAndLoan_Vehicle/input_Annual_lifeInsurancePayment' is clicked on

2022-04-07 14:38:20 - [TEST_STEP][PASSED] - delay(1): Delayed 1 second(s)

2022-04-07 14:38:21 - [MESSAGE][PASSED] - Delayed 1 second(s)

2022-04-07 14:38:21 - [TEST_STEP][PASSED] - takeFullPageScreenshotAsCheckpoint(userDir + sprint4WebScreenshootPath + "scenario-2-berhasil-input-data-insurance.png"): Taking screenshot successfully

2022-04-07 14:38:22 - [MESSAGE][INFO] - 0 hidden object(s)

2022-04-07 14:38:22 - [MESSAGE][PASSED] - Taking screenshot successfully
[[ATTACHMENT|C:\Users\Nia Yusniati\Git_Asa\BCAF_MEAPP_i3\Screenshoot\Sprint4\Web\keyes\keyes-scenario-2-berhasil-input-data-insurance.png]]

2022-04-07 14:38:22 - [TEST_STEP][PASSED] - markPassed("scenario 2 - berhasil input data insurance"): scenario 2 - berhasil input data insurance

2022-04-07 14:38:22 - [MESSAGE][PASSED] - scenario 2 - berhasil input data insurance

2022-04-07 14:38:22 - [TEST_STEP][PASSED] - delay(1): Delayed 1 second(s)

2022-04-07 14:38:23 - [MESSAGE][PASSED] - Delayed 1 second(s)

2022-04-07 14:38:23 - [TEST_STEP][PASSED] - click(findTestObject("ME_CollateralAndLoan_Vehicle/button_Note"), OPTIONAL): Object: 'Object Repository/ME_CollateralAndLoan_Vehicle/button_Note' is clicked on

2022-04-07 14:38:24 - [MESSAGE][PASSED] - Object: 'Object Repository/ME_CollateralAndLoan_Vehicle/button_Note' is clicked on

2022-04-07 14:38:24 - [TEST_STEP][PASSED] - delay(1): Delayed 1 second(s)

2022-04-07 14:38:25 - [MESSAGE][PASSED] - Delayed 1 second(s)

2022-04-07 14:38:25 - [TEST_STEP][PASSED] - takeFullPageScreenshotAsCheckpoint(userDir + sprint4WebScreenshootPath + "scenario-2-submenu-notes.png"): Taking screenshot successfully

2022-04-07 14:38:26 - [MESSAGE][INFO] - 0 hidden object(s)

2022-04-07 14:38:27 - [MESSAGE][PASSED] - Taking screenshot successfully
[[ATTACHMENT|C:\Users\Nia Yusniati\Git_Asa\BCAF_MEAPP_i3\Screenshoot\Sprint4\Web\keyes\keyes-scenario-2-submenu-notes.png]]

2022-04-07 14:38:27 - [TEST_STEP][PASSED] - markPassed("scenario 2 - submenu notes"): scenario 2 - submenu notes

2022-04-07 14:38:27 - [MESSAGE][PASSED] - scenario 2 - submenu notes

2022-04-07 14:38:27 - [TEST_STEP][PASSED] - delay(1): Delayed 1 second(s)

2022-04-07 14:38:28 - [MESSAGE][PASSED] - Delayed 1 second(s)

2022-04-07 14:38:28 - [TEST_STEP][PASSED] - setText(findTestObject("ME_CollateralAndLoan_Vehicle/textarea_Note CMO_noteCMO"), "notes cmo note cmo"): Text 'notes cmo note cmo' is set on object 'Object Repository/ME_CollateralAndLoan_Vehicle/textarea_Note CMO_noteCMO'

2022-04-07 14:38:29 - [MESSAGE][PASSED] - Text 'notes cmo note cmo' is set on object 'Object Repository/ME_CollateralAndLoan_Vehicle/textarea_Note CMO_noteCMO'

2022-04-07 14:38:29 - [TEST_STEP][PASSED] - delay(1): Delayed 1 second(s)

2022-04-07 14:38:30 - [MESSAGE][PASSED] - Delayed 1 second(s)

2022-04-07 14:38:30 - [TEST_STEP][PASSED] - takeFullPageScreenshotAsCheckpoint(userDir + sprint4WebScreenshootPath + "scenario-2-submenu-notes.png"): Taking screenshot successfully

2022-04-07 14:38:32 - [MESSAGE][INFO] - 0 hidden object(s)

2022-04-07 14:38:32 - [MESSAGE][PASSED] - Taking screenshot successfully
[[ATTACHMENT|C:\Users\Nia Yusniati\Git_Asa\BCAF_MEAPP_i3\Screenshoot\Sprint4\Web\keyes\keyes-scenario-2-submenu-notes.png]]

2022-04-07 14:38:32 - [TEST_STEP][PASSED] - markPassed("scenario 2 - berhasil input  notes CMO"): scenario 2 - berhasil input  notes CMO

2022-04-07 14:38:32 - [MESSAGE][PASSED] - scenario 2 - berhasil input  notes CMO

2022-04-07 14:38:32 - [TEST_STEP][PASSED] - delay(1): Delayed 1 second(s)

2022-04-07 14:38:33 - [MESSAGE][PASSED] - Delayed 1 second(s)

2022-04-07 14:38:33 - [TEST_STEP][PASSED] - click(findTestObject("vehiclekedua/a_Add Unit Kendaraan_kedua")): Object: 'Object Repository/vehiclekedua/a_Add Unit Kendaraan_kedua' is clicked on

2022-04-07 14:38:34 - [MESSAGE][PASSED] - Object: 'Object Repository/vehiclekedua/a_Add Unit Kendaraan_kedua' is clicked on

2022-04-07 14:38:34 - [TEST_STEP][PASSED] - delay(1): Delayed 1 second(s)

2022-04-07 14:38:35 - [MESSAGE][PASSED] - Delayed 1 second(s)

2022-04-07 14:38:35 - [TEST_STEP][PASSED] - takeFullPageScreenshotAsCheckpoint(userDir + sprint4WebScreenshootPath + "scenario-2-pop-up-add-kendaraan.png"): Taking screenshot successfully

2022-04-07 14:38:36 - [MESSAGE][INFO] - 0 hidden object(s)

2022-04-07 14:38:37 - [MESSAGE][PASSED] - Taking screenshot successfully
[[ATTACHMENT|C:\Users\Nia Yusniati\Git_Asa\BCAF_MEAPP_i3\Screenshoot\Sprint4\Web\keyes\keyes-scenario-2-pop-up-add-kendaraan.png]]

2022-04-07 14:38:37 - [TEST_STEP][PASSED] - markPassed("scenario 2 - Popup add unit kendaraan"): scenario 2 - Popup add unit kendaraan

2022-04-07 14:38:37 - [MESSAGE][PASSED] - scenario 2 - Popup add unit kendaraan

2022-04-07 14:38:37 - [TEST_STEP][PASSED] - delay(1): Delayed 1 second(s)

2022-04-07 14:38:38 - [MESSAGE][PASSED] - Delayed 1 second(s)

2022-04-07 14:38:38 - [TEST_STEP][PASSED] - setText(findTestObject("vehiclekedua/input_Jumlah unit_kedua"), "2"): Text '2' is set on object 'Object Repository/vehiclekedua/input_Jumlah unit_kedua'

2022-04-07 14:38:39 - [MESSAGE][PASSED] - Text '2' is set on object 'Object Repository/vehiclekedua/input_Jumlah unit_kedua'

2022-04-07 14:38:39 - [TEST_STEP][PASSED] - delay(1): Delayed 1 second(s)

2022-04-07 14:38:40 - [MESSAGE][PASSED] - Delayed 1 second(s)

2022-04-07 14:38:40 - [TEST_STEP][PASSED] - click(findTestObject("ME_CollateralAndLoan_Vehicle/input_ya_copy_addunit")): Object: 'Object Repository/ME_CollateralAndLoan_Vehicle/input_ya_copy_addunit' is clicked on

2022-04-07 14:38:40 - [MESSAGE][PASSED] - Object: 'Object Repository/ME_CollateralAndLoan_Vehicle/input_ya_copy_addunit' is clicked on

2022-04-07 14:38:40 - [TEST_STEP][PASSED] - delay(1): Delayed 1 second(s)

2022-04-07 14:38:41 - [MESSAGE][PASSED] - Delayed 1 second(s)

2022-04-07 14:38:41 - [TEST_STEP][PASSED] - click(findTestObject("ME_CollateralAndLoan_Vehicle/span_Pilih Unit")): Object: 'Object Repository/ME_CollateralAndLoan_Vehicle/span_Pilih Unit' is clicked on

2022-04-07 14:38:42 - [MESSAGE][PASSED] - Object: 'Object Repository/ME_CollateralAndLoan_Vehicle/span_Pilih Unit' is clicked on

2022-04-07 14:38:42 - [TEST_STEP][PASSED] - delay(1): Delayed 1 second(s)

2022-04-07 14:38:43 - [MESSAGE][PASSED] - Delayed 1 second(s)

2022-04-07 14:38:43 - [TEST_STEP][PASSED] - setText(findTestObject("vehiclekedua/input_Add_select2-search__field-UNIT_yangakandicopy_kedua"), "Unit 1"): Text 'Unit 1' is set on object 'Object Repository/vehiclekedua/input_Add_select2-search__field-UNIT_yangakandicopy_kedua'

2022-04-07 14:38:44 - [MESSAGE][PASSED] - Text 'Unit 1' is set on object 'Object Repository/vehiclekedua/input_Add_select2-search__field-UNIT_yangakandicopy_kedua'

2022-04-07 14:38:44 - [TEST_STEP][PASSED] - delay(1): Delayed 1 second(s)

2022-04-07 14:38:45 - [MESSAGE][PASSED] - Delayed 1 second(s)

2022-04-07 14:38:45 - [TEST_STEP][PASSED] - sendKeys(findTestObject("vehiclekedua/input_Add_select2-search__field-UNIT_yangakandicopy_kedua"), Keys.chord(ENTER)): Keys 'ENTER + ' sent to object: 'Object Repository/vehiclekedua/input_Add_select2-search__field-UNIT_yangakandicopy_kedua'

2022-04-07 14:38:46 - [MESSAGE][PASSED] - Keys 'ENTER + ' sent to object: 'Object Repository/vehiclekedua/input_Add_select2-search__field-UNIT_yangakandicopy_kedua'

2022-04-07 14:38:46 - [TEST_STEP][PASSED] - delay(1): Delayed 1 second(s)

2022-04-07 14:38:47 - [MESSAGE][PASSED] - Delayed 1 second(s)

2022-04-07 14:38:47 - [TEST_STEP][PASSED] - takeFullPageScreenshotAsCheckpoint(userDir + sprint4WebScreenshootPath + "scenario-2-berhasil-add-kendaraan.png"): Taking screenshot successfully

2022-04-07 14:38:48 - [MESSAGE][INFO] - 0 hidden object(s)

2022-04-07 14:38:48 - [MESSAGE][PASSED] - Taking screenshot successfully
[[ATTACHMENT|C:\Users\Nia Yusniati\Git_Asa\BCAF_MEAPP_i3\Screenshoot\Sprint4\Web\keyes\keyes-scenario-2-berhasil-add-kendaraan.png]]

2022-04-07 14:38:48 - [TEST_STEP][PASSED] - markPassed("scenario 2 - berhasil add unit kendaraan"): scenario 2 - berhasil add unit kendaraan

2022-04-07 14:38:48 - [MESSAGE][PASSED] - scenario 2 - berhasil add unit kendaraan

2022-04-07 14:38:48 - [TEST_STEP][PASSED] - delay(1): Delayed 1 second(s)

2022-04-07 14:38:49 - [MESSAGE][PASSED] - Delayed 1 second(s)

2022-04-07 14:38:49 - [TEST_STEP][PASSED] - click(findTestObject("ME_CollateralAndLoan_Vehicle/button_Add_unit")): Object: 'Object Repository/ME_CollateralAndLoan_Vehicle/button_Add_unit' is clicked on

2022-04-07 14:38:50 - [MESSAGE][PASSED] - Object: 'Object Repository/ME_CollateralAndLoan_Vehicle/button_Add_unit' is clicked on

2022-04-07 14:38:50 - [TEST_STEP][PASSED] - delay(1): Delayed 1 second(s)

2022-04-07 14:38:51 - [MESSAGE][PASSED] - Delayed 1 second(s)

2022-04-07 14:38:51 - [TEST_STEP][PASSED] - click(findTestObject("ME_CollateralAndLoan_Vehicle/a_Calculate All Unit")): Object: 'Object Repository/ME_CollateralAndLoan_Vehicle/a_Calculate All Unit' is clicked on

2022-04-07 14:38:57 - [MESSAGE][PASSED] - Object: 'Object Repository/ME_CollateralAndLoan_Vehicle/a_Calculate All Unit' is clicked on

2022-04-07 14:38:57 - [TEST_STEP][PASSED] - delay(1): Delayed 1 second(s)

2022-04-07 14:38:58 - [MESSAGE][PASSED] - Delayed 1 second(s)

2022-04-07 14:38:58 - [TEST_STEP][PASSED] - verifyElementPresent(findTestObject("ME_CollateralAndLoan_Vehicle/label_Summary Total"), 0): Object 'Object Repository/ME_CollateralAndLoan_Vehicle/label_Summary Total' is present

2022-04-07 14:38:58 - [MESSAGE][WARNING] - Timeout '0' is invalid. Using default page load timeout: '30'

2022-04-07 14:39:01 - [MESSAGE][PASSED] - Object 'Object Repository/ME_CollateralAndLoan_Vehicle/label_Summary Total' is present

2022-04-07 14:39:01 - [TEST_STEP][PASSED] - delay(1): Delayed 1 second(s)

2022-04-07 14:39:02 - [MESSAGE][PASSED] - Delayed 1 second(s)

2022-04-07 14:39:02 - [TEST_STEP][PASSED] - takeFullPageScreenshotAsCheckpoint(userDir + sprint4WebScreenshootPath + "scenario-2-pop-up-summary-total.png"): Taking screenshot successfully

2022-04-07 14:39:04 - [MESSAGE][INFO] - 0 hidden object(s)

2022-04-07 14:39:04 - [MESSAGE][PASSED] - Taking screenshot successfully
[[ATTACHMENT|C:\Users\Nia Yusniati\Git_Asa\BCAF_MEAPP_i3\Screenshoot\Sprint4\Web\keyes\keyes-scenario-2-pop-up-summary-total.png]]

2022-04-07 14:39:04 - [TEST_STEP][PASSED] - markPassed("scenario 2 - Popup summary total"): scenario 2 - Popup summary total

2022-04-07 14:39:04 - [MESSAGE][PASSED] - scenario 2 - Popup summary total

2022-04-07 14:39:04 - [TEST_STEP][PASSED] - delay(1): Delayed 1 second(s)

2022-04-07 14:39:05 - [MESSAGE][PASSED] - Delayed 1 second(s)

2022-04-07 14:39:05 - [TEST_STEP][PASSED] - verifyElementPresent(findTestObject("ME_CollateralAndLoan_Vehicle/div_Calculating Summary_mx-0 proceed-state state-1_success"), 0): Object 'Object Repository/ME_CollateralAndLoan_Vehicle/div_Calculating Summary_mx-0 proceed-state state-1_success' is present

2022-04-07 14:39:06 - [MESSAGE][WARNING] - Timeout '0' is invalid. Using default page load timeout: '30'

2022-04-07 14:39:06 - [MESSAGE][PASSED] - Object 'Object Repository/ME_CollateralAndLoan_Vehicle/div_Calculating Summary_mx-0 proceed-state state-1_success' is present

2022-04-07 14:39:06 - [TEST_STEP][PASSED] - delay(1): Delayed 1 second(s)

2022-04-07 14:39:07 - [MESSAGE][PASSED] - Delayed 1 second(s)

2022-04-07 14:39:07 - [TEST_STEP][PASSED] - click(findTestObject("ME_CollateralAndLoan_Vehicle/a_Close_calculate")): Object: 'Object Repository/ME_CollateralAndLoan_Vehicle/a_Close_calculate' is clicked on

2022-04-07 14:39:08 - [MESSAGE][PASSED] - Object: 'Object Repository/ME_CollateralAndLoan_Vehicle/a_Close_calculate' is clicked on]]></system-out>
         <system-err><![CDATA[]]></system-err>
      </testcase>
      <testcase name="Test Cases/Sprint 4/Skenario 2/02-04-Transaction-InputPenyimpangan-ProcessBM" time="41.398" classname="Test Cases/Sprint 4/Skenario 2/02-04-Transaction-InputPenyimpangan-ProcessBM" status="PASSED">
         <system-out><![CDATA[2022-04-07 14:39:08 - [TEST_CASE][PASSED] - Test Cases/Sprint 4/Skenario 2/02-04-Transaction-InputPenyimpangan-ProcessBM: Test Cases/Sprint 4/Skenario 2/02-04-Transaction-InputPenyimpangan-ProcessBM

2022-04-07 14:39:09 - [TEST_STEP][PASSED] - userDir = getProjectDir(): null

2022-04-07 14:39:09 - [TEST_STEP][PASSED] - scrollToPosition(0, 0): Browser is scrolled to position x = 0, y = 0

2022-04-07 14:39:09 - [MESSAGE][PASSED] - Browser is scrolled to position x = 0, y = 0

2022-04-07 14:39:09 - [TEST_STEP][PASSED] - click(findTestObject("Object Repository/Penyimpangan/span_Penyimpangan"), OPTIONAL): Object: 'Object Repository/Penyimpangan/span_Penyimpangan' is clicked on

2022-04-07 14:39:10 - [MESSAGE][PASSED] - Object: 'Object Repository/Penyimpangan/span_Penyimpangan' is clicked on

2022-04-07 14:39:10 - [TEST_STEP][PASSED] - delay(1): Delayed 1 second(s)

2022-04-07 14:39:11 - [MESSAGE][PASSED] - Delayed 1 second(s)

2022-04-07 14:39:11 - [TEST_STEP][PASSED] - takeFullPageScreenshotAsCheckpoint(userDir + sprint4WebScreenshootPath + "scenario-2-masuk-menu-penyimpangan.png"): Taking screenshot successfully

2022-04-07 14:39:12 - [MESSAGE][INFO] - 0 hidden object(s)

2022-04-07 14:39:13 - [MESSAGE][PASSED] - Taking screenshot successfully
[[ATTACHMENT|C:\Users\Nia Yusniati\Git_Asa\BCAF_MEAPP_i3\Screenshoot\Sprint4\Web\keyes\keyes-scenario-2-masuk-menu-penyimpangan.png]]

2022-04-07 14:39:13 - [TEST_STEP][PASSED] - markPassed("scenario 2 - Masuk menu penyimpangan"): scenario 2 - Masuk menu penyimpangan

2022-04-07 14:39:13 - [MESSAGE][PASSED] - scenario 2 - Masuk menu penyimpangan

2022-04-07 14:39:13 - [TEST_STEP][PASSED] - delay(1): Delayed 1 second(s)

2022-04-07 14:39:14 - [MESSAGE][PASSED] - Delayed 1 second(s)

2022-04-07 14:39:14 - [TEST_STEP][PASSED] - setText(findTestObject("Object Repository/Penyimpangan/input_keyword"), processBM_keyword, OPTIONAL): Text 'BM - (Tidak berlaku lagi) Bukti rumah berupa AJB / PBB / PPJB / HGB / Perjanjian Kredit KPR yang menunjukkan alamat sesuai dengan tempat tinggal konsumen (dapat atas nama pemohon / pasangan / anak / orang tua / mertua) (CS)' is set on object 'Object Repository/Penyimpangan/input_keyword'

2022-04-07 14:39:28 - [MESSAGE][PASSED] - Text 'BM - (Tidak berlaku lagi) Bukti rumah berupa AJB / PBB / PPJB / HGB / Perjanjian Kredit KPR yang menunjukkan alamat sesuai dengan tempat tinggal konsumen (dapat atas nama pemohon / pasangan / anak / orang tua / mertua) (CS)' is set on object 'Object Repository/Penyimpangan/input_keyword'

2022-04-07 14:39:28 - [TEST_STEP][PASSED] - takeFullPageScreenshotAsCheckpoint(userDir + sprint4WebScreenshootPath + "scenario-2-input-penyimpangan.png"): Taking screenshot successfully

2022-04-07 14:39:31 - [MESSAGE][INFO] - 0 hidden object(s)

2022-04-07 14:39:31 - [MESSAGE][PASSED] - Taking screenshot successfully
[[ATTACHMENT|C:\Users\Nia Yusniati\Git_Asa\BCAF_MEAPP_i3\Screenshoot\Sprint4\Web\keyes\keyes-scenario-2-input-penyimpangan.png]]

2022-04-07 14:39:31 - [TEST_STEP][PASSED] - markPassed("scenario 2 - Input penyimpangan"): scenario 2 - Input penyimpangan

2022-04-07 14:39:31 - [MESSAGE][PASSED] - scenario 2 - Input penyimpangan

2022-04-07 14:39:31 - [TEST_STEP][PASSED] - delay(1): Delayed 1 second(s)

2022-04-07 14:39:32 - [MESSAGE][PASSED] - Delayed 1 second(s)

2022-04-07 14:39:32 - [TEST_STEP][PASSED] - delay(1): Delayed 1 second(s)

2022-04-07 14:39:33 - [MESSAGE][PASSED] - Delayed 1 second(s)

2022-04-07 14:39:33 - [TEST_STEP][PASSED] - click(findTestObject("Object Repository/Penyimpangan/span_BM 1"), OPTIONAL): Object: 'Object Repository/Penyimpangan/span_BM 1' is clicked on

2022-04-07 14:39:34 - [MESSAGE][PASSED] - Object: 'Object Repository/Penyimpangan/span_BM 1' is clicked on

2022-04-07 14:39:34 - [TEST_STEP][PASSED] - delay(1): Delayed 1 second(s)

2022-04-07 14:39:35 - [MESSAGE][PASSED] - Delayed 1 second(s)

2022-04-07 14:39:35 - [TEST_STEP][PASSED] - scrollToElement(findTestObject("Object Repository/Penyimpangan/textarea_Catatan_note"), 0, OPTIONAL): Scroll to object 'Object Repository/Penyimpangan/textarea_Catatan_note' successfully

2022-04-07 14:39:35 - [MESSAGE][WARNING] - Timeout '0' is invalid. Using default page load timeout: '30'

2022-04-07 14:39:36 - [MESSAGE][PASSED] - Scroll to object 'Object Repository/Penyimpangan/textarea_Catatan_note' successfully

2022-04-07 14:39:36 - [TEST_STEP][PASSED] - delay(1): Delayed 1 second(s)

2022-04-07 14:39:37 - [MESSAGE][PASSED] - Delayed 1 second(s)

2022-04-07 14:39:37 - [TEST_STEP][PASSED] - setText(findTestObject("Object Repository/Penyimpangan/textarea_Catatan_note"), processBM_catatanNote, OPTIONAL): Text 'Pengajuan 2' is set on object 'Object Repository/Penyimpangan/textarea_Catatan_note'

2022-04-07 14:39:38 - [MESSAGE][PASSED] - Text 'Pengajuan 2' is set on object 'Object Repository/Penyimpangan/textarea_Catatan_note'

2022-04-07 14:39:38 - [TEST_STEP][PASSED] - delay(1): Delayed 1 second(s)

2022-04-07 14:39:39 - [MESSAGE][PASSED] - Delayed 1 second(s)

2022-04-07 14:39:39 - [TEST_STEP][PASSED] - takeFullPageScreenshotAsCheckpoint(userDir + sprint4WebScreenshootPath + "scenario-2-input-penyimpangan-selesai.png"): Taking screenshot successfully

2022-04-07 14:39:40 - [MESSAGE][INFO] - 0 hidden object(s)

2022-04-07 14:39:40 - [MESSAGE][PASSED] - Taking screenshot successfully
[[ATTACHMENT|C:\Users\Nia Yusniati\Git_Asa\BCAF_MEAPP_i3\Screenshoot\Sprint4\Web\keyes\keyes-scenario-2-input-penyimpangan-selesai.png]]

2022-04-07 14:39:40 - [TEST_STEP][PASSED] - markPassed("scenario 2 - Input penyimpangan selesai"): scenario 2 - Input penyimpangan selesai

2022-04-07 14:39:40 - [MESSAGE][PASSED] - scenario 2 - Input penyimpangan selesai

2022-04-07 14:39:40 - [TEST_STEP][PASSED] - delay(1): Delayed 1 second(s)

2022-04-07 14:39:41 - [MESSAGE][PASSED] - Delayed 1 second(s)

2022-04-07 14:39:41 - [TEST_STEP][PASSED] - click(findTestObject("Object Repository/Penyimpangan/span_Proceed"), OPTIONAL): Object: 'Object Repository/Penyimpangan/span_Proceed' is clicked on

2022-04-07 14:39:42 - [MESSAGE][PASSED] - Object: 'Object Repository/Penyimpangan/span_Proceed' is clicked on

2022-04-07 14:39:42 - [TEST_STEP][PASSED] - takeFullPageScreenshotAsCheckpoint(userDir + sprint4WebScreenshootPath + "scenario-2-berhasil-proceed.png"): Taking screenshot successfully

2022-04-07 14:39:43 - [MESSAGE][INFO] - 0 hidden object(s)

2022-04-07 14:39:44 - [MESSAGE][PASSED] - Taking screenshot successfully
[[ATTACHMENT|C:\Users\Nia Yusniati\Git_Asa\BCAF_MEAPP_i3\Screenshoot\Sprint4\Web\keyes\keyes-scenario-2-berhasil-proceed.png]]

2022-04-07 14:39:44 - [TEST_STEP][PASSED] - markPassed("scenario 2 - berhasil proceed"): scenario 2 - berhasil proceed

2022-04-07 14:39:44 - [MESSAGE][PASSED] - scenario 2 - berhasil proceed

2022-04-07 14:39:44 - [TEST_STEP][PASSED] - delay(5): Delayed 5 second(s)

2022-04-07 14:39:49 - [MESSAGE][PASSED] - Delayed 5 second(s)

2022-04-07 14:39:49 - [TEST_STEP][PASSED] - getSearch2 = getText(findTestObject("Object Repository/Penyimpangan/SetSearch")): Text of object 'Object Repository/Penyimpangan/SetSearch' is: '4003934'

2022-04-07 14:39:49 - [MESSAGE][PASSED] - Text of object 'Object Repository/Penyimpangan/SetSearch' is: '4003934'

2022-04-07 14:39:49 - [TEST_STEP][PASSED] - println(getSearch2): null

2022-04-07 14:39:49 - [TEST_STEP][PASSED] - Search2 = getSearch2: null]]></system-out>
         <system-err><![CDATA[]]></system-err>
      </testcase>
      <testcase name="Test Cases/Sprint 4/Skenario 2/02-05-Transaction-InquiryStatus-SearchPengajuan" time="35.215" classname="Test Cases/Sprint 4/Skenario 2/02-05-Transaction-InquiryStatus-SearchPengajuan" status="PASSED">
         <system-out><![CDATA[2022-04-07 14:39:49 - [TEST_CASE][PASSED] - Test Cases/Sprint 4/Skenario 2/02-05-Transaction-InquiryStatus-SearchPengajuan: Test Cases/Sprint 4/Skenario 2/02-05-Transaction-InquiryStatus-SearchPengajuan

2022-04-07 14:39:51 - [TEST_STEP][PASSED] - userDir = getProjectDir(): null

2022-04-07 14:39:51 - [TEST_STEP][PASSED] - click(findTestObject("Inquiry_Status/a_Close")): Object: 'Object Repository/Inquiry_Status/a_Close' is clicked on

2022-04-07 14:39:52 - [MESSAGE][PASSED] - Object: 'Object Repository/Inquiry_Status/a_Close' is clicked on

2022-04-07 14:39:52 - [TEST_STEP][PASSED] - id1 = Search1: null

2022-04-07 14:39:52 - [TEST_STEP][PASSED] - id2 = Search2: null

2022-04-07 14:39:52 - [TEST_STEP][PASSED] - println(id1): null

2022-04-07 14:39:52 - [TEST_STEP][PASSED] - println(id2): null

2022-04-07 14:39:52 - [TEST_STEP][PASSED] - delay(1): Delayed 1 second(s)

2022-04-07 14:39:53 - [MESSAGE][PASSED] - Delayed 1 second(s)

2022-04-07 14:39:53 - [TEST_STEP][PASSED] - click(findTestObject("Object Repository/Inquiry_Status/span_Inquiry Status Aplikasi")): Object: 'Object Repository/Inquiry_Status/span_Inquiry Status Aplikasi' is clicked on

2022-04-07 14:39:53 - [MESSAGE][PASSED] - Object: 'Object Repository/Inquiry_Status/span_Inquiry Status Aplikasi' is clicked on

2022-04-07 14:39:53 - [TEST_STEP][PASSED] - delay(1): Delayed 1 second(s)

2022-04-07 14:39:54 - [MESSAGE][PASSED] - Delayed 1 second(s)

2022-04-07 14:39:54 - [TEST_STEP][PASSED] - takeFullPageScreenshotAsCheckpoint(userDir + sprint4WebScreenshootPath + "scenario-2-menu-inquiry-status.png"): Taking screenshot successfully

2022-04-07 14:39:55 - [MESSAGE][INFO] - 0 hidden object(s)

2022-04-07 14:39:55 - [MESSAGE][PASSED] - Taking screenshot successfully
[[ATTACHMENT|C:\Users\Nia Yusniati\Git_Asa\BCAF_MEAPP_i3\Screenshoot\Sprint4\Web\keyes\keyes-scenario-2-menu-inquiry-status.png]]

2022-04-07 14:39:55 - [TEST_STEP][PASSED] - markPassed("scenario 2 - menu inquiry status"): scenario 2 - menu inquiry status

2022-04-07 14:39:55 - [MESSAGE][PASSED] - scenario 2 - menu inquiry status

2022-04-07 14:39:55 - [TEST_STEP][PASSED] - delay(1): Delayed 1 second(s)

2022-04-07 14:39:56 - [MESSAGE][PASSED] - Delayed 1 second(s)

2022-04-07 14:39:56 - [TEST_STEP][PASSED] - setText(findTestObject("Object Repository/Inquiry_Status/input_Mobile ID  Application ID_form-control ng-untouched ng-pristine ng-valid"), id1): Text '' is set on object 'Object Repository/Inquiry_Status/input_Mobile ID  Application ID_form-control ng-untouched ng-pristine ng-valid'

2022-04-07 14:39:57 - [MESSAGE][PASSED] - Text '' is set on object 'Object Repository/Inquiry_Status/input_Mobile ID  Application ID_form-control ng-untouched ng-pristine ng-valid'

2022-04-07 14:39:57 - [TEST_STEP][PASSED] - delay(1): Delayed 1 second(s)

2022-04-07 14:39:58 - [MESSAGE][PASSED] - Delayed 1 second(s)

2022-04-07 14:39:58 - [TEST_STEP][PASSED] - click(findTestObject("Object Repository/Inquiry_Status/span_Search")): Object: 'Object Repository/Inquiry_Status/span_Search' is clicked on

2022-04-07 14:39:59 - [MESSAGE][PASSED] - Object: 'Object Repository/Inquiry_Status/span_Search' is clicked on

2022-04-07 14:39:59 - [TEST_STEP][PASSED] - delay(10): Delayed 10 second(s)

2022-04-07 14:40:09 - [MESSAGE][PASSED] - Delayed 10 second(s)

2022-04-07 14:40:09 - [TEST_STEP][PASSED] - takeFullPageScreenshotAsCheckpoint(userDir + sprint4WebScreenshootPath + "scenario-2-input-search-inquiry-status-data-pengajuan-1.png"): Taking screenshot successfully

2022-04-07 14:40:09 - [MESSAGE][INFO] - 0 hidden object(s)

2022-04-07 14:40:09 - [MESSAGE][PASSED] - Taking screenshot successfully
[[ATTACHMENT|C:\Users\Nia Yusniati\Git_Asa\BCAF_MEAPP_i3\Screenshoot\Sprint4\Web\keyes\keyes-scenario-2-input-search-inquiry-status-data-pengajuan-1.png]]

2022-04-07 14:40:09 - [TEST_STEP][PASSED] - markPassed("scenario 2 - input search inquiry status data pengajuan 1"): scenario 2 - input search inquiry status data pengajuan 1

2022-04-07 14:40:09 - [MESSAGE][PASSED] - scenario 2 - input search inquiry status data pengajuan 1

2022-04-07 14:40:09 - [TEST_STEP][PASSED] - delay(1): Delayed 1 second(s)

2022-04-07 14:40:10 - [MESSAGE][PASSED] - Delayed 1 second(s)

2022-04-07 14:40:10 - [TEST_STEP][PASSED] - setText(findTestObject("Object Repository/Inquiry_Status/input_Mobile ID  Application ID_form-control ng-untouched ng-pristine ng-valid"), id2): Text '4003934' is set on object 'Object Repository/Inquiry_Status/input_Mobile ID  Application ID_form-control ng-untouched ng-pristine ng-valid'

2022-04-07 14:40:11 - [MESSAGE][PASSED] - Text '4003934' is set on object 'Object Repository/Inquiry_Status/input_Mobile ID  Application ID_form-control ng-untouched ng-pristine ng-valid'

2022-04-07 14:40:11 - [TEST_STEP][PASSED] - delay(1): Delayed 1 second(s)

2022-04-07 14:40:12 - [MESSAGE][PASSED] - Delayed 1 second(s)

2022-04-07 14:40:12 - [TEST_STEP][PASSED] - click(findTestObject("Object Repository/Inquiry_Status/span_Search")): Object: 'Object Repository/Inquiry_Status/span_Search' is clicked on

2022-04-07 14:40:13 - [MESSAGE][PASSED] - Object: 'Object Repository/Inquiry_Status/span_Search' is clicked on

2022-04-07 14:40:13 - [TEST_STEP][PASSED] - delay(1): Delayed 1 second(s)

2022-04-07 14:40:14 - [MESSAGE][PASSED] - Delayed 1 second(s)

2022-04-07 14:40:14 - [TEST_STEP][PASSED] - takeFullPageScreenshotAsCheckpoint(userDir + sprint4WebScreenshootPath + "scenario-2-input-search-inquiry-status-data-pengajuan-2.png"): Taking screenshot successfully

2022-04-07 14:40:14 - [MESSAGE][INFO] - 0 hidden object(s)

2022-04-07 14:40:14 - [MESSAGE][PASSED] - Taking screenshot successfully
[[ATTACHMENT|C:\Users\Nia Yusniati\Git_Asa\BCAF_MEAPP_i3\Screenshoot\Sprint4\Web\keyes\keyes-scenario-2-input-search-inquiry-status-data-pengajuan-2.png]]

2022-04-07 14:40:14 - [TEST_STEP][PASSED] - markPassed("scenario 2 - input search inquiry status data pengajuan 2"): scenario 2 - input search inquiry status data pengajuan 2

2022-04-07 14:40:14 - [MESSAGE][PASSED] - scenario 2 - input search inquiry status data pengajuan 2

2022-04-07 14:40:14 - [TEST_STEP][PASSED] - delay(10): Delayed 10 second(s)

2022-04-07 14:40:24 - [MESSAGE][PASSED] - Delayed 10 second(s)]]></system-out>
         <system-err><![CDATA[]]></system-err>
      </testcase>
      <system-out><![CDATA[2022-04-07 14:26:18 - [TEST_SUITE][PASSED] - S2: Test Cases/Sprint 4/Skenario 2/02-05-Transaction-InquiryStatus-SearchPengajuan]]></system-out>
      <system-err><![CDATA[]]></system-err>
   </testsuite>
</testsuites>
