<?xml version="1.0" encoding="UTF-8"?>
<testsuites name="S3" time="1426.823" tests="6" failures="0" errors="0">
   <testsuite name="S3" tests="6" failures="0" errors="0" time="1426.823" skipped="0" timestamp="2022-04-07 14:41:46" hostname="Nia Yusniati - Apandi" id="Test Suites/Skenario_3/S3">
      <properties>
         <property name="deviceName" value=""/>
         <property name="devicePlatform" value=""/>
         <property name="logFolder" value="C:\\Users\\Nia Yusniati\\Git_Asa\\BCAF_MEAPP_i3\\Reports\\20220407_144134\\Skenario_3\\S3\\20220407_144134"/>
         <property name="logFiles" value="C:\\Users\\Nia Yusniati\\Git_Asa\\BCAF_MEAPP_i3\\Reports\\20220407_144134\\Skenario_3\\S3\\20220407_144134\\execution0.log"/>
         <property name="attachments" value="C:\Users\Nia Yusniati\Git_Asa\BCAF_MEAPP_i3\Screenshoot\Sprint4\Web\keyes\keyes-scenario-3-aplikasi-baru-login.png, C:\Users\Nia Yusniati\Git_Asa\BCAF_MEAPP_i3\Screenshoot\Sprint4\Web\keyes\keyes-scenario-3-memilih-button-transaksi-dan-aplikasi-baru.png, C:\Users\Nia Yusniati\Git_Asa\BCAF_MEAPP_i3\Screenshoot\Sprint4\Web\keyes\keyes-scenario-3-input-badan-usaha.png, C:\Users\Nia Yusniati\Git_Asa\BCAF_MEAPP_i3\Screenshoot\Sprint4\Web\keyes\keyes-scenario-3-page-sebelum-input-capture.png, C:\Users\Nia Yusniati\Git_Asa\BCAF_MEAPP_i3\Screenshoot\Sprint4\Web\keyes\keyes-scenario-3-Capture-npwp-siup-tdp.png, C:\Users\Nia Yusniati\Git_Asa\BCAF_MEAPP_i3\Screenshoot\Sprint4\Web\keyes\keyes-scenario-3-Memilih-Radio-Button-Perubahan-Data.png, C:\Users\Nia Yusniati\Git_Asa\BCAF_MEAPP_i3\Screenshoot\Sprint4\Web\keyes\keyes-scenario-3-Masuk-aplikasi-matching.png, C:\Users\Nia Yusniati\Git_Asa\BCAF_MEAPP_i3\Screenshoot\Sprint4\Web\keyes\keyes-scenario-3-Berhasil-dilakukan-inisiasi-konsumen-baru.png, C:\Users\Nia Yusniati\Git_Asa\BCAF_MEAPP_i3\Screenshoot\Sprint4\Web\keyes\keyes-scenario-3-masuk-submenu-surat-keterangan-domisili.png, C:\Users\Nia Yusniati\Git_Asa\BCAF_MEAPP_i3\Screenshoot\Sprint4\Web\keyes\keyes-scenario-3-capture-surat-keterangan-domisili-berhasil.png, C:\Users\Nia Yusniati\Git_Asa\BCAF_MEAPP_i3\Screenshoot\Sprint4\Web\keyes\keyes-scenario-3-Masuk-submenu-FAP.png, C:\Users\Nia Yusniati\Git_Asa\BCAF_MEAPP_i3\Screenshoot\Sprint4\Web\keyes\keyes-scenario-3-Input-data-FAP.png, C:\\Users\\Nia Yusniati\\Git_Asa\\BCAF_MEAPP_i3\\Reports\\20220407_144134\\Skenario_3\\S3\\20220407_144134\\1649317565447.png, C:\Users\Nia Yusniati\Git_Asa\BCAF_MEAPP_i3\Screenshoot\Sprint4\Web\keyes\keyes-scenario-3-Input-data-alamat-pengirim-surat.png, C:\Users\Nia Yusniati\Git_Asa\BCAF_MEAPP_i3\Screenshoot\Sprint4\Web\keyes\keyes-scenario-3-Input-data-pengurus.png, C:\Users\Nia Yusniati\Git_Asa\BCAF_MEAPP_i3\Screenshoot\Sprint4\Web\keyes\keyes-scenario-3-Masuk-submenu-data-pengurus-1.png, C:\Users\Nia Yusniati\Git_Asa\BCAF_MEAPP_i3\Screenshoot\Sprint4\Web\keyes\keyes-scenario-3-Berhasil-input-otomatis-data-pengurus-berdasarkan-data-capture-ktp-pengurus-yang-di-capture.png, C:\Users\Nia Yusniati\Git_Asa\BCAF_MEAPP_i3\Screenshoot\Sprint4\Web\keyes\keyes-scenario-3-Berhasil-input-otomatis-data-pengurus-1.png, C:\Users\Nia Yusniati\Git_Asa\BCAF_MEAPP_i3\Screenshoot\Sprint4\Web\keyes\keyes-scenario-3-Masuk-Submenu-pemegang-saham-1.png, C:\Users\Nia Yusniati\Git_Asa\BCAF_MEAPP_i3\Screenshoot\Sprint4\Web\keyes\keyes-scenario-3-Memilih-radio-button-pemegang-saham.png, C:\Users\Nia Yusniati\Git_Asa\BCAF_MEAPP_i3\Screenshoot\Sprint4\Web\keyes\keyes-scenario-3-Masuk-Submenu-pemegang-saham-1.png, C:\Users\Nia Yusniati\Git_Asa\BCAF_MEAPP_i3\Screenshoot\Sprint4\Web\keyes\keyes-scenario-3-Berhasil-pemegang-saham-1.png, C:\Users\Nia Yusniati\Git_Asa\BCAF_MEAPP_i3\Screenshoot\Sprint4\Web\keyes\keyes-scenario-3-Masuk-Submenu-financial.png, C:\Users\Nia Yusniati\Git_Asa\BCAF_MEAPP_i3\Screenshoot\Sprint4\Web\keyes\keyes-scenario-3-berhasil-input-capture-laporan-keuangan.png, C:\Users\Nia Yusniati\Git_Asa\BCAF_MEAPP_i3\Screenshoot\Sprint4\Web\keyes\keyes-scenario-3-behasil-input-capture-laporan-bukti-kepemilikan.png, C:\Users\Nia Yusniati\Git_Asa\BCAF_MEAPP_i3\Screenshoot\Sprint4\Web\keyes\keyes-scenario-3-berhasil-input-branch-dan-account-10digit-pada-submenu-financial.png, C:\Users\Nia Yusniati\Git_Asa\BCAF_MEAPP_i3\Screenshoot\Sprint4\Web\keyes\keyes-scenario-3-berhasil-input-contact-person.png, C:\Users\Nia Yusniati\Git_Asa\BCAF_MEAPP_i3\Screenshoot\Sprint4\Web\keyes\keyes-scenario-3-Masuk-menu-other-document.png, C:\Users\Nia Yusniati\Git_Asa\BCAF_MEAPP_i3\Screenshoot\Sprint4\Web\keyes\keyes-scenario-3-masuk-menu-collateral-dan-loan.png, C:\Users\Nia Yusniati\Git_Asa\BCAF_MEAPP_i3\Screenshoot\Sprint4\Web\keyes\keyes-scenario-3-input-jenis-pengajuan.png, C:\Users\Nia Yusniati\Git_Asa\BCAF_MEAPP_i3\Screenshoot\Sprint4\Web\keyes\keyes-scenario-3-input-tujuan-pengajuan.png, C:\Users\Nia Yusniati\Git_Asa\BCAF_MEAPP_i3\Screenshoot\Sprint4\Web\keyes\keyes-scenario-3-input-payment.png, C:\Users\Nia Yusniati\Git_Asa\BCAF_MEAPP_i3\Screenshoot\Sprint4\Web\keyes\keyes-scenario-3-input-data-autodebit.png, C:\Users\Nia Yusniati\Git_Asa\BCAF_MEAPP_i3\Screenshoot\Sprint4\Web\keyes\keyes-scenario-3-masuk-submenu-input-mutasi-rekening.png, C:\Users\Nia Yusniati\Git_Asa\BCAF_MEAPP_i3\Screenshoot\Sprint4\Web\keyes\keyes-scenario-3-sebelum-input-data-mutasi-rekening.png, C:\Users\Nia Yusniati\Git_Asa\BCAF_MEAPP_i3\Screenshoot\Sprint4\Web\keyes\keyes-scenario-3-input-data-mutasi-rekening.png, C:\Users\Nia Yusniati\Git_Asa\BCAF_MEAPP_i3\Screenshoot\Sprint4\Web\keyes\keyes-scenario-3-berhasil-mengisi-data-information.png, C:\Users\Nia Yusniati\Git_Asa\BCAF_MEAPP_i3\Screenshoot\Sprint4\Web\keyes\keyes-scenario-3-masuk-halaman-collateral-loan-vehicle.png, C:\Users\Nia Yusniati\Git_Asa\BCAF_MEAPP_i3\Screenshoot\Sprint4\Web\keyes\keyes-scenario-3-masuk-halaman-collateral-loan-vehicle.png, C:\Users\Nia Yusniati\Git_Asa\BCAF_MEAPP_i3\Screenshoot\Sprint4\Web\keyes\keyes-scenario-3-halaman-input-data-vehicle.png, C:\Users\Nia Yusniati\Git_Asa\BCAF_MEAPP_i3\Screenshoot\Sprint4\Web\keyes\keyes-scenario-3-berhasil-input-data-vehicle.png, C:\Users\Nia Yusniati\Git_Asa\BCAF_MEAPP_i3\Screenshoot\Sprint4\Web\keyes\keyes-scenario-3-halaman-input-loan-data.png, C:\Users\Nia Yusniati\Git_Asa\BCAF_MEAPP_i3\Screenshoot\Sprint4\Web\keyes\keyes-scenario-3-berhasil-input-data-loan.png, C:\Users\Nia Yusniati\Git_Asa\BCAF_MEAPP_i3\Screenshoot\Sprint4\Web\keyes\keyes-scenario-3-halaman-input-insurance.png, C:\Users\Nia Yusniati\Git_Asa\BCAF_MEAPP_i3\Screenshoot\Sprint4\Web\keyes\keyes-scenario-3-halaman-input-life-insurance.png, C:\Users\Nia Yusniati\Git_Asa\BCAF_MEAPP_i3\Screenshoot\Sprint4\Web\keyes\keyes-scenario-3-berhasil-input-data-insurance.png, C:\Users\Nia Yusniati\Git_Asa\BCAF_MEAPP_i3\Screenshoot\Sprint4\Web\keyes\keyes-scenario-3-submenu-notes.png, C:\Users\Nia Yusniati\Git_Asa\BCAF_MEAPP_i3\Screenshoot\Sprint4\Web\keyes\keyes-scenario-3-submenu-notes.png, C:\Users\Nia Yusniati\Git_Asa\BCAF_MEAPP_i3\Screenshoot\Sprint4\Web\keyes\keyes-scenario-3-pop-up-add-kendaraan.png, C:\Users\Nia Yusniati\Git_Asa\BCAF_MEAPP_i3\Screenshoot\Sprint4\Web\keyes\keyes-scenario-3-berhasil-add-kendaraan.png, C:\Users\Nia Yusniati\Git_Asa\BCAF_MEAPP_i3\Screenshoot\Sprint4\Web\keyes\keyes-scenario-3-pop-up-summary-total.png, C:\Users\Nia Yusniati\Git_Asa\BCAF_MEAPP_i3\Screenshoot\Sprint4\Web\keyes\keyes-scenario-3-masuk-menu-penyimpangan.png, C:\Users\Nia Yusniati\Git_Asa\BCAF_MEAPP_i3\Screenshoot\Sprint4\Web\keyes\keyes-scenario-3-input-penyimpangan.png, C:\Users\Nia Yusniati\Git_Asa\BCAF_MEAPP_i3\Screenshoot\Sprint4\Web\keyes\keyes-scenario-3-input-penyimpangan-selesai.png, C:\Users\Nia Yusniati\Git_Asa\BCAF_MEAPP_i3\Screenshoot\Sprint4\Web\keyes\keyes-scenario-3-berhasil-proceed.png, C:\Users\Nia Yusniati\Git_Asa\BCAF_MEAPP_i3\Screenshoot\Sprint4\Web\keyes\keyes-scenario-3-menu-inquiry-status.png, C:\Users\Nia Yusniati\Git_Asa\BCAF_MEAPP_i3\Screenshoot\Sprint4\Web\keyes\keyes-scenario-3-input-search-inquiry-status-data-pengajuan-1.png, C:\Users\Nia Yusniati\Git_Asa\BCAF_MEAPP_i3\Screenshoot\Sprint4\Web\keyes\keyes-scenario-3-input-search-inquiry-status-data-pengajuan-2.png, C:\Users\Nia Yusniati\Git_Asa\BCAF_MEAPP_i3\Screenshoot\Sprint4\Web\keyes\keyes-scenario-3-input-search-inquiry-status-data-pengajuan-3.png, C:\Users\Nia Yusniati\Git_Asa\BCAF_MEAPP_i3\Screenshoot\Sprint4\Web\keyes\keyes-scenario-3-input-search-inquiry-status-data-pengajuan-1.png, C:\Users\Nia Yusniati\Git_Asa\BCAF_MEAPP_i3\Screenshoot\Sprint4\Web\keyes\keyes-scenario-3-menu-resume-internal-pengajuan-1.png, C:\Users\Nia Yusniati\Git_Asa\BCAF_MEAPP_i3\Screenshoot\Sprint4\Web\keyes\keyes-scenario-3-menu-anggaran-dasar-dan-perubahan-pengajuan-1.png, C:\Users\Nia Yusniati\Git_Asa\BCAF_MEAPP_i3\Screenshoot\Sprint4\Web\keyes\keyes-scenario-3-menu-pengurus-pengajuan-1.png, C:\Users\Nia Yusniati\Git_Asa\BCAF_MEAPP_i3\Screenshoot\Sprint4\Web\keyes\keyes-scenario-3-menu-data-pendukung-pengajuan-1.png, C:\Users\Nia Yusniati\Git_Asa\BCAF_MEAPP_i3\Screenshoot\Sprint4\Web\keyes\keyes-scenario-3-input-search-inquiry-status-data-pengajuan-2.png, C:\\Users\\Nia Yusniati\\Git_Asa\\BCAF_MEAPP_i3\\Reports\\20220407_144134\\Skenario_3\\S3\\20220407_144134\\1649318336596.png, C:\\Users\\Nia Yusniati\\Git_Asa\\BCAF_MEAPP_i3\\Reports\\20220407_144134\\Skenario_3\\S3\\20220407_144134\\1649318374124.png, C:\\Users\\Nia Yusniati\\Git_Asa\\BCAF_MEAPP_i3\\Reports\\20220407_144134\\Skenario_3\\S3\\20220407_144134\\1649318415340.png, C:\Users\Nia Yusniati\Git_Asa\BCAF_MEAPP_i3\Screenshoot\Sprint4\Web\keyes\keyes-scenario-3-menu-resume-internal-pengajuan-2.png, C:\\Users\\Nia Yusniati\\Git_Asa\\BCAF_MEAPP_i3\\Reports\\20220407_144134\\Skenario_3\\S3\\20220407_144134\\1649318462800.png, C:\Users\Nia Yusniati\Git_Asa\BCAF_MEAPP_i3\Screenshoot\Sprint4\Web\keyes\keyes-scenario-3-menu-anggaran-dasar-dan-perubahan-pengajuan-2.png, C:\\Users\\Nia Yusniati\\Git_Asa\\BCAF_MEAPP_i3\\Reports\\20220407_144134\\Skenario_3\\S3\\20220407_144134\\1649318510020.png, C:\Users\Nia Yusniati\Git_Asa\BCAF_MEAPP_i3\Screenshoot\Sprint4\Web\keyes\keyes-scenario-3-menu-pengurus-pengajuan-2.png, C:\\Users\\Nia Yusniati\\Git_Asa\\BCAF_MEAPP_i3\\Reports\\20220407_144134\\Skenario_3\\S3\\20220407_144134\\1649318557181.png, C:\Users\Nia Yusniati\Git_Asa\BCAF_MEAPP_i3\Screenshoot\Sprint4\Web\keyes\keyes-scenario-3-menu-data-pendukung-pengajuan-2.png, C:\\Users\\Nia Yusniati\\Git_Asa\\BCAF_MEAPP_i3\\Reports\\20220407_144134\\Skenario_3\\S3\\20220407_144134\\1649318606359.png, C:\\Users\\Nia Yusniati\\Git_Asa\\BCAF_MEAPP_i3\\Reports\\20220407_144134\\Skenario_3\\S3\\20220407_144134\\1649318665363.png, C:\Users\Nia Yusniati\Git_Asa\BCAF_MEAPP_i3\Screenshoot\Sprint4\Web\keyes\keyes-scenario-3-input-search-inquiry-status-data-pengajuan-3.png, C:\Users\Nia Yusniati\Git_Asa\BCAF_MEAPP_i3\Screenshoot\Sprint4\Web\keyes\keyes-scenario-3-menu-resume-internal-pengajuan-3.png, C:\Users\Nia Yusniati\Git_Asa\BCAF_MEAPP_i3\Screenshoot\Sprint4\Web\keyes\keyes-scenario-3-menu-anggaran-dasar-dan-perubahan-pengajuan-3.png, C:\Users\Nia Yusniati\Git_Asa\BCAF_MEAPP_i3\Screenshoot\Sprint4\Web\keyes\keyes-scenario-3-menu-pengurus-pengajuan-3.png, C:\Users\Nia Yusniati\Git_Asa\BCAF_MEAPP_i3\Screenshoot\Sprint4\Web\keyes\keyes-scenario-3-menu-data-pendukung-pengajuan-3.png"/>
         <property name="hostName" value="Nia Yusniati - Apandi"/>
         <property name="os" value="Windows 10 64bit"/>
         <property name="katalonVersion" value="8.1.0.208"/>
         <property name="browser" value="Chrome 99.0.4844.84"/>
         <property name="hostAddress" value="192.168.250.25"/>
         <property name="sessionId" value="1e4a4d31e0abcb309ba9b5a3fbce7d54"/>
         <property name="seleniumVersion" value="3.141.59"/>
         <property name="proxyInformation" value="ProxyInformation { proxyOption=NO_PROXY, proxyServerType=HTTP, username=, password=********, proxyServerAddress=, proxyServerPort=0, executionList=&quot;&quot;, isApplyToDesiredCapabilities=true }"/>
         <property name="platform" value="Windows 10"/>
      </properties>
      <testcase name="Test Cases/Sprint 4/Skenario 3/03-01-Transaction-AppBaru-InisiasiKonsumenBaru" time="127.151" classname="Test Cases/Sprint 4/Skenario 3/03-01-Transaction-AppBaru-InisiasiKonsumenBaru" status="PASSED">
         <system-out><![CDATA[2022-04-07 14:41:47 - [TEST_CASE][PASSED] - Test Cases/Sprint 4/Skenario 3/03-01-Transaction-AppBaru-InisiasiKonsumenBaru: Test Cases/Sprint 4/Skenario 3/03-01-Transaction-AppBaru-InisiasiKonsumenBaru

2022-04-07 14:41:49 - [TEST_STEP][PASSED] - robot = new java.awt.Robot(): null

2022-04-07 14:41:49 - [TEST_STEP][PASSED] - userDir = getProjectDir(): null

2022-04-07 14:41:49 - [TEST_STEP][PASSED] - openBrowser(""): Browser is opened with url: ''

2022-04-07 14:41:49 - [MESSAGE][INFO] - Starting 'Chrome' driver

2022-04-07 14:41:49 - [MESSAGE][INFO] - Action delay is set to 0 milliseconds

2022-04-07 14:41:52 - [MESSAGE][PASSED] - Browser is opened with url: ''

2022-04-07 14:41:52 - [TEST_STEP][PASSED] - driver = getWebDriver(): null

2022-04-07 14:41:52 - [TEST_STEP][PASSED] - navigateToUrl(ME_url): Navigate to 'https://mecorporate.idofocus.co.id:25443/login' successfully

2022-04-07 14:42:00 - [MESSAGE][PASSED] - Navigate to 'https://mecorporate.idofocus.co.id:25443/login' successfully

2022-04-07 14:42:00 - [TEST_STEP][PASSED] - maximizeWindow(): Current window maximized

2022-04-07 14:42:00 - [MESSAGE][PASSED] - Current window maximized

2022-04-07 14:42:00 - [TEST_STEP][PASSED] - delay(5): Delayed 5 second(s)

2022-04-07 14:42:06 - [MESSAGE][PASSED] - Delayed 5 second(s)

2022-04-07 14:42:06 - [TEST_STEP][PASSED] - setText(findTestObject("MEApp_AppBaru_InisiasiKonsumen/input_User ID_login"), CMO): Text '20190364' is set on object 'Object Repository/MEApp_AppBaru_InisiasiKonsumen/input_User ID_login'

2022-04-07 14:42:07 - [MESSAGE][PASSED] - Text '20190364' is set on object 'Object Repository/MEApp_AppBaru_InisiasiKonsumen/input_User ID_login'

2022-04-07 14:42:07 - [TEST_STEP][PASSED] - setText(findTestObject("MEApp_AppBaru_InisiasiKonsumen/input_User Password_login"), password): Text 'Mobile123+' is set on object 'Object Repository/MEApp_AppBaru_InisiasiKonsumen/input_User Password_login'

2022-04-07 14:42:08 - [MESSAGE][PASSED] - Text 'Mobile123+' is set on object 'Object Repository/MEApp_AppBaru_InisiasiKonsumen/input_User Password_login'

2022-04-07 14:42:08 - [TEST_STEP][PASSED] - takeFullPageScreenshotAsCheckpoint(userDir + sprint4WebScreenshootPath + "scenario-3-aplikasi-baru-login.png"): Taking screenshot successfully

2022-04-07 14:42:08 - [MESSAGE][INFO] - 0 hidden object(s)

2022-04-07 14:42:09 - [MESSAGE][PASSED] - Taking screenshot successfully
[[ATTACHMENT|C:\Users\Nia Yusniati\Git_Asa\BCAF_MEAPP_i3\Screenshoot\Sprint4\Web\keyes\keyes-scenario-3-aplikasi-baru-login.png]]

2022-04-07 14:42:09 - [TEST_STEP][PASSED] - markPassed("scenario 3 - Memastikan login berhasil"): scenario 3 - Memastikan login berhasil

2022-04-07 14:42:09 - [MESSAGE][PASSED] - scenario 3 - Memastikan login berhasil

2022-04-07 14:42:09 - [TEST_STEP][PASSED] - click(findTestObject("MEApp_AppBaru_InisiasiKonsumen/button_Login")): Object: 'Object Repository/MEApp_AppBaru_InisiasiKonsumen/button_Login' is clicked on

2022-04-07 14:42:09 - [MESSAGE][PASSED] - Object: 'Object Repository/MEApp_AppBaru_InisiasiKonsumen/button_Login' is clicked on

2022-04-07 14:42:09 - [TEST_STEP][PASSED] - delay(2): Delayed 2 second(s)

2022-04-07 14:42:11 - [MESSAGE][PASSED] - Delayed 2 second(s)

2022-04-07 14:42:11 - [TEST_STEP][PASSED] - verifyElementPresent(findTestObject("MEApp_AppBaru_InisiasiKonsumen/span_Transaksi"), 0): Object 'Object Repository/MEApp_AppBaru_InisiasiKonsumen/span_Transaksi' is present

2022-04-07 14:42:11 - [MESSAGE][WARNING] - Timeout '0' is invalid. Using default page load timeout: '30'

2022-04-07 14:42:12 - [MESSAGE][PASSED] - Object 'Object Repository/MEApp_AppBaru_InisiasiKonsumen/span_Transaksi' is present

2022-04-07 14:42:12 - [TEST_STEP][PASSED] - click(findTestObject("MEApp_AppBaru_InisiasiKonsumen/span_Transaksi")): Object: 'Object Repository/MEApp_AppBaru_InisiasiKonsumen/span_Transaksi' is clicked on

2022-04-07 14:42:12 - [MESSAGE][PASSED] - Object: 'Object Repository/MEApp_AppBaru_InisiasiKonsumen/span_Transaksi' is clicked on

2022-04-07 14:42:12 - [TEST_STEP][PASSED] - delay(1): Delayed 1 second(s)

2022-04-07 14:42:13 - [MESSAGE][PASSED] - Delayed 1 second(s)

2022-04-07 14:42:13 - [TEST_STEP][PASSED] - click(findTestObject("MEApp_AppBaru_InisiasiKonsumen/span_Aplikasi Baru")): Object: 'Object Repository/MEApp_AppBaru_InisiasiKonsumen/span_Aplikasi Baru' is clicked on

2022-04-07 14:42:14 - [MESSAGE][PASSED] - Object: 'Object Repository/MEApp_AppBaru_InisiasiKonsumen/span_Aplikasi Baru' is clicked on

2022-04-07 14:42:14 - [TEST_STEP][PASSED] - delay(1): Delayed 1 second(s)

2022-04-07 14:42:15 - [MESSAGE][PASSED] - Delayed 1 second(s)

2022-04-07 14:42:15 - [TEST_STEP][PASSED] - takeFullPageScreenshotAsCheckpoint(userDir + sprint4WebScreenshootPath + "scenario-3-memilih-button-transaksi-dan-aplikasi-baru.png"): Taking screenshot successfully

2022-04-07 14:42:15 - [MESSAGE][INFO] - 0 hidden object(s)

2022-04-07 14:42:16 - [MESSAGE][PASSED] - Taking screenshot successfully
[[ATTACHMENT|C:\Users\Nia Yusniati\Git_Asa\BCAF_MEAPP_i3\Screenshoot\Sprint4\Web\keyes\keyes-scenario-3-memilih-button-transaksi-dan-aplikasi-baru.png]]

2022-04-07 14:42:16 - [TEST_STEP][PASSED] - markPassed("scenario 3 - Memilih button transaksi dan aplikasi baru"): scenario 3 - Memilih button transaksi dan aplikasi baru

2022-04-07 14:42:16 - [MESSAGE][PASSED] - scenario 3 - Memilih button transaksi dan aplikasi baru

2022-04-07 14:42:16 - [TEST_STEP][PASSED] - click(findTestObject("MEApp_AppBaru_InisiasiKonsumen/input_perorangan_radios-apptype")): Object: 'Object Repository/MEApp_AppBaru_InisiasiKonsumen/input_perorangan_radios-apptype' is clicked on

2022-04-07 14:42:16 - [MESSAGE][PASSED] - Object: 'Object Repository/MEApp_AppBaru_InisiasiKonsumen/input_perorangan_radios-apptype' is clicked on

2022-04-07 14:42:16 - [TEST_STEP][PASSED] - delay(1): Delayed 1 second(s)

2022-04-07 14:42:17 - [MESSAGE][PASSED] - Delayed 1 second(s)

2022-04-07 14:42:17 - [TEST_STEP][PASSED] - click(findTestObject("MEApp_AppBaru_InisiasiKonsumen/input_korporasi_radios-apptype")): Object: 'Object Repository/MEApp_AppBaru_InisiasiKonsumen/input_korporasi_radios-apptype' is clicked on

2022-04-07 14:42:18 - [MESSAGE][PASSED] - Object: 'Object Repository/MEApp_AppBaru_InisiasiKonsumen/input_korporasi_radios-apptype' is clicked on

2022-04-07 14:42:18 - [TEST_STEP][PASSED] - delay(1): Delayed 1 second(s)

2022-04-07 14:42:19 - [MESSAGE][PASSED] - Delayed 1 second(s)

2022-04-07 14:42:19 - [TEST_STEP][PASSED] - click(findTestObject("MEApp_AppBaru_InisiasiKonsumen/input-badanusaha")): Object: 'Object Repository/MEApp_AppBaru_InisiasiKonsumen/input-badanusaha' is clicked on

2022-04-07 14:42:38 - [MESSAGE][PASSED] - Object: 'Object Repository/MEApp_AppBaru_InisiasiKonsumen/input-badanusaha' is clicked on

2022-04-07 14:42:38 - [TEST_STEP][PASSED] - delay(1): Delayed 1 second(s)

2022-04-07 14:42:39 - [MESSAGE][PASSED] - Delayed 1 second(s)

2022-04-07 14:42:39 - [TEST_STEP][PASSED] - setText(findTestObject("MEApp_AppBaru_InisiasiKonsumen/input-badanusaha"), "Perseroan Terbatas ( PT. , NV. , LTD. )"): Text 'Perseroan Terbatas ( PT. , NV. , LTD. )' is set on object 'Object Repository/MEApp_AppBaru_InisiasiKonsumen/input-badanusaha'

2022-04-07 14:42:40 - [MESSAGE][PASSED] - Text 'Perseroan Terbatas ( PT. , NV. , LTD. )' is set on object 'Object Repository/MEApp_AppBaru_InisiasiKonsumen/input-badanusaha'

2022-04-07 14:42:40 - [TEST_STEP][PASSED] - delay(1): Delayed 1 second(s)

2022-04-07 14:42:41 - [MESSAGE][PASSED] - Delayed 1 second(s)

2022-04-07 14:42:41 - [TEST_STEP][PASSED] - takeFullPageScreenshotAsCheckpoint(userDir + sprint4WebScreenshootPath + "scenario-3-input-badan-usaha.png"): Taking screenshot successfully

2022-04-07 14:42:41 - [MESSAGE][INFO] - 0 hidden object(s)

2022-04-07 14:42:42 - [MESSAGE][PASSED] - Taking screenshot successfully
[[ATTACHMENT|C:\Users\Nia Yusniati\Git_Asa\BCAF_MEAPP_i3\Screenshoot\Sprint4\Web\keyes\keyes-scenario-3-input-badan-usaha.png]]

2022-04-07 14:42:42 - [TEST_STEP][PASSED] - markPassed("scenario 3 - Input badan usaha"): scenario 3 - Input badan usaha

2022-04-07 14:42:42 - [MESSAGE][PASSED] - scenario 3 - Input badan usaha

2022-04-07 14:42:42 - [TEST_STEP][PASSED] - delay(2): Delayed 2 second(s)

2022-04-07 14:42:44 - [MESSAGE][PASSED] - Delayed 2 second(s)

2022-04-07 14:42:44 - [TEST_STEP][PASSED] - click(findTestObject("MEApp_AppBaru_InisiasiKonsumen/span_Perseroan Terbatas ( PT. , NV. , LTD. )")): Object: 'Object Repository/MEApp_AppBaru_InisiasiKonsumen/span_Perseroan Terbatas ( PT. , NV. , LTD. )' is clicked on

2022-04-07 14:42:44 - [MESSAGE][PASSED] - Object: 'Object Repository/MEApp_AppBaru_InisiasiKonsumen/span_Perseroan Terbatas ( PT. , NV. , LTD. )' is clicked on

2022-04-07 14:42:44 - [TEST_STEP][PASSED] - delay(2): Delayed 2 second(s)

2022-04-07 14:42:46 - [MESSAGE][PASSED] - Delayed 2 second(s)

2022-04-07 14:42:46 - [TEST_STEP][PASSED] - takeFullPageScreenshotAsCheckpoint(userDir + sprint4WebScreenshootPath + "scenario-3-page-sebelum-input-capture.png"): Taking screenshot successfully

2022-04-07 14:42:47 - [MESSAGE][INFO] - 0 hidden object(s)

2022-04-07 14:42:47 - [MESSAGE][PASSED] - Taking screenshot successfully
[[ATTACHMENT|C:\Users\Nia Yusniati\Git_Asa\BCAF_MEAPP_i3\Screenshoot\Sprint4\Web\keyes\keyes-scenario-3-page-sebelum-input-capture.png]]

2022-04-07 14:42:47 - [TEST_STEP][PASSED] - markPassed("scenario 3 - Sebelum input capture npwp + SIUP + TDP"): scenario 3 - Sebelum input capture npwp + SIUP + TDP

2022-04-07 14:42:47 - [MESSAGE][PASSED] - scenario 3 - Sebelum input capture npwp + SIUP + TDP

2022-04-07 14:42:47 - [TEST_STEP][PASSED] - delay(2): Delayed 2 second(s)

2022-04-07 14:42:49 - [MESSAGE][PASSED] - Delayed 2 second(s)

2022-04-07 14:42:49 - [TEST_STEP][PASSED] - click(findTestObject("MEApp_AppBaru_InisiasiKonsumen/button_Capture_npwp")): Object: 'Object Repository/MEApp_AppBaru_InisiasiKonsumen/button_Capture_npwp' is clicked on

2022-04-07 14:42:49 - [MESSAGE][PASSED] - Object: 'Object Repository/MEApp_AppBaru_InisiasiKonsumen/button_Capture_npwp' is clicked on

2022-04-07 14:42:49 - [TEST_STEP][PASSED] - delay(2): Delayed 2 second(s)

2022-04-07 14:42:51 - [MESSAGE][PASSED] - Delayed 2 second(s)

2022-04-07 14:42:51 - [TEST_STEP][PASSED] - uploadFile(findTestObject("MEApp_AppBaru_InisiasiKonsumen/Capture_"), userDir + pathfinder_npwp): File 'C:/Users/Nia Yusniati/Git_Asa/BCAF_MEAPP_i3/Assets/npwp-dummy.jpg' sent to object: 'Object Repository/MEApp_AppBaru_InisiasiKonsumen/Capture_'

2022-04-07 14:42:52 - [MESSAGE][PASSED] - File 'C:/Users/Nia Yusniati/Git_Asa/BCAF_MEAPP_i3/Assets/npwp-dummy.jpg' sent to object: 'Object Repository/MEApp_AppBaru_InisiasiKonsumen/Capture_'

2022-04-07 14:42:52 - [TEST_STEP][PASSED] - waitForElementPresent(findTestObject("MEApp_AppBaru_InisiasiKonsumen/button_NPWP"), 0): Object 'Object Repository/MEApp_AppBaru_InisiasiKonsumen/button_NPWP' is present

2022-04-07 14:42:52 - [MESSAGE][WARNING] - Timeout '0' is invalid. Using default page load timeout: '30'

2022-04-07 14:42:55 - [MESSAGE][PASSED] - Object 'Object Repository/MEApp_AppBaru_InisiasiKonsumen/button_NPWP' is present

2022-04-07 14:42:55 - [TEST_STEP][PASSED] - setText(findTestObject("MEApp_AppBaru_InisiasiKonsumen/input_NPWP No fix"), NPWP_tidakBerlaku): Text '018368167428000' is set on object 'Object Repository/MEApp_AppBaru_InisiasiKonsumen/input_NPWP No fix'

2022-04-07 14:42:56 - [MESSAGE][PASSED] - Text '018368167428000' is set on object 'Object Repository/MEApp_AppBaru_InisiasiKonsumen/input_NPWP No fix'

2022-04-07 14:42:56 - [TEST_STEP][PASSED] - delay(1): Delayed 1 second(s)

2022-04-07 14:42:57 - [MESSAGE][PASSED] - Delayed 1 second(s)

2022-04-07 14:42:57 - [TEST_STEP][PASSED] - setText(findTestObject("MEApp_AppBaru_InisiasiKonsumen/input_Name fix"), CN_tidakBerlaku): Text 'NIGUUNUNANETI  AASA DS' is set on object 'Object Repository/MEApp_AppBaru_InisiasiKonsumen/input_Name fix'

2022-04-07 14:42:59 - [MESSAGE][PASSED] - Text 'NIGUUNUNANETI  AASA DS' is set on object 'Object Repository/MEApp_AppBaru_InisiasiKonsumen/input_Name fix'

2022-04-07 14:42:59 - [TEST_STEP][PASSED] - click(findTestObject("MEApp_AppBaru_InisiasiKonsumen/button_Capture_siupfix")): Object: 'Object Repository/MEApp_AppBaru_InisiasiKonsumen/button_Capture_siupfix' is clicked on

2022-04-07 14:42:59 - [MESSAGE][PASSED] - Object: 'Object Repository/MEApp_AppBaru_InisiasiKonsumen/button_Capture_siupfix' is clicked on

2022-04-07 14:42:59 - [TEST_STEP][PASSED] - delay(2): Delayed 2 second(s)

2022-04-07 14:43:01 - [MESSAGE][PASSED] - Delayed 2 second(s)

2022-04-07 14:43:01 - [TEST_STEP][PASSED] - uploadFile(findTestObject("MEApp_AppBaru_InisiasiKonsumen/Capture_"), userDir + pathfinder_siup): File 'C:/Users/Nia Yusniati/Git_Asa/BCAF_MEAPP_i3/Assets/siup-dummy.jpg' sent to object: 'Object Repository/MEApp_AppBaru_InisiasiKonsumen/Capture_'

2022-04-07 14:43:02 - [MESSAGE][PASSED] - File 'C:/Users/Nia Yusniati/Git_Asa/BCAF_MEAPP_i3/Assets/siup-dummy.jpg' sent to object: 'Object Repository/MEApp_AppBaru_InisiasiKonsumen/Capture_'

2022-04-07 14:43:02 - [TEST_STEP][PASSED] - delay(2): Delayed 2 second(s)

2022-04-07 14:43:04 - [MESSAGE][PASSED] - Delayed 2 second(s)

2022-04-07 14:43:04 - [TEST_STEP][PASSED] - click(findTestObject("MEApp_AppBaru_InisiasiKonsumen/button_Capture_TDP")): Object: 'Object Repository/MEApp_AppBaru_InisiasiKonsumen/button_Capture_TDP' is clicked on

2022-04-07 14:43:07 - [MESSAGE][PASSED] - Object: 'Object Repository/MEApp_AppBaru_InisiasiKonsumen/button_Capture_TDP' is clicked on

2022-04-07 14:43:07 - [TEST_STEP][PASSED] - delay(2): Delayed 2 second(s)

2022-04-07 14:43:09 - [MESSAGE][PASSED] - Delayed 2 second(s)

2022-04-07 14:43:09 - [TEST_STEP][PASSED] - uploadFile(findTestObject("MEApp_AppBaru_InisiasiKonsumen/Capture_"), userDir + pathfinder_tdp): File 'C:/Users/Nia Yusniati/Git_Asa/BCAF_MEAPP_i3/Assets/tdp-dummy.jpg' sent to object: 'Object Repository/MEApp_AppBaru_InisiasiKonsumen/Capture_'

2022-04-07 14:43:10 - [MESSAGE][PASSED] - File 'C:/Users/Nia Yusniati/Git_Asa/BCAF_MEAPP_i3/Assets/tdp-dummy.jpg' sent to object: 'Object Repository/MEApp_AppBaru_InisiasiKonsumen/Capture_'

2022-04-07 14:43:10 - [TEST_STEP][PASSED] - delay(2): Delayed 2 second(s)

2022-04-07 14:43:12 - [MESSAGE][PASSED] - Delayed 2 second(s)

2022-04-07 14:43:12 - [TEST_STEP][PASSED] - takeFullPageScreenshotAsCheckpoint(userDir + sprint4WebScreenshootPath + "scenario-3-Capture-npwp-siup-tdp.png"): Taking screenshot successfully

2022-04-07 14:43:13 - [MESSAGE][INFO] - 0 hidden object(s)

2022-04-07 14:43:13 - [MESSAGE][PASSED] - Taking screenshot successfully
[[ATTACHMENT|C:\Users\Nia Yusniati\Git_Asa\BCAF_MEAPP_i3\Screenshoot\Sprint4\Web\keyes\keyes-scenario-3-Capture-npwp-siup-tdp.png]]

2022-04-07 14:43:13 - [TEST_STEP][PASSED] - markPassed("scenario 3 - Capture NPWP + SIUP + TDP"): scenario 3 - Capture NPWP + SIUP + TDP

2022-04-07 14:43:13 - [MESSAGE][PASSED] - scenario 3 - Capture NPWP + SIUP + TDP

2022-04-07 14:43:13 - [TEST_STEP][PASSED] - delay(2): Delayed 2 second(s)

2022-04-07 14:43:15 - [MESSAGE][PASSED] - Delayed 2 second(s)

2022-04-07 14:43:15 - [TEST_STEP][PASSED] - delay(1): Delayed 1 second(s)

2022-04-07 14:43:16 - [MESSAGE][PASSED] - Delayed 1 second(s)

2022-04-07 14:43:16 - [TEST_STEP][PASSED] - click(findTestObject("MEApp_AppBaru_InisiasiKonsumen/input_Ada Perubahan Data YA")): Object: 'Object Repository/MEApp_AppBaru_InisiasiKonsumen/input_Ada Perubahan Data YA' is clicked on

2022-04-07 14:43:17 - [MESSAGE][PASSED] - Object: 'Object Repository/MEApp_AppBaru_InisiasiKonsumen/input_Ada Perubahan Data YA' is clicked on

2022-04-07 14:43:17 - [TEST_STEP][PASSED] - delay(1): Delayed 1 second(s)

2022-04-07 14:43:18 - [MESSAGE][PASSED] - Delayed 1 second(s)

2022-04-07 14:43:18 - [TEST_STEP][PASSED] - click(findTestObject("MEApp_AppBaru_InisiasiKonsumen/input_Ada Perubahan Data Tidak")): Object: 'Object Repository/MEApp_AppBaru_InisiasiKonsumen/input_Ada Perubahan Data Tidak' is clicked on

2022-04-07 14:43:18 - [MESSAGE][PASSED] - Object: 'Object Repository/MEApp_AppBaru_InisiasiKonsumen/input_Ada Perubahan Data Tidak' is clicked on

2022-04-07 14:43:18 - [TEST_STEP][PASSED] - delay(1): Delayed 1 second(s)

2022-04-07 14:43:19 - [MESSAGE][PASSED] - Delayed 1 second(s)

2022-04-07 14:43:19 - [TEST_STEP][PASSED] - takeFullPageScreenshotAsCheckpoint(userDir + sprint4WebScreenshootPath + "scenario-3-Memilih-Radio-Button-Perubahan-Data.png"): Taking screenshot successfully

2022-04-07 14:43:20 - [MESSAGE][INFO] - 0 hidden object(s)

2022-04-07 14:43:21 - [MESSAGE][PASSED] - Taking screenshot successfully
[[ATTACHMENT|C:\Users\Nia Yusniati\Git_Asa\BCAF_MEAPP_i3\Screenshoot\Sprint4\Web\keyes\keyes-scenario-3-Memilih-Radio-Button-Perubahan-Data.png]]

2022-04-07 14:43:21 - [TEST_STEP][PASSED] - markPassed("scenario 3 - Memilih Radio Button Perubahan Data"): scenario 3 - Memilih Radio Button Perubahan Data

2022-04-07 14:43:21 - [MESSAGE][PASSED] - scenario 3 - Memilih Radio Button Perubahan Data

2022-04-07 14:43:21 - [TEST_STEP][PASSED] - delay(2): Delayed 2 second(s)

2022-04-07 14:43:23 - [MESSAGE][PASSED] - Delayed 2 second(s)

2022-04-07 14:43:23 - [TEST_STEP][PASSED] - click(findTestObject("MEApp_AppBaru_InisiasiKonsumen/button_Prosesfix")): Object: 'Object Repository/MEApp_AppBaru_InisiasiKonsumen/button_Prosesfix' is clicked on

2022-04-07 14:43:24 - [MESSAGE][PASSED] - Object: 'Object Repository/MEApp_AppBaru_InisiasiKonsumen/button_Prosesfix' is clicked on

2022-04-07 14:43:24 - [TEST_STEP][PASSED] - delay(2): Delayed 2 second(s)

2022-04-07 14:43:26 - [MESSAGE][PASSED] - Delayed 2 second(s)

2022-04-07 14:43:26 - [TEST_STEP][PASSED] - waitForElementPresent(findTestObject("MEApp_AppBaru_InisiasiKonsumen/AplikasiBaruMatching"), 300): Object 'Object Repository/MEApp_AppBaru_InisiasiKonsumen/AplikasiBaruMatching' is present

2022-04-07 14:43:42 - [MESSAGE][PASSED] - Object 'Object Repository/MEApp_AppBaru_InisiasiKonsumen/AplikasiBaruMatching' is present

2022-04-07 14:43:42 - [TEST_STEP][PASSED] - takeFullPageScreenshotAsCheckpoint(userDir + sprint4WebScreenshootPath + "scenario-3-Masuk-aplikasi-matching.png"): Taking screenshot successfully

2022-04-07 14:43:43 - [MESSAGE][INFO] - 0 hidden object(s)

2022-04-07 14:43:43 - [MESSAGE][PASSED] - Taking screenshot successfully
[[ATTACHMENT|C:\Users\Nia Yusniati\Git_Asa\BCAF_MEAPP_i3\Screenshoot\Sprint4\Web\keyes\keyes-scenario-3-Masuk-aplikasi-matching.png]]

2022-04-07 14:43:43 - [TEST_STEP][PASSED] - markPassed("scenario 3 - Masuk aplikasi matching"): scenario 3 - Masuk aplikasi matching

2022-04-07 14:43:43 - [MESSAGE][PASSED] - scenario 3 - Masuk aplikasi matching

2022-04-07 14:43:43 - [TEST_STEP][PASSED] - delay(2): Delayed 2 second(s)

2022-04-07 14:43:45 - [MESSAGE][PASSED] - Delayed 2 second(s)

2022-04-07 14:43:45 - [TEST_STEP][PASSED] - click(findTestObject("MEApp_AppBaru_InisiasiKonsumen/a_Ok")): Object: 'Object Repository/MEApp_AppBaru_InisiasiKonsumen/a_Ok' is clicked on

2022-04-07 14:43:45 - [MESSAGE][PASSED] - Object: 'Object Repository/MEApp_AppBaru_InisiasiKonsumen/a_Ok' is clicked on

2022-04-07 14:43:45 - [TEST_STEP][PASSED] - delay(1): Delayed 1 second(s)

2022-04-07 14:43:46 - [MESSAGE][PASSED] - Delayed 1 second(s)

2022-04-07 14:43:46 - [TEST_STEP][PASSED] - click(findTestObject("MEApp_AppBaru_InisiasiKonsumen/button_Ya")): Object: 'Object Repository/MEApp_AppBaru_InisiasiKonsumen/button_Ya' is clicked on

2022-04-07 14:43:48 - [MESSAGE][PASSED] - Object: 'Object Repository/MEApp_AppBaru_InisiasiKonsumen/button_Ya' is clicked on

2022-04-07 14:43:48 - [TEST_STEP][PASSED] - delay(3): Delayed 3 second(s)

2022-04-07 14:43:51 - [MESSAGE][PASSED] - Delayed 3 second(s)

2022-04-07 14:43:51 - [TEST_STEP][PASSED] - takeFullPageScreenshotAsCheckpoint(userDir + sprint4WebScreenshootPath + "scenario-3-Berhasil-dilakukan-inisiasi-konsumen-baru.png"): Taking screenshot successfully

2022-04-07 14:43:52 - [MESSAGE][INFO] - 0 hidden object(s)

2022-04-07 14:43:52 - [MESSAGE][PASSED] - Taking screenshot successfully
[[ATTACHMENT|C:\Users\Nia Yusniati\Git_Asa\BCAF_MEAPP_i3\Screenshoot\Sprint4\Web\keyes\keyes-scenario-3-Berhasil-dilakukan-inisiasi-konsumen-baru.png]]

2022-04-07 14:43:52 - [TEST_STEP][PASSED] - markPassed("scenario 3 - Berhasil dilakukan inisiasi konsumen baru"): scenario 3 - Berhasil dilakukan inisiasi konsumen baru

2022-04-07 14:43:52 - [MESSAGE][PASSED] - scenario 3 - Berhasil dilakukan inisiasi konsumen baru

2022-04-07 14:43:52 - [TEST_STEP][PASSED] - delay(2): Delayed 2 second(s)

2022-04-07 14:43:54 - [MESSAGE][PASSED] - Delayed 2 second(s)]]></system-out>
         <system-err><![CDATA[]]></system-err>
      </testcase>
      <testcase name="Test Cases/Sprint 4/Skenario 3/03-02-Transaction-AppPending-InputCorporate" time="263.02" classname="Test Cases/Sprint 4/Skenario 3/03-02-Transaction-AppPending-InputCorporate" status="PASSED">
         <system-out><![CDATA[2022-04-07 14:43:54 - [TEST_CASE][PASSED] - Test Cases/Sprint 4/Skenario 3/03-02-Transaction-AppPending-InputCorporate: Test Cases/Sprint 4/Skenario 3/03-02-Transaction-AppPending-InputCorporate

2022-04-07 14:43:56 - [TEST_STEP][PASSED] - userDir = getProjectDir(): null

2022-04-07 14:43:56 - [TEST_STEP][PASSED] - setText(findTestObject("Object Repository/Input_Corporate/Input_Konsumen/input_SID Name_form-control ng-untouched ng-pristine ng-invalid"), konsumen_SID, OPTIONAL): Text '223213445' is set on object 'Object Repository/Input_Corporate/Input_Konsumen/input_SID Name_form-control ng-untouched ng-pristine ng-invalid'

2022-04-07 14:44:52 - [MESSAGE][PASSED] - Text '223213445' is set on object 'Object Repository/Input_Corporate/Input_Konsumen/input_SID Name_form-control ng-untouched ng-pristine ng-invalid'

2022-04-07 14:44:52 - [TEST_STEP][PASSED] - delay(1): Delayed 1 second(s)

2022-04-07 14:44:53 - [MESSAGE][PASSED] - Delayed 1 second(s)

2022-04-07 14:44:53 - [TEST_STEP][PASSED] - scrollToElement(findTestObject("Object Repository/Input_Corporate/Input_Konsumen/i_Fax 2_ri-arrow-right-line"), 60, OPTIONAL): Scroll to object 'Object Repository/Input_Corporate/Input_Konsumen/i_Fax 2_ri-arrow-right-line' successfully

2022-04-07 14:44:54 - [MESSAGE][PASSED] - Scroll to object 'Object Repository/Input_Corporate/Input_Konsumen/i_Fax 2_ri-arrow-right-line' successfully

2022-04-07 14:44:54 - [TEST_STEP][PASSED] - delay(1): Delayed 1 second(s)

2022-04-07 14:44:55 - [MESSAGE][PASSED] - Delayed 1 second(s)

2022-04-07 14:44:55 - [TEST_STEP][PASSED] - click(findTestObject("Object Repository/Input_Corporate/Input_Konsumen/button_Surat Keterangan Domisili"), OPTIONAL): Object: 'Object Repository/Input_Corporate/Input_Konsumen/button_Surat Keterangan Domisili' is clicked on

2022-04-07 14:44:55 - [MESSAGE][PASSED] - Object: 'Object Repository/Input_Corporate/Input_Konsumen/button_Surat Keterangan Domisili' is clicked on

2022-04-07 14:44:55 - [TEST_STEP][PASSED] - delay(1): Delayed 1 second(s)

2022-04-07 14:44:56 - [MESSAGE][PASSED] - Delayed 1 second(s)

2022-04-07 14:44:56 - [TEST_STEP][PASSED] - takeFullPageScreenshotAsCheckpoint(userDir + sprint4WebScreenshootPath + "scenario-3-masuk-submenu-surat-keterangan-domisili.png"): Taking screenshot successfully

2022-04-07 14:44:57 - [MESSAGE][INFO] - 0 hidden object(s)

2022-04-07 14:44:57 - [MESSAGE][PASSED] - Taking screenshot successfully
[[ATTACHMENT|C:\Users\Nia Yusniati\Git_Asa\BCAF_MEAPP_i3\Screenshoot\Sprint4\Web\keyes\keyes-scenario-3-masuk-submenu-surat-keterangan-domisili.png]]

2022-04-07 14:44:57 - [TEST_STEP][PASSED] - markPassed("scenario 3 - Masuk submenu surat keterangan domisili"): scenario 3 - Masuk submenu surat keterangan domisili

2022-04-07 14:44:57 - [MESSAGE][PASSED] - scenario 3 - Masuk submenu surat keterangan domisili

2022-04-07 14:44:57 - [TEST_STEP][PASSED] - delay(1): Delayed 1 second(s)

2022-04-07 14:44:58 - [MESSAGE][PASSED] - Delayed 1 second(s)

2022-04-07 14:44:58 - [TEST_STEP][PASSED] - click(findTestObject("Object Repository/Input_Corporate/Input_Konsumen/button_Capture_Domisili"), OPTIONAL): Object: 'Object Repository/Input_Corporate/Input_Konsumen/button_Capture_Domisili' is clicked on

2022-04-07 14:44:59 - [MESSAGE][PASSED] - Object: 'Object Repository/Input_Corporate/Input_Konsumen/button_Capture_Domisili' is clicked on

2022-04-07 14:44:59 - [TEST_STEP][PASSED] - delay(1): Delayed 1 second(s)

2022-04-07 14:45:00 - [MESSAGE][PASSED] - Delayed 1 second(s)

2022-04-07 14:45:00 - [TEST_STEP][PASSED] - uploadFile(findTestObject("Input_Corporate/Capture_"), userDir + cobaKTP, OPTIONAL): File 'C:/Users/Nia Yusniati/Git_Asa/BCAF_MEAPP_i3/Assets/ktp_dummy.png' sent to object: 'Object Repository/Input_Corporate/Capture_'

2022-04-07 14:45:01 - [MESSAGE][PASSED] - File 'C:/Users/Nia Yusniati/Git_Asa/BCAF_MEAPP_i3/Assets/ktp_dummy.png' sent to object: 'Object Repository/Input_Corporate/Capture_'

2022-04-07 14:45:01 - [TEST_STEP][PASSED] - delay(1): Delayed 1 second(s)

2022-04-07 14:45:02 - [MESSAGE][PASSED] - Delayed 1 second(s)

2022-04-07 14:45:02 - [TEST_STEP][PASSED] - takeFullPageScreenshotAsCheckpoint(userDir + sprint4WebScreenshootPath + "scenario-3-capture-surat-keterangan-domisili-berhasil.png"): Taking screenshot successfully

2022-04-07 14:45:02 - [MESSAGE][INFO] - 0 hidden object(s)

2022-04-07 14:45:03 - [MESSAGE][PASSED] - Taking screenshot successfully
[[ATTACHMENT|C:\Users\Nia Yusniati\Git_Asa\BCAF_MEAPP_i3\Screenshoot\Sprint4\Web\keyes\keyes-scenario-3-capture-surat-keterangan-domisili-berhasil.png]]

2022-04-07 14:45:03 - [TEST_STEP][PASSED] - markPassed("scenario 3 - Capture surat keterangan domisili berhasil"): scenario 3 - Capture surat keterangan domisili berhasil

2022-04-07 14:45:03 - [MESSAGE][PASSED] - scenario 3 - Capture surat keterangan domisili berhasil

2022-04-07 14:45:03 - [TEST_STEP][PASSED] - delay(1): Delayed 1 second(s)

2022-04-07 14:45:04 - [MESSAGE][PASSED] - Delayed 1 second(s)

2022-04-07 14:45:04 - [TEST_STEP][PASSED] - click(findTestObject("Object Repository/Input_Corporate/Input_Konsumen/button_FAP"), OPTIONAL): Object: 'Object Repository/Input_Corporate/Input_Konsumen/button_FAP' is clicked on

2022-04-07 14:45:04 - [MESSAGE][PASSED] - Object: 'Object Repository/Input_Corporate/Input_Konsumen/button_FAP' is clicked on

2022-04-07 14:45:04 - [TEST_STEP][PASSED] - delay(1): Delayed 1 second(s)

2022-04-07 14:45:05 - [MESSAGE][PASSED] - Delayed 1 second(s)

2022-04-07 14:45:05 - [TEST_STEP][PASSED] - takeFullPageScreenshotAsCheckpoint(userDir + sprint4WebScreenshootPath + "scenario-3-Masuk-submenu-FAP.png"): Taking screenshot successfully

2022-04-07 14:45:07 - [MESSAGE][INFO] - 0 hidden object(s)

2022-04-07 14:45:07 - [MESSAGE][PASSED] - Taking screenshot successfully
[[ATTACHMENT|C:\Users\Nia Yusniati\Git_Asa\BCAF_MEAPP_i3\Screenshoot\Sprint4\Web\keyes\keyes-scenario-3-Masuk-submenu-FAP.png]]

2022-04-07 14:45:07 - [TEST_STEP][PASSED] - markPassed("scenario 3 - Masuk submenu FAP"): scenario 3 - Masuk submenu FAP

2022-04-07 14:45:07 - [MESSAGE][PASSED] - scenario 3 - Masuk submenu FAP

2022-04-07 14:45:07 - [TEST_STEP][PASSED] - delay(1): Delayed 1 second(s)

2022-04-07 14:45:08 - [MESSAGE][PASSED] - Delayed 1 second(s)

2022-04-07 14:45:08 - [TEST_STEP][PASSED] - click(findTestObject("Object Repository/Input_Corporate/Input_Konsumen/a_Add Capture_FAP"), OPTIONAL): Object: 'Object Repository/Input_Corporate/Input_Konsumen/a_Add Capture_FAP' is clicked on

2022-04-07 14:45:09 - [MESSAGE][PASSED] - Object: 'Object Repository/Input_Corporate/Input_Konsumen/a_Add Capture_FAP' is clicked on

2022-04-07 14:45:09 - [TEST_STEP][PASSED] - delay(1): Delayed 1 second(s)

2022-04-07 14:45:10 - [MESSAGE][PASSED] - Delayed 1 second(s)

2022-04-07 14:45:10 - [TEST_STEP][PASSED] - uploadFile(findTestObject("Input_Corporate/Capture_"), userDir + cobaKTP, OPTIONAL): File 'C:/Users/Nia Yusniati/Git_Asa/BCAF_MEAPP_i3/Assets/ktp_dummy.png' sent to object: 'Object Repository/Input_Corporate/Capture_'

2022-04-07 14:45:10 - [MESSAGE][PASSED] - File 'C:/Users/Nia Yusniati/Git_Asa/BCAF_MEAPP_i3/Assets/ktp_dummy.png' sent to object: 'Object Repository/Input_Corporate/Capture_'

2022-04-07 14:45:10 - [TEST_STEP][PASSED] - delay(1): Delayed 1 second(s)

2022-04-07 14:45:11 - [MESSAGE][PASSED] - Delayed 1 second(s)

2022-04-07 14:45:11 - [TEST_STEP][PASSED] - setText(findTestObject("Object Repository/Input_Corporate/Input_Konsumen/input_Jenis Usaha_form-control ng-untouched ng-pristine ng-invalid"), konsumen_jenisUsaha, OPTIONAL): Text 'Kontruksi' is set on object 'Object Repository/Input_Corporate/Input_Konsumen/input_Jenis Usaha_form-control ng-untouched ng-pristine ng-invalid'

2022-04-07 14:45:13 - [MESSAGE][PASSED] - Text 'Kontruksi' is set on object 'Object Repository/Input_Corporate/Input_Konsumen/input_Jenis Usaha_form-control ng-untouched ng-pristine ng-invalid'

2022-04-07 14:45:13 - [TEST_STEP][PASSED] - delay(1): Delayed 1 second(s)

2022-04-07 14:45:14 - [MESSAGE][PASSED] - Delayed 1 second(s)

2022-04-07 14:45:14 - [TEST_STEP][PASSED] - setText(findTestObject("Object Repository/Input_Corporate/Input_Konsumen/input_Economy Code_form-control bcaf-autocomplete ng-untouched ng-pristine ng-invalid"), konsumen_economyCode, OPTIONAL): Text '010103' is set on object 'Object Repository/Input_Corporate/Input_Konsumen/input_Economy Code_form-control bcaf-autocomplete ng-untouched ng-pristine ng-invalid'

2022-04-07 14:45:15 - [MESSAGE][PASSED] - Text '010103' is set on object 'Object Repository/Input_Corporate/Input_Konsumen/input_Economy Code_form-control bcaf-autocomplete ng-untouched ng-pristine ng-invalid'

2022-04-07 14:45:15 - [TEST_STEP][PASSED] - delay(1): Delayed 1 second(s)

2022-04-07 14:45:16 - [MESSAGE][PASSED] - Delayed 1 second(s)

2022-04-07 14:45:16 - [TEST_STEP][PASSED] - waitForElementPresent(findTestObject("Object Repository/Input_Corporate/Input_Konsumen/li_010103 Pertanian  Kehutanan-Pertanian  Pupuk-Importir"), 100, OPTIONAL): Object 'Object Repository/Input_Corporate/Input_Konsumen/li_010103 Pertanian  Kehutanan-Pertanian  Pupuk-Importir' is present

2022-04-07 14:45:16 - [MESSAGE][PASSED] - Object 'Object Repository/Input_Corporate/Input_Konsumen/li_010103 Pertanian  Kehutanan-Pertanian  Pupuk-Importir' is present

2022-04-07 14:45:16 - [TEST_STEP][PASSED] - delay(1): Delayed 1 second(s)

2022-04-07 14:45:17 - [MESSAGE][PASSED] - Delayed 1 second(s)

2022-04-07 14:45:17 - [TEST_STEP][PASSED] - click(findTestObject("Object Repository/Input_Corporate/Input_Konsumen/li_010103 Pertanian  Kehutanan-Pertanian  Pupuk-Importir"), OPTIONAL): Object: 'Object Repository/Input_Corporate/Input_Konsumen/li_010103 Pertanian  Kehutanan-Pertanian  Pupuk-Importir' is clicked on

2022-04-07 14:45:18 - [MESSAGE][PASSED] - Object: 'Object Repository/Input_Corporate/Input_Konsumen/li_010103 Pertanian  Kehutanan-Pertanian  Pupuk-Importir' is clicked on

2022-04-07 14:45:18 - [TEST_STEP][PASSED] - delay(1): Delayed 1 second(s)

2022-04-07 14:45:19 - [MESSAGE][PASSED] - Delayed 1 second(s)

2022-04-07 14:45:19 - [TEST_STEP][PASSED] - setText(findTestObject("Object Repository/Input_Corporate/Input_Konsumen/input_Kode Lokasi Proyek_form"), konsumen_kodeLokasi, OPTIONAL): Text '1213' is set on object 'Object Repository/Input_Corporate/Input_Konsumen/input_Kode Lokasi Proyek_form'

2022-04-07 14:45:20 - [MESSAGE][PASSED] - Text '1213' is set on object 'Object Repository/Input_Corporate/Input_Konsumen/input_Kode Lokasi Proyek_form'

2022-04-07 14:45:20 - [TEST_STEP][PASSED] - delay(1): Delayed 1 second(s)

2022-04-07 14:45:21 - [MESSAGE][PASSED] - Delayed 1 second(s)

2022-04-07 14:45:21 - [TEST_STEP][PASSED] - waitForElementPresent(findTestObject("Object Repository/Input_Corporate/Input_Konsumen/li_1213 - MALANG,KAB"), 100, OPTIONAL): Object 'Object Repository/Input_Corporate/Input_Konsumen/li_1213 - MALANG,KAB' is present

2022-04-07 14:45:22 - [MESSAGE][PASSED] - Object 'Object Repository/Input_Corporate/Input_Konsumen/li_1213 - MALANG,KAB' is present

2022-04-07 14:45:22 - [TEST_STEP][PASSED] - delay(1): Delayed 1 second(s)

2022-04-07 14:45:23 - [MESSAGE][PASSED] - Delayed 1 second(s)

2022-04-07 14:45:23 - [TEST_STEP][PASSED] - click(findTestObject("Object Repository/Input_Corporate/Input_Konsumen/li_1213 - MALANG,KAB"), OPTIONAL): Object: 'Object Repository/Input_Corporate/Input_Konsumen/li_1213 - MALANG,KAB' is clicked on

2022-04-07 14:45:24 - [MESSAGE][PASSED] - Object: 'Object Repository/Input_Corporate/Input_Konsumen/li_1213 - MALANG,KAB' is clicked on

2022-04-07 14:45:24 - [TEST_STEP][PASSED] - delay(1): Delayed 1 second(s)

2022-04-07 14:45:25 - [MESSAGE][PASSED] - Delayed 1 second(s)

2022-04-07 14:45:25 - [TEST_STEP][PASSED] - setText(findTestObject("Object Repository/Input_Corporate/Input_Konsumen/input_Berdiri Sejak Tahun_form-control ng-untouched ng-pristine ng-invalid"), konsumen_tahunBerdiri, OPTIONAL): Text '1995' is set on object 'Object Repository/Input_Corporate/Input_Konsumen/input_Berdiri Sejak Tahun_form-control ng-untouched ng-pristine ng-invalid'

2022-04-07 14:45:26 - [MESSAGE][PASSED] - Text '1995' is set on object 'Object Repository/Input_Corporate/Input_Konsumen/input_Berdiri Sejak Tahun_form-control ng-untouched ng-pristine ng-invalid'

2022-04-07 14:45:26 - [TEST_STEP][PASSED] - delay(1): Delayed 1 second(s)

2022-04-07 14:45:27 - [MESSAGE][PASSED] - Delayed 1 second(s)

2022-04-07 14:45:27 - [TEST_STEP][PASSED] - setText(findTestObject("Object Repository/Input_Corporate/Input_Konsumen/input_Omzet Usaha per Tahun_form-control text-right ng-untouched ng-pristine ng-invalid"), konsumen_omzetUsaha, OPTIONAL): Text '10000000000' is set on object 'Object Repository/Input_Corporate/Input_Konsumen/input_Omzet Usaha per Tahun_form-control text-right ng-untouched ng-pristine ng-invalid'

2022-04-07 14:45:28 - [MESSAGE][PASSED] - Text '10000000000' is set on object 'Object Repository/Input_Corporate/Input_Konsumen/input_Omzet Usaha per Tahun_form-control text-right ng-untouched ng-pristine ng-invalid'

2022-04-07 14:45:28 - [TEST_STEP][PASSED] - delay(1): Delayed 1 second(s)

2022-04-07 14:45:29 - [MESSAGE][PASSED] - Delayed 1 second(s)

2022-04-07 14:45:29 - [TEST_STEP][PASSED] - setText(findTestObject("Object Repository/Input_Corporate/Input_Konsumen/input_No. Rekening BCA_form-control ng-untouched ng-pristine ng-valid"), konsumen_noRekBCA, OPTIONAL): Text '413514512' is set on object 'Object Repository/Input_Corporate/Input_Konsumen/input_No. Rekening BCA_form-control ng-untouched ng-pristine ng-valid'

2022-04-07 14:45:31 - [MESSAGE][PASSED] - Text '413514512' is set on object 'Object Repository/Input_Corporate/Input_Konsumen/input_No. Rekening BCA_form-control ng-untouched ng-pristine ng-valid'

2022-04-07 14:45:31 - [TEST_STEP][PASSED] - delay(1): Delayed 1 second(s)

2022-04-07 14:45:32 - [MESSAGE][PASSED] - Delayed 1 second(s)

2022-04-07 14:45:32 - [TEST_STEP][PASSED] - setText(findTestObject("Object Repository/Input_Corporate/Input_Konsumen/input_Alamat Perusahaan_form-control ng-untouched ng-pristine ng-invalid"), konsumen_alamatPT, OPTIONAL): Text 'Jakarta, No. 45' is set on object 'Object Repository/Input_Corporate/Input_Konsumen/input_Alamat Perusahaan_form-control ng-untouched ng-pristine ng-invalid'

2022-04-07 14:45:33 - [MESSAGE][PASSED] - Text 'Jakarta, No. 45' is set on object 'Object Repository/Input_Corporate/Input_Konsumen/input_Alamat Perusahaan_form-control ng-untouched ng-pristine ng-invalid'

2022-04-07 14:45:33 - [TEST_STEP][PASSED] - delay(1): Delayed 1 second(s)

2022-04-07 14:45:34 - [MESSAGE][PASSED] - Delayed 1 second(s)

2022-04-07 14:45:34 - [TEST_STEP][PASSED] - setText(findTestObject("Object Repository/Input_Corporate/Input_Konsumen/input_Provinsi_form-control bcaf-autocomplete ng-untouched ng-pristine ng-invalid"), konsumen_provinsi, OPTIONAL): Text 'JAWA TIMUR' is set on object 'Object Repository/Input_Corporate/Input_Konsumen/input_Provinsi_form-control bcaf-autocomplete ng-untouched ng-pristine ng-invalid'

2022-04-07 14:45:35 - [MESSAGE][PASSED] - Text 'JAWA TIMUR' is set on object 'Object Repository/Input_Corporate/Input_Konsumen/input_Provinsi_form-control bcaf-autocomplete ng-untouched ng-pristine ng-invalid'

2022-04-07 14:45:35 - [TEST_STEP][PASSED] - delay(1): Delayed 1 second(s)

2022-04-07 14:45:36 - [MESSAGE][PASSED] - Delayed 1 second(s)

2022-04-07 14:45:36 - [TEST_STEP][PASSED] - waitForElementPresent(findTestObject("Object Repository/Input_Corporate/Input_Konsumen/li_JAWA TIMUR"), 100, OPTIONAL): Object 'Object Repository/Input_Corporate/Input_Konsumen/li_JAWA TIMUR' is present

2022-04-07 14:45:37 - [MESSAGE][PASSED] - Object 'Object Repository/Input_Corporate/Input_Konsumen/li_JAWA TIMUR' is present

2022-04-07 14:45:37 - [TEST_STEP][PASSED] - delay(1): Delayed 1 second(s)

2022-04-07 14:45:38 - [MESSAGE][PASSED] - Delayed 1 second(s)

2022-04-07 14:45:38 - [TEST_STEP][PASSED] - click(findTestObject("Object Repository/Input_Corporate/Input_Konsumen/li_JAWA TIMUR"), OPTIONAL): Object: 'Object Repository/Input_Corporate/Input_Konsumen/li_JAWA TIMUR' is clicked on

2022-04-07 14:45:38 - [MESSAGE][PASSED] - Object: 'Object Repository/Input_Corporate/Input_Konsumen/li_JAWA TIMUR' is clicked on

2022-04-07 14:45:38 - [TEST_STEP][PASSED] - delay(1): Delayed 1 second(s)

2022-04-07 14:45:39 - [MESSAGE][PASSED] - Delayed 1 second(s)

2022-04-07 14:45:39 - [TEST_STEP][PASSED] - setText(findTestObject("Object Repository/Input_Corporate/Input_Konsumen/input_KabKota_form-control bcaf-autocomplete ng-untouched ng-pristine ng-invalid"), konsumen_kabKota, OPTIONAL): Text 'Malang' is set on object 'Object Repository/Input_Corporate/Input_Konsumen/input_KabKota_form-control bcaf-autocomplete ng-untouched ng-pristine ng-invalid'

2022-04-07 14:45:40 - [MESSAGE][PASSED] - Text 'Malang' is set on object 'Object Repository/Input_Corporate/Input_Konsumen/input_KabKota_form-control bcaf-autocomplete ng-untouched ng-pristine ng-invalid'

2022-04-07 14:45:40 - [TEST_STEP][PASSED] - delay(1): Delayed 1 second(s)

2022-04-07 14:45:41 - [MESSAGE][PASSED] - Delayed 1 second(s)

2022-04-07 14:45:41 - [TEST_STEP][PASSED] - waitForElementPresent(findTestObject("Object Repository/Input_Corporate/Input_Konsumen/li_MALANG"), 100, OPTIONAL): Object 'Object Repository/Input_Corporate/Input_Konsumen/li_MALANG' is present

2022-04-07 14:45:42 - [MESSAGE][PASSED] - Object 'Object Repository/Input_Corporate/Input_Konsumen/li_MALANG' is present

2022-04-07 14:45:42 - [TEST_STEP][PASSED] - delay(1): Delayed 1 second(s)

2022-04-07 14:45:43 - [MESSAGE][PASSED] - Delayed 1 second(s)

2022-04-07 14:45:43 - [TEST_STEP][PASSED] - click(findTestObject("Object Repository/Input_Corporate/Input_Konsumen/li_MALANG"), OPTIONAL): Object: 'Object Repository/Input_Corporate/Input_Konsumen/li_MALANG' is clicked on

2022-04-07 14:45:44 - [MESSAGE][PASSED] - Object: 'Object Repository/Input_Corporate/Input_Konsumen/li_MALANG' is clicked on

2022-04-07 14:45:44 - [TEST_STEP][PASSED] - delay(1): Delayed 1 second(s)

2022-04-07 14:45:45 - [MESSAGE][PASSED] - Delayed 1 second(s)

2022-04-07 14:45:45 - [TEST_STEP][PASSED] - setText(findTestObject("Object Repository/Input_Corporate/Input_Konsumen/input_Kecamatan_form-control bcaf-autocomplete ng-untouched ng-pristine ng-invalid"), konsumen_kecamantan, OPTIONAL): Text 'lowokwaru' is set on object 'Object Repository/Input_Corporate/Input_Konsumen/input_Kecamatan_form-control bcaf-autocomplete ng-untouched ng-pristine ng-invalid'

2022-04-07 14:45:46 - [MESSAGE][PASSED] - Text 'lowokwaru' is set on object 'Object Repository/Input_Corporate/Input_Konsumen/input_Kecamatan_form-control bcaf-autocomplete ng-untouched ng-pristine ng-invalid'

2022-04-07 14:45:46 - [TEST_STEP][PASSED] - delay(1): Delayed 1 second(s)

2022-04-07 14:45:47 - [MESSAGE][PASSED] - Delayed 1 second(s)

2022-04-07 14:45:47 - [TEST_STEP][PASSED] - waitForElementPresent(findTestObject("Object Repository/Input_Corporate/Input_Konsumen/li_LOWOKWARU"), 0, OPTIONAL): Object 'Object Repository/Input_Corporate/Input_Konsumen/li_LOWOKWARU' is present

2022-04-07 14:45:47 - [MESSAGE][WARNING] - Timeout '0' is invalid. Using default page load timeout: '30'

2022-04-07 14:45:47 - [MESSAGE][PASSED] - Object 'Object Repository/Input_Corporate/Input_Konsumen/li_LOWOKWARU' is present

2022-04-07 14:45:47 - [TEST_STEP][PASSED] - delay(1): Delayed 1 second(s)

2022-04-07 14:45:48 - [MESSAGE][PASSED] - Delayed 1 second(s)

2022-04-07 14:45:48 - [TEST_STEP][PASSED] - click(findTestObject("Object Repository/Input_Corporate/Input_Konsumen/li_LOWOKWARU"), OPTIONAL): Object: 'Object Repository/Input_Corporate/Input_Konsumen/li_LOWOKWARU' is clicked on

2022-04-07 14:45:49 - [MESSAGE][PASSED] - Object: 'Object Repository/Input_Corporate/Input_Konsumen/li_LOWOKWARU' is clicked on

2022-04-07 14:45:49 - [TEST_STEP][PASSED] - delay(1): Delayed 1 second(s)

2022-04-07 14:45:50 - [MESSAGE][PASSED] - Delayed 1 second(s)

2022-04-07 14:45:50 - [TEST_STEP][PASSED] - setText(findTestObject("Object Repository/Input_Corporate/Input_Konsumen/input_Kelurahan_form-control bcaf-autocomplete ng-untouched ng-pristine ng-invalid"), konsumen_kelurahan, OPTIONAL): Text 'ketawanggede' is set on object 'Object Repository/Input_Corporate/Input_Konsumen/input_Kelurahan_form-control bcaf-autocomplete ng-untouched ng-pristine ng-invalid'

2022-04-07 14:45:51 - [MESSAGE][PASSED] - Text 'ketawanggede' is set on object 'Object Repository/Input_Corporate/Input_Konsumen/input_Kelurahan_form-control bcaf-autocomplete ng-untouched ng-pristine ng-invalid'

2022-04-07 14:45:51 - [TEST_STEP][PASSED] - delay(1): Delayed 1 second(s)

2022-04-07 14:45:52 - [MESSAGE][PASSED] - Delayed 1 second(s)

2022-04-07 14:45:52 - [TEST_STEP][PASSED] - waitForElementPresent(findTestObject("Object Repository/Input_Corporate/Input_Konsumen/li_KETAWANGGEDE"), 100, OPTIONAL): Object 'Object Repository/Input_Corporate/Input_Konsumen/li_KETAWANGGEDE' is present

2022-04-07 14:45:53 - [MESSAGE][PASSED] - Object 'Object Repository/Input_Corporate/Input_Konsumen/li_KETAWANGGEDE' is present

2022-04-07 14:45:53 - [TEST_STEP][PASSED] - delay(1): Delayed 1 second(s)

2022-04-07 14:45:54 - [MESSAGE][PASSED] - Delayed 1 second(s)

2022-04-07 14:45:54 - [TEST_STEP][PASSED] - click(findTestObject("Object Repository/Input_Corporate/Input_Konsumen/li_KETAWANGGEDE"), OPTIONAL): Object: 'Object Repository/Input_Corporate/Input_Konsumen/li_KETAWANGGEDE' is clicked on

2022-04-07 14:45:54 - [MESSAGE][PASSED] - Object: 'Object Repository/Input_Corporate/Input_Konsumen/li_KETAWANGGEDE' is clicked on

2022-04-07 14:45:54 - [TEST_STEP][PASSED] - delay(1): Delayed 1 second(s)

2022-04-07 14:45:55 - [MESSAGE][PASSED] - Delayed 1 second(s)

2022-04-07 14:45:55 - [TEST_STEP][PASSED] - setText(findTestObject("Object Repository/Input_Corporate/Input_Konsumen/input_Kode Pos_form-control bcaf-autocomplete ng-untouched ng-pristine ng-invalid"), konsumen_kodePos, OPTIONAL): Text '65145' is set on object 'Object Repository/Input_Corporate/Input_Konsumen/input_Kode Pos_form-control bcaf-autocomplete ng-untouched ng-pristine ng-invalid'

2022-04-07 14:45:56 - [MESSAGE][PASSED] - Text '65145' is set on object 'Object Repository/Input_Corporate/Input_Konsumen/input_Kode Pos_form-control bcaf-autocomplete ng-untouched ng-pristine ng-invalid'

2022-04-07 14:45:56 - [TEST_STEP][PASSED] - delay(1): Delayed 1 second(s)

2022-04-07 14:45:57 - [MESSAGE][PASSED] - Delayed 1 second(s)

2022-04-07 14:45:57 - [TEST_STEP][PASSED] - waitForElementPresent(findTestObject("Object Repository/Input_Corporate/Input_Konsumen/li_65145"), 100, OPTIONAL): Object 'Object Repository/Input_Corporate/Input_Konsumen/li_65145' is present

2022-04-07 14:45:58 - [MESSAGE][PASSED] - Object 'Object Repository/Input_Corporate/Input_Konsumen/li_65145' is present

2022-04-07 14:45:58 - [TEST_STEP][PASSED] - delay(1): Delayed 1 second(s)

2022-04-07 14:45:59 - [MESSAGE][PASSED] - Delayed 1 second(s)

2022-04-07 14:45:59 - [TEST_STEP][PASSED] - click(findTestObject("Object Repository/Input_Corporate/Input_Konsumen/li_65145"), OPTIONAL): Object: 'Object Repository/Input_Corporate/Input_Konsumen/li_65145' is clicked on

2022-04-07 14:45:59 - [MESSAGE][PASSED] - Object: 'Object Repository/Input_Corporate/Input_Konsumen/li_65145' is clicked on

2022-04-07 14:45:59 - [TEST_STEP][PASSED] - delay(1): Delayed 1 second(s)

2022-04-07 14:46:00 - [MESSAGE][PASSED] - Delayed 1 second(s)

2022-04-07 14:46:00 - [TEST_STEP][PASSED] - takeFullPageScreenshotAsCheckpoint(userDir + sprint4WebScreenshootPath + "scenario-3-Input-data-FAP.png"): Taking screenshot successfully

2022-04-07 14:46:02 - [MESSAGE][INFO] - 0 hidden object(s)

2022-04-07 14:46:02 - [MESSAGE][PASSED] - Taking screenshot successfully
[[ATTACHMENT|C:\Users\Nia Yusniati\Git_Asa\BCAF_MEAPP_i3\Screenshoot\Sprint4\Web\keyes\keyes-scenario-3-Input-data-FAP.png]]

2022-04-07 14:46:02 - [TEST_STEP][PASSED] - markPassed("scenario 3 - Input data FAP"): scenario 3 - Input data FAP

2022-04-07 14:46:02 - [MESSAGE][PASSED] - scenario 3 - Input data FAP

2022-04-07 14:46:02 - [TEST_STEP][PASSED] - delay(1): Delayed 1 second(s)

2022-04-07 14:46:03 - [MESSAGE][PASSED] - Delayed 1 second(s)

2022-04-07 14:46:03 - [TEST_STEP][PASSED] - scrollToElement(findTestObject("Object Repository/Input_Corporate/Input_Konsumen/i_Fax 2_ri-arrow-right-line"), 60, OPTIONAL): Scroll to object 'Object Repository/Input_Corporate/Input_Konsumen/i_Fax 2_ri-arrow-right-line' successfully

2022-04-07 14:46:03 - [MESSAGE][PASSED] - Scroll to object 'Object Repository/Input_Corporate/Input_Konsumen/i_Fax 2_ri-arrow-right-line' successfully

2022-04-07 14:46:03 - [TEST_STEP][PASSED] - click(findTestObject("Object Repository/Input_Corporate/Input_Konsumen/input_Alamat Pengiriman Surat  Alamat Perusahaan_isAlamatPengirimanSurat"), OPTIONAL): Unable to click on object 'Object Repository/Input_Corporate/Input_Konsumen/input_Alamat Pengiriman Surat  Alamat Perusahaan_isAlamatPengirimanSurat' (Root cause: com.kms.katalon.core.exception.StepFailedException: Unable to click on object 'Object Repository/Input_Corporate/Input_Konsumen/input_Alamat Pengiriman Surat  Alamat Perusahaan_isAlamatPengirimanSurat'
	at com.kms.katalon.core.webui.keyword.internal.WebUIKeywordMain.stepFailed(WebUIKeywordMain.groovy:64)
	at com.kms.katalon.core.webui.keyword.internal.WebUIKeywordMain.runKeyword(WebUIKeywordMain.groovy:26)
	at com.kms.katalon.core.webui.keyword.builtin.ClickKeyword.click(ClickKeyword.groovy:75)
	at com.kms.katalon.core.webui.keyword.builtin.ClickKeyword.execute(ClickKeyword.groovy:42)
	at com.kms.katalon.core.keyword.internal.KeywordExecutor.executeKeywordForPlatform(KeywordExecutor.groovy:74)
	at com.kms.katalon.core.webui.keyword.WebUiBuiltInKeywords.click(WebUiBuiltInKeywords.groovy:608)
	at com.kms.katalon.core.webui.keyword.WebUiBuiltInKeywords$click$10.call(Unknown Source)
	at 03-02-Transaction-AppPending-InputCorporate.run(03-02-Transaction-AppPending-InputCorporate:294)
	at com.kms.katalon.core.main.ScriptEngine.run(ScriptEngine.java:194)
	at com.kms.katalon.core.main.ScriptEngine.runScriptAsRawText(ScriptEngine.java:119)
	at com.kms.katalon.core.main.TestCaseExecutor.runScript(TestCaseExecutor.java:430)
	at com.kms.katalon.core.main.TestCaseExecutor.doExecute(TestCaseExecutor.java:421)
	at com.kms.katalon.core.main.TestCaseExecutor.processExecutionPhase(TestCaseExecutor.java:400)
	at com.kms.katalon.core.main.TestCaseExecutor.accessMainPhase(TestCaseExecutor.java:392)
	at com.kms.katalon.core.main.TestCaseExecutor.execute(TestCaseExecutor.java:273)
	at com.kms.katalon.core.main.TestSuiteExecutor.accessTestCaseMainPhase(TestSuiteExecutor.java:202)
	at com.kms.katalon.core.main.TestSuiteExecutor.accessTestSuiteMainPhase(TestSuiteExecutor.java:164)
	at com.kms.katalon.core.main.TestSuiteExecutor.execute(TestSuiteExecutor.java:105)
	at com.kms.katalon.core.main.TestCaseMain.startTestSuite(TestCaseMain.java:185)
	at com.kms.katalon.core.main.TestCaseMain$startTestSuite$0.call(Unknown Source)
	at TempTestSuite1649317294040.run(TempTestSuite1649317294040.groovy:36)
Caused by: org.openqa.selenium.ElementClickInterceptedException: element click intercepted: Element <input _ngcontent-gxq-c99="" formcontrolname="isAlamatPengirimanSurat" id="radio-perorangan" type="radio" value="ya" name="isAlamatPengirimanSurat" class="form-check-input ng-untouched ng-pristine ng-valid"> is not clickable at point (312, 7). Other element would receive the click: <header _ngcontent-gxq-c84="" id="mainHeader" class="c-header c-header-light c-header-fixed">...</header>
  (Session info: chrome=99.0.4844.84)
Build info: version: '3.141.59', revision: 'e82be7d358', time: '2018-11-14T08:25:53'
System info: host: 'APANDI', ip: '192.168.250.25', os.name: 'Windows 10', os.arch: 'amd64', os.version: '10.0', java.version: '1.8.0_282'
Driver info: com.kms.katalon.selenium.driver.CChromeDriver
Capabilities {acceptInsecureCerts: false, browserName: chrome, browserVersion: 99.0.4844.84, chrome: {chromedriverVersion: 99.0.4844.51 (d537ec02474b5..., userDataDir: C:\Users\NIAYUS~1\AppData\L...}, goog:chromeOptions: {debuggerAddress: localhost:64541}, javascriptEnabled: true, networkConnectionEnabled: false, pageLoadStrategy: normal, platform: WINDOWS, platformName: WINDOWS, proxy: Proxy(), setWindowRect: true, strictFileInteractability: false, timeouts: {implicit: 0, pageLoad: 300000, script: 30000}, unhandledPromptBehavior: dismiss and notify, webauthn:extension:credBlob: true, webauthn:extension:largeBlob: true, webauthn:virtualAuthenticators: true}
Session ID: 1e4a4d31e0abcb309ba9b5a3fbce7d54
	at org.openqa.selenium.remote.http.W3CHttpResponseCodec.createException(W3CHttpResponseCodec.java:187)
	at org.openqa.selenium.remote.http.W3CHttpResponseCodec.decode(W3CHttpResponseCodec.java:122)
	at org.openqa.selenium.remote.http.W3CHttpResponseCodec.decode(W3CHttpResponseCodec.java:49)
	at org.openqa.selenium.remote.HttpCommandExecutor.execute(HttpCommandExecutor.java:158)
	at org.openqa.selenium.remote.service.DriverCommandExecutor.execute(DriverCommandExecutor.java:83)
	at org.openqa.selenium.remote.RemoteWebDriver.execute(RemoteWebDriver.java:552)
	at com.kms.katalon.selenium.driver.CChromeDriver.execute(CChromeDriver.java:19)
	at org.openqa.selenium.remote.RemoteWebElement.execute(RemoteWebElement.java:285)
	at org.openqa.selenium.remote.RemoteWebElement.click(RemoteWebElement.java:84)
	at org.openqa.selenium.support.events.EventFiringWebDriver$EventFiringWebElement.lambda$new$0(EventFiringWebDriver.java:404)
	at com.sun.proxy.$Proxy11.click(Unknown Source)
	at org.openqa.selenium.support.events.EventFiringWebDriver$EventFiringWebElement.click(EventFiringWebDriver.java:417)
	at com.kms.katalon.core.webui.keyword.builtin.ClickKeyword$_click_closure1.doCall(ClickKeyword.groovy:68)
	at com.kms.katalon.core.webui.keyword.builtin.ClickKeyword$_click_closure1.call(ClickKeyword.groovy)
	at com.kms.katalon.core.webui.keyword.internal.WebUIKeywordMain.runKeyword(WebUIKeywordMain.groovy:20)
	at com.kms.katalon.core.webui.keyword.builtin.ClickKeyword.click(ClickKeyword.groovy:75)
	at com.kms.katalon.core.webui.keyword.builtin.ClickKeyword.execute(ClickKeyword.groovy:42)
	at com.kms.katalon.core.keyword.internal.KeywordExecutor.executeKeywordForPlatform(KeywordExecutor.groovy:74)
	at com.kms.katalon.core.webui.keyword.WebUiBuiltInKeywords.click(WebUiBuiltInKeywords.groovy:608)
	at com.kms.katalon.core.webui.keyword.WebUiBuiltInKeywords$click$10.call(Unknown Source)
	at Script1647432020843.run(Script1647432020843.groovy:294)
	... 13 more
)

2022-04-07 14:46:05 - [MESSAGE][WARNING] - Unable to click on object 'Object Repository/Input_Corporate/Input_Konsumen/input_Alamat Pengiriman Surat  Alamat Perusahaan_isAlamatPengirimanSurat' (Root cause: com.kms.katalon.core.exception.StepFailedException: Unable to click on object 'Object Repository/Input_Corporate/Input_Konsumen/input_Alamat Pengiriman Surat  Alamat Perusahaan_isAlamatPengirimanSurat'
	at com.kms.katalon.core.webui.keyword.internal.WebUIKeywordMain.stepFailed(WebUIKeywordMain.groovy:64)
	at com.kms.katalon.core.webui.keyword.internal.WebUIKeywordMain.runKeyword(WebUIKeywordMain.groovy:26)
	at com.kms.katalon.core.webui.keyword.builtin.ClickKeyword.click(ClickKeyword.groovy:75)
	at com.kms.katalon.core.webui.keyword.builtin.ClickKeyword.execute(ClickKeyword.groovy:42)
	at com.kms.katalon.core.keyword.internal.KeywordExecutor.executeKeywordForPlatform(KeywordExecutor.groovy:74)
	at com.kms.katalon.core.webui.keyword.WebUiBuiltInKeywords.click(WebUiBuiltInKeywords.groovy:608)
	at com.kms.katalon.core.webui.keyword.WebUiBuiltInKeywords$click$10.call(Unknown Source)
	at 03-02-Transaction-AppPending-InputCorporate.run(03-02-Transaction-AppPending-InputCorporate:294)
	at com.kms.katalon.core.main.ScriptEngine.run(ScriptEngine.java:194)
	at com.kms.katalon.core.main.ScriptEngine.runScriptAsRawText(ScriptEngine.java:119)
	at com.kms.katalon.core.main.TestCaseExecutor.runScript(TestCaseExecutor.java:430)
	at com.kms.katalon.core.main.TestCaseExecutor.doExecute(TestCaseExecutor.java:421)
	at com.kms.katalon.core.main.TestCaseExecutor.processExecutionPhase(TestCaseExecutor.java:400)
	at com.kms.katalon.core.main.TestCaseExecutor.accessMainPhase(TestCaseExecutor.java:392)
	at com.kms.katalon.core.main.TestCaseExecutor.execute(TestCaseExecutor.java:273)
	at com.kms.katalon.core.main.TestSuiteExecutor.accessTestCaseMainPhase(TestSuiteExecutor.java:202)
	at com.kms.katalon.core.main.TestSuiteExecutor.accessTestSuiteMainPhase(TestSuiteExecutor.java:164)
	at com.kms.katalon.core.main.TestSuiteExecutor.execute(TestSuiteExecutor.java:105)
	at com.kms.katalon.core.main.TestCaseMain.startTestSuite(TestCaseMain.java:185)
	at com.kms.katalon.core.main.TestCaseMain$startTestSuite$0.call(Unknown Source)
	at TempTestSuite1649317294040.run(TempTestSuite1649317294040.groovy:36)
Caused by: org.openqa.selenium.ElementClickInterceptedException: element click intercepted: Element <input _ngcontent-gxq-c99="" formcontrolname="isAlamatPengirimanSurat" id="radio-perorangan" type="radio" value="ya" name="isAlamatPengirimanSurat" class="form-check-input ng-untouched ng-pristine ng-valid"> is not clickable at point (312, 7). Other element would receive the click: <header _ngcontent-gxq-c84="" id="mainHeader" class="c-header c-header-light c-header-fixed">...</header>
  (Session info: chrome=99.0.4844.84)
Build info: version: '3.141.59', revision: 'e82be7d358', time: '2018-11-14T08:25:53'
System info: host: 'APANDI', ip: '192.168.250.25', os.name: 'Windows 10', os.arch: 'amd64', os.version: '10.0', java.version: '1.8.0_282'
Driver info: com.kms.katalon.selenium.driver.CChromeDriver
Capabilities {acceptInsecureCerts: false, browserName: chrome, browserVersion: 99.0.4844.84, chrome: {chromedriverVersion: 99.0.4844.51 (d537ec02474b5..., userDataDir: C:\Users\NIAYUS~1\AppData\L...}, goog:chromeOptions: {debuggerAddress: localhost:64541}, javascriptEnabled: true, networkConnectionEnabled: false, pageLoadStrategy: normal, platform: WINDOWS, platformName: WINDOWS, proxy: Proxy(), setWindowRect: true, strictFileInteractability: false, timeouts: {implicit: 0, pageLoad: 300000, script: 30000}, unhandledPromptBehavior: dismiss and notify, webauthn:extension:credBlob: true, webauthn:extension:largeBlob: true, webauthn:virtualAuthenticators: true}
Session ID: 1e4a4d31e0abcb309ba9b5a3fbce7d54
	at org.openqa.selenium.remote.http.W3CHttpResponseCodec.createException(W3CHttpResponseCodec.java:187)
	at org.openqa.selenium.remote.http.W3CHttpResponseCodec.decode(W3CHttpResponseCodec.java:122)
	at org.openqa.selenium.remote.http.W3CHttpResponseCodec.decode(W3CHttpResponseCodec.java:49)
	at org.openqa.selenium.remote.HttpCommandExecutor.execute(HttpCommandExecutor.java:158)
	at org.openqa.selenium.remote.service.DriverCommandExecutor.execute(DriverCommandExecutor.java:83)
	at org.openqa.selenium.remote.RemoteWebDriver.execute(RemoteWebDriver.java:552)
	at com.kms.katalon.selenium.driver.CChromeDriver.execute(CChromeDriver.java:19)
	at org.openqa.selenium.remote.RemoteWebElement.execute(RemoteWebElement.java:285)
	at org.openqa.selenium.remote.RemoteWebElement.click(RemoteWebElement.java:84)
	at org.openqa.selenium.support.events.EventFiringWebDriver$EventFiringWebElement.lambda$new$0(EventFiringWebDriver.java:404)
	at com.sun.proxy.$Proxy11.click(Unknown Source)
	at org.openqa.selenium.support.events.EventFiringWebDriver$EventFiringWebElement.click(EventFiringWebDriver.java:417)
	at com.kms.katalon.core.webui.keyword.builtin.ClickKeyword$_click_closure1.doCall(ClickKeyword.groovy:68)
	at com.kms.katalon.core.webui.keyword.builtin.ClickKeyword$_click_closure1.call(ClickKeyword.groovy)
	at com.kms.katalon.core.webui.keyword.internal.WebUIKeywordMain.runKeyword(WebUIKeywordMain.groovy:20)
	at com.kms.katalon.core.webui.keyword.builtin.ClickKeyword.click(ClickKeyword.groovy:75)
	at com.kms.katalon.core.webui.keyword.builtin.ClickKeyword.execute(ClickKeyword.groovy:42)
	at com.kms.katalon.core.keyword.internal.KeywordExecutor.executeKeywordForPlatform(KeywordExecutor.groovy:74)
	at com.kms.katalon.core.webui.keyword.WebUiBuiltInKeywords.click(WebUiBuiltInKeywords.groovy:608)
	at com.kms.katalon.core.webui.keyword.WebUiBuiltInKeywords$click$10.call(Unknown Source)
	at Script1647432020843.run(Script1647432020843.groovy:294)
	... 13 more
)
[[ATTACHMENT|C:\\Users\\Nia Yusniati\\Git_Asa\\BCAF_MEAPP_i3\\Reports\\20220407_144134\\Skenario_3\\S3\\20220407_144134\\1649317565447.png]]

2022-04-07 14:46:05 - [TEST_STEP][PASSED] - delay(1): Delayed 1 second(s)

2022-04-07 14:46:06 - [MESSAGE][PASSED] - Delayed 1 second(s)

2022-04-07 14:46:06 - [TEST_STEP][PASSED] - setText(findTestObject("Object Repository/Input_Corporate/Input_Konsumen/input_Email_form-control ng-untouched ng-pristine ng-valid"), konsumen_email, OPTIONAL): Text 'contoh@gmail.com' is set on object 'Object Repository/Input_Corporate/Input_Konsumen/input_Email_form-control ng-untouched ng-pristine ng-valid'

2022-04-07 14:46:07 - [MESSAGE][PASSED] - Text 'contoh@gmail.com' is set on object 'Object Repository/Input_Corporate/Input_Konsumen/input_Email_form-control ng-untouched ng-pristine ng-valid'

2022-04-07 14:46:07 - [TEST_STEP][PASSED] - delay(1): Delayed 1 second(s)

2022-04-07 14:46:08 - [MESSAGE][PASSED] - Delayed 1 second(s)

2022-04-07 14:46:08 - [TEST_STEP][PASSED] - setText(findTestObject("Object Repository/Input_Corporate/Input_Konsumen/input_Telepon 1_form-control ng-untouched ng-pristine ng-valid"), konsumen_telepon1, OPTIONAL): Text '089773662555' is set on object 'Object Repository/Input_Corporate/Input_Konsumen/input_Telepon 1_form-control ng-untouched ng-pristine ng-valid'

2022-04-07 14:46:09 - [MESSAGE][PASSED] - Text '089773662555' is set on object 'Object Repository/Input_Corporate/Input_Konsumen/input_Telepon 1_form-control ng-untouched ng-pristine ng-valid'

2022-04-07 14:46:09 - [TEST_STEP][PASSED] - delay(1): Delayed 1 second(s)

2022-04-07 14:46:10 - [MESSAGE][PASSED] - Delayed 1 second(s)

2022-04-07 14:46:10 - [TEST_STEP][PASSED] - takeFullPageScreenshotAsCheckpoint(userDir + sprint4WebScreenshootPath + "scenario-3-Input-data-alamat-pengirim-surat.png"): Taking screenshot successfully

2022-04-07 14:46:12 - [MESSAGE][INFO] - 0 hidden object(s)

2022-04-07 14:46:12 - [MESSAGE][PASSED] - Taking screenshot successfully
[[ATTACHMENT|C:\Users\Nia Yusniati\Git_Asa\BCAF_MEAPP_i3\Screenshoot\Sprint4\Web\keyes\keyes-scenario-3-Input-data-alamat-pengirim-surat.png]]

2022-04-07 14:46:12 - [TEST_STEP][PASSED] - markPassed("scenario 3 - Input data alamat pengirim surat"): scenario 3 - Input data alamat pengirim surat

2022-04-07 14:46:12 - [MESSAGE][PASSED] - scenario 3 - Input data alamat pengirim surat

2022-04-07 14:46:12 - [TEST_STEP][PASSED] - scrollToPosition(0, 0, OPTIONAL): Browser is scrolled to position x = 0, y = 0

2022-04-07 14:46:12 - [MESSAGE][PASSED] - Browser is scrolled to position x = 0, y = 0

2022-04-07 14:46:12 - [TEST_STEP][PASSED] - delay(2): Delayed 2 second(s)

2022-04-07 14:46:14 - [MESSAGE][PASSED] - Delayed 2 second(s)

2022-04-07 14:46:14 - [TEST_STEP][PASSED] - delay(1): Delayed 1 second(s)

2022-04-07 14:46:15 - [MESSAGE][PASSED] - Delayed 1 second(s)

2022-04-07 14:46:15 - [TEST_STEP][PASSED] - click(findTestObject("Input_Corporate/Pengurus/1_a_Pengurus"), OPTIONAL): Object: 'Object Repository/Input_Corporate/Pengurus/1_a_Pengurus' is clicked on

2022-04-07 14:46:16 - [MESSAGE][PASSED] - Object: 'Object Repository/Input_Corporate/Pengurus/1_a_Pengurus' is clicked on

2022-04-07 14:46:16 - [TEST_STEP][PASSED] - delay(1): Delayed 1 second(s)

2022-04-07 14:46:17 - [MESSAGE][PASSED] - Delayed 1 second(s)

2022-04-07 14:46:17 - [TEST_STEP][PASSED] - takeFullPageScreenshotAsCheckpoint(userDir + sprint4WebScreenshootPath + "scenario-3-Input-data-pengurus.png"): Taking screenshot successfully

2022-04-07 14:46:18 - [MESSAGE][INFO] - 0 hidden object(s)

2022-04-07 14:46:18 - [MESSAGE][PASSED] - Taking screenshot successfully
[[ATTACHMENT|C:\Users\Nia Yusniati\Git_Asa\BCAF_MEAPP_i3\Screenshoot\Sprint4\Web\keyes\keyes-scenario-3-Input-data-pengurus.png]]

2022-04-07 14:46:18 - [TEST_STEP][PASSED] - markPassed("scenario 3 - Input data pengurus"): scenario 3 - Input data pengurus

2022-04-07 14:46:18 - [MESSAGE][PASSED] - scenario 3 - Input data pengurus

2022-04-07 14:46:18 - [TEST_STEP][PASSED] - delay(1): Delayed 1 second(s)

2022-04-07 14:46:19 - [MESSAGE][PASSED] - Delayed 1 second(s)

2022-04-07 14:46:19 - [TEST_STEP][PASSED] - click(findTestObject("Input_Corporate/Pengurus/2_i_Add_ri-file-add-line ( Add_Pengurus )"), OPTIONAL): Object: 'Object Repository/Input_Corporate/Pengurus/2_i_Add_ri-file-add-line ( Add_Pengurus )' is clicked on

2022-04-07 14:46:20 - [MESSAGE][PASSED] - Object: 'Object Repository/Input_Corporate/Pengurus/2_i_Add_ri-file-add-line ( Add_Pengurus )' is clicked on

2022-04-07 14:46:20 - [TEST_STEP][PASSED] - delay(1): Delayed 1 second(s)

2022-04-07 14:46:21 - [MESSAGE][PASSED] - Delayed 1 second(s)

2022-04-07 14:46:21 - [TEST_STEP][PASSED] - click(findTestObject("Input_Corporate/Pengurus/3_button_Pengurus 1"), OPTIONAL): Object: 'Object Repository/Input_Corporate/Pengurus/3_button_Pengurus 1' is clicked on

2022-04-07 14:46:21 - [MESSAGE][PASSED] - Object: 'Object Repository/Input_Corporate/Pengurus/3_button_Pengurus 1' is clicked on

2022-04-07 14:46:21 - [TEST_STEP][PASSED] - delay(1): Delayed 1 second(s)

2022-04-07 14:46:22 - [MESSAGE][PASSED] - Delayed 1 second(s)

2022-04-07 14:46:22 - [TEST_STEP][PASSED] - takeFullPageScreenshotAsCheckpoint(userDir + sprint4WebScreenshootPath + "scenario-3-Masuk-submenu-data-pengurus-1.png"): Taking screenshot successfully

2022-04-07 14:46:23 - [MESSAGE][INFO] - 0 hidden object(s)

2022-04-07 14:46:24 - [MESSAGE][PASSED] - Taking screenshot successfully
[[ATTACHMENT|C:\Users\Nia Yusniati\Git_Asa\BCAF_MEAPP_i3\Screenshoot\Sprint4\Web\keyes\keyes-scenario-3-Masuk-submenu-data-pengurus-1.png]]

2022-04-07 14:46:24 - [TEST_STEP][PASSED] - markPassed("scenario 3 - Masuk submenu data pengurus 1"): scenario 3 - Masuk submenu data pengurus 1

2022-04-07 14:46:24 - [MESSAGE][PASSED] - scenario 3 - Masuk submenu data pengurus 1

2022-04-07 14:46:24 - [TEST_STEP][PASSED] - delay(1): Delayed 1 second(s)

2022-04-07 14:46:25 - [MESSAGE][PASSED] - Delayed 1 second(s)

2022-04-07 14:46:25 - [TEST_STEP][PASSED] - click(findTestObject("Input_Corporate/Pengurus/4_a_Capture File"), OPTIONAL): Object: 'Object Repository/Input_Corporate/Pengurus/4_a_Capture File' is clicked on

2022-04-07 14:46:26 - [MESSAGE][PASSED] - Object: 'Object Repository/Input_Corporate/Pengurus/4_a_Capture File' is clicked on

2022-04-07 14:46:26 - [TEST_STEP][PASSED] - delay(1): Delayed 1 second(s)

2022-04-07 14:46:27 - [MESSAGE][PASSED] - Delayed 1 second(s)

2022-04-07 14:46:27 - [TEST_STEP][PASSED] - uploadFile(findTestObject("Input_Corporate/Capture_"), userDir + cobaKTP, OPTIONAL): File 'C:/Users/Nia Yusniati/Git_Asa/BCAF_MEAPP_i3/Assets/ktp_dummy.png' sent to object: 'Object Repository/Input_Corporate/Capture_'

2022-04-07 14:46:27 - [MESSAGE][PASSED] - File 'C:/Users/Nia Yusniati/Git_Asa/BCAF_MEAPP_i3/Assets/ktp_dummy.png' sent to object: 'Object Repository/Input_Corporate/Capture_'

2022-04-07 14:46:27 - [TEST_STEP][PASSED] - delay(1): Delayed 1 second(s)

2022-04-07 14:46:28 - [MESSAGE][PASSED] - Delayed 1 second(s)

2022-04-07 14:46:28 - [TEST_STEP][PASSED] - waitForElementClickable(findTestObject("Input_Corporate/Pengurus/5_input_Name_form-control ng-untouched ng-pristine ng-invalid"), 300): Object 'Object Repository/Input_Corporate/Pengurus/5_input_Name_form-control ng-untouched ng-pristine ng-invalid' is clickable

2022-04-07 14:46:40 - [MESSAGE][PASSED] - Object 'Object Repository/Input_Corporate/Pengurus/5_input_Name_form-control ng-untouched ng-pristine ng-invalid' is clickable

2022-04-07 14:46:40 - [TEST_STEP][PASSED] - delay(1): Delayed 1 second(s)

2022-04-07 14:46:41 - [MESSAGE][PASSED] - Delayed 1 second(s)

2022-04-07 14:46:41 - [TEST_STEP][PASSED] - takeFullPageScreenshotAsCheckpoint(userDir + sprint4WebScreenshootPath + "scenario-3-Berhasil-input-otomatis-data-pengurus-berdasarkan-data-capture-ktp-pengurus-yang-di-capture.png"): Taking screenshot successfully

2022-04-07 14:46:42 - [MESSAGE][INFO] - 0 hidden object(s)

2022-04-07 14:46:43 - [MESSAGE][PASSED] - Taking screenshot successfully
[[ATTACHMENT|C:\Users\Nia Yusniati\Git_Asa\BCAF_MEAPP_i3\Screenshoot\Sprint4\Web\keyes\keyes-scenario-3-Berhasil-input-otomatis-data-pengurus-berdasarkan-data-capture-ktp-pengurus-yang-di-capture.png]]

2022-04-07 14:46:43 - [TEST_STEP][PASSED] - markPassed("scenario 3 - Berhasil input otomatis data pengurus berdasarkan data capture ktp pengurus yang di capture "): scenario 3 - Berhasil input otomatis data pengurus berdasarkan data capture ktp pengurus yang di capture 

2022-04-07 14:46:43 - [MESSAGE][PASSED] - scenario 3 - Berhasil input otomatis data pengurus berdasarkan data capture ktp pengurus yang di capture 

2022-04-07 14:46:43 - [TEST_STEP][PASSED] - delay(1): Delayed 1 second(s)

2022-04-07 14:46:44 - [MESSAGE][PASSED] - Delayed 1 second(s)

2022-04-07 14:46:44 - [TEST_STEP][PASSED] - setText(findTestObject("Input_Corporate/Pengurus/8_input_SID Pengurus_form-control ng-pristine ng-invalid is-invalid ng-touched"), pengurus_SID, OPTIONAL): Text '3345434656' is set on object 'Object Repository/Input_Corporate/Pengurus/8_input_SID Pengurus_form-control ng-pristine ng-invalid is-invalid ng-touched'

2022-04-07 14:46:45 - [MESSAGE][PASSED] - Text '3345434656' is set on object 'Object Repository/Input_Corporate/Pengurus/8_input_SID Pengurus_form-control ng-pristine ng-invalid is-invalid ng-touched'

2022-04-07 14:46:45 - [TEST_STEP][PASSED] - delay(1): Delayed 1 second(s)

2022-04-07 14:46:46 - [MESSAGE][PASSED] - Delayed 1 second(s)

2022-04-07 14:46:46 - [TEST_STEP][PASSED] - scrollToElement(findTestObject("Input_Corporate/Pengurus/2_i_Add_ri-file-add-line ( Add_Pengurus )"), 30, OPTIONAL): Scroll to object 'Object Repository/Input_Corporate/Pengurus/2_i_Add_ri-file-add-line ( Add_Pengurus )' successfully

2022-04-07 14:46:46 - [MESSAGE][PASSED] - Scroll to object 'Object Repository/Input_Corporate/Pengurus/2_i_Add_ri-file-add-line ( Add_Pengurus )' successfully

2022-04-07 14:46:46 - [TEST_STEP][PASSED] - delay(1): Delayed 1 second(s)

2022-04-07 14:46:47 - [MESSAGE][PASSED] - Delayed 1 second(s)

2022-04-07 14:46:47 - [TEST_STEP][PASSED] - setText(findTestObject("Input_Corporate/Pengurus/15_input_Kode Pos_form-control bcaf-autocomplete ng-pristine ng-invalid ng-touched"), pengurus_kodePos, OPTIONAL): Text '56643' is set on object 'Object Repository/Input_Corporate/Pengurus/15_input_Kode Pos_form-control bcaf-autocomplete ng-pristine ng-invalid ng-touched'

2022-04-07 14:46:49 - [MESSAGE][PASSED] - Text '56643' is set on object 'Object Repository/Input_Corporate/Pengurus/15_input_Kode Pos_form-control bcaf-autocomplete ng-pristine ng-invalid ng-touched'

2022-04-07 14:46:49 - [TEST_STEP][PASSED] - delay(1): Delayed 1 second(s)

2022-04-07 14:46:50 - [MESSAGE][PASSED] - Delayed 1 second(s)

2022-04-07 14:46:50 - [TEST_STEP][PASSED] - click(findTestObject("Input_Corporate/Pengurus/13_div_Pilih Role"), OPTIONAL): Object: 'Object Repository/Input_Corporate/Pengurus/13_div_Pilih Role' is clicked on

2022-04-07 14:46:50 - [MESSAGE][PASSED] - Object: 'Object Repository/Input_Corporate/Pengurus/13_div_Pilih Role' is clicked on

2022-04-07 14:46:50 - [TEST_STEP][PASSED] - delay(1): Delayed 1 second(s)

2022-04-07 14:46:51 - [MESSAGE][PASSED] - Delayed 1 second(s)

2022-04-07 14:46:51 - [TEST_STEP][PASSED] - setText(findTestObject("Input_Corporate/Pengurus/13_div_Pilih Role"), pengurus_role, OPTIONAL): Text 'not set' is set on object 'Object Repository/Input_Corporate/Pengurus/13_div_Pilih Role'

2022-04-07 14:46:52 - [MESSAGE][PASSED] - Text 'not set' is set on object 'Object Repository/Input_Corporate/Pengurus/13_div_Pilih Role'

2022-04-07 14:46:52 - [TEST_STEP][PASSED] - delay(1): Delayed 1 second(s)

2022-04-07 14:46:53 - [MESSAGE][PASSED] - Delayed 1 second(s)

2022-04-07 14:46:53 - [TEST_STEP][PASSED] - click(findTestObject("Input_Corporate/Pengurus/14_div_Not Set"), OPTIONAL): Object: 'Object Repository/Input_Corporate/Pengurus/14_div_Not Set' is clicked on

2022-04-07 14:46:54 - [MESSAGE][PASSED] - Object: 'Object Repository/Input_Corporate/Pengurus/14_div_Not Set' is clicked on

2022-04-07 14:46:54 - [TEST_STEP][PASSED] - delay(1): Delayed 1 second(s)

2022-04-07 14:46:55 - [MESSAGE][PASSED] - Delayed 1 second(s)

2022-04-07 14:46:55 - [TEST_STEP][PASSED] - click(findTestObject("Input_Corporate/Pengurus/21_div_Pilih Jabatan"), OPTIONAL): Object: 'Object Repository/Input_Corporate/Pengurus/21_div_Pilih Jabatan' is clicked on

2022-04-07 14:46:56 - [MESSAGE][PASSED] - Object: 'Object Repository/Input_Corporate/Pengurus/21_div_Pilih Jabatan' is clicked on

2022-04-07 14:46:56 - [TEST_STEP][PASSED] - delay(1): Delayed 1 second(s)

2022-04-07 14:46:57 - [MESSAGE][PASSED] - Delayed 1 second(s)

2022-04-07 14:46:57 - [TEST_STEP][PASSED] - setText(findTestObject("Object Repository/Input_Corporate/Pengurus/21_div_Pilih Jabatan"), pengurus_jabatan, OPTIONAL): Text 'komisaris utama' is set on object 'Object Repository/Input_Corporate/Pengurus/21_div_Pilih Jabatan'

2022-04-07 14:46:58 - [MESSAGE][PASSED] - Text 'komisaris utama' is set on object 'Object Repository/Input_Corporate/Pengurus/21_div_Pilih Jabatan'

2022-04-07 14:46:58 - [TEST_STEP][PASSED] - delay(1): Delayed 1 second(s)

2022-04-07 14:46:59 - [MESSAGE][PASSED] - Delayed 1 second(s)

2022-04-07 14:46:59 - [TEST_STEP][PASSED] - click(findTestObject("Input_Corporate/Pengurus/22_span_Komisaris Utama"), OPTIONAL): Object: 'Object Repository/Input_Corporate/Pengurus/22_span_Komisaris Utama' is clicked on

2022-04-07 14:47:00 - [MESSAGE][PASSED] - Object: 'Object Repository/Input_Corporate/Pengurus/22_span_Komisaris Utama' is clicked on

2022-04-07 14:47:00 - [TEST_STEP][PASSED] - takeFullPageScreenshotAsCheckpoint(userDir + sprint4WebScreenshootPath + "scenario-3-Berhasil-input-otomatis-data-pengurus-1.png"): Taking screenshot successfully

2022-04-07 14:47:01 - [MESSAGE][INFO] - 0 hidden object(s)

2022-04-07 14:47:02 - [MESSAGE][PASSED] - Taking screenshot successfully
[[ATTACHMENT|C:\Users\Nia Yusniati\Git_Asa\BCAF_MEAPP_i3\Screenshoot\Sprint4\Web\keyes\keyes-scenario-3-Berhasil-input-otomatis-data-pengurus-1.png]]

2022-04-07 14:47:02 - [TEST_STEP][PASSED] - markPassed("scenario 3 - Berhasil input data pengurus 1"): scenario 3 - Berhasil input data pengurus 1

2022-04-07 14:47:02 - [MESSAGE][PASSED] - scenario 3 - Berhasil input data pengurus 1

2022-04-07 14:47:02 - [TEST_STEP][PASSED] - delay(1): Delayed 1 second(s)

2022-04-07 14:47:03 - [MESSAGE][PASSED] - Delayed 1 second(s)

2022-04-07 14:47:03 - [TEST_STEP][PASSED] - delay(1): Delayed 1 second(s)

2022-04-07 14:47:04 - [MESSAGE][PASSED] - Delayed 1 second(s)

2022-04-07 14:47:04 - [TEST_STEP][PASSED] - scrollToPosition(0, 133, OPTIONAL): Browser is scrolled to position x = 0, y = 133

2022-04-07 14:47:04 - [MESSAGE][PASSED] - Browser is scrolled to position x = 0, y = 133

2022-04-07 14:47:04 - [TEST_STEP][PASSED] - delay(1): Delayed 1 second(s)

2022-04-07 14:47:05 - [MESSAGE][PASSED] - Delayed 1 second(s)

2022-04-07 14:47:05 - [TEST_STEP][PASSED] - click(findTestObject("Input_Corporate/Pemegang_saham/1_a_Pemegang Saham"), OPTIONAL): Object: 'Object Repository/Input_Corporate/Pemegang_saham/1_a_Pemegang Saham' is clicked on

2022-04-07 14:47:06 - [MESSAGE][PASSED] - Object: 'Object Repository/Input_Corporate/Pemegang_saham/1_a_Pemegang Saham' is clicked on

2022-04-07 14:47:06 - [TEST_STEP][PASSED] - delay(1): Delayed 1 second(s)

2022-04-07 14:47:07 - [MESSAGE][PASSED] - Delayed 1 second(s)

2022-04-07 14:47:07 - [TEST_STEP][PASSED] - takeFullPageScreenshotAsCheckpoint(userDir + sprint4WebScreenshootPath + "scenario-3-Masuk-Submenu-pemegang-saham-1.png"): Taking screenshot successfully

2022-04-07 14:47:07 - [MESSAGE][INFO] - 0 hidden object(s)

2022-04-07 14:47:07 - [MESSAGE][PASSED] - Taking screenshot successfully
[[ATTACHMENT|C:\Users\Nia Yusniati\Git_Asa\BCAF_MEAPP_i3\Screenshoot\Sprint4\Web\keyes\keyes-scenario-3-Masuk-Submenu-pemegang-saham-1.png]]

2022-04-07 14:47:07 - [TEST_STEP][PASSED] - markPassed("scenario 3 - Berhasil masuk menu pemegang saham "): scenario 3 - Berhasil masuk menu pemegang saham 

2022-04-07 14:47:07 - [MESSAGE][PASSED] - scenario 3 - Berhasil masuk menu pemegang saham 

2022-04-07 14:47:07 - [TEST_STEP][PASSED] - delay(1): Delayed 1 second(s)

2022-04-07 14:47:08 - [MESSAGE][PASSED] - Delayed 1 second(s)

2022-04-07 14:47:08 - [TEST_STEP][PASSED] - click(findTestObject("Input_Corporate/Pemegang_saham/2_a_Add"), OPTIONAL): Object: 'Object Repository/Input_Corporate/Pemegang_saham/2_a_Add' is clicked on

2022-04-07 14:47:09 - [MESSAGE][PASSED] - Object: 'Object Repository/Input_Corporate/Pemegang_saham/2_a_Add' is clicked on

2022-04-07 14:47:09 - [TEST_STEP][PASSED] - delay(1): Delayed 1 second(s)

2022-04-07 14:47:10 - [MESSAGE][PASSED] - Delayed 1 second(s)

2022-04-07 14:47:10 - [TEST_STEP][PASSED] - click(findTestObject("Input_Corporate/Pemegang_saham/input_Perorangan_radios"), OPTIONAL): Object: 'Object Repository/Input_Corporate/Pemegang_saham/input_Perorangan_radios' is clicked on

2022-04-07 14:47:11 - [MESSAGE][PASSED] - Object: 'Object Repository/Input_Corporate/Pemegang_saham/input_Perorangan_radios' is clicked on

2022-04-07 14:47:11 - [TEST_STEP][PASSED] - click(findTestObject("Input_Corporate/Pemegang_saham/input_Jenis Pemegang Saham_radios"), OPTIONAL): Object: 'Object Repository/Input_Corporate/Pemegang_saham/input_Jenis Pemegang Saham_radios' is clicked on

2022-04-07 14:47:12 - [MESSAGE][PASSED] - Object: 'Object Repository/Input_Corporate/Pemegang_saham/input_Jenis Pemegang Saham_radios' is clicked on

2022-04-07 14:47:12 - [TEST_STEP][PASSED] - delay(1): Delayed 1 second(s)

2022-04-07 14:47:13 - [MESSAGE][PASSED] - Delayed 1 second(s)

2022-04-07 14:47:13 - [TEST_STEP][PASSED] - takeFullPageScreenshotAsCheckpoint(userDir + sprint4WebScreenshootPath + "scenario-3-Memilih-radio-button-pemegang-saham.png"): Taking screenshot successfully

2022-04-07 14:47:13 - [MESSAGE][INFO] - 0 hidden object(s)

2022-04-07 14:47:13 - [MESSAGE][PASSED] - Taking screenshot successfully
[[ATTACHMENT|C:\Users\Nia Yusniati\Git_Asa\BCAF_MEAPP_i3\Screenshoot\Sprint4\Web\keyes\keyes-scenario-3-Memilih-radio-button-pemegang-saham.png]]

2022-04-07 14:47:13 - [TEST_STEP][PASSED] - markPassed("scenario 3 - Memilih radio button pemegang saham"): scenario 3 - Memilih radio button pemegang saham

2022-04-07 14:47:13 - [MESSAGE][PASSED] - scenario 3 - Memilih radio button pemegang saham

2022-04-07 14:47:13 - [TEST_STEP][PASSED] - delay(1): Delayed 1 second(s)

2022-04-07 14:47:14 - [MESSAGE][PASSED] - Delayed 1 second(s)

2022-04-07 14:47:14 - [TEST_STEP][PASSED] - click(findTestObject("Input_Corporate/Pemegang_saham/4_button_OK"), OPTIONAL): Object: 'Object Repository/Input_Corporate/Pemegang_saham/4_button_OK' is clicked on

2022-04-07 14:47:15 - [MESSAGE][PASSED] - Object: 'Object Repository/Input_Corporate/Pemegang_saham/4_button_OK' is clicked on

2022-04-07 14:47:15 - [TEST_STEP][PASSED] - delay(1): Delayed 1 second(s)

2022-04-07 14:47:16 - [MESSAGE][PASSED] - Delayed 1 second(s)

2022-04-07 14:47:16 - [TEST_STEP][PASSED] - click(findTestObject("Input_Corporate/Pemegang_saham/5_button_Pemegang Saham 1"), OPTIONAL): Object: 'Object Repository/Input_Corporate/Pemegang_saham/5_button_Pemegang Saham 1' is clicked on

2022-04-07 14:47:17 - [MESSAGE][PASSED] - Object: 'Object Repository/Input_Corporate/Pemegang_saham/5_button_Pemegang Saham 1' is clicked on

2022-04-07 14:47:17 - [TEST_STEP][PASSED] - delay(1): Delayed 1 second(s)

2022-04-07 14:47:18 - [MESSAGE][PASSED] - Delayed 1 second(s)

2022-04-07 14:47:18 - [TEST_STEP][PASSED] - takeFullPageScreenshotAsCheckpoint(userDir + sprint4WebScreenshootPath + "scenario-3-Masuk-Submenu-pemegang-saham-1.png"): Taking screenshot successfully

2022-04-07 14:47:19 - [MESSAGE][INFO] - 0 hidden object(s)

2022-04-07 14:47:19 - [MESSAGE][PASSED] - Taking screenshot successfully
[[ATTACHMENT|C:\Users\Nia Yusniati\Git_Asa\BCAF_MEAPP_i3\Screenshoot\Sprint4\Web\keyes\keyes-scenario-3-Masuk-Submenu-pemegang-saham-1.png]]

2022-04-07 14:47:19 - [TEST_STEP][PASSED] - markPassed("scenario 3 - Masuk submenu pemegang saham 1"): scenario 3 - Masuk submenu pemegang saham 1

2022-04-07 14:47:19 - [MESSAGE][PASSED] - scenario 3 - Masuk submenu pemegang saham 1

2022-04-07 14:47:19 - [TEST_STEP][PASSED] - delay(1): Delayed 1 second(s)

2022-04-07 14:47:20 - [MESSAGE][PASSED] - Delayed 1 second(s)

2022-04-07 14:47:20 - [TEST_STEP][PASSED] - click(findTestObject("Input_Corporate/Pemegang_saham/6_a_Capture File"), OPTIONAL): Object: 'Object Repository/Input_Corporate/Pemegang_saham/6_a_Capture File' is clicked on

2022-04-07 14:47:21 - [MESSAGE][PASSED] - Object: 'Object Repository/Input_Corporate/Pemegang_saham/6_a_Capture File' is clicked on

2022-04-07 14:47:21 - [TEST_STEP][PASSED] - delay(1): Delayed 1 second(s)

2022-04-07 14:47:22 - [MESSAGE][PASSED] - Delayed 1 second(s)

2022-04-07 14:47:22 - [TEST_STEP][PASSED] - uploadFile(findTestObject("Input_Corporate/Capture_"), userDir + cobaKTP, OPTIONAL): File 'C:/Users/Nia Yusniati/Git_Asa/BCAF_MEAPP_i3/Assets/ktp_dummy.png' sent to object: 'Object Repository/Input_Corporate/Capture_'

2022-04-07 14:47:22 - [MESSAGE][PASSED] - File 'C:/Users/Nia Yusniati/Git_Asa/BCAF_MEAPP_i3/Assets/ktp_dummy.png' sent to object: 'Object Repository/Input_Corporate/Capture_'

2022-04-07 14:47:22 - [TEST_STEP][PASSED] - delay(1): Delayed 1 second(s)

2022-04-07 14:47:23 - [MESSAGE][PASSED] - Delayed 1 second(s)

2022-04-07 14:47:23 - [TEST_STEP][PASSED] - scrollToPosition(0, 200, OPTIONAL): Browser is scrolled to position x = 0, y = 200

2022-04-07 14:47:23 - [MESSAGE][PASSED] - Browser is scrolled to position x = 0, y = 200

2022-04-07 14:47:23 - [TEST_STEP][PASSED] - delay(1): Delayed 1 second(s)

2022-04-07 14:47:24 - [MESSAGE][PASSED] - Delayed 1 second(s)

2022-04-07 14:47:24 - [TEST_STEP][PASSED] - setText(findTestObject("Object Repository/Input_Corporate/Pemegang_saham/input_Kode Pos_2"), pemegangShm_kodePos): Text '12345' is set on object 'Object Repository/Input_Corporate/Pemegang_saham/input_Kode Pos_2'

2022-04-07 14:47:36 - [MESSAGE][PASSED] - Text '12345' is set on object 'Object Repository/Input_Corporate/Pemegang_saham/input_Kode Pos_2'

2022-04-07 14:47:36 - [TEST_STEP][PASSED] - delay(1): Delayed 1 second(s)

2022-04-07 14:47:37 - [MESSAGE][PASSED] - Delayed 1 second(s)

2022-04-07 14:47:37 - [TEST_STEP][PASSED] - scrollToPosition(0, 133, OPTIONAL): Browser is scrolled to position x = 0, y = 133

2022-04-07 14:47:37 - [MESSAGE][PASSED] - Browser is scrolled to position x = 0, y = 133

2022-04-07 14:47:37 - [TEST_STEP][PASSED] - click(findTestObject("Input_Corporate/Penjamin/1_a_Penjamin"), OPTIONAL): Object: 'Object Repository/Input_Corporate/Penjamin/1_a_Penjamin' is clicked on

2022-04-07 14:47:38 - [MESSAGE][PASSED] - Object: 'Object Repository/Input_Corporate/Penjamin/1_a_Penjamin' is clicked on

2022-04-07 14:47:38 - [TEST_STEP][PASSED] - delay(1): Delayed 1 second(s)

2022-04-07 14:47:39 - [MESSAGE][PASSED] - Delayed 1 second(s)

2022-04-07 14:47:39 - [TEST_STEP][PASSED] - click(findTestObject("Input_Corporate/Penjamin/2_input_Ya_guarantor_Tidak"), OPTIONAL): Object: 'Object Repository/Input_Corporate/Penjamin/2_input_Ya_guarantor_Tidak' is clicked on

2022-04-07 14:47:40 - [MESSAGE][PASSED] - Object: 'Object Repository/Input_Corporate/Penjamin/2_input_Ya_guarantor_Tidak' is clicked on

2022-04-07 14:47:40 - [TEST_STEP][PASSED] - delay(1): Delayed 1 second(s)

2022-04-07 14:47:41 - [MESSAGE][PASSED] - Delayed 1 second(s)

2022-04-07 14:47:41 - [TEST_STEP][PASSED] - takeFullPageScreenshotAsCheckpoint(userDir + sprint4WebScreenshootPath + "scenario-3-Berhasil-pemegang-saham-1.png"): Taking screenshot successfully

2022-04-07 14:47:42 - [MESSAGE][INFO] - 0 hidden object(s)

2022-04-07 14:47:42 - [MESSAGE][PASSED] - Taking screenshot successfully
[[ATTACHMENT|C:\Users\Nia Yusniati\Git_Asa\BCAF_MEAPP_i3\Screenshoot\Sprint4\Web\keyes\keyes-scenario-3-Berhasil-pemegang-saham-1.png]]

2022-04-07 14:47:42 - [TEST_STEP][PASSED] - markPassed("scenario 3 - Berhasil input pemegang saham 1"): scenario 3 - Berhasil input pemegang saham 1

2022-04-07 14:47:42 - [MESSAGE][PASSED] - scenario 3 - Berhasil input pemegang saham 1

2022-04-07 14:47:42 - [TEST_STEP][PASSED] - delay(1): Delayed 1 second(s)

2022-04-07 14:47:43 - [MESSAGE][PASSED] - Delayed 1 second(s)

2022-04-07 14:47:43 - [TEST_STEP][PASSED] - click(findTestObject("Input_Corporate/Financial/li_Financial"), OPTIONAL): Object: 'Object Repository/Input_Corporate/Financial/li_Financial' is clicked on

2022-04-07 14:47:44 - [MESSAGE][PASSED] - Object: 'Object Repository/Input_Corporate/Financial/li_Financial' is clicked on

2022-04-07 14:47:44 - [TEST_STEP][PASSED] - delay(1): Delayed 1 second(s)

2022-04-07 14:47:45 - [MESSAGE][PASSED] - Delayed 1 second(s)

2022-04-07 14:47:45 - [TEST_STEP][PASSED] - takeFullPageScreenshotAsCheckpoint(userDir + sprint4WebScreenshootPath + "scenario-3-Masuk-Submenu-financial.png"): Taking screenshot successfully

2022-04-07 14:47:45 - [MESSAGE][INFO] - 0 hidden object(s)

2022-04-07 14:47:45 - [MESSAGE][PASSED] - Taking screenshot successfully
[[ATTACHMENT|C:\Users\Nia Yusniati\Git_Asa\BCAF_MEAPP_i3\Screenshoot\Sprint4\Web\keyes\keyes-scenario-3-Masuk-Submenu-financial.png]]

2022-04-07 14:47:45 - [TEST_STEP][PASSED] - markPassed("scenario 3 - Masuk submenu financial"): scenario 3 - Masuk submenu financial

2022-04-07 14:47:45 - [MESSAGE][PASSED] - scenario 3 - Masuk submenu financial

2022-04-07 14:47:45 - [TEST_STEP][PASSED] - delay(1): Delayed 1 second(s)

2022-04-07 14:47:46 - [MESSAGE][PASSED] - Delayed 1 second(s)

2022-04-07 14:47:46 - [TEST_STEP][PASSED] - click(findTestObject("Input_Corporate/Financial/button_Laporan Keuangan"), OPTIONAL): Object: 'Object Repository/Input_Corporate/Financial/button_Laporan Keuangan' is clicked on

2022-04-07 14:47:47 - [MESSAGE][PASSED] - Object: 'Object Repository/Input_Corporate/Financial/button_Laporan Keuangan' is clicked on

2022-04-07 14:47:47 - [TEST_STEP][PASSED] - delay(1): Delayed 1 second(s)

2022-04-07 14:47:48 - [MESSAGE][PASSED] - Delayed 1 second(s)

2022-04-07 14:47:48 - [TEST_STEP][PASSED] - click(findTestObject("Input_Corporate/Financial/a_Capture File"), OPTIONAL): Object: 'Object Repository/Input_Corporate/Financial/a_Capture File' is clicked on

2022-04-07 14:47:49 - [MESSAGE][PASSED] - Object: 'Object Repository/Input_Corporate/Financial/a_Capture File' is clicked on

2022-04-07 14:47:49 - [TEST_STEP][PASSED] - delay(1): Delayed 1 second(s)

2022-04-07 14:47:50 - [MESSAGE][PASSED] - Delayed 1 second(s)

2022-04-07 14:47:50 - [TEST_STEP][PASSED] - uploadFile(findTestObject("Input_Corporate/Capture_"), userDir + cobaKTP, OPTIONAL): File 'C:/Users/Nia Yusniati/Git_Asa/BCAF_MEAPP_i3/Assets/ktp_dummy.png' sent to object: 'Object Repository/Input_Corporate/Capture_'

2022-04-07 14:47:51 - [MESSAGE][PASSED] - File 'C:/Users/Nia Yusniati/Git_Asa/BCAF_MEAPP_i3/Assets/ktp_dummy.png' sent to object: 'Object Repository/Input_Corporate/Capture_'

2022-04-07 14:47:51 - [TEST_STEP][PASSED] - delay(1): Delayed 1 second(s)

2022-04-07 14:47:52 - [MESSAGE][PASSED] - Delayed 1 second(s)

2022-04-07 14:47:52 - [TEST_STEP][PASSED] - takeFullPageScreenshotAsCheckpoint(userDir + sprint4WebScreenshootPath + "scenario-3-berhasil-input-capture-laporan-keuangan.png"): Taking screenshot successfully

2022-04-07 14:47:52 - [MESSAGE][INFO] - 0 hidden object(s)

2022-04-07 14:47:53 - [MESSAGE][PASSED] - Taking screenshot successfully
[[ATTACHMENT|C:\Users\Nia Yusniati\Git_Asa\BCAF_MEAPP_i3\Screenshoot\Sprint4\Web\keyes\keyes-scenario-3-berhasil-input-capture-laporan-keuangan.png]]

2022-04-07 14:47:53 - [TEST_STEP][PASSED] - markPassed("scenario 3 - berhasil input capture laporan keuangan"): scenario 3 - berhasil input capture laporan keuangan

2022-04-07 14:47:53 - [MESSAGE][PASSED] - scenario 3 - berhasil input capture laporan keuangan

2022-04-07 14:47:53 - [TEST_STEP][PASSED] - delay(1): Delayed 1 second(s)

2022-04-07 14:47:54 - [MESSAGE][PASSED] - Delayed 1 second(s)

2022-04-07 14:47:54 - [TEST_STEP][PASSED] - click(findTestObject("Input_Corporate/Financial/button_Bukti Kepemilikan Rekening"), OPTIONAL): Object: 'Object Repository/Input_Corporate/Financial/button_Bukti Kepemilikan Rekening' is clicked on

2022-04-07 14:47:55 - [MESSAGE][PASSED] - Object: 'Object Repository/Input_Corporate/Financial/button_Bukti Kepemilikan Rekening' is clicked on

2022-04-07 14:47:55 - [TEST_STEP][PASSED] - delay(1): Delayed 1 second(s)

2022-04-07 14:47:56 - [MESSAGE][PASSED] - Delayed 1 second(s)

2022-04-07 14:47:56 - [TEST_STEP][PASSED] - click(findTestObject("Input_Corporate/Financial/a_Capture File"), OPTIONAL): Object: 'Object Repository/Input_Corporate/Financial/a_Capture File' is clicked on

2022-04-07 14:47:57 - [MESSAGE][PASSED] - Object: 'Object Repository/Input_Corporate/Financial/a_Capture File' is clicked on

2022-04-07 14:47:57 - [TEST_STEP][PASSED] - delay(1): Delayed 1 second(s)

2022-04-07 14:47:58 - [MESSAGE][PASSED] - Delayed 1 second(s)

2022-04-07 14:47:58 - [TEST_STEP][PASSED] - uploadFile(findTestObject("Input_Corporate/Capture_"), userDir + cobaKTP, OPTIONAL): File 'C:/Users/Nia Yusniati/Git_Asa/BCAF_MEAPP_i3/Assets/ktp_dummy.png' sent to object: 'Object Repository/Input_Corporate/Capture_'

2022-04-07 14:47:58 - [MESSAGE][PASSED] - File 'C:/Users/Nia Yusniati/Git_Asa/BCAF_MEAPP_i3/Assets/ktp_dummy.png' sent to object: 'Object Repository/Input_Corporate/Capture_'

2022-04-07 14:47:58 - [TEST_STEP][PASSED] - delay(1): Delayed 1 second(s)

2022-04-07 14:47:59 - [MESSAGE][PASSED] - Delayed 1 second(s)

2022-04-07 14:47:59 - [TEST_STEP][PASSED] - takeFullPageScreenshotAsCheckpoint(userDir + sprint4WebScreenshootPath + "scenario-3-behasil-input-capture-laporan-bukti-kepemilikan.png"): Taking screenshot successfully

2022-04-07 14:48:00 - [MESSAGE][INFO] - 0 hidden object(s)

2022-04-07 14:48:00 - [MESSAGE][PASSED] - Taking screenshot successfully
[[ATTACHMENT|C:\Users\Nia Yusniati\Git_Asa\BCAF_MEAPP_i3\Screenshoot\Sprint4\Web\keyes\keyes-scenario-3-behasil-input-capture-laporan-bukti-kepemilikan.png]]

2022-04-07 14:48:00 - [TEST_STEP][PASSED] - markPassed("scenario 3 - berhasil input capture laporan bukti kepemilikan"): scenario 3 - berhasil input capture laporan bukti kepemilikan

2022-04-07 14:48:00 - [MESSAGE][PASSED] - scenario 3 - berhasil input capture laporan bukti kepemilikan

2022-04-07 14:48:00 - [TEST_STEP][PASSED] - delay(1): Delayed 1 second(s)

2022-04-07 14:48:01 - [MESSAGE][PASSED] - Delayed 1 second(s)

2022-04-07 14:48:01 - [TEST_STEP][PASSED] - setText(findTestObject("Input_Corporate/Financial/input_BCA Branch_form-control ng-untouched ng-pristine ng-valid"), financial_BCABranch, OPTIONAL): Text 'BCA' is set on object 'Object Repository/Input_Corporate/Financial/input_BCA Branch_form-control ng-untouched ng-pristine ng-valid'

2022-04-07 14:48:02 - [MESSAGE][PASSED] - Text 'BCA' is set on object 'Object Repository/Input_Corporate/Financial/input_BCA Branch_form-control ng-untouched ng-pristine ng-valid'

2022-04-07 14:48:02 - [TEST_STEP][PASSED] - delay(1): Delayed 1 second(s)

2022-04-07 14:48:03 - [MESSAGE][PASSED] - Delayed 1 second(s)

2022-04-07 14:48:03 - [TEST_STEP][PASSED] - setText(findTestObject("Input_Corporate/Financial/input_Account No. 10 Digit_form-control ng-untouched ng-pristine ng-valid"), financial_rekNum, OPTIONAL): Text '2343235657' is set on object 'Object Repository/Input_Corporate/Financial/input_Account No. 10 Digit_form-control ng-untouched ng-pristine ng-valid'

2022-04-07 14:48:05 - [MESSAGE][PASSED] - Text '2343235657' is set on object 'Object Repository/Input_Corporate/Financial/input_Account No. 10 Digit_form-control ng-untouched ng-pristine ng-valid'

2022-04-07 14:48:05 - [TEST_STEP][PASSED] - delay(1): Delayed 1 second(s)

2022-04-07 14:48:06 - [MESSAGE][PASSED] - Delayed 1 second(s)

2022-04-07 14:48:06 - [TEST_STEP][PASSED] - takeFullPageScreenshotAsCheckpoint(userDir + sprint4WebScreenshootPath + "scenario-3-berhasil-input-branch-dan-account-10digit-pada-submenu-financial.png"): Taking screenshot successfully

2022-04-07 14:48:07 - [MESSAGE][INFO] - 0 hidden object(s)

2022-04-07 14:48:07 - [MESSAGE][PASSED] - Taking screenshot successfully
[[ATTACHMENT|C:\Users\Nia Yusniati\Git_Asa\BCAF_MEAPP_i3\Screenshoot\Sprint4\Web\keyes\keyes-scenario-3-berhasil-input-branch-dan-account-10digit-pada-submenu-financial.png]]

2022-04-07 14:48:07 - [TEST_STEP][PASSED] - markPassed("scenario 3 - berhasil input branch dan account 10 digit pada submenu financial"): scenario 3 - berhasil input branch dan account 10 digit pada submenu financial

2022-04-07 14:48:07 - [MESSAGE][PASSED] - scenario 3 - berhasil input branch dan account 10 digit pada submenu financial

2022-04-07 14:48:07 - [TEST_STEP][PASSED] - delay(1): Delayed 1 second(s)

2022-04-07 14:48:08 - [MESSAGE][PASSED] - Delayed 1 second(s)

2022-04-07 14:48:08 - [TEST_STEP][PASSED] - click(findTestObject("Input_Corporate/Contact_Person/a_Contact Person"), OPTIONAL): Object: 'Object Repository/Input_Corporate/Contact_Person/a_Contact Person' is clicked on

2022-04-07 14:48:09 - [MESSAGE][PASSED] - Object: 'Object Repository/Input_Corporate/Contact_Person/a_Contact Person' is clicked on

2022-04-07 14:48:09 - [TEST_STEP][PASSED] - delay(1): Delayed 1 second(s)

2022-04-07 14:48:10 - [MESSAGE][PASSED] - Delayed 1 second(s)

2022-04-07 14:48:10 - [TEST_STEP][PASSED] - click(findTestObject("Input_Corporate/Contact_Person/input_Yes_inline-radios_No"), OPTIONAL): Object: 'Object Repository/Input_Corporate/Contact_Person/input_Yes_inline-radios_No' is clicked on

2022-04-07 14:48:11 - [MESSAGE][PASSED] - Object: 'Object Repository/Input_Corporate/Contact_Person/input_Yes_inline-radios_No' is clicked on

2022-04-07 14:48:11 - [TEST_STEP][PASSED] - delay(1): Delayed 1 second(s)

2022-04-07 14:48:12 - [MESSAGE][PASSED] - Delayed 1 second(s)

2022-04-07 14:48:12 - [TEST_STEP][PASSED] - takeFullPageScreenshotAsCheckpoint(userDir + sprint4WebScreenshootPath + "scenario-3-berhasil-input-contact-person.png"): Taking screenshot successfully

2022-04-07 14:48:12 - [MESSAGE][INFO] - 0 hidden object(s)

2022-04-07 14:48:12 - [MESSAGE][PASSED] - Taking screenshot successfully
[[ATTACHMENT|C:\Users\Nia Yusniati\Git_Asa\BCAF_MEAPP_i3\Screenshoot\Sprint4\Web\keyes\keyes-scenario-3-berhasil-input-contact-person.png]]

2022-04-07 14:48:12 - [TEST_STEP][PASSED] - markPassed("scenario 3 - berhasil input contact person"): scenario 3 - berhasil input contact person

2022-04-07 14:48:12 - [MESSAGE][PASSED] - scenario 3 - berhasil input contact person

2022-04-07 14:48:12 - [TEST_STEP][PASSED] - delay(1): Delayed 1 second(s)

2022-04-07 14:48:14 - [MESSAGE][PASSED] - Delayed 1 second(s)

2022-04-07 14:48:14 - [TEST_STEP][PASSED] - click(findTestObject("Input_Corporate/Other_Document/a_Other Document"), OPTIONAL): Object: 'Object Repository/Input_Corporate/Other_Document/a_Other Document' is clicked on

2022-04-07 14:48:14 - [MESSAGE][PASSED] - Object: 'Object Repository/Input_Corporate/Other_Document/a_Other Document' is clicked on

2022-04-07 14:48:14 - [TEST_STEP][PASSED] - delay(1): Delayed 1 second(s)

2022-04-07 14:48:15 - [MESSAGE][PASSED] - Delayed 1 second(s)

2022-04-07 14:48:15 - [TEST_STEP][PASSED] - takeFullPageScreenshotAsCheckpoint(userDir + sprint4WebScreenshootPath + "scenario-3-Masuk-menu-other-document.png"): Taking screenshot successfully

2022-04-07 14:48:16 - [MESSAGE][INFO] - 0 hidden object(s)

2022-04-07 14:48:16 - [MESSAGE][PASSED] - Taking screenshot successfully
[[ATTACHMENT|C:\Users\Nia Yusniati\Git_Asa\BCAF_MEAPP_i3\Screenshoot\Sprint4\Web\keyes\keyes-scenario-3-Masuk-menu-other-document.png]]

2022-04-07 14:48:16 - [TEST_STEP][PASSED] - markPassed("scenario 3 - Masuk menu other document"): scenario 3 - Masuk menu other document

2022-04-07 14:48:16 - [MESSAGE][PASSED] - scenario 3 - Masuk menu other document

2022-04-07 14:48:16 - [TEST_STEP][PASSED] - delay(1): Delayed 1 second(s)

2022-04-07 14:48:17 - [MESSAGE][PASSED] - Delayed 1 second(s)]]></system-out>
         <system-err><![CDATA[]]></system-err>
      </testcase>
      <testcase name="Test Cases/Sprint 4/Skenario 3/03-03-01-Transaction-AppPending-InputData-Information" time="81.904" classname="Test Cases/Sprint 4/Skenario 3/03-03-01-Transaction-AppPending-InputData-Information" status="PASSED">
         <system-out><![CDATA[2022-04-07 14:48:17 - [TEST_CASE][PASSED] - Test Cases/Sprint 4/Skenario 3/03-03-01-Transaction-AppPending-InputData-Information: Test Cases/Sprint 4/Skenario 3/03-03-01-Transaction-AppPending-InputData-Information

2022-04-07 14:48:19 - [TEST_STEP][PASSED] - userDir = getProjectDir(): null

2022-04-07 14:48:19 - [TEST_STEP][PASSED] - delay(1): Delayed 1 second(s)

2022-04-07 14:48:20 - [MESSAGE][PASSED] - Delayed 1 second(s)

2022-04-07 14:48:20 - [TEST_STEP][PASSED] - click(findTestObject("ME_AppPending/span_Collateral dan Loan")): Object: 'Object Repository/ME_AppPending/span_Collateral dan Loan' is clicked on

2022-04-07 14:48:21 - [MESSAGE][PASSED] - Object: 'Object Repository/ME_AppPending/span_Collateral dan Loan' is clicked on

2022-04-07 14:48:21 - [TEST_STEP][PASSED] - delay(1): Delayed 1 second(s)

2022-04-07 14:48:22 - [MESSAGE][PASSED] - Delayed 1 second(s)

2022-04-07 14:48:22 - [TEST_STEP][PASSED] - takeFullPageScreenshotAsCheckpoint(userDir + sprint4WebScreenshootPath + "scenario-3-masuk-menu-collateral-dan-loan.png"): Taking screenshot successfully

2022-04-07 14:48:23 - [MESSAGE][INFO] - 0 hidden object(s)

2022-04-07 14:48:23 - [MESSAGE][PASSED] - Taking screenshot successfully
[[ATTACHMENT|C:\Users\Nia Yusniati\Git_Asa\BCAF_MEAPP_i3\Screenshoot\Sprint4\Web\keyes\keyes-scenario-3-masuk-menu-collateral-dan-loan.png]]

2022-04-07 14:48:23 - [TEST_STEP][PASSED] - markPassed("scenario 3 - Masuk menu collateral dan loan"): scenario 3 - Masuk menu collateral dan loan

2022-04-07 14:48:23 - [MESSAGE][PASSED] - scenario 3 - Masuk menu collateral dan loan

2022-04-07 14:48:23 - [TEST_STEP][PASSED] - delay(1): Delayed 1 second(s)

2022-04-07 14:48:24 - [MESSAGE][PASSED] - Delayed 1 second(s)

2022-04-07 14:48:24 - [TEST_STEP][PASSED] - click(findTestObject("ME_CollateralandLoan_information/li_Information")): Object: 'Object Repository/ME_CollateralandLoan_information/li_Information' is clicked on

2022-04-07 14:48:25 - [MESSAGE][PASSED] - Object: 'Object Repository/ME_CollateralandLoan_information/li_Information' is clicked on

2022-04-07 14:48:25 - [TEST_STEP][PASSED] - delay(1): Delayed 1 second(s)

2022-04-07 14:48:26 - [MESSAGE][PASSED] - Delayed 1 second(s)

2022-04-07 14:48:26 - [TEST_STEP][PASSED] - click(findTestObject("ME_CollateralandLoan_information/input_jenispengajuan1"), OPTIONAL): Object: 'Object Repository/ME_CollateralandLoan_information/input_jenispengajuan1' is clicked on

2022-04-07 14:48:27 - [MESSAGE][PASSED] - Object: 'Object Repository/ME_CollateralandLoan_information/input_jenispengajuan1' is clicked on

2022-04-07 14:48:27 - [TEST_STEP][PASSED] - delay(1): Delayed 1 second(s)

2022-04-07 14:48:28 - [MESSAGE][PASSED] - Delayed 1 second(s)

2022-04-07 14:48:28 - [TEST_STEP][PASSED] - setText(findTestObject("ME_CollateralandLoan_information/input_jenispengajuan1"), information_jenisPengajuan, OPTIONAL): Text 'mobil bekas' is set on object 'Object Repository/ME_CollateralandLoan_information/input_jenispengajuan1'

2022-04-07 14:48:29 - [MESSAGE][PASSED] - Text 'mobil bekas' is set on object 'Object Repository/ME_CollateralandLoan_information/input_jenispengajuan1'

2022-04-07 14:48:29 - [TEST_STEP][PASSED] - delay(1): Delayed 1 second(s)

2022-04-07 14:48:30 - [MESSAGE][PASSED] - Delayed 1 second(s)

2022-04-07 14:48:30 - [TEST_STEP][PASSED] - takeFullPageScreenshotAsCheckpoint(userDir + sprint4WebScreenshootPath + "scenario-3-input-jenis-pengajuan.png"): Taking screenshot successfully

2022-04-07 14:48:31 - [MESSAGE][INFO] - 0 hidden object(s)

2022-04-07 14:48:31 - [MESSAGE][PASSED] - Taking screenshot successfully
[[ATTACHMENT|C:\Users\Nia Yusniati\Git_Asa\BCAF_MEAPP_i3\Screenshoot\Sprint4\Web\keyes\keyes-scenario-3-input-jenis-pengajuan.png]]

2022-04-07 14:48:31 - [TEST_STEP][PASSED] - markPassed("scenario 3 - Input Jenis Pengajuan"): scenario 3 - Input Jenis Pengajuan

2022-04-07 14:48:31 - [MESSAGE][PASSED] - scenario 3 - Input Jenis Pengajuan

2022-04-07 14:48:31 - [TEST_STEP][PASSED] - delay(1): Delayed 1 second(s)

2022-04-07 14:48:32 - [MESSAGE][PASSED] - Delayed 1 second(s)

2022-04-07 14:48:32 - [TEST_STEP][PASSED] - click(findTestObject("ME_CollateralandLoan_information/div_Mobil Bekas")): Object: 'Object Repository/ME_CollateralandLoan_information/div_Mobil Bekas' is clicked on

2022-04-07 14:48:33 - [MESSAGE][PASSED] - Object: 'Object Repository/ME_CollateralandLoan_information/div_Mobil Bekas' is clicked on

2022-04-07 14:48:33 - [TEST_STEP][PASSED] - delay(1): Delayed 1 second(s)

2022-04-07 14:48:34 - [MESSAGE][PASSED] - Delayed 1 second(s)

2022-04-07 14:48:34 - [TEST_STEP][PASSED] - click(findTestObject("ME_CollateralandLoan_information/input_tujuankredit"), OPTIONAL): Object: 'Object Repository/ME_CollateralandLoan_information/input_tujuankredit' is clicked on

2022-04-07 14:48:35 - [MESSAGE][PASSED] - Object: 'Object Repository/ME_CollateralandLoan_information/input_tujuankredit' is clicked on

2022-04-07 14:48:35 - [TEST_STEP][PASSED] - delay(1): Delayed 1 second(s)

2022-04-07 14:48:36 - [MESSAGE][PASSED] - Delayed 1 second(s)

2022-04-07 14:48:36 - [TEST_STEP][PASSED] - setText(findTestObject("ME_CollateralandLoan_information/input_tujuankredit"), information_tujuanKredit, OPTIONAL): Text 'pembelian aset' is set on object 'Object Repository/ME_CollateralandLoan_information/input_tujuankredit'

2022-04-07 14:48:38 - [MESSAGE][PASSED] - Text 'pembelian aset' is set on object 'Object Repository/ME_CollateralandLoan_information/input_tujuankredit'

2022-04-07 14:48:38 - [TEST_STEP][PASSED] - delay(1): Delayed 1 second(s)

2022-04-07 14:48:39 - [MESSAGE][PASSED] - Delayed 1 second(s)

2022-04-07 14:48:39 - [TEST_STEP][PASSED] - takeFullPageScreenshotAsCheckpoint(userDir + sprint4WebScreenshootPath + "scenario-3-input-tujuan-pengajuan.png"): Taking screenshot successfully

2022-04-07 14:48:39 - [MESSAGE][INFO] - 0 hidden object(s)

2022-04-07 14:48:40 - [MESSAGE][PASSED] - Taking screenshot successfully
[[ATTACHMENT|C:\Users\Nia Yusniati\Git_Asa\BCAF_MEAPP_i3\Screenshoot\Sprint4\Web\keyes\keyes-scenario-3-input-tujuan-pengajuan.png]]

2022-04-07 14:48:40 - [TEST_STEP][PASSED] - markPassed("scenario 3 - Input Tujuan Pengajuan"): scenario 3 - Input Tujuan Pengajuan

2022-04-07 14:48:40 - [MESSAGE][PASSED] - scenario 3 - Input Tujuan Pengajuan

2022-04-07 14:48:40 - [TEST_STEP][PASSED] - delay(1): Delayed 1 second(s)

2022-04-07 14:48:41 - [MESSAGE][PASSED] - Delayed 1 second(s)

2022-04-07 14:48:41 - [TEST_STEP][PASSED] - click(findTestObject("ME_CollateralandLoan_information/div_Pembelian Aset")): Object: 'Object Repository/ME_CollateralandLoan_information/div_Pembelian Aset' is clicked on

2022-04-07 14:48:41 - [MESSAGE][PASSED] - Object: 'Object Repository/ME_CollateralandLoan_information/div_Pembelian Aset' is clicked on

2022-04-07 14:48:41 - [TEST_STEP][PASSED] - delay(1): Delayed 1 second(s)

2022-04-07 14:48:42 - [MESSAGE][PASSED] - Delayed 1 second(s)

2022-04-07 14:48:43 - [TEST_STEP][PASSED] - click(findTestObject("ME_CollateralandLoan_information/button_Payment")): Object: 'Object Repository/ME_CollateralandLoan_information/button_Payment' is clicked on

2022-04-07 14:48:43 - [MESSAGE][PASSED] - Object: 'Object Repository/ME_CollateralandLoan_information/button_Payment' is clicked on

2022-04-07 14:48:43 - [TEST_STEP][PASSED] - delay(1): Delayed 1 second(s)

2022-04-07 14:48:44 - [MESSAGE][PASSED] - Delayed 1 second(s)

2022-04-07 14:48:44 - [TEST_STEP][PASSED] - click(findTestObject("ME_CollateralandLoan_information/input_autodebet")): Object: 'Object Repository/ME_CollateralandLoan_information/input_autodebet' is clicked on

2022-04-07 14:48:45 - [MESSAGE][PASSED] - Object: 'Object Repository/ME_CollateralandLoan_information/input_autodebet' is clicked on

2022-04-07 14:48:45 - [TEST_STEP][PASSED] - delay(1): Delayed 1 second(s)

2022-04-07 14:48:46 - [MESSAGE][PASSED] - Delayed 1 second(s)

2022-04-07 14:48:46 - [TEST_STEP][PASSED] - takeFullPageScreenshotAsCheckpoint(userDir + sprint4WebScreenshootPath + "scenario-3-input-payment.png"): Taking screenshot successfully

2022-04-07 14:48:47 - [MESSAGE][INFO] - 0 hidden object(s)

2022-04-07 14:48:47 - [MESSAGE][PASSED] - Taking screenshot successfully
[[ATTACHMENT|C:\Users\Nia Yusniati\Git_Asa\BCAF_MEAPP_i3\Screenshoot\Sprint4\Web\keyes\keyes-scenario-3-input-payment.png]]

2022-04-07 14:48:47 - [TEST_STEP][PASSED] - markPassed("scenario 3 - Input Payment"): scenario 3 - Input Payment

2022-04-07 14:48:47 - [MESSAGE][PASSED] - scenario 3 - Input Payment

2022-04-07 14:48:47 - [TEST_STEP][PASSED] - delay(1): Delayed 1 second(s)

2022-04-07 14:48:48 - [MESSAGE][PASSED] - Delayed 1 second(s)

2022-04-07 14:48:48 - [TEST_STEP][PASSED] - click(findTestObject("ME_CollateralandLoan_information/div_Auto Debet")): Object: 'Object Repository/ME_CollateralandLoan_information/div_Auto Debet' is clicked on

2022-04-07 14:48:49 - [MESSAGE][PASSED] - Object: 'Object Repository/ME_CollateralandLoan_information/div_Auto Debet' is clicked on

2022-04-07 14:48:49 - [TEST_STEP][PASSED] - delay(1): Delayed 1 second(s)

2022-04-07 14:48:50 - [MESSAGE][PASSED] - Delayed 1 second(s)

2022-04-07 14:48:50 - [TEST_STEP][PASSED] - setText(findTestObject("ME_CollateralandLoan_information/input_Account No. 10 Digit_text-input-account-no"), information_accountNum): Text '11111111111' is set on object 'Object Repository/ME_CollateralandLoan_information/input_Account No. 10 Digit_text-input-account-no'

2022-04-07 14:48:52 - [MESSAGE][PASSED] - Text '11111111111' is set on object 'Object Repository/ME_CollateralandLoan_information/input_Account No. 10 Digit_text-input-account-no'

2022-04-07 14:48:52 - [TEST_STEP][PASSED] - delay(1): Delayed 1 second(s)

2022-04-07 14:48:53 - [MESSAGE][PASSED] - Delayed 1 second(s)

2022-04-07 14:48:53 - [TEST_STEP][PASSED] - click(findTestObject("ME_CollateralandLoan_information/input_Account No. 10 Digit_inline-checkbox-autodebetNoRek"), OPTIONAL): Object: 'Object Repository/ME_CollateralandLoan_information/input_Account No. 10 Digit_inline-checkbox-autodebetNoRek' is clicked on

2022-04-07 14:48:54 - [MESSAGE][PASSED] - Object: 'Object Repository/ME_CollateralandLoan_information/input_Account No. 10 Digit_inline-checkbox-autodebetNoRek' is clicked on

2022-04-07 14:48:54 - [TEST_STEP][PASSED] - click(findTestObject("ME_CollateralandLoan_information/Capture_rekeningautodebet")): Object: 'Object Repository/ME_CollateralandLoan_information/Capture_rekeningautodebet' is clicked on

2022-04-07 14:48:55 - [MESSAGE][PASSED] - Object: 'Object Repository/ME_CollateralandLoan_information/Capture_rekeningautodebet' is clicked on

2022-04-07 14:48:55 - [TEST_STEP][PASSED] - delay(1): Delayed 1 second(s)

2022-04-07 14:48:56 - [MESSAGE][PASSED] - Delayed 1 second(s)

2022-04-07 14:48:56 - [TEST_STEP][PASSED] - uploadFile(findTestObject("MEApp_AppBaru_InisiasiKonsumen/Capture_"), userDir + pathfinder_npwp): File 'C:/Users/Nia Yusniati/Git_Asa/BCAF_MEAPP_i3/Assets/npwp-dummy.jpg' sent to object: 'Object Repository/MEApp_AppBaru_InisiasiKonsumen/Capture_'

2022-04-07 14:48:56 - [MESSAGE][PASSED] - File 'C:/Users/Nia Yusniati/Git_Asa/BCAF_MEAPP_i3/Assets/npwp-dummy.jpg' sent to object: 'Object Repository/MEApp_AppBaru_InisiasiKonsumen/Capture_'

2022-04-07 14:48:56 - [TEST_STEP][PASSED] - setText(findTestObject("ME_CollateralandLoan_information/input_Account No. 10 Digit_noRekening"), information_accountNum2): Text '11111111111' is set on object 'Object Repository/ME_CollateralandLoan_information/input_Account No. 10 Digit_noRekening'

2022-04-07 14:48:58 - [MESSAGE][PASSED] - Text '11111111111' is set on object 'Object Repository/ME_CollateralandLoan_information/input_Account No. 10 Digit_noRekening'

2022-04-07 14:48:58 - [TEST_STEP][PASSED] - delay(1): Delayed 1 second(s)

2022-04-07 14:48:59 - [MESSAGE][PASSED] - Delayed 1 second(s)

2022-04-07 14:48:59 - [TEST_STEP][PASSED] - setText(findTestObject("ME_CollateralandLoan_information/input_Cabang BCA_cabangBca"), information_cabang): Text 'jakarta selatan' is set on object 'Object Repository/ME_CollateralandLoan_information/input_Cabang BCA_cabangBca'

2022-04-07 14:49:01 - [MESSAGE][PASSED] - Text 'jakarta selatan' is set on object 'Object Repository/ME_CollateralandLoan_information/input_Cabang BCA_cabangBca'

2022-04-07 14:49:01 - [TEST_STEP][PASSED] - delay(1): Delayed 1 second(s)

2022-04-07 14:49:02 - [MESSAGE][PASSED] - Delayed 1 second(s)

2022-04-07 14:49:02 - [TEST_STEP][PASSED] - setText(findTestObject("ME_CollateralandLoan_information/input_Nama Pemilik Rekening_form-control ng-untouched ng-pristine ng-invalid"), information_namaPemilikRek): Text 'afgan' is set on object 'Object Repository/ME_CollateralandLoan_information/input_Nama Pemilik Rekening_form-control ng-untouched ng-pristine ng-invalid'

2022-04-07 14:49:03 - [MESSAGE][PASSED] - Text 'afgan' is set on object 'Object Repository/ME_CollateralandLoan_information/input_Nama Pemilik Rekening_form-control ng-untouched ng-pristine ng-invalid'

2022-04-07 14:49:03 - [TEST_STEP][PASSED] - delay(1): Delayed 1 second(s)

2022-04-07 14:49:04 - [MESSAGE][PASSED] - Delayed 1 second(s)

2022-04-07 14:49:04 - [TEST_STEP][PASSED] - setText(findTestObject("ME_CollateralandLoan_information/input_No KTP_form-control ng-untouched ng-pristine ng-invalid"), information_noKTP): Text '22222222222222' is set on object 'Object Repository/ME_CollateralandLoan_information/input_No KTP_form-control ng-untouched ng-pristine ng-invalid'

2022-04-07 14:49:06 - [MESSAGE][PASSED] - Text '22222222222222' is set on object 'Object Repository/ME_CollateralandLoan_information/input_No KTP_form-control ng-untouched ng-pristine ng-invalid'

2022-04-07 14:49:06 - [TEST_STEP][PASSED] - delay(1): Delayed 1 second(s)

2022-04-07 14:49:07 - [MESSAGE][PASSED] - Delayed 1 second(s)

2022-04-07 14:49:07 - [TEST_STEP][PASSED] - takeFullPageScreenshotAsCheckpoint(userDir + sprint4WebScreenshootPath + "scenario-3-input-data-autodebit.png"): Taking screenshot successfully

2022-04-07 14:49:08 - [MESSAGE][INFO] - 0 hidden object(s)

2022-04-07 14:49:08 - [MESSAGE][PASSED] - Taking screenshot successfully
[[ATTACHMENT|C:\Users\Nia Yusniati\Git_Asa\BCAF_MEAPP_i3\Screenshoot\Sprint4\Web\keyes\keyes-scenario-3-input-data-autodebit.png]]

2022-04-07 14:49:08 - [TEST_STEP][PASSED] - markPassed("scenario 3 - Input data autodebit"): scenario 3 - Input data autodebit

2022-04-07 14:49:08 - [MESSAGE][PASSED] - scenario 3 - Input data autodebit

2022-04-07 14:49:08 - [TEST_STEP][PASSED] - delay(1): Delayed 1 second(s)

2022-04-07 14:49:09 - [MESSAGE][PASSED] - Delayed 1 second(s)

2022-04-07 14:49:09 - [TEST_STEP][PASSED] - click(findTestObject("ME_CollateralandLoan_information/button_Mutasi Rekening")): Object: 'Object Repository/ME_CollateralandLoan_information/button_Mutasi Rekening' is clicked on

2022-04-07 14:49:10 - [MESSAGE][PASSED] - Object: 'Object Repository/ME_CollateralandLoan_information/button_Mutasi Rekening' is clicked on

2022-04-07 14:49:10 - [TEST_STEP][PASSED] - delay(1): Delayed 1 second(s)

2022-04-07 14:49:11 - [MESSAGE][PASSED] - Delayed 1 second(s)

2022-04-07 14:49:11 - [TEST_STEP][PASSED] - takeFullPageScreenshotAsCheckpoint(userDir + sprint4WebScreenshootPath + "scenario-3-masuk-submenu-input-mutasi-rekening.png"): Taking screenshot successfully

2022-04-07 14:49:12 - [MESSAGE][INFO] - 0 hidden object(s)

2022-04-07 14:49:12 - [MESSAGE][PASSED] - Taking screenshot successfully
[[ATTACHMENT|C:\Users\Nia Yusniati\Git_Asa\BCAF_MEAPP_i3\Screenshoot\Sprint4\Web\keyes\keyes-scenario-3-masuk-submenu-input-mutasi-rekening.png]]

2022-04-07 14:49:12 - [TEST_STEP][PASSED] - markPassed("scenario 3 - Masuk submenu input mutasi rekening"): scenario 3 - Masuk submenu input mutasi rekening

2022-04-07 14:49:12 - [MESSAGE][PASSED] - scenario 3 - Masuk submenu input mutasi rekening

2022-04-07 14:49:12 - [TEST_STEP][PASSED] - delay(1): Delayed 1 second(s)

2022-04-07 14:49:13 - [MESSAGE][PASSED] - Delayed 1 second(s)

2022-04-07 14:49:13 - [TEST_STEP][PASSED] - click(findTestObject("ME_CollateralandLoan_information/button_Add Mutasi Rekening")): Object: 'Object Repository/ME_CollateralandLoan_information/button_Add Mutasi Rekening' is clicked on

2022-04-07 14:49:14 - [MESSAGE][PASSED] - Object: 'Object Repository/ME_CollateralandLoan_information/button_Add Mutasi Rekening' is clicked on

2022-04-07 14:49:14 - [TEST_STEP][PASSED] - delay(1): Delayed 1 second(s)

2022-04-07 14:49:15 - [MESSAGE][PASSED] - Delayed 1 second(s)

2022-04-07 14:49:15 - [TEST_STEP][PASSED] - takeFullPageScreenshotAsCheckpoint(userDir + sprint4WebScreenshootPath + "scenario-3-sebelum-input-data-mutasi-rekening.png"): Taking screenshot successfully

2022-04-07 14:49:16 - [MESSAGE][INFO] - 0 hidden object(s)

2022-04-07 14:49:16 - [MESSAGE][PASSED] - Taking screenshot successfully
[[ATTACHMENT|C:\Users\Nia Yusniati\Git_Asa\BCAF_MEAPP_i3\Screenshoot\Sprint4\Web\keyes\keyes-scenario-3-sebelum-input-data-mutasi-rekening.png]]

2022-04-07 14:49:16 - [TEST_STEP][PASSED] - markPassed("scenario 3 - sebelum input data mutasi rekening"): scenario 3 - sebelum input data mutasi rekening

2022-04-07 14:49:16 - [MESSAGE][PASSED] - scenario 3 - sebelum input data mutasi rekening

2022-04-07 14:49:16 - [TEST_STEP][PASSED] - delay(1): Delayed 1 second(s)

2022-04-07 14:49:17 - [MESSAGE][PASSED] - Delayed 1 second(s)

2022-04-07 14:49:17 - [TEST_STEP][PASSED] - click(findTestObject("ME_CollateralandLoan_information/a_Capture File_mutasirek")): Object: 'Object Repository/ME_CollateralandLoan_information/a_Capture File_mutasirek' is clicked on

2022-04-07 14:49:18 - [MESSAGE][PASSED] - Object: 'Object Repository/ME_CollateralandLoan_information/a_Capture File_mutasirek' is clicked on

2022-04-07 14:49:18 - [TEST_STEP][PASSED] - delay(1): Delayed 1 second(s)

2022-04-07 14:49:19 - [MESSAGE][PASSED] - Delayed 1 second(s)

2022-04-07 14:49:19 - [TEST_STEP][PASSED] - uploadFile(findTestObject("MEApp_AppBaru_InisiasiKonsumen/Capture_"), userDir + pathfinder_npwp): File 'C:/Users/Nia Yusniati/Git_Asa/BCAF_MEAPP_i3/Assets/npwp-dummy.jpg' sent to object: 'Object Repository/MEApp_AppBaru_InisiasiKonsumen/Capture_'

2022-04-07 14:49:19 - [MESSAGE][PASSED] - File 'C:/Users/Nia Yusniati/Git_Asa/BCAF_MEAPP_i3/Assets/npwp-dummy.jpg' sent to object: 'Object Repository/MEApp_AppBaru_InisiasiKonsumen/Capture_'

2022-04-07 14:49:19 - [TEST_STEP][PASSED] - delay(1): Delayed 1 second(s)

2022-04-07 14:49:20 - [MESSAGE][PASSED] - Delayed 1 second(s)

2022-04-07 14:49:20 - [TEST_STEP][PASSED] - setText(findTestObject("ME_CollateralandLoan_information/input_Mutasi Debit_form-control text-right ng-untouched ng-pristine ng-valid"), information_mutasiDebit): Text '10000000' is set on object 'Object Repository/ME_CollateralandLoan_information/input_Mutasi Debit_form-control text-right ng-untouched ng-pristine ng-valid'

2022-04-07 14:49:22 - [MESSAGE][PASSED] - Text '10000000' is set on object 'Object Repository/ME_CollateralandLoan_information/input_Mutasi Debit_form-control text-right ng-untouched ng-pristine ng-valid'

2022-04-07 14:49:22 - [TEST_STEP][PASSED] - delay(1): Delayed 1 second(s)

2022-04-07 14:49:23 - [MESSAGE][PASSED] - Delayed 1 second(s)

2022-04-07 14:49:23 - [TEST_STEP][PASSED] - setText(findTestObject("ME_CollateralandLoan_information/input_Mutasi Kredit_form-control text-right ng-untouched ng-pristine ng-valid"), information_mutasiKredit): Text '10000000' is set on object 'Object Repository/ME_CollateralandLoan_information/input_Mutasi Kredit_form-control text-right ng-untouched ng-pristine ng-valid'

2022-04-07 14:49:24 - [MESSAGE][PASSED] - Text '10000000' is set on object 'Object Repository/ME_CollateralandLoan_information/input_Mutasi Kredit_form-control text-right ng-untouched ng-pristine ng-valid'

2022-04-07 14:49:24 - [TEST_STEP][PASSED] - delay(1): Delayed 1 second(s)

2022-04-07 14:49:25 - [MESSAGE][PASSED] - Delayed 1 second(s)

2022-04-07 14:49:25 - [TEST_STEP][PASSED] - setText(findTestObject("ME_CollateralandLoan_information/input_Mutasi Saldo_form-control text-right ng-untouched ng-pristine ng-valid"), information_mutasiSaldo): Text '10000000' is set on object 'Object Repository/ME_CollateralandLoan_information/input_Mutasi Saldo_form-control text-right ng-untouched ng-pristine ng-valid'

2022-04-07 14:49:26 - [MESSAGE][PASSED] - Text '10000000' is set on object 'Object Repository/ME_CollateralandLoan_information/input_Mutasi Saldo_form-control text-right ng-untouched ng-pristine ng-valid'

2022-04-07 14:49:26 - [TEST_STEP][PASSED] - delay(1): Delayed 1 second(s)

2022-04-07 14:49:27 - [MESSAGE][PASSED] - Delayed 1 second(s)

2022-04-07 14:49:27 - [TEST_STEP][PASSED] - takeFullPageScreenshotAsCheckpoint(userDir + sprint4WebScreenshootPath + "scenario-3-input-data-mutasi-rekening.png"): Taking screenshot successfully

2022-04-07 14:49:28 - [MESSAGE][INFO] - 0 hidden object(s)

2022-04-07 14:49:28 - [MESSAGE][PASSED] - Taking screenshot successfully
[[ATTACHMENT|C:\Users\Nia Yusniati\Git_Asa\BCAF_MEAPP_i3\Screenshoot\Sprint4\Web\keyes\keyes-scenario-3-input-data-mutasi-rekening.png]]

2022-04-07 14:49:28 - [TEST_STEP][PASSED] - markPassed("scenario 3 - input data mutasi rekening"): scenario 3 - input data mutasi rekening

2022-04-07 14:49:28 - [MESSAGE][PASSED] - scenario 3 - input data mutasi rekening

2022-04-07 14:49:28 - [TEST_STEP][PASSED] - delay(1): Delayed 1 second(s)

2022-04-07 14:49:29 - [MESSAGE][PASSED] - Delayed 1 second(s)

2022-04-07 14:49:29 - [TEST_STEP][PASSED] - click(findTestObject("ME_CollateralandLoan_information/button_Add"), OPTIONAL): Object: 'Object Repository/ME_CollateralandLoan_information/button_Add' is clicked on

2022-04-07 14:49:30 - [MESSAGE][PASSED] - Object: 'Object Repository/ME_CollateralandLoan_information/button_Add' is clicked on

2022-04-07 14:49:30 - [TEST_STEP][PASSED] - delay(1): Delayed 1 second(s)

2022-04-07 14:49:31 - [MESSAGE][PASSED] - Delayed 1 second(s)

2022-04-07 14:49:31 - [TEST_STEP][PASSED] - click(findTestObject("ME_CollateralandLoan_information/button_View Detail_btn btn-edit ng-star-inserted"), OPTIONAL): Object: 'Object Repository/ME_CollateralandLoan_information/button_View Detail_btn btn-edit ng-star-inserted' is clicked on

2022-04-07 14:49:32 - [MESSAGE][PASSED] - Object: 'Object Repository/ME_CollateralandLoan_information/button_View Detail_btn btn-edit ng-star-inserted' is clicked on

2022-04-07 14:49:32 - [TEST_STEP][PASSED] - delay(1): Delayed 1 second(s)

2022-04-07 14:49:33 - [MESSAGE][PASSED] - Delayed 1 second(s)

2022-04-07 14:49:33 - [TEST_STEP][PASSED] - click(findTestObject("ME_CollateralandLoan_information/button_Save"), OPTIONAL): Object: 'Object Repository/ME_CollateralandLoan_information/button_Save' is clicked on

2022-04-07 14:49:34 - [MESSAGE][PASSED] - Object: 'Object Repository/ME_CollateralandLoan_information/button_Save' is clicked on

2022-04-07 14:49:34 - [TEST_STEP][PASSED] - delay(1): Delayed 1 second(s)

2022-04-07 14:49:35 - [MESSAGE][PASSED] - Delayed 1 second(s)

2022-04-07 14:49:35 - [TEST_STEP][PASSED] - click(findTestObject("ME_CollateralandLoan_information/a_View Detail_mutasirekening"), OPTIONAL): Object: 'Object Repository/ME_CollateralandLoan_information/a_View Detail_mutasirekening' is clicked on

2022-04-07 14:49:36 - [MESSAGE][PASSED] - Object: 'Object Repository/ME_CollateralandLoan_information/a_View Detail_mutasirekening' is clicked on

2022-04-07 14:49:36 - [TEST_STEP][PASSED] - delay(1): Delayed 1 second(s)

2022-04-07 14:49:37 - [MESSAGE][PASSED] - Delayed 1 second(s)

2022-04-07 14:49:37 - [TEST_STEP][PASSED] - takeFullPageScreenshotAsCheckpoint(userDir + sprint4WebScreenshootPath + "scenario-3-berhasil-mengisi-data-information.png"): Taking screenshot successfully

2022-04-07 14:49:38 - [MESSAGE][INFO] - 0 hidden object(s)

2022-04-07 14:49:38 - [MESSAGE][PASSED] - Taking screenshot successfully
[[ATTACHMENT|C:\Users\Nia Yusniati\Git_Asa\BCAF_MEAPP_i3\Screenshoot\Sprint4\Web\keyes\keyes-scenario-3-berhasil-mengisi-data-information.png]]

2022-04-07 14:49:38 - [TEST_STEP][PASSED] - markPassed("scenario 3 - Berhasil mengisi data information"): scenario 3 - Berhasil mengisi data information

2022-04-07 14:49:38 - [MESSAGE][PASSED] - scenario 3 - Berhasil mengisi data information

2022-04-07 14:49:38 - [TEST_STEP][PASSED] - delay(1): Delayed 1 second(s)

2022-04-07 14:49:39 - [MESSAGE][PASSED] - Delayed 1 second(s)]]></system-out>
         <system-err><![CDATA[]]></system-err>
      </testcase>
      <testcase name="Test Cases/Sprint 4/Skenario 3/03-03-02-Transaction-AppPending-InputData-Vehicle" time="402.626" classname="Test Cases/Sprint 4/Skenario 3/03-03-02-Transaction-AppPending-InputData-Vehicle" status="PASSED">
         <system-out><![CDATA[2022-04-07 14:49:39 - [TEST_CASE][PASSED] - Test Cases/Sprint 4/Skenario 3/03-03-02-Transaction-AppPending-InputData-Vehicle: Test Cases/Sprint 4/Skenario 3/03-03-02-Transaction-AppPending-InputData-Vehicle

2022-04-07 14:49:41 - [TEST_STEP][PASSED] - userDir = getProjectDir(): null

2022-04-07 14:49:41 - [TEST_STEP][PASSED] - delay(1): Delayed 1 second(s)

2022-04-07 14:49:42 - [MESSAGE][PASSED] - Delayed 1 second(s)

2022-04-07 14:49:42 - [TEST_STEP][PASSED] - scrollToPosition(0, 130): Browser is scrolled to position x = 0, y = 130

2022-04-07 14:49:42 - [MESSAGE][PASSED] - Browser is scrolled to position x = 0, y = 130

2022-04-07 14:49:42 - [TEST_STEP][PASSED] - takeFullPageScreenshotAsCheckpoint(userDir + sprint4WebScreenshootPath + "scenario-3-masuk-halaman-collateral-loan-vehicle.png"): Taking screenshot successfully

2022-04-07 14:49:43 - [MESSAGE][INFO] - 0 hidden object(s)

2022-04-07 14:49:43 - [MESSAGE][PASSED] - Taking screenshot successfully
[[ATTACHMENT|C:\Users\Nia Yusniati\Git_Asa\BCAF_MEAPP_i3\Screenshoot\Sprint4\Web\keyes\keyes-scenario-3-masuk-halaman-collateral-loan-vehicle.png]]

2022-04-07 14:49:43 - [TEST_STEP][PASSED] - markPassed("scenario 3 - Masuk halaman collateral loan vehicle"): scenario 3 - Masuk halaman collateral loan vehicle

2022-04-07 14:49:43 - [MESSAGE][PASSED] - scenario 3 - Masuk halaman collateral loan vehicle

2022-04-07 14:49:43 - [TEST_STEP][PASSED] - delay(1): Delayed 1 second(s)

2022-04-07 14:49:44 - [MESSAGE][PASSED] - Delayed 1 second(s)

2022-04-07 14:49:44 - [TEST_STEP][PASSED] - click(findTestObject("ME_CollateralAndLoan_Vehicle/li_Vehicle")): Object: 'Object Repository/ME_CollateralAndLoan_Vehicle/li_Vehicle' is clicked on

2022-04-07 14:49:45 - [MESSAGE][PASSED] - Object: 'Object Repository/ME_CollateralAndLoan_Vehicle/li_Vehicle' is clicked on

2022-04-07 14:49:45 - [TEST_STEP][PASSED] - delay(1): Delayed 1 second(s)

2022-04-07 14:49:46 - [MESSAGE][PASSED] - Delayed 1 second(s)

2022-04-07 14:49:46 - [TEST_STEP][PASSED] - waitForElementPresent(findTestObject("ME_CollateralAndLoan_Vehicle/input_dealername_ketiga"), 0): Object 'Object Repository/ME_CollateralAndLoan_Vehicle/input_dealername_ketiga' is present

2022-04-07 14:49:46 - [MESSAGE][WARNING] - Timeout '0' is invalid. Using default page load timeout: '30'

2022-04-07 14:49:46 - [MESSAGE][PASSED] - Object 'Object Repository/ME_CollateralAndLoan_Vehicle/input_dealername_ketiga' is present

2022-04-07 14:49:46 - [TEST_STEP][PASSED] - click(findTestObject("ME_CollateralAndLoan_Vehicle/input_dealername_ketiga"), OPTIONAL): Object: 'Object Repository/ME_CollateralAndLoan_Vehicle/input_dealername_ketiga' is clicked on

2022-04-07 14:49:47 - [MESSAGE][PASSED] - Object: 'Object Repository/ME_CollateralAndLoan_Vehicle/input_dealername_ketiga' is clicked on

2022-04-07 14:49:47 - [TEST_STEP][PASSED] - delay(1): Delayed 1 second(s)

2022-04-07 14:49:48 - [MESSAGE][PASSED] - Delayed 1 second(s)

2022-04-07 14:49:48 - [TEST_STEP][PASSED] - setText(findTestObject("ME_CollateralAndLoan_Vehicle/input_dealername_ketiga"), "Akita Prima Mobilindo, PT", OPTIONAL): Text 'Akita Prima Mobilindo, PT' is set on object 'Object Repository/ME_CollateralAndLoan_Vehicle/input_dealername_ketiga'

2022-04-07 14:49:50 - [MESSAGE][PASSED] - Text 'Akita Prima Mobilindo, PT' is set on object 'Object Repository/ME_CollateralAndLoan_Vehicle/input_dealername_ketiga'

2022-04-07 14:49:50 - [TEST_STEP][PASSED] - delay(1): Delayed 1 second(s)

2022-04-07 14:49:51 - [MESSAGE][PASSED] - Delayed 1 second(s)

2022-04-07 14:49:51 - [TEST_STEP][PASSED] - click(findTestObject("ME_CollateralAndLoan_Vehicle/span_Akita Prima Mobilindo, PT")): Object: 'Object Repository/ME_CollateralAndLoan_Vehicle/span_Akita Prima Mobilindo, PT' is clicked on

2022-04-07 14:49:51 - [MESSAGE][PASSED] - Object: 'Object Repository/ME_CollateralAndLoan_Vehicle/span_Akita Prima Mobilindo, PT' is clicked on

2022-04-07 14:49:51 - [TEST_STEP][PASSED] - delay(1): Delayed 1 second(s)

2022-04-07 14:49:52 - [MESSAGE][PASSED] - Delayed 1 second(s)

2022-04-07 14:49:52 - [TEST_STEP][PASSED] - waitForElementPresent(findTestObject("ME_CollateralAndLoan_Vehicle/input_branch_ketiga"), 0): Object 'Object Repository/ME_CollateralAndLoan_Vehicle/input_branch_ketiga' is present

2022-04-07 14:49:53 - [MESSAGE][WARNING] - Timeout '0' is invalid. Using default page load timeout: '30'

2022-04-07 14:49:53 - [MESSAGE][PASSED] - Object 'Object Repository/ME_CollateralAndLoan_Vehicle/input_branch_ketiga' is present

2022-04-07 14:49:53 - [TEST_STEP][PASSED] - click(findTestObject("ME_CollateralAndLoan_Vehicle/input_branch_ketiga")): Object: 'Object Repository/ME_CollateralAndLoan_Vehicle/input_branch_ketiga' is clicked on

2022-04-07 14:49:54 - [MESSAGE][PASSED] - Object: 'Object Repository/ME_CollateralAndLoan_Vehicle/input_branch_ketiga' is clicked on

2022-04-07 14:49:54 - [TEST_STEP][PASSED] - delay(1): Delayed 1 second(s)

2022-04-07 14:49:55 - [MESSAGE][PASSED] - Delayed 1 second(s)

2022-04-07 14:49:55 - [TEST_STEP][PASSED] - setText(findTestObject("ME_CollateralAndLoan_Vehicle/input_branch_ketiga"), "Akita Prima Mobilindo - Pondok Cabe"): Text 'Akita Prima Mobilindo - Pondok Cabe' is set on object 'Object Repository/ME_CollateralAndLoan_Vehicle/input_branch_ketiga'

2022-04-07 14:49:57 - [MESSAGE][PASSED] - Text 'Akita Prima Mobilindo - Pondok Cabe' is set on object 'Object Repository/ME_CollateralAndLoan_Vehicle/input_branch_ketiga'

2022-04-07 14:49:57 - [TEST_STEP][PASSED] - delay(1): Delayed 1 second(s)

2022-04-07 14:49:58 - [MESSAGE][PASSED] - Delayed 1 second(s)

2022-04-07 14:49:58 - [TEST_STEP][PASSED] - waitForElementPresent(findTestObject("ME_CollateralAndLoan_Vehicle/span_A1617 - Akita Prima Mobilindo - Pondok Cabe"), 0): Object 'Object Repository/ME_CollateralAndLoan_Vehicle/span_A1617 - Akita Prima Mobilindo - Pondok Cabe' is present

2022-04-07 14:49:58 - [MESSAGE][WARNING] - Timeout '0' is invalid. Using default page load timeout: '30'

2022-04-07 14:49:58 - [MESSAGE][PASSED] - Object 'Object Repository/ME_CollateralAndLoan_Vehicle/span_A1617 - Akita Prima Mobilindo - Pondok Cabe' is present

2022-04-07 14:49:58 - [TEST_STEP][PASSED] - click(findTestObject("ME_CollateralAndLoan_Vehicle/span_A1617 - Akita Prima Mobilindo - Pondok Cabe")): Object: 'Object Repository/ME_CollateralAndLoan_Vehicle/span_A1617 - Akita Prima Mobilindo - Pondok Cabe' is clicked on

2022-04-07 14:49:59 - [MESSAGE][PASSED] - Object: 'Object Repository/ME_CollateralAndLoan_Vehicle/span_A1617 - Akita Prima Mobilindo - Pondok Cabe' is clicked on

2022-04-07 14:49:59 - [TEST_STEP][PASSED] - delay(1): Delayed 1 second(s)

2022-04-07 14:50:00 - [MESSAGE][PASSED] - Delayed 1 second(s)

2022-04-07 14:50:00 - [TEST_STEP][PASSED] - verifyElementPresent(findTestObject("ME_CollateralAndLoan_Vehicle/input_Address_address"), 0): Object 'Object Repository/ME_CollateralAndLoan_Vehicle/input_Address_address' is present

2022-04-07 14:50:01 - [MESSAGE][WARNING] - Timeout '0' is invalid. Using default page load timeout: '30'

2022-04-07 14:50:01 - [MESSAGE][PASSED] - Object 'Object Repository/ME_CollateralAndLoan_Vehicle/input_Address_address' is present

2022-04-07 14:50:01 - [TEST_STEP][PASSED] - delay(1): Delayed 1 second(s)

2022-04-07 14:50:02 - [MESSAGE][PASSED] - Delayed 1 second(s)

2022-04-07 14:50:02 - [TEST_STEP][PASSED] - verifyElementPresent(findTestObject("ME_CollateralAndLoan_Vehicle/input_City_city"), 0): Object 'Object Repository/ME_CollateralAndLoan_Vehicle/input_City_city' is present

2022-04-07 14:50:02 - [MESSAGE][WARNING] - Timeout '0' is invalid. Using default page load timeout: '30'

2022-04-07 14:50:02 - [MESSAGE][PASSED] - Object 'Object Repository/ME_CollateralAndLoan_Vehicle/input_City_city' is present

2022-04-07 14:50:02 - [TEST_STEP][PASSED] - delay(1): Delayed 1 second(s)

2022-04-07 14:50:03 - [MESSAGE][PASSED] - Delayed 1 second(s)

2022-04-07 14:50:03 - [TEST_STEP][PASSED] - verifyElementPresent(findTestObject("ME_CollateralAndLoan_Vehicle/input_Telephone_phone"), 0): Object 'Object Repository/ME_CollateralAndLoan_Vehicle/input_Telephone_phone' is present

2022-04-07 14:50:04 - [MESSAGE][WARNING] - Timeout '0' is invalid. Using default page load timeout: '30'

2022-04-07 14:50:04 - [MESSAGE][PASSED] - Object 'Object Repository/ME_CollateralAndLoan_Vehicle/input_Telephone_phone' is present

2022-04-07 14:50:04 - [TEST_STEP][PASSED] - delay(1): Delayed 1 second(s)

2022-04-07 14:50:05 - [MESSAGE][PASSED] - Delayed 1 second(s)

2022-04-07 14:50:05 - [TEST_STEP][PASSED] - verifyElementPresent(findTestObject("ME_CollateralAndLoan_Vehicle/input_Authorize Dealer_authorizedDealer"), 0): Object 'Object Repository/ME_CollateralAndLoan_Vehicle/input_Authorize Dealer_authorizedDealer' is present

2022-04-07 14:50:05 - [MESSAGE][WARNING] - Timeout '0' is invalid. Using default page load timeout: '30'

2022-04-07 14:50:05 - [MESSAGE][PASSED] - Object 'Object Repository/ME_CollateralAndLoan_Vehicle/input_Authorize Dealer_authorizedDealer' is present

2022-04-07 14:50:05 - [TEST_STEP][PASSED] - delay(1): Delayed 1 second(s)

2022-04-07 14:50:06 - [MESSAGE][PASSED] - Delayed 1 second(s)

2022-04-07 14:50:06 - [TEST_STEP][PASSED] - verifyElementPresent(findTestObject("ME_CollateralAndLoan_Vehicle/input_Fax_fax"), 0): Object 'Object Repository/ME_CollateralAndLoan_Vehicle/input_Fax_fax' is present

2022-04-07 14:50:06 - [MESSAGE][WARNING] - Timeout '0' is invalid. Using default page load timeout: '30'

2022-04-07 14:50:07 - [MESSAGE][PASSED] - Object 'Object Repository/ME_CollateralAndLoan_Vehicle/input_Fax_fax' is present

2022-04-07 14:50:07 - [TEST_STEP][PASSED] - delay(1): Delayed 1 second(s)

2022-04-07 14:50:08 - [MESSAGE][PASSED] - Delayed 1 second(s)

2022-04-07 14:50:08 - [TEST_STEP][PASSED] - verifyElementPresent(findTestObject("ME_CollateralAndLoan_Vehicle/td_1-nomorrekening"), 0): Object 'Object Repository/ME_CollateralAndLoan_Vehicle/td_1-nomorrekening' is present

2022-04-07 14:50:08 - [MESSAGE][WARNING] - Timeout '0' is invalid. Using default page load timeout: '30'

2022-04-07 14:50:08 - [MESSAGE][PASSED] - Object 'Object Repository/ME_CollateralAndLoan_Vehicle/td_1-nomorrekening' is present

2022-04-07 14:50:08 - [TEST_STEP][PASSED] - takeFullPageScreenshotAsCheckpoint(userDir + sprint4WebScreenshootPath + "scenario-3-masuk-halaman-collateral-loan-vehicle.png"): Taking screenshot successfully

2022-04-07 14:50:09 - [MESSAGE][INFO] - 0 hidden object(s)

2022-04-07 14:50:09 - [MESSAGE][PASSED] - Taking screenshot successfully
[[ATTACHMENT|C:\Users\Nia Yusniati\Git_Asa\BCAF_MEAPP_i3\Screenshoot\Sprint4\Web\keyes\keyes-scenario-3-masuk-halaman-collateral-loan-vehicle.png]]

2022-04-07 14:50:09 - [TEST_STEP][PASSED] - markPassed("scenario 3 - Masuk halaman collateral loan vehicle"): scenario 3 - Masuk halaman collateral loan vehicle

2022-04-07 14:50:09 - [MESSAGE][PASSED] - scenario 3 - Masuk halaman collateral loan vehicle

2022-04-07 14:50:09 - [TEST_STEP][PASSED] - delay(1): Delayed 1 second(s)

2022-04-07 14:50:10 - [MESSAGE][PASSED] - Delayed 1 second(s)

2022-04-07 14:50:10 - [TEST_STEP][PASSED] - delay(1): Delayed 1 second(s)

2022-04-07 14:50:11 - [MESSAGE][PASSED] - Delayed 1 second(s)

2022-04-07 14:50:11 - [TEST_STEP][PASSED] - delay(1): Delayed 1 second(s)

2022-04-07 14:50:12 - [MESSAGE][PASSED] - Delayed 1 second(s)

2022-04-07 14:50:12 - [TEST_STEP][PASSED] - click(findTestObject("ME_CollateralAndLoan_Vehicle/button_Data Vehicle")): Object: 'Object Repository/ME_CollateralAndLoan_Vehicle/button_Data Vehicle' is clicked on

2022-04-07 14:50:13 - [MESSAGE][PASSED] - Object: 'Object Repository/ME_CollateralAndLoan_Vehicle/button_Data Vehicle' is clicked on

2022-04-07 14:50:13 - [TEST_STEP][PASSED] - delay(1): Delayed 1 second(s)

2022-04-07 14:50:14 - [MESSAGE][PASSED] - Delayed 1 second(s)

2022-04-07 14:50:14 - [TEST_STEP][PASSED] - takeFullPageScreenshotAsCheckpoint(userDir + sprint4WebScreenshootPath + "scenario-3-halaman-input-data-vehicle.png"): Taking screenshot successfully

2022-04-07 14:50:16 - [MESSAGE][INFO] - 0 hidden object(s)

2022-04-07 14:50:16 - [MESSAGE][PASSED] - Taking screenshot successfully
[[ATTACHMENT|C:\Users\Nia Yusniati\Git_Asa\BCAF_MEAPP_i3\Screenshoot\Sprint4\Web\keyes\keyes-scenario-3-halaman-input-data-vehicle.png]]

2022-04-07 14:50:16 - [TEST_STEP][PASSED] - markPassed("scenario 3 - halaman input data vehicle"): scenario 3 - halaman input data vehicle

2022-04-07 14:50:16 - [MESSAGE][PASSED] - scenario 3 - halaman input data vehicle

2022-04-07 14:50:16 - [TEST_STEP][PASSED] - delay(2): Delayed 2 second(s)

2022-04-07 14:50:18 - [MESSAGE][PASSED] - Delayed 2 second(s)

2022-04-07 14:50:18 - [TEST_STEP][PASSED] - scrollToElement(findTestObject("ME_CollateralAndLoan_Vehicle/button_Data Vehicle"), 0, STOP_ON_FAILURE): Scroll to object 'Object Repository/ME_CollateralAndLoan_Vehicle/button_Data Vehicle' successfully

2022-04-07 14:50:18 - [MESSAGE][WARNING] - Timeout '0' is invalid. Using default page load timeout: '30'

2022-04-07 14:50:19 - [MESSAGE][PASSED] - Scroll to object 'Object Repository/ME_CollateralAndLoan_Vehicle/button_Data Vehicle' successfully

2022-04-07 14:50:19 - [TEST_STEP][PASSED] - click(findTestObject("ME_CollateralAndLoan_Vehicle/input_used_carCondition-radio")): Object: 'Object Repository/ME_CollateralAndLoan_Vehicle/input_used_carCondition-radio' is clicked on

2022-04-07 14:50:19 - [MESSAGE][PASSED] - Object: 'Object Repository/ME_CollateralAndLoan_Vehicle/input_used_carCondition-radio' is clicked on

2022-04-07 14:50:19 - [TEST_STEP][PASSED] - delay(1): Delayed 1 second(s)

2022-04-07 14:50:20 - [MESSAGE][PASSED] - Delayed 1 second(s)

2022-04-07 14:50:20 - [TEST_STEP][PASSED] - click(findTestObject("Object Repository/ME_CollateralAndLoan_Vehicle/div_Pilih Product Code"), OPTIONAL): Object: 'Object Repository/ME_CollateralAndLoan_Vehicle/div_Pilih Product Code' is clicked on

2022-04-07 14:50:21 - [MESSAGE][PASSED] - Object: 'Object Repository/ME_CollateralAndLoan_Vehicle/div_Pilih Product Code' is clicked on

2022-04-07 14:50:21 - [TEST_STEP][PASSED] - delay(1): Delayed 1 second(s)

2022-04-07 14:50:22 - [MESSAGE][PASSED] - Delayed 1 second(s)

2022-04-07 14:50:22 - [TEST_STEP][PASSED] - setText(findTestObject("ME_CollateralAndLoan_Vehicle/input_productcode2"), "leasing"): Text 'leasing' is set on object 'Object Repository/ME_CollateralAndLoan_Vehicle/input_productcode2'

2022-04-07 14:50:24 - [MESSAGE][PASSED] - Text 'leasing' is set on object 'Object Repository/ME_CollateralAndLoan_Vehicle/input_productcode2'

2022-04-07 14:50:24 - [TEST_STEP][PASSED] - delay(1): Delayed 1 second(s)

2022-04-07 14:50:25 - [MESSAGE][PASSED] - Delayed 1 second(s)

2022-04-07 14:50:25 - [TEST_STEP][PASSED] - click(findTestObject("ME_CollateralAndLoan_Vehicle/span_Leasing")): Object: 'Object Repository/ME_CollateralAndLoan_Vehicle/span_Leasing' is clicked on

2022-04-07 14:50:25 - [MESSAGE][PASSED] - Object: 'Object Repository/ME_CollateralAndLoan_Vehicle/span_Leasing' is clicked on

2022-04-07 14:50:25 - [TEST_STEP][PASSED] - delay(1): Delayed 1 second(s)

2022-04-07 14:50:26 - [MESSAGE][PASSED] - Delayed 1 second(s)

2022-04-07 14:50:26 - [TEST_STEP][PASSED] - click(findTestObject("vehiclekedua/input_brand_kedua")): Object: 'Object Repository/vehiclekedua/input_brand_kedua' is clicked on

2022-04-07 14:50:27 - [MESSAGE][PASSED] - Object: 'Object Repository/vehiclekedua/input_brand_kedua' is clicked on

2022-04-07 14:50:27 - [TEST_STEP][PASSED] - delay(1): Delayed 1 second(s)

2022-04-07 14:50:28 - [MESSAGE][PASSED] - Delayed 1 second(s)

2022-04-07 14:50:28 - [TEST_STEP][PASSED] - setText(findTestObject("vehiclekedua/input_brand_kedua"), "toyota"): Text 'toyota' is set on object 'Object Repository/vehiclekedua/input_brand_kedua'

2022-04-07 14:50:29 - [MESSAGE][PASSED] - Text 'toyota' is set on object 'Object Repository/vehiclekedua/input_brand_kedua'

2022-04-07 14:50:29 - [TEST_STEP][PASSED] - delay(1): Delayed 1 second(s)

2022-04-07 14:50:30 - [MESSAGE][PASSED] - Delayed 1 second(s)

2022-04-07 14:50:30 - [TEST_STEP][PASSED] - click(findTestObject("ME_CollateralAndLoan_Vehicle/div_TOYOTA_brand")): Object: 'Object Repository/ME_CollateralAndLoan_Vehicle/div_TOYOTA_brand' is clicked on

2022-04-07 14:50:31 - [MESSAGE][PASSED] - Object: 'Object Repository/ME_CollateralAndLoan_Vehicle/div_TOYOTA_brand' is clicked on

2022-04-07 14:50:31 - [TEST_STEP][PASSED] - delay(1): Delayed 1 second(s)

2022-04-07 14:50:32 - [MESSAGE][PASSED] - Delayed 1 second(s)

2022-04-07 14:50:32 - [TEST_STEP][PASSED] - click(findTestObject("vehiclekedua/input_model_kedua"), OPTIONAL): Object: 'Object Repository/vehiclekedua/input_model_kedua' is clicked on

2022-04-07 14:50:33 - [MESSAGE][PASSED] - Object: 'Object Repository/vehiclekedua/input_model_kedua' is clicked on

2022-04-07 14:50:33 - [TEST_STEP][PASSED] - delay(1): Delayed 1 second(s)

2022-04-07 14:50:34 - [MESSAGE][PASSED] - Delayed 1 second(s)

2022-04-07 14:50:34 - [TEST_STEP][PASSED] - setText(findTestObject("vehiclekedua/input_model_kedua"), "ALL NEW HILUX", OPTIONAL): Text 'ALL NEW HILUX' is set on object 'Object Repository/vehiclekedua/input_model_kedua'

2022-04-07 14:50:36 - [MESSAGE][PASSED] - Text 'ALL NEW HILUX' is set on object 'Object Repository/vehiclekedua/input_model_kedua'

2022-04-07 14:50:36 - [TEST_STEP][PASSED] - delay(1): Delayed 1 second(s)

2022-04-07 14:50:37 - [MESSAGE][PASSED] - Delayed 1 second(s)

2022-04-07 14:50:37 - [TEST_STEP][PASSED] - click(findTestObject("ME_CollateralAndLoan_Vehicle/div_ALL NEW HILUX_model_datavehicle"), OPTIONAL): Object: 'Object Repository/ME_CollateralAndLoan_Vehicle/div_ALL NEW HILUX_model_datavehicle' is clicked on

2022-04-07 14:50:37 - [MESSAGE][PASSED] - Object: 'Object Repository/ME_CollateralAndLoan_Vehicle/div_ALL NEW HILUX_model_datavehicle' is clicked on

2022-04-07 14:50:37 - [TEST_STEP][PASSED] - delay(1): Delayed 1 second(s)

2022-04-07 14:50:39 - [MESSAGE][PASSED] - Delayed 1 second(s)

2022-04-07 14:50:39 - [TEST_STEP][PASSED] - waitForElementPresent(findTestObject("ME_CollateralAndLoan_Vehicle/input_typekendaraan"), 0): Object 'Object Repository/ME_CollateralAndLoan_Vehicle/input_typekendaraan' is present

2022-04-07 14:50:39 - [MESSAGE][WARNING] - Timeout '0' is invalid. Using default page load timeout: '30'

2022-04-07 14:50:39 - [MESSAGE][PASSED] - Object 'Object Repository/ME_CollateralAndLoan_Vehicle/input_typekendaraan' is present

2022-04-07 14:50:39 - [TEST_STEP][PASSED] - click(findTestObject("ME_CollateralAndLoan_Vehicle/input_typekendaraan"), OPTIONAL): Object: 'Object Repository/ME_CollateralAndLoan_Vehicle/input_typekendaraan' is clicked on

2022-04-07 14:50:40 - [MESSAGE][PASSED] - Object: 'Object Repository/ME_CollateralAndLoan_Vehicle/input_typekendaraan' is clicked on

2022-04-07 14:50:40 - [TEST_STEP][PASSED] - delay(1): Delayed 1 second(s)

2022-04-07 14:50:41 - [MESSAGE][PASSED] - Delayed 1 second(s)

2022-04-07 14:50:41 - [TEST_STEP][PASSED] - setText(findTestObject("ME_CollateralAndLoan_Vehicle/input_typekendaraan"), "ALL NEW HI LUX DOUBLE CABIN 2.4 G (4X4) M/T DIESEL 2017", OPTIONAL): Text 'ALL NEW HI LUX DOUBLE CABIN 2.4 G (4X4) M/T DIESEL 2017' is set on object 'Object Repository/ME_CollateralAndLoan_Vehicle/input_typekendaraan'

2022-04-07 14:50:44 - [MESSAGE][PASSED] - Text 'ALL NEW HI LUX DOUBLE CABIN 2.4 G (4X4) M/T DIESEL 2017' is set on object 'Object Repository/ME_CollateralAndLoan_Vehicle/input_typekendaraan'

2022-04-07 14:50:44 - [TEST_STEP][PASSED] - delay(1): Delayed 1 second(s)

2022-04-07 14:50:45 - [MESSAGE][PASSED] - Delayed 1 second(s)

2022-04-07 14:50:45 - [TEST_STEP][PASSED] - waitForElementPresent(findTestObject("ME_CollateralAndLoan_Vehicle/div_ALL NEW HI LUX DOUBLE CABIN 2.4 G (4X4) MT DIESEL 2017_type_datavehicle"), 0): Object 'Object Repository/ME_CollateralAndLoan_Vehicle/div_ALL NEW HI LUX DOUBLE CABIN 2.4 G (4X4) MT DIESEL 2017_type_datavehicle' is present

2022-04-07 14:50:46 - [MESSAGE][WARNING] - Timeout '0' is invalid. Using default page load timeout: '30'

2022-04-07 14:50:46 - [MESSAGE][PASSED] - Object 'Object Repository/ME_CollateralAndLoan_Vehicle/div_ALL NEW HI LUX DOUBLE CABIN 2.4 G (4X4) MT DIESEL 2017_type_datavehicle' is present

2022-04-07 14:50:46 - [TEST_STEP][PASSED] - click(findTestObject("ME_CollateralAndLoan_Vehicle/div_ALL NEW HI LUX DOUBLE CABIN 2.4 G (4X4) MT DIESEL 2017_type_datavehicle"), OPTIONAL): Object: 'Object Repository/ME_CollateralAndLoan_Vehicle/div_ALL NEW HI LUX DOUBLE CABIN 2.4 G (4X4) MT DIESEL 2017_type_datavehicle' is clicked on

2022-04-07 14:50:47 - [MESSAGE][PASSED] - Object: 'Object Repository/ME_CollateralAndLoan_Vehicle/div_ALL NEW HI LUX DOUBLE CABIN 2.4 G (4X4) MT DIESEL 2017_type_datavehicle' is clicked on

2022-04-07 14:50:47 - [TEST_STEP][PASSED] - delay(1): Delayed 1 second(s)

2022-04-07 14:50:48 - [MESSAGE][PASSED] - Delayed 1 second(s)

2022-04-07 14:50:48 - [TEST_STEP][PASSED] - click(findTestObject("vehiclekedua/input_packet_kedua"), OPTIONAL): Object: 'Object Repository/vehiclekedua/input_packet_kedua' is clicked on

2022-04-07 14:50:49 - [MESSAGE][PASSED] - Object: 'Object Repository/vehiclekedua/input_packet_kedua' is clicked on

2022-04-07 14:50:49 - [TEST_STEP][PASSED] - delay(1): Delayed 1 second(s)

2022-04-07 14:50:50 - [MESSAGE][PASSED] - Delayed 1 second(s)

2022-04-07 14:50:50 - [TEST_STEP][PASSED] - setText(findTestObject("vehiclekedua/input_packet_kedua"), "BCAI - IIMS - SUBS OTR ADDB", OPTIONAL): Text 'BCAI - IIMS - SUBS OTR ADDB' is set on object 'Object Repository/vehiclekedua/input_packet_kedua'

2022-04-07 14:51:17 - [MESSAGE][PASSED] - Text 'BCAI - IIMS - SUBS OTR ADDB' is set on object 'Object Repository/vehiclekedua/input_packet_kedua'

2022-04-07 14:51:17 - [TEST_STEP][PASSED] - delay(1): Delayed 1 second(s)

2022-04-07 14:51:18 - [MESSAGE][PASSED] - Delayed 1 second(s)

2022-04-07 14:51:18 - [TEST_STEP][PASSED] - waitForElementPresent(findTestObject("ME_CollateralAndLoan_Vehicle/div_BCAI - IIMS - SUBS OTR ADDB"), 300): Object 'Object Repository/ME_CollateralAndLoan_Vehicle/div_BCAI - IIMS - SUBS OTR ADDB' is present

2022-04-07 14:51:19 - [MESSAGE][PASSED] - Object 'Object Repository/ME_CollateralAndLoan_Vehicle/div_BCAI - IIMS - SUBS OTR ADDB' is present

2022-04-07 14:51:19 - [TEST_STEP][PASSED] - delay(1): Delayed 1 second(s)

2022-04-07 14:51:20 - [MESSAGE][PASSED] - Delayed 1 second(s)

2022-04-07 14:51:20 - [TEST_STEP][PASSED] - click(findTestObject("ME_CollateralAndLoan_Vehicle/div_BCAI - IIMS - SUBS OTR ADDB")): Object: 'Object Repository/ME_CollateralAndLoan_Vehicle/div_BCAI - IIMS - SUBS OTR ADDB' is clicked on

2022-04-07 14:51:21 - [MESSAGE][PASSED] - Object: 'Object Repository/ME_CollateralAndLoan_Vehicle/div_BCAI - IIMS - SUBS OTR ADDB' is clicked on

2022-04-07 14:51:21 - [TEST_STEP][PASSED] - delay(1): Delayed 1 second(s)

2022-04-07 14:51:22 - [MESSAGE][PASSED] - Delayed 1 second(s)

2022-04-07 14:51:22 - [TEST_STEP][PASSED] - setText(findTestObject("ME_CollateralAndLoan_Vehicle/input_Keterangan Type Kendaraan_keteranganType"), "bekas"): Text 'bekas' is set on object 'Object Repository/ME_CollateralAndLoan_Vehicle/input_Keterangan Type Kendaraan_keteranganType'

2022-04-07 14:51:23 - [MESSAGE][PASSED] - Text 'bekas' is set on object 'Object Repository/ME_CollateralAndLoan_Vehicle/input_Keterangan Type Kendaraan_keteranganType'

2022-04-07 14:51:23 - [TEST_STEP][PASSED] - delay(1): Delayed 1 second(s)

2022-04-07 14:51:24 - [MESSAGE][PASSED] - Delayed 1 second(s)

2022-04-07 14:51:24 - [TEST_STEP][PASSED] - setText(findTestObject("ME_CollateralAndLoan_Vehicle/input_Year_year (1)"), "2020"): Text '2020' is set on object 'Object Repository/ME_CollateralAndLoan_Vehicle/input_Year_year (1)'

2022-04-07 14:51:25 - [MESSAGE][PASSED] - Text '2020' is set on object 'Object Repository/ME_CollateralAndLoan_Vehicle/input_Year_year (1)'

2022-04-07 14:51:25 - [TEST_STEP][PASSED] - delay(1): Delayed 1 second(s)

2022-04-07 14:51:27 - [MESSAGE][PASSED] - Delayed 1 second(s)

2022-04-07 14:51:27 - [TEST_STEP][PASSED] - click(findTestObject("ME_CollateralAndLoan_Vehicle/a_Capture File_bpkb")): Object: 'Object Repository/ME_CollateralAndLoan_Vehicle/a_Capture File_bpkb' is clicked on

2022-04-07 14:51:27 - [MESSAGE][PASSED] - Object: 'Object Repository/ME_CollateralAndLoan_Vehicle/a_Capture File_bpkb' is clicked on

2022-04-07 14:51:27 - [TEST_STEP][PASSED] - delay(1): Delayed 1 second(s)

2022-04-07 14:51:28 - [MESSAGE][PASSED] - Delayed 1 second(s)

2022-04-07 14:51:28 - [TEST_STEP][PASSED] - uploadFile(findTestObject("MEApp_AppBaru_InisiasiKonsumen/Capture_"), userDir + pathfinder_npwp): File 'C:/Users/Nia Yusniati/Git_Asa/BCAF_MEAPP_i3/Assets/npwp-dummy.jpg' sent to object: 'Object Repository/MEApp_AppBaru_InisiasiKonsumen/Capture_'

2022-04-07 14:51:29 - [MESSAGE][PASSED] - File 'C:/Users/Nia Yusniati/Git_Asa/BCAF_MEAPP_i3/Assets/npwp-dummy.jpg' sent to object: 'Object Repository/MEApp_AppBaru_InisiasiKonsumen/Capture_'

2022-04-07 14:51:29 - [TEST_STEP][PASSED] - delay(1): Delayed 1 second(s)

2022-04-07 14:51:30 - [MESSAGE][PASSED] - Delayed 1 second(s)

2022-04-07 14:51:30 - [TEST_STEP][PASSED] - click(findTestObject("ME_CollateralAndLoan_Vehicle/a_Capture Files_stnk_datavehicle")): Object: 'Object Repository/ME_CollateralAndLoan_Vehicle/a_Capture Files_stnk_datavehicle' is clicked on

2022-04-07 14:51:31 - [MESSAGE][PASSED] - Object: 'Object Repository/ME_CollateralAndLoan_Vehicle/a_Capture Files_stnk_datavehicle' is clicked on

2022-04-07 14:51:31 - [TEST_STEP][PASSED] - delay(1): Delayed 1 second(s)

2022-04-07 14:51:32 - [MESSAGE][PASSED] - Delayed 1 second(s)

2022-04-07 14:51:32 - [TEST_STEP][PASSED] - uploadFile(findTestObject("MEApp_AppBaru_InisiasiKonsumen/Capture_"), userDir + pathfinder_npwp): File 'C:/Users/Nia Yusniati/Git_Asa/BCAF_MEAPP_i3/Assets/npwp-dummy.jpg' sent to object: 'Object Repository/MEApp_AppBaru_InisiasiKonsumen/Capture_'

2022-04-07 14:51:32 - [MESSAGE][PASSED] - File 'C:/Users/Nia Yusniati/Git_Asa/BCAF_MEAPP_i3/Assets/npwp-dummy.jpg' sent to object: 'Object Repository/MEApp_AppBaru_InisiasiKonsumen/Capture_'

2022-04-07 14:51:32 - [TEST_STEP][PASSED] - delay(1): Delayed 1 second(s)

2022-04-07 14:51:33 - [MESSAGE][PASSED] - Delayed 1 second(s)

2022-04-07 14:51:33 - [TEST_STEP][PASSED] - setText(findTestObject("ME_CollateralAndLoan_Vehicle/input_Color_text-input (1)"), "hitam"): Text 'hitam' is set on object 'Object Repository/ME_CollateralAndLoan_Vehicle/input_Color_text-input (1)'

2022-04-07 14:51:35 - [MESSAGE][PASSED] - Text 'hitam' is set on object 'Object Repository/ME_CollateralAndLoan_Vehicle/input_Color_text-input (1)'

2022-04-07 14:51:35 - [TEST_STEP][PASSED] - delay(1): Delayed 1 second(s)

2022-04-07 14:51:36 - [MESSAGE][PASSED] - Delayed 1 second(s)

2022-04-07 14:51:36 - [TEST_STEP][PASSED] - setText(findTestObject("ME_CollateralAndLoan_Vehicle/input_BPKB No_text-input"), "1111111111"): Text '1111111111' is set on object 'Object Repository/ME_CollateralAndLoan_Vehicle/input_BPKB No_text-input'

2022-04-07 14:51:37 - [MESSAGE][PASSED] - Text '1111111111' is set on object 'Object Repository/ME_CollateralAndLoan_Vehicle/input_BPKB No_text-input'

2022-04-07 14:51:37 - [TEST_STEP][PASSED] - delay(1): Delayed 1 second(s)

2022-04-07 14:51:38 - [MESSAGE][PASSED] - Delayed 1 second(s)

2022-04-07 14:51:38 - [TEST_STEP][PASSED] - setText(findTestObject("ME_CollateralAndLoan_Vehicle/input_Engine No_text-input"), "1111111111"): Text '1111111111' is set on object 'Object Repository/ME_CollateralAndLoan_Vehicle/input_Engine No_text-input'

2022-04-07 14:51:39 - [MESSAGE][PASSED] - Text '1111111111' is set on object 'Object Repository/ME_CollateralAndLoan_Vehicle/input_Engine No_text-input'

2022-04-07 14:51:39 - [TEST_STEP][PASSED] - delay(1): Delayed 1 second(s)

2022-04-07 14:51:40 - [MESSAGE][PASSED] - Delayed 1 second(s)

2022-04-07 14:51:40 - [TEST_STEP][PASSED] - setText(findTestObject("ME_CollateralAndLoan_Vehicle/input_Police No_text-input"), "B1234AB"): Text 'B1234AB' is set on object 'Object Repository/ME_CollateralAndLoan_Vehicle/input_Police No_text-input'

2022-04-07 14:51:41 - [MESSAGE][PASSED] - Text 'B1234AB' is set on object 'Object Repository/ME_CollateralAndLoan_Vehicle/input_Police No_text-input'

2022-04-07 14:51:41 - [TEST_STEP][PASSED] - delay(1): Delayed 1 second(s)

2022-04-07 14:51:42 - [MESSAGE][PASSED] - Delayed 1 second(s)

2022-04-07 14:51:42 - [TEST_STEP][PASSED] - setText(findTestObject("ME_CollateralAndLoan_Vehicle/input_Body No_text-input"), "1111111111"): Text '1111111111' is set on object 'Object Repository/ME_CollateralAndLoan_Vehicle/input_Body No_text-input'

2022-04-07 14:51:44 - [MESSAGE][PASSED] - Text '1111111111' is set on object 'Object Repository/ME_CollateralAndLoan_Vehicle/input_Body No_text-input'

2022-04-07 14:51:44 - [TEST_STEP][PASSED] - delay(1): Delayed 1 second(s)

2022-04-07 14:51:45 - [MESSAGE][PASSED] - Delayed 1 second(s)

2022-04-07 14:51:45 - [TEST_STEP][PASSED] - click(findTestObject("vehiclekedua/input_purpose_kedua"), OPTIONAL): Object: 'Object Repository/vehiclekedua/input_purpose_kedua' is clicked on

2022-04-07 14:51:46 - [MESSAGE][PASSED] - Object: 'Object Repository/vehiclekedua/input_purpose_kedua' is clicked on

2022-04-07 14:51:46 - [TEST_STEP][PASSED] - delay(1): Delayed 1 second(s)

2022-04-07 14:51:47 - [MESSAGE][PASSED] - Delayed 1 second(s)

2022-04-07 14:51:47 - [TEST_STEP][PASSED] - setText(findTestObject("vehiclekedua/input_purpose_kedua"), "operasional", OPTIONAL): Text 'operasional' is set on object 'Object Repository/vehiclekedua/input_purpose_kedua'

2022-04-07 14:51:48 - [MESSAGE][PASSED] - Text 'operasional' is set on object 'Object Repository/vehiclekedua/input_purpose_kedua'

2022-04-07 14:51:48 - [TEST_STEP][PASSED] - delay(1): Delayed 1 second(s)

2022-04-07 14:51:49 - [MESSAGE][PASSED] - Delayed 1 second(s)

2022-04-07 14:51:49 - [TEST_STEP][PASSED] - click(findTestObject("ME_CollateralAndLoan_Vehicle/div_Operasional"), OPTIONAL): Object: 'Object Repository/ME_CollateralAndLoan_Vehicle/div_Operasional' is clicked on

2022-04-07 14:51:50 - [MESSAGE][PASSED] - Object: 'Object Repository/ME_CollateralAndLoan_Vehicle/div_Operasional' is clicked on

2022-04-07 14:51:50 - [TEST_STEP][PASSED] - delay(1): Delayed 1 second(s)

2022-04-07 14:51:51 - [MESSAGE][PASSED] - Delayed 1 second(s)

2022-04-07 14:51:51 - [TEST_STEP][PASSED] - setText(findTestObject("ME_CollateralAndLoan_Vehicle/input_BPKB Owner_text-input"), "sendiri"): Text 'sendiri' is set on object 'Object Repository/ME_CollateralAndLoan_Vehicle/input_BPKB Owner_text-input'

2022-04-07 14:51:52 - [MESSAGE][PASSED] - Text 'sendiri' is set on object 'Object Repository/ME_CollateralAndLoan_Vehicle/input_BPKB Owner_text-input'

2022-04-07 14:51:52 - [TEST_STEP][PASSED] - delay(1): Delayed 1 second(s)

2022-04-07 14:51:53 - [MESSAGE][PASSED] - Delayed 1 second(s)

2022-04-07 14:51:53 - [TEST_STEP][PASSED] - click(findTestObject("vehiclekedua/input_hubungan_bpkbownerdgdebitur_kedua"), OPTIONAL): Object: 'Object Repository/vehiclekedua/input_hubungan_bpkbownerdgdebitur_kedua' is clicked on

2022-04-07 14:51:54 - [MESSAGE][PASSED] - Object: 'Object Repository/vehiclekedua/input_hubungan_bpkbownerdgdebitur_kedua' is clicked on

2022-04-07 14:51:54 - [TEST_STEP][PASSED] - delay(1): Delayed 1 second(s)

2022-04-07 14:51:55 - [MESSAGE][PASSED] - Delayed 1 second(s)

2022-04-07 14:51:55 - [TEST_STEP][PASSED] - setText(findTestObject("vehiclekedua/input_hubungan_bpkbownerdgdebitur_kedua"), "pasangan", OPTIONAL): Text 'pasangan' is set on object 'Object Repository/vehiclekedua/input_hubungan_bpkbownerdgdebitur_kedua'

2022-04-07 14:51:57 - [MESSAGE][PASSED] - Text 'pasangan' is set on object 'Object Repository/vehiclekedua/input_hubungan_bpkbownerdgdebitur_kedua'

2022-04-07 14:51:57 - [TEST_STEP][PASSED] - delay(1): Delayed 1 second(s)

2022-04-07 14:51:58 - [MESSAGE][PASSED] - Delayed 1 second(s)

2022-04-07 14:51:58 - [TEST_STEP][PASSED] - click(findTestObject("ME_CollateralAndLoan_Vehicle/div_pasangan"), OPTIONAL): Object: 'Object Repository/ME_CollateralAndLoan_Vehicle/div_pasangan' is clicked on

2022-04-07 14:51:59 - [MESSAGE][PASSED] - Object: 'Object Repository/ME_CollateralAndLoan_Vehicle/div_pasangan' is clicked on

2022-04-07 14:51:59 - [TEST_STEP][PASSED] - delay(1): Delayed 1 second(s)

2022-04-07 14:52:00 - [MESSAGE][PASSED] - Delayed 1 second(s)

2022-04-07 14:52:00 - [TEST_STEP][PASSED] - click(findTestObject("ME_CollateralAndLoan_Vehicle/input_Tujuan Penggunaan Kendaraan_nonproduktif"), OPTIONAL): Object: 'Object Repository/ME_CollateralAndLoan_Vehicle/input_Tujuan Penggunaan Kendaraan_nonproduktif' is clicked on

2022-04-07 14:52:00 - [MESSAGE][PASSED] - Object: 'Object Repository/ME_CollateralAndLoan_Vehicle/input_Tujuan Penggunaan Kendaraan_nonproduktif' is clicked on

2022-04-07 14:52:00 - [TEST_STEP][PASSED] - delay(1): Delayed 1 second(s)

2022-04-07 14:52:01 - [MESSAGE][PASSED] - Delayed 1 second(s)

2022-04-07 14:52:01 - [TEST_STEP][PASSED] - click(findTestObject("ME_CollateralAndLoan_Vehicle/input_Tujuan Penggunaan Kendaraan_produktif"), OPTIONAL): Object: 'Object Repository/ME_CollateralAndLoan_Vehicle/input_Tujuan Penggunaan Kendaraan_produktif' is clicked on

2022-04-07 14:52:02 - [MESSAGE][PASSED] - Object: 'Object Repository/ME_CollateralAndLoan_Vehicle/input_Tujuan Penggunaan Kendaraan_produktif' is clicked on

2022-04-07 14:52:02 - [TEST_STEP][PASSED] - delay(1): Delayed 1 second(s)

2022-04-07 14:52:03 - [MESSAGE][PASSED] - Delayed 1 second(s)

2022-04-07 14:52:03 - [TEST_STEP][PASSED] - takeFullPageScreenshotAsCheckpoint(userDir + sprint4WebScreenshootPath + "scenario-3-berhasil-input-data-vehicle.png"): Taking screenshot successfully

2022-04-07 14:52:05 - [MESSAGE][INFO] - 0 hidden object(s)

2022-04-07 14:52:05 - [MESSAGE][PASSED] - Taking screenshot successfully
[[ATTACHMENT|C:\Users\Nia Yusniati\Git_Asa\BCAF_MEAPP_i3\Screenshoot\Sprint4\Web\keyes\keyes-scenario-3-berhasil-input-data-vehicle.png]]

2022-04-07 14:52:05 - [TEST_STEP][PASSED] - markPassed("scenario 3 - berhasil input data vehicle"): scenario 3 - berhasil input data vehicle

2022-04-07 14:52:05 - [MESSAGE][PASSED] - scenario 3 - berhasil input data vehicle

2022-04-07 14:52:05 - [TEST_STEP][PASSED] - delay(1): Delayed 1 second(s)

2022-04-07 14:52:06 - [MESSAGE][PASSED] - Delayed 1 second(s)

2022-04-07 14:52:06 - [TEST_STEP][PASSED] - delay(1): Delayed 1 second(s)

2022-04-07 14:52:07 - [MESSAGE][PASSED] - Delayed 1 second(s)

2022-04-07 14:52:07 - [TEST_STEP][PASSED] - click(findTestObject("ME_CollateralAndLoan_Vehicle/button_Loan Data"), OPTIONAL): Object: 'Object Repository/ME_CollateralAndLoan_Vehicle/button_Loan Data' is clicked on

2022-04-07 14:52:08 - [MESSAGE][PASSED] - Object: 'Object Repository/ME_CollateralAndLoan_Vehicle/button_Loan Data' is clicked on

2022-04-07 14:52:08 - [TEST_STEP][PASSED] - delay(1): Delayed 1 second(s)

2022-04-07 14:52:09 - [MESSAGE][PASSED] - Delayed 1 second(s)

2022-04-07 14:52:09 - [TEST_STEP][PASSED] - takeFullPageScreenshotAsCheckpoint(userDir + sprint4WebScreenshootPath + "scenario-3-halaman-input-loan-data.png"): Taking screenshot successfully

2022-04-07 14:52:11 - [MESSAGE][INFO] - 0 hidden object(s)

2022-04-07 14:52:11 - [MESSAGE][PASSED] - Taking screenshot successfully
[[ATTACHMENT|C:\Users\Nia Yusniati\Git_Asa\BCAF_MEAPP_i3\Screenshoot\Sprint4\Web\keyes\keyes-scenario-3-halaman-input-loan-data.png]]

2022-04-07 14:52:11 - [TEST_STEP][PASSED] - markPassed("scenario 3 - halaman input loan data"): scenario 3 - halaman input loan data

2022-04-07 14:52:11 - [MESSAGE][PASSED] - scenario 3 - halaman input loan data

2022-04-07 14:52:11 - [TEST_STEP][PASSED] - delay(1): Delayed 1 second(s)

2022-04-07 14:52:12 - [MESSAGE][PASSED] - Delayed 1 second(s)

2022-04-07 14:52:12 - [TEST_STEP][PASSED] - scrollToElement(findTestObject("ME_CollateralAndLoan_Vehicle/button_Loan Data"), 0): Scroll to object 'Object Repository/ME_CollateralAndLoan_Vehicle/button_Loan Data' successfully

2022-04-07 14:52:12 - [MESSAGE][WARNING] - Timeout '0' is invalid. Using default page load timeout: '30'

2022-04-07 14:52:13 - [MESSAGE][PASSED] - Scroll to object 'Object Repository/ME_CollateralAndLoan_Vehicle/button_Loan Data' successfully

2022-04-07 14:52:13 - [TEST_STEP][PASSED] - delay(1): Delayed 1 second(s)

2022-04-07 14:52:14 - [MESSAGE][PASSED] - Delayed 1 second(s)

2022-04-07 14:52:14 - [TEST_STEP][PASSED] - setText(findTestObject("ME_CollateralAndLoan_Vehicle/input_On The Road Price_otr"), "150000000"): Text '150000000' is set on object 'Object Repository/ME_CollateralAndLoan_Vehicle/input_On The Road Price_otr'

2022-04-07 14:52:15 - [MESSAGE][PASSED] - Text '150000000' is set on object 'Object Repository/ME_CollateralAndLoan_Vehicle/input_On The Road Price_otr'

2022-04-07 14:52:15 - [TEST_STEP][PASSED] - delay(1): Delayed 1 second(s)

2022-04-07 14:52:16 - [MESSAGE][PASSED] - Delayed 1 second(s)

2022-04-07 14:52:16 - [TEST_STEP][PASSED] - setText(findTestObject("ME_CollateralAndLoan_Vehicle/input_Down Payment_dpNominal"), "0"): Text '0' is set on object 'Object Repository/ME_CollateralAndLoan_Vehicle/input_Down Payment_dpNominal'

2022-04-07 14:52:17 - [MESSAGE][PASSED] - Text '0' is set on object 'Object Repository/ME_CollateralAndLoan_Vehicle/input_Down Payment_dpNominal'

2022-04-07 14:52:17 - [TEST_STEP][PASSED] - delay(1): Delayed 1 second(s)

2022-04-07 14:52:18 - [MESSAGE][PASSED] - Delayed 1 second(s)

2022-04-07 14:52:18 - [TEST_STEP][PASSED] - setText(findTestObject("ME_CollateralAndLoan_Vehicle/input_DP_dpPercent"), "30"): Text '30' is set on object 'Object Repository/ME_CollateralAndLoan_Vehicle/input_DP_dpPercent'

2022-04-07 14:52:19 - [MESSAGE][PASSED] - Text '30' is set on object 'Object Repository/ME_CollateralAndLoan_Vehicle/input_DP_dpPercent'

2022-04-07 14:52:19 - [TEST_STEP][PASSED] - delay(1): Delayed 1 second(s)

2022-04-07 14:52:20 - [MESSAGE][PASSED] - Delayed 1 second(s)

2022-04-07 14:52:20 - [TEST_STEP][PASSED] - setText(findTestObject("ME_CollateralAndLoan_Vehicle/input_Tenor (bulan)_tenor1"), "48"): Text '48' is set on object 'Object Repository/ME_CollateralAndLoan_Vehicle/input_Tenor (bulan)_tenor1'

2022-04-07 14:52:21 - [MESSAGE][PASSED] - Text '48' is set on object 'Object Repository/ME_CollateralAndLoan_Vehicle/input_Tenor (bulan)_tenor1'

2022-04-07 14:52:21 - [TEST_STEP][PASSED] - delay(1): Delayed 1 second(s)

2022-04-07 14:52:22 - [MESSAGE][PASSED] - Delayed 1 second(s)

2022-04-07 14:52:22 - [TEST_STEP][PASSED] - click(findTestObject("ME_CollateralAndLoan_Vehicle/input_Loan Type_inadvance"), OPTIONAL): Object: 'Object Repository/ME_CollateralAndLoan_Vehicle/input_Loan Type_inadvance' is clicked on

2022-04-07 14:52:23 - [MESSAGE][PASSED] - Object: 'Object Repository/ME_CollateralAndLoan_Vehicle/input_Loan Type_inadvance' is clicked on

2022-04-07 14:52:23 - [TEST_STEP][PASSED] - delay(1): Delayed 1 second(s)

2022-04-07 14:52:24 - [MESSAGE][PASSED] - Delayed 1 second(s)

2022-04-07 14:52:24 - [TEST_STEP][PASSED] - setText(findTestObject("ME_CollateralAndLoan_Vehicle/input_Flat Rate_flatRate"), "7"): Text '7' is set on object 'Object Repository/ME_CollateralAndLoan_Vehicle/input_Flat Rate_flatRate'

2022-04-07 14:52:25 - [MESSAGE][PASSED] - Text '7' is set on object 'Object Repository/ME_CollateralAndLoan_Vehicle/input_Flat Rate_flatRate'

2022-04-07 14:52:25 - [TEST_STEP][PASSED] - delay(1): Delayed 1 second(s)

2022-04-07 14:52:26 - [MESSAGE][PASSED] - Delayed 1 second(s)

2022-04-07 14:52:26 - [TEST_STEP][PASSED] - setText(findTestObject("ME_CollateralAndLoan_Vehicle/input_Flat Rate 2_flatRate2"), "7"): Text '7' is set on object 'Object Repository/ME_CollateralAndLoan_Vehicle/input_Flat Rate 2_flatRate2'

2022-04-07 14:52:27 - [MESSAGE][PASSED] - Text '7' is set on object 'Object Repository/ME_CollateralAndLoan_Vehicle/input_Flat Rate 2_flatRate2'

2022-04-07 14:52:27 - [TEST_STEP][PASSED] - delay(1): Delayed 1 second(s)

2022-04-07 14:52:28 - [MESSAGE][PASSED] - Delayed 1 second(s)

2022-04-07 14:52:28 - [TEST_STEP][PASSED] - click(findTestObject("ME_CollateralAndLoan_Vehicle/input_Effective Rate_effectiveRate"), OPTIONAL): Object: 'Object Repository/ME_CollateralAndLoan_Vehicle/input_Effective Rate_effectiveRate' is clicked on

2022-04-07 14:52:29 - [MESSAGE][PASSED] - Object: 'Object Repository/ME_CollateralAndLoan_Vehicle/input_Effective Rate_effectiveRate' is clicked on

2022-04-07 14:52:29 - [TEST_STEP][PASSED] - delay(1): Delayed 1 second(s)

2022-04-07 14:52:30 - [MESSAGE][PASSED] - Delayed 1 second(s)

2022-04-07 14:52:30 - [TEST_STEP][PASSED] - click(findTestObject("ME_CollateralAndLoan_Vehicle/input_Effective Rate 2_effectiveRate2"), OPTIONAL): Object: 'Object Repository/ME_CollateralAndLoan_Vehicle/input_Effective Rate 2_effectiveRate2' is clicked on

2022-04-07 14:52:31 - [MESSAGE][PASSED] - Object: 'Object Repository/ME_CollateralAndLoan_Vehicle/input_Effective Rate 2_effectiveRate2' is clicked on

2022-04-07 14:52:31 - [TEST_STEP][PASSED] - delay(1): Delayed 1 second(s)

2022-04-07 14:52:32 - [MESSAGE][PASSED] - Delayed 1 second(s)

2022-04-07 14:52:32 - [TEST_STEP][PASSED] - setText(findTestObject("ME_CollateralAndLoan_Vehicle/input_Provisional Percent_provisionPercent"), "2"): Text '2' is set on object 'Object Repository/ME_CollateralAndLoan_Vehicle/input_Provisional Percent_provisionPercent'

2022-04-07 14:52:34 - [MESSAGE][PASSED] - Text '2' is set on object 'Object Repository/ME_CollateralAndLoan_Vehicle/input_Provisional Percent_provisionPercent'

2022-04-07 14:52:34 - [TEST_STEP][PASSED] - delay(1): Delayed 1 second(s)

2022-04-07 14:52:35 - [MESSAGE][PASSED] - Delayed 1 second(s)

2022-04-07 14:52:35 - [TEST_STEP][PASSED] - click(findTestObject("ME_CollateralAndLoan_Vehicle/input_Provisional Payment_prepaid"), OPTIONAL): Object: 'Object Repository/ME_CollateralAndLoan_Vehicle/input_Provisional Payment_prepaid' is clicked on

2022-04-07 14:52:37 - [MESSAGE][PASSED] - Object: 'Object Repository/ME_CollateralAndLoan_Vehicle/input_Provisional Payment_prepaid' is clicked on

2022-04-07 14:52:37 - [TEST_STEP][PASSED] - delay(1): Delayed 1 second(s)

2022-04-07 14:52:38 - [MESSAGE][PASSED] - Delayed 1 second(s)

2022-04-07 14:52:38 - [TEST_STEP][PASSED] - setText(findTestObject("ME_CollateralAndLoan_Vehicle/input_Adm Fee_admFee"), "2000000"): Text '2000000' is set on object 'Object Repository/ME_CollateralAndLoan_Vehicle/input_Adm Fee_admFee'

2022-04-07 14:52:42 - [MESSAGE][PASSED] - Text '2000000' is set on object 'Object Repository/ME_CollateralAndLoan_Vehicle/input_Adm Fee_admFee'

2022-04-07 14:52:42 - [TEST_STEP][PASSED] - delay(1): Delayed 1 second(s)

2022-04-07 14:52:43 - [MESSAGE][PASSED] - Delayed 1 second(s)

2022-04-07 14:52:43 - [TEST_STEP][PASSED] - click(findTestObject("ME_CollateralAndLoan_Vehicle/input_Adm Fee Payment_onloan"), OPTIONAL): Object: 'Object Repository/ME_CollateralAndLoan_Vehicle/input_Adm Fee Payment_onloan' is clicked on

2022-04-07 14:52:45 - [MESSAGE][PASSED] - Object: 'Object Repository/ME_CollateralAndLoan_Vehicle/input_Adm Fee Payment_onloan' is clicked on

2022-04-07 14:52:45 - [TEST_STEP][PASSED] - delay(1): Delayed 1 second(s)

2022-04-07 14:52:46 - [MESSAGE][PASSED] - Delayed 1 second(s)

2022-04-07 14:52:46 - [TEST_STEP][PASSED] - click(findTestObject("ME_CollateralAndLoan_Vehicle/input_Adm Fee Payment_prepaid"), OPTIONAL): Object: 'Object Repository/ME_CollateralAndLoan_Vehicle/input_Adm Fee Payment_prepaid' is clicked on

2022-04-07 14:52:48 - [MESSAGE][PASSED] - Object: 'Object Repository/ME_CollateralAndLoan_Vehicle/input_Adm Fee Payment_prepaid' is clicked on

2022-04-07 14:52:48 - [TEST_STEP][PASSED] - delay(1): Delayed 1 second(s)

2022-04-07 14:52:49 - [MESSAGE][PASSED] - Delayed 1 second(s)

2022-04-07 14:52:49 - [TEST_STEP][PASSED] - click(findTestObject("ME_CollateralAndLoan_Vehicle/input_gabung_jenisUnit20"), OPTIONAL): Object: 'Object Repository/ME_CollateralAndLoan_Vehicle/input_gabung_jenisUnit20' is clicked on

2022-04-07 14:52:51 - [MESSAGE][PASSED] - Object: 'Object Repository/ME_CollateralAndLoan_Vehicle/input_gabung_jenisUnit20' is clicked on

2022-04-07 14:52:51 - [TEST_STEP][PASSED] - takeFullPageScreenshotAsCheckpoint(userDir + sprint4WebScreenshootPath + "scenario-3-berhasil-input-data-loan.png"): Taking screenshot successfully

2022-04-07 14:54:46 - [MESSAGE][INFO] - 0 hidden object(s)

2022-04-07 14:54:46 - [MESSAGE][PASSED] - Taking screenshot successfully
[[ATTACHMENT|C:\Users\Nia Yusniati\Git_Asa\BCAF_MEAPP_i3\Screenshoot\Sprint4\Web\keyes\keyes-scenario-3-berhasil-input-data-loan.png]]

2022-04-07 14:54:46 - [TEST_STEP][PASSED] - markPassed("scenario 3 - berhasil input data loan"): scenario 3 - berhasil input data loan

2022-04-07 14:54:46 - [MESSAGE][PASSED] - scenario 3 - berhasil input data loan

2022-04-07 14:54:46 - [TEST_STEP][PASSED] - delay(1): Delayed 1 second(s)

2022-04-07 14:54:47 - [MESSAGE][PASSED] - Delayed 1 second(s)

2022-04-07 14:54:47 - [TEST_STEP][PASSED] - delay(1): Delayed 1 second(s)

2022-04-07 14:54:48 - [MESSAGE][PASSED] - Delayed 1 second(s)

2022-04-07 14:54:48 - [TEST_STEP][PASSED] - click(findTestObject("ME_CollateralAndLoan_Vehicle/button_Insurance"), OPTIONAL): Object: 'Object Repository/ME_CollateralAndLoan_Vehicle/button_Insurance' is clicked on

2022-04-07 14:54:49 - [MESSAGE][PASSED] - Object: 'Object Repository/ME_CollateralAndLoan_Vehicle/button_Insurance' is clicked on

2022-04-07 14:54:49 - [TEST_STEP][PASSED] - delay(1): Delayed 1 second(s)

2022-04-07 14:54:50 - [MESSAGE][PASSED] - Delayed 1 second(s)

2022-04-07 14:54:50 - [TEST_STEP][PASSED] - click(findTestObject("ME_CollateralAndLoan_Vehicle/input_Insurance_inline-checkbox1"), OPTIONAL): Object: 'Object Repository/ME_CollateralAndLoan_Vehicle/input_Insurance_inline-checkbox1' is clicked on

2022-04-07 14:54:51 - [MESSAGE][PASSED] - Object: 'Object Repository/ME_CollateralAndLoan_Vehicle/input_Insurance_inline-checkbox1' is clicked on

2022-04-07 14:54:51 - [TEST_STEP][PASSED] - delay(1): Delayed 1 second(s)

2022-04-07 14:54:52 - [MESSAGE][PASSED] - Delayed 1 second(s)

2022-04-07 14:54:52 - [TEST_STEP][PASSED] - takeFullPageScreenshotAsCheckpoint(userDir + sprint4WebScreenshootPath + "scenario-3-halaman-input-insurance.png"): Taking screenshot successfully

2022-04-07 14:54:53 - [MESSAGE][INFO] - 0 hidden object(s)

2022-04-07 14:54:54 - [MESSAGE][PASSED] - Taking screenshot successfully
[[ATTACHMENT|C:\Users\Nia Yusniati\Git_Asa\BCAF_MEAPP_i3\Screenshoot\Sprint4\Web\keyes\keyes-scenario-3-halaman-input-insurance.png]]

2022-04-07 14:54:54 - [TEST_STEP][PASSED] - markPassed("scenario 3 - halaman input insurance"): scenario 3 - halaman input insurance

2022-04-07 14:54:54 - [MESSAGE][PASSED] - scenario 3 - halaman input insurance

2022-04-07 14:54:54 - [TEST_STEP][PASSED] - delay(1): Delayed 1 second(s)

2022-04-07 14:54:55 - [MESSAGE][PASSED] - Delayed 1 second(s)

2022-04-07 14:54:55 - [TEST_STEP][PASSED] - setText(findTestObject("vehiclekedua/input_carinsurance_kedua"), "NO INSURANCE"): Text 'NO INSURANCE' is set on object 'Object Repository/vehiclekedua/input_carinsurance_kedua'

2022-04-07 14:54:57 - [MESSAGE][PASSED] - Text 'NO INSURANCE' is set on object 'Object Repository/vehiclekedua/input_carinsurance_kedua'

2022-04-07 14:54:57 - [TEST_STEP][PASSED] - delay(1): Delayed 1 second(s)

2022-04-07 14:54:58 - [MESSAGE][PASSED] - Delayed 1 second(s)

2022-04-07 14:54:58 - [TEST_STEP][PASSED] - click(findTestObject("vehiclekedua/div_NO INSURANCE_kedua"), OPTIONAL): Object: 'Object Repository/vehiclekedua/div_NO INSURANCE_kedua' is clicked on

2022-04-07 14:54:59 - [MESSAGE][PASSED] - Object: 'Object Repository/vehiclekedua/div_NO INSURANCE_kedua' is clicked on

2022-04-07 14:54:59 - [TEST_STEP][PASSED] - delay(1): Delayed 1 second(s)

2022-04-07 14:55:00 - [MESSAGE][PASSED] - Delayed 1 second(s)

2022-04-07 14:55:00 - [TEST_STEP][PASSED] - click(findTestObject("vehiclekedua/input_carinsurancebranch_kedua"), OPTIONAL): Object: 'Object Repository/vehiclekedua/input_carinsurancebranch_kedua' is clicked on

2022-04-07 14:55:01 - [MESSAGE][PASSED] - Object: 'Object Repository/vehiclekedua/input_carinsurancebranch_kedua' is clicked on

2022-04-07 14:55:01 - [TEST_STEP][PASSED] - delay(1): Delayed 1 second(s)

2022-04-07 14:55:02 - [MESSAGE][PASSED] - Delayed 1 second(s)

2022-04-07 14:55:02 - [TEST_STEP][PASSED] - setText(findTestObject("vehiclekedua/input_carinsurancebranch_kedua"), "NO INSURANCE", OPTIONAL): Text 'NO INSURANCE' is set on object 'Object Repository/vehiclekedua/input_carinsurancebranch_kedua'

2022-04-07 14:55:04 - [MESSAGE][PASSED] - Text 'NO INSURANCE' is set on object 'Object Repository/vehiclekedua/input_carinsurancebranch_kedua'

2022-04-07 14:55:04 - [TEST_STEP][PASSED] - delay(1): Delayed 1 second(s)

2022-04-07 14:55:05 - [MESSAGE][PASSED] - Delayed 1 second(s)

2022-04-07 14:55:05 - [TEST_STEP][PASSED] - click(findTestObject("ME_CollateralAndLoan_Vehicle/div_NO INSURANCE_branch"), OPTIONAL): Object: 'Object Repository/ME_CollateralAndLoan_Vehicle/div_NO INSURANCE_branch' is clicked on

2022-04-07 14:55:05 - [MESSAGE][PASSED] - Object: 'Object Repository/ME_CollateralAndLoan_Vehicle/div_NO INSURANCE_branch' is clicked on

2022-04-07 14:55:05 - [TEST_STEP][PASSED] - delay(1): Delayed 1 second(s)

2022-04-07 14:55:06 - [MESSAGE][PASSED] - Delayed 1 second(s)

2022-04-07 14:55:06 - [TEST_STEP][PASSED] - click(findTestObject("vehiclekedua/input_carinsurancetype_kedua")): Object: 'Object Repository/vehiclekedua/input_carinsurancetype_kedua' is clicked on

2022-04-07 14:55:07 - [MESSAGE][PASSED] - Object: 'Object Repository/vehiclekedua/input_carinsurancetype_kedua' is clicked on

2022-04-07 14:55:07 - [TEST_STEP][PASSED] - delay(1): Delayed 1 second(s)

2022-04-07 14:55:08 - [MESSAGE][PASSED] - Delayed 1 second(s)

2022-04-07 14:55:08 - [TEST_STEP][PASSED] - setText(findTestObject("vehiclekedua/input_carinsurancetype_kedua"), "all risk"): Text 'all risk' is set on object 'Object Repository/vehiclekedua/input_carinsurancetype_kedua'

2022-04-07 14:55:09 - [MESSAGE][PASSED] - Text 'all risk' is set on object 'Object Repository/vehiclekedua/input_carinsurancetype_kedua'

2022-04-07 14:55:09 - [TEST_STEP][PASSED] - delay(1): Delayed 1 second(s)

2022-04-07 14:55:10 - [MESSAGE][PASSED] - Delayed 1 second(s)

2022-04-07 14:55:10 - [TEST_STEP][PASSED] - click(findTestObject("vehiclekedua/div_All Risk_kedua")): Object: 'Object Repository/vehiclekedua/div_All Risk_kedua' is clicked on

2022-04-07 14:55:11 - [MESSAGE][PASSED] - Object: 'Object Repository/vehiclekedua/div_All Risk_kedua' is clicked on

2022-04-07 14:55:11 - [TEST_STEP][PASSED] - delay(1): Delayed 1 second(s)

2022-04-07 14:55:12 - [MESSAGE][PASSED] - Delayed 1 second(s)

2022-04-07 14:55:12 - [TEST_STEP][PASSED] - click(findTestObject("ME_CollateralAndLoan_Vehicle/input_RSCC_carInsuranceRscc0")): Object: 'Object Repository/ME_CollateralAndLoan_Vehicle/input_RSCC_carInsuranceRscc0' is clicked on

2022-04-07 14:55:13 - [MESSAGE][PASSED] - Object: 'Object Repository/ME_CollateralAndLoan_Vehicle/input_RSCC_carInsuranceRscc0' is clicked on

2022-04-07 14:55:13 - [TEST_STEP][PASSED] - delay(1): Delayed 1 second(s)

2022-04-07 14:55:14 - [MESSAGE][PASSED] - Delayed 1 second(s)

2022-04-07 14:55:14 - [TEST_STEP][PASSED] - click(findTestObject("ME_CollateralAndLoan_Vehicle/input_RSMB_carInsuranceRsmb0")): Object: 'Object Repository/ME_CollateralAndLoan_Vehicle/input_RSMB_carInsuranceRsmb0' is clicked on

2022-04-07 14:55:15 - [MESSAGE][PASSED] - Object: 'Object Repository/ME_CollateralAndLoan_Vehicle/input_RSMB_carInsuranceRsmb0' is clicked on

2022-04-07 14:55:15 - [TEST_STEP][PASSED] - delay(1): Delayed 1 second(s)

2022-04-07 14:55:16 - [MESSAGE][PASSED] - Delayed 1 second(s)

2022-04-07 14:55:16 - [TEST_STEP][PASSED] - click(findTestObject("ME_CollateralAndLoan_Vehicle/input_Insurance Payment_prepaid")): Object: 'Object Repository/ME_CollateralAndLoan_Vehicle/input_Insurance Payment_prepaid' is clicked on

2022-04-07 14:55:17 - [MESSAGE][PASSED] - Object: 'Object Repository/ME_CollateralAndLoan_Vehicle/input_Insurance Payment_prepaid' is clicked on

2022-04-07 14:55:17 - [TEST_STEP][PASSED] - delay(1): Delayed 1 second(s)

2022-04-07 14:55:18 - [MESSAGE][PASSED] - Delayed 1 second(s)

2022-04-07 14:55:18 - [TEST_STEP][PASSED] - click(findTestObject("ME_CollateralAndLoan_Vehicle/input_Machine Warranty_lifeInsurance")): Object: 'Object Repository/ME_CollateralAndLoan_Vehicle/input_Machine Warranty_lifeInsurance' is clicked on

2022-04-07 14:55:19 - [MESSAGE][PASSED] - Object: 'Object Repository/ME_CollateralAndLoan_Vehicle/input_Machine Warranty_lifeInsurance' is clicked on

2022-04-07 14:55:19 - [TEST_STEP][PASSED] - delay(1): Delayed 1 second(s)

2022-04-07 14:55:20 - [MESSAGE][PASSED] - Delayed 1 second(s)

2022-04-07 14:55:20 - [TEST_STEP][PASSED] - takeFullPageScreenshotAsCheckpoint(userDir + sprint4WebScreenshootPath + "scenario-3-halaman-input-life-insurance.png"): Taking screenshot successfully

2022-04-07 14:55:21 - [MESSAGE][INFO] - 0 hidden object(s)

2022-04-07 14:55:22 - [MESSAGE][PASSED] - Taking screenshot successfully
[[ATTACHMENT|C:\Users\Nia Yusniati\Git_Asa\BCAF_MEAPP_i3\Screenshoot\Sprint4\Web\keyes\keyes-scenario-3-halaman-input-life-insurance.png]]

2022-04-07 14:55:22 - [TEST_STEP][PASSED] - markPassed("scenario 3 - halaman input life insurance"): scenario 3 - halaman input life insurance

2022-04-07 14:55:22 - [MESSAGE][PASSED] - scenario 3 - halaman input life insurance

2022-04-07 14:55:22 - [TEST_STEP][PASSED] - delay(1): Delayed 1 second(s)

2022-04-07 14:55:23 - [MESSAGE][PASSED] - Delayed 1 second(s)

2022-04-07 14:55:23 - [TEST_STEP][PASSED] - scrollToElement(findTestObject("ME_CollateralAndLoan_Vehicle/a_Calculate All Unit (1)"), 0): Scroll to object 'Object Repository/ME_CollateralAndLoan_Vehicle/a_Calculate All Unit (1)' successfully

2022-04-07 14:55:23 - [MESSAGE][WARNING] - Timeout '0' is invalid. Using default page load timeout: '30'

2022-04-07 14:55:23 - [MESSAGE][PASSED] - Scroll to object 'Object Repository/ME_CollateralAndLoan_Vehicle/a_Calculate All Unit (1)' successfully

2022-04-07 14:55:23 - [TEST_STEP][PASSED] - delay(1): Delayed 1 second(s)

2022-04-07 14:55:24 - [MESSAGE][PASSED] - Delayed 1 second(s)

2022-04-07 14:55:24 - [TEST_STEP][PASSED] - click(findTestObject("vehiclekedua/input_lifeinsurancecorp_kedua"), OPTIONAL): Object: 'Object Repository/vehiclekedua/input_lifeinsurancecorp_kedua' is clicked on

2022-04-07 14:55:25 - [MESSAGE][PASSED] - Object: 'Object Repository/vehiclekedua/input_lifeinsurancecorp_kedua' is clicked on

2022-04-07 14:55:25 - [TEST_STEP][PASSED] - delay(1): Delayed 1 second(s)

2022-04-07 14:55:26 - [MESSAGE][PASSED] - Delayed 1 second(s)

2022-04-07 14:55:26 - [TEST_STEP][PASSED] - setText(findTestObject("vehiclekedua/input_lifeinsurancecorp_kedua"), "ASURANSI LAINNYA", OPTIONAL): Text 'ASURANSI LAINNYA' is set on object 'Object Repository/vehiclekedua/input_lifeinsurancecorp_kedua'

2022-04-07 14:55:28 - [MESSAGE][PASSED] - Text 'ASURANSI LAINNYA' is set on object 'Object Repository/vehiclekedua/input_lifeinsurancecorp_kedua'

2022-04-07 14:55:28 - [TEST_STEP][PASSED] - delay(1): Delayed 1 second(s)

2022-04-07 14:55:29 - [MESSAGE][PASSED] - Delayed 1 second(s)

2022-04-07 14:55:29 - [TEST_STEP][PASSED] - click(findTestObject("vehiclekedua/div_ASURANSI LAINNYA_kedua"), OPTIONAL): Object: 'Object Repository/vehiclekedua/div_ASURANSI LAINNYA_kedua' is clicked on

2022-04-07 14:55:29 - [MESSAGE][PASSED] - Object: 'Object Repository/vehiclekedua/div_ASURANSI LAINNYA_kedua' is clicked on

2022-04-07 14:55:29 - [TEST_STEP][PASSED] - delay(1): Delayed 1 second(s)

2022-04-07 14:55:30 - [MESSAGE][PASSED] - Delayed 1 second(s)

2022-04-07 14:55:30 - [TEST_STEP][PASSED] - click(findTestObject("vehiclekedua/input_lifeinsurancebranch_kedua"), OPTIONAL): Object: 'Object Repository/vehiclekedua/input_lifeinsurancebranch_kedua' is clicked on

2022-04-07 14:55:31 - [MESSAGE][PASSED] - Object: 'Object Repository/vehiclekedua/input_lifeinsurancebranch_kedua' is clicked on

2022-04-07 14:55:31 - [TEST_STEP][PASSED] - delay(1): Delayed 1 second(s)

2022-04-07 14:55:32 - [MESSAGE][PASSED] - Delayed 1 second(s)

2022-04-07 14:55:32 - [TEST_STEP][PASSED] - setText(findTestObject("vehiclekedua/input_lifeinsurancebranch_kedua"), "AS. LAINNYA", OPTIONAL): Text 'AS. LAINNYA' is set on object 'Object Repository/vehiclekedua/input_lifeinsurancebranch_kedua'

2022-04-07 14:55:34 - [MESSAGE][PASSED] - Text 'AS. LAINNYA' is set on object 'Object Repository/vehiclekedua/input_lifeinsurancebranch_kedua'

2022-04-07 14:55:34 - [TEST_STEP][PASSED] - delay(1): Delayed 1 second(s)

2022-04-07 14:55:35 - [MESSAGE][PASSED] - Delayed 1 second(s)

2022-04-07 14:55:35 - [TEST_STEP][PASSED] - click(findTestObject("ME_CollateralAndLoan_Vehicle/div_AS. LAINNYA_lifeinsurance"), OPTIONAL): Object: 'Object Repository/ME_CollateralAndLoan_Vehicle/div_AS. LAINNYA_lifeinsurance' is clicked on

2022-04-07 14:55:36 - [MESSAGE][PASSED] - Object: 'Object Repository/ME_CollateralAndLoan_Vehicle/div_AS. LAINNYA_lifeinsurance' is clicked on

2022-04-07 14:55:36 - [TEST_STEP][PASSED] - delay(1): Delayed 1 second(s)

2022-04-07 14:55:37 - [MESSAGE][PASSED] - Delayed 1 second(s)

2022-04-07 14:55:37 - [TEST_STEP][PASSED] - click(findTestObject("ME_CollateralAndLoan_Vehicle/input_Annual_lifeInsurancePayment"), OPTIONAL): Object: 'Object Repository/ME_CollateralAndLoan_Vehicle/input_Annual_lifeInsurancePayment' is clicked on

2022-04-07 14:55:37 - [MESSAGE][PASSED] - Object: 'Object Repository/ME_CollateralAndLoan_Vehicle/input_Annual_lifeInsurancePayment' is clicked on

2022-04-07 14:55:37 - [TEST_STEP][PASSED] - delay(1): Delayed 1 second(s)

2022-04-07 14:55:38 - [MESSAGE][PASSED] - Delayed 1 second(s)

2022-04-07 14:55:38 - [TEST_STEP][PASSED] - takeFullPageScreenshotAsCheckpoint(userDir + sprint4WebScreenshootPath + "scenario-3-berhasil-input-data-insurance.png"): Taking screenshot successfully

2022-04-07 14:55:40 - [MESSAGE][INFO] - 0 hidden object(s)

2022-04-07 14:55:40 - [MESSAGE][PASSED] - Taking screenshot successfully
[[ATTACHMENT|C:\Users\Nia Yusniati\Git_Asa\BCAF_MEAPP_i3\Screenshoot\Sprint4\Web\keyes\keyes-scenario-3-berhasil-input-data-insurance.png]]

2022-04-07 14:55:40 - [TEST_STEP][PASSED] - markPassed("scenario 3 - berhasil input data insurance"): scenario 3 - berhasil input data insurance

2022-04-07 14:55:40 - [MESSAGE][PASSED] - scenario 3 - berhasil input data insurance

2022-04-07 14:55:40 - [TEST_STEP][PASSED] - delay(1): Delayed 1 second(s)

2022-04-07 14:55:41 - [MESSAGE][PASSED] - Delayed 1 second(s)

2022-04-07 14:55:41 - [TEST_STEP][PASSED] - click(findTestObject("ME_CollateralAndLoan_Vehicle/button_Note"), OPTIONAL): Object: 'Object Repository/ME_CollateralAndLoan_Vehicle/button_Note' is clicked on

2022-04-07 14:55:42 - [MESSAGE][PASSED] - Object: 'Object Repository/ME_CollateralAndLoan_Vehicle/button_Note' is clicked on

2022-04-07 14:55:42 - [TEST_STEP][PASSED] - delay(1): Delayed 1 second(s)

2022-04-07 14:55:43 - [MESSAGE][PASSED] - Delayed 1 second(s)

2022-04-07 14:55:43 - [TEST_STEP][PASSED] - takeFullPageScreenshotAsCheckpoint(userDir + sprint4WebScreenshootPath + "scenario-3-submenu-notes.png"): Taking screenshot successfully

2022-04-07 14:55:44 - [MESSAGE][INFO] - 0 hidden object(s)

2022-04-07 14:55:44 - [MESSAGE][PASSED] - Taking screenshot successfully
[[ATTACHMENT|C:\Users\Nia Yusniati\Git_Asa\BCAF_MEAPP_i3\Screenshoot\Sprint4\Web\keyes\keyes-scenario-3-submenu-notes.png]]

2022-04-07 14:55:44 - [TEST_STEP][PASSED] - markPassed("scenario 3 - submenu notes"): scenario 3 - submenu notes

2022-04-07 14:55:44 - [MESSAGE][PASSED] - scenario 3 - submenu notes

2022-04-07 14:55:44 - [TEST_STEP][PASSED] - delay(1): Delayed 1 second(s)

2022-04-07 14:55:45 - [MESSAGE][PASSED] - Delayed 1 second(s)

2022-04-07 14:55:45 - [TEST_STEP][PASSED] - setText(findTestObject("ME_CollateralAndLoan_Vehicle/textarea_Note CMO_noteCMO"), "notes cmo note cmo"): Text 'notes cmo note cmo' is set on object 'Object Repository/ME_CollateralAndLoan_Vehicle/textarea_Note CMO_noteCMO'

2022-04-07 14:55:47 - [MESSAGE][PASSED] - Text 'notes cmo note cmo' is set on object 'Object Repository/ME_CollateralAndLoan_Vehicle/textarea_Note CMO_noteCMO'

2022-04-07 14:55:47 - [TEST_STEP][PASSED] - delay(1): Delayed 1 second(s)

2022-04-07 14:55:48 - [MESSAGE][PASSED] - Delayed 1 second(s)

2022-04-07 14:55:48 - [TEST_STEP][PASSED] - takeFullPageScreenshotAsCheckpoint(userDir + sprint4WebScreenshootPath + "scenario-3-submenu-notes.png"): Taking screenshot successfully

2022-04-07 14:55:49 - [MESSAGE][INFO] - 0 hidden object(s)

2022-04-07 14:55:49 - [MESSAGE][PASSED] - Taking screenshot successfully
[[ATTACHMENT|C:\Users\Nia Yusniati\Git_Asa\BCAF_MEAPP_i3\Screenshoot\Sprint4\Web\keyes\keyes-scenario-3-submenu-notes.png]]

2022-04-07 14:55:49 - [TEST_STEP][PASSED] - markPassed("scenario 3 - berhasil input  notes CMO"): scenario 3 - berhasil input  notes CMO

2022-04-07 14:55:49 - [MESSAGE][PASSED] - scenario 3 - berhasil input  notes CMO

2022-04-07 14:55:49 - [TEST_STEP][PASSED] - delay(1): Delayed 1 second(s)

2022-04-07 14:55:50 - [MESSAGE][PASSED] - Delayed 1 second(s)

2022-04-07 14:55:50 - [TEST_STEP][PASSED] - click(findTestObject("vehiclekedua/a_Add Unit Kendaraan_kedua")): Object: 'Object Repository/vehiclekedua/a_Add Unit Kendaraan_kedua' is clicked on

2022-04-07 14:55:51 - [MESSAGE][PASSED] - Object: 'Object Repository/vehiclekedua/a_Add Unit Kendaraan_kedua' is clicked on

2022-04-07 14:55:51 - [TEST_STEP][PASSED] - delay(1): Delayed 1 second(s)

2022-04-07 14:55:52 - [MESSAGE][PASSED] - Delayed 1 second(s)

2022-04-07 14:55:52 - [TEST_STEP][PASSED] - takeFullPageScreenshotAsCheckpoint(userDir + sprint4WebScreenshootPath + "scenario-3-pop-up-add-kendaraan.png"): Taking screenshot successfully

2022-04-07 14:55:53 - [MESSAGE][INFO] - 0 hidden object(s)

2022-04-07 14:55:54 - [MESSAGE][PASSED] - Taking screenshot successfully
[[ATTACHMENT|C:\Users\Nia Yusniati\Git_Asa\BCAF_MEAPP_i3\Screenshoot\Sprint4\Web\keyes\keyes-scenario-3-pop-up-add-kendaraan.png]]

2022-04-07 14:55:54 - [TEST_STEP][PASSED] - markPassed("scenario 3 - Popup add unit kendaraan"): scenario 3 - Popup add unit kendaraan

2022-04-07 14:55:54 - [MESSAGE][PASSED] - scenario 3 - Popup add unit kendaraan

2022-04-07 14:55:54 - [TEST_STEP][PASSED] - delay(1): Delayed 1 second(s)

2022-04-07 14:55:55 - [MESSAGE][PASSED] - Delayed 1 second(s)

2022-04-07 14:55:55 - [TEST_STEP][PASSED] - setText(findTestObject("vehiclekedua/input_Jumlah unit_kedua"), "2"): Text '2' is set on object 'Object Repository/vehiclekedua/input_Jumlah unit_kedua'

2022-04-07 14:55:56 - [MESSAGE][PASSED] - Text '2' is set on object 'Object Repository/vehiclekedua/input_Jumlah unit_kedua'

2022-04-07 14:55:56 - [TEST_STEP][PASSED] - delay(1): Delayed 1 second(s)

2022-04-07 14:55:57 - [MESSAGE][PASSED] - Delayed 1 second(s)

2022-04-07 14:55:57 - [TEST_STEP][PASSED] - click(findTestObject("ME_CollateralAndLoan_Vehicle/input_ya_copy_addunit")): Object: 'Object Repository/ME_CollateralAndLoan_Vehicle/input_ya_copy_addunit' is clicked on

2022-04-07 14:55:57 - [MESSAGE][PASSED] - Object: 'Object Repository/ME_CollateralAndLoan_Vehicle/input_ya_copy_addunit' is clicked on

2022-04-07 14:55:57 - [TEST_STEP][PASSED] - delay(1): Delayed 1 second(s)

2022-04-07 14:55:58 - [MESSAGE][PASSED] - Delayed 1 second(s)

2022-04-07 14:55:58 - [TEST_STEP][PASSED] - click(findTestObject("ME_CollateralAndLoan_Vehicle/span_Pilih Unit")): Object: 'Object Repository/ME_CollateralAndLoan_Vehicle/span_Pilih Unit' is clicked on

2022-04-07 14:55:59 - [MESSAGE][PASSED] - Object: 'Object Repository/ME_CollateralAndLoan_Vehicle/span_Pilih Unit' is clicked on

2022-04-07 14:55:59 - [TEST_STEP][PASSED] - delay(1): Delayed 1 second(s)

2022-04-07 14:56:00 - [MESSAGE][PASSED] - Delayed 1 second(s)

2022-04-07 14:56:00 - [TEST_STEP][PASSED] - setText(findTestObject("vehiclekedua/input_Add_select2-search__field-UNIT_yangakandicopy_kedua"), "Unit 1"): Text 'Unit 1' is set on object 'Object Repository/vehiclekedua/input_Add_select2-search__field-UNIT_yangakandicopy_kedua'

2022-04-07 14:56:02 - [MESSAGE][PASSED] - Text 'Unit 1' is set on object 'Object Repository/vehiclekedua/input_Add_select2-search__field-UNIT_yangakandicopy_kedua'

2022-04-07 14:56:02 - [TEST_STEP][PASSED] - delay(1): Delayed 1 second(s)

2022-04-07 14:56:03 - [MESSAGE][PASSED] - Delayed 1 second(s)

2022-04-07 14:56:03 - [TEST_STEP][PASSED] - sendKeys(findTestObject("vehiclekedua/input_Add_select2-search__field-UNIT_yangakandicopy_kedua"), Keys.chord(ENTER)): Keys 'ENTER + ' sent to object: 'Object Repository/vehiclekedua/input_Add_select2-search__field-UNIT_yangakandicopy_kedua'

2022-04-07 14:56:03 - [MESSAGE][PASSED] - Keys 'ENTER + ' sent to object: 'Object Repository/vehiclekedua/input_Add_select2-search__field-UNIT_yangakandicopy_kedua'

2022-04-07 14:56:03 - [TEST_STEP][PASSED] - delay(1): Delayed 1 second(s)

2022-04-07 14:56:04 - [MESSAGE][PASSED] - Delayed 1 second(s)

2022-04-07 14:56:04 - [TEST_STEP][PASSED] - takeFullPageScreenshotAsCheckpoint(userDir + sprint4WebScreenshootPath + "scenario-3-berhasil-add-kendaraan.png"): Taking screenshot successfully

2022-04-07 14:56:05 - [MESSAGE][INFO] - 0 hidden object(s)

2022-04-07 14:56:06 - [MESSAGE][PASSED] - Taking screenshot successfully
[[ATTACHMENT|C:\Users\Nia Yusniati\Git_Asa\BCAF_MEAPP_i3\Screenshoot\Sprint4\Web\keyes\keyes-scenario-3-berhasil-add-kendaraan.png]]

2022-04-07 14:56:06 - [TEST_STEP][PASSED] - markPassed("scenario 3 - berhasil add unit kendaraan"): scenario 3 - berhasil add unit kendaraan

2022-04-07 14:56:06 - [MESSAGE][PASSED] - scenario 3 - berhasil add unit kendaraan

2022-04-07 14:56:06 - [TEST_STEP][PASSED] - delay(1): Delayed 1 second(s)

2022-04-07 14:56:07 - [MESSAGE][PASSED] - Delayed 1 second(s)

2022-04-07 14:56:07 - [TEST_STEP][PASSED] - click(findTestObject("ME_CollateralAndLoan_Vehicle/button_Add_unit")): Object: 'Object Repository/ME_CollateralAndLoan_Vehicle/button_Add_unit' is clicked on

2022-04-07 14:56:08 - [MESSAGE][PASSED] - Object: 'Object Repository/ME_CollateralAndLoan_Vehicle/button_Add_unit' is clicked on

2022-04-07 14:56:08 - [TEST_STEP][PASSED] - delay(1): Delayed 1 second(s)

2022-04-07 14:56:09 - [MESSAGE][PASSED] - Delayed 1 second(s)

2022-04-07 14:56:09 - [TEST_STEP][PASSED] - click(findTestObject("ME_CollateralAndLoan_Vehicle/a_Calculate All Unit")): Object: 'Object Repository/ME_CollateralAndLoan_Vehicle/a_Calculate All Unit' is clicked on

2022-04-07 14:56:11 - [MESSAGE][PASSED] - Object: 'Object Repository/ME_CollateralAndLoan_Vehicle/a_Calculate All Unit' is clicked on

2022-04-07 14:56:11 - [TEST_STEP][PASSED] - delay(1): Delayed 1 second(s)

2022-04-07 14:56:12 - [MESSAGE][PASSED] - Delayed 1 second(s)

2022-04-07 14:56:12 - [TEST_STEP][PASSED] - verifyElementPresent(findTestObject("ME_CollateralAndLoan_Vehicle/label_Summary Total"), 0): Object 'Object Repository/ME_CollateralAndLoan_Vehicle/label_Summary Total' is present

2022-04-07 14:56:12 - [MESSAGE][WARNING] - Timeout '0' is invalid. Using default page load timeout: '30'

2022-04-07 14:56:16 - [MESSAGE][PASSED] - Object 'Object Repository/ME_CollateralAndLoan_Vehicle/label_Summary Total' is present

2022-04-07 14:56:16 - [TEST_STEP][PASSED] - delay(1): Delayed 1 second(s)

2022-04-07 14:56:17 - [MESSAGE][PASSED] - Delayed 1 second(s)

2022-04-07 14:56:17 - [TEST_STEP][PASSED] - takeFullPageScreenshotAsCheckpoint(userDir + sprint4WebScreenshootPath + "scenario-3-pop-up-summary-total.png"): Taking screenshot successfully

2022-04-07 14:56:18 - [MESSAGE][INFO] - 0 hidden object(s)

2022-04-07 14:56:18 - [MESSAGE][PASSED] - Taking screenshot successfully
[[ATTACHMENT|C:\Users\Nia Yusniati\Git_Asa\BCAF_MEAPP_i3\Screenshoot\Sprint4\Web\keyes\keyes-scenario-3-pop-up-summary-total.png]]

2022-04-07 14:56:18 - [TEST_STEP][PASSED] - markPassed("scenario 3 - Popup summary total"): scenario 3 - Popup summary total

2022-04-07 14:56:18 - [MESSAGE][PASSED] - scenario 3 - Popup summary total

2022-04-07 14:56:18 - [TEST_STEP][PASSED] - delay(1): Delayed 1 second(s)

2022-04-07 14:56:19 - [MESSAGE][PASSED] - Delayed 1 second(s)

2022-04-07 14:56:19 - [TEST_STEP][PASSED] - verifyElementPresent(findTestObject("ME_CollateralAndLoan_Vehicle/div_Calculating Summary_mx-0 proceed-state state-1_success"), 0): Object 'Object Repository/ME_CollateralAndLoan_Vehicle/div_Calculating Summary_mx-0 proceed-state state-1_success' is present

2022-04-07 14:56:19 - [MESSAGE][WARNING] - Timeout '0' is invalid. Using default page load timeout: '30'

2022-04-07 14:56:20 - [MESSAGE][PASSED] - Object 'Object Repository/ME_CollateralAndLoan_Vehicle/div_Calculating Summary_mx-0 proceed-state state-1_success' is present

2022-04-07 14:56:20 - [TEST_STEP][PASSED] - delay(1): Delayed 1 second(s)

2022-04-07 14:56:21 - [MESSAGE][PASSED] - Delayed 1 second(s)

2022-04-07 14:56:21 - [TEST_STEP][PASSED] - click(findTestObject("ME_CollateralAndLoan_Vehicle/a_Close_calculate")): Object: 'Object Repository/ME_CollateralAndLoan_Vehicle/a_Close_calculate' is clicked on

2022-04-07 14:56:22 - [MESSAGE][PASSED] - Object: 'Object Repository/ME_CollateralAndLoan_Vehicle/a_Close_calculate' is clicked on]]></system-out>
         <system-err><![CDATA[]]></system-err>
      </testcase>
      <testcase name="Test Cases/Sprint 4/Skenario 3/03-04-Transaction-InputPenyimpangan-ProcessBM" time="38.777" classname="Test Cases/Sprint 4/Skenario 3/03-04-Transaction-InputPenyimpangan-ProcessBM" status="PASSED">
         <system-out><![CDATA[2022-04-07 14:56:22 - [TEST_CASE][PASSED] - Test Cases/Sprint 4/Skenario 3/03-04-Transaction-InputPenyimpangan-ProcessBM: Test Cases/Sprint 4/Skenario 3/03-04-Transaction-InputPenyimpangan-ProcessBM

2022-04-07 14:56:23 - [TEST_STEP][PASSED] - userDir = getProjectDir(): null

2022-04-07 14:56:23 - [TEST_STEP][PASSED] - scrollToPosition(0, 0): Browser is scrolled to position x = 0, y = 0

2022-04-07 14:56:23 - [MESSAGE][PASSED] - Browser is scrolled to position x = 0, y = 0

2022-04-07 14:56:23 - [TEST_STEP][PASSED] - click(findTestObject("Object Repository/Penyimpangan/span_Penyimpangan"), OPTIONAL): Object: 'Object Repository/Penyimpangan/span_Penyimpangan' is clicked on

2022-04-07 14:56:24 - [MESSAGE][PASSED] - Object: 'Object Repository/Penyimpangan/span_Penyimpangan' is clicked on

2022-04-07 14:56:24 - [TEST_STEP][PASSED] - delay(1): Delayed 1 second(s)

2022-04-07 14:56:25 - [MESSAGE][PASSED] - Delayed 1 second(s)

2022-04-07 14:56:25 - [TEST_STEP][PASSED] - takeFullPageScreenshotAsCheckpoint(userDir + sprint4WebScreenshootPath + "scenario-3-masuk-menu-penyimpangan.png"): Taking screenshot successfully

2022-04-07 14:56:26 - [MESSAGE][INFO] - 0 hidden object(s)

2022-04-07 14:56:26 - [MESSAGE][PASSED] - Taking screenshot successfully
[[ATTACHMENT|C:\Users\Nia Yusniati\Git_Asa\BCAF_MEAPP_i3\Screenshoot\Sprint4\Web\keyes\keyes-scenario-3-masuk-menu-penyimpangan.png]]

2022-04-07 14:56:26 - [TEST_STEP][PASSED] - markPassed("scenario 3 - Masuk menu penyimpangan"): scenario 3 - Masuk menu penyimpangan

2022-04-07 14:56:26 - [MESSAGE][PASSED] - scenario 3 - Masuk menu penyimpangan

2022-04-07 14:56:26 - [TEST_STEP][PASSED] - delay(1): Delayed 1 second(s)

2022-04-07 14:56:27 - [MESSAGE][PASSED] - Delayed 1 second(s)

2022-04-07 14:56:27 - [TEST_STEP][PASSED] - setText(findTestObject("Object Repository/Penyimpangan/input_keyword"), processBM_keyword, OPTIONAL): Text 'BM - (Tidak berlaku lagi) Bukti rumah berupa AJB / PBB / PPJB / HGB / Perjanjian Kredit KPR yang menunjukkan alamat sesuai dengan tempat tinggal konsumen (dapat atas nama pemohon / pasangan / anak / orang tua / mertua) (CS)' is set on object 'Object Repository/Penyimpangan/input_keyword'

2022-04-07 14:56:40 - [MESSAGE][PASSED] - Text 'BM - (Tidak berlaku lagi) Bukti rumah berupa AJB / PBB / PPJB / HGB / Perjanjian Kredit KPR yang menunjukkan alamat sesuai dengan tempat tinggal konsumen (dapat atas nama pemohon / pasangan / anak / orang tua / mertua) (CS)' is set on object 'Object Repository/Penyimpangan/input_keyword'

2022-04-07 14:56:40 - [TEST_STEP][PASSED] - takeFullPageScreenshotAsCheckpoint(userDir + sprint4WebScreenshootPath + "scenario-3-input-penyimpangan.png"): Taking screenshot successfully

2022-04-07 14:56:42 - [MESSAGE][INFO] - 0 hidden object(s)

2022-04-07 14:56:42 - [MESSAGE][PASSED] - Taking screenshot successfully
[[ATTACHMENT|C:\Users\Nia Yusniati\Git_Asa\BCAF_MEAPP_i3\Screenshoot\Sprint4\Web\keyes\keyes-scenario-3-input-penyimpangan.png]]

2022-04-07 14:56:42 - [TEST_STEP][PASSED] - markPassed("scenario 3 - Input penyimpangan"): scenario 3 - Input penyimpangan

2022-04-07 14:56:42 - [MESSAGE][PASSED] - scenario 3 - Input penyimpangan

2022-04-07 14:56:42 - [TEST_STEP][PASSED] - delay(1): Delayed 1 second(s)

2022-04-07 14:56:43 - [MESSAGE][PASSED] - Delayed 1 second(s)

2022-04-07 14:56:43 - [TEST_STEP][PASSED] - delay(1): Delayed 1 second(s)

2022-04-07 14:56:44 - [MESSAGE][PASSED] - Delayed 1 second(s)

2022-04-07 14:56:44 - [TEST_STEP][PASSED] - click(findTestObject("Object Repository/Penyimpangan/span_BM 1"), OPTIONAL): Object: 'Object Repository/Penyimpangan/span_BM 1' is clicked on

2022-04-07 14:56:45 - [MESSAGE][PASSED] - Object: 'Object Repository/Penyimpangan/span_BM 1' is clicked on

2022-04-07 14:56:45 - [TEST_STEP][PASSED] - delay(1): Delayed 1 second(s)

2022-04-07 14:56:46 - [MESSAGE][PASSED] - Delayed 1 second(s)

2022-04-07 14:56:46 - [TEST_STEP][PASSED] - scrollToElement(findTestObject("Object Repository/Penyimpangan/textarea_Catatan_note"), 0, OPTIONAL): Scroll to object 'Object Repository/Penyimpangan/textarea_Catatan_note' successfully

2022-04-07 14:56:46 - [MESSAGE][WARNING] - Timeout '0' is invalid. Using default page load timeout: '30'

2022-04-07 14:56:46 - [MESSAGE][PASSED] - Scroll to object 'Object Repository/Penyimpangan/textarea_Catatan_note' successfully

2022-04-07 14:56:46 - [TEST_STEP][PASSED] - delay(1): Delayed 1 second(s)

2022-04-07 14:56:47 - [MESSAGE][PASSED] - Delayed 1 second(s)

2022-04-07 14:56:47 - [TEST_STEP][PASSED] - setText(findTestObject("Object Repository/Penyimpangan/textarea_Catatan_note"), processBM_catatanNote, OPTIONAL): Text 'Pengajuan 3' is set on object 'Object Repository/Penyimpangan/textarea_Catatan_note'

2022-04-07 14:56:49 - [MESSAGE][PASSED] - Text 'Pengajuan 3' is set on object 'Object Repository/Penyimpangan/textarea_Catatan_note'

2022-04-07 14:56:49 - [TEST_STEP][PASSED] - delay(1): Delayed 1 second(s)

2022-04-07 14:56:50 - [MESSAGE][PASSED] - Delayed 1 second(s)

2022-04-07 14:56:50 - [TEST_STEP][PASSED] - takeFullPageScreenshotAsCheckpoint(userDir + sprint4WebScreenshootPath + "scenario-3-input-penyimpangan-selesai.png"): Taking screenshot successfully

2022-04-07 14:56:51 - [MESSAGE][INFO] - 0 hidden object(s)

2022-04-07 14:56:51 - [MESSAGE][PASSED] - Taking screenshot successfully
[[ATTACHMENT|C:\Users\Nia Yusniati\Git_Asa\BCAF_MEAPP_i3\Screenshoot\Sprint4\Web\keyes\keyes-scenario-3-input-penyimpangan-selesai.png]]

2022-04-07 14:56:51 - [TEST_STEP][PASSED] - markPassed("scenario 3 - Input penyimpangan selesai"): scenario 3 - Input penyimpangan selesai

2022-04-07 14:56:51 - [MESSAGE][PASSED] - scenario 3 - Input penyimpangan selesai

2022-04-07 14:56:51 - [TEST_STEP][PASSED] - delay(1): Delayed 1 second(s)

2022-04-07 14:56:52 - [MESSAGE][PASSED] - Delayed 1 second(s)

2022-04-07 14:56:52 - [TEST_STEP][PASSED] - click(findTestObject("Object Repository/Penyimpangan/span_Proceed"), OPTIONAL): Object: 'Object Repository/Penyimpangan/span_Proceed' is clicked on

2022-04-07 14:56:53 - [MESSAGE][PASSED] - Object: 'Object Repository/Penyimpangan/span_Proceed' is clicked on

2022-04-07 14:56:53 - [TEST_STEP][PASSED] - takeFullPageScreenshotAsCheckpoint(userDir + sprint4WebScreenshootPath + "scenario-3-berhasil-proceed.png"): Taking screenshot successfully

2022-04-07 14:56:54 - [MESSAGE][INFO] - 0 hidden object(s)

2022-04-07 14:56:55 - [MESSAGE][PASSED] - Taking screenshot successfully
[[ATTACHMENT|C:\Users\Nia Yusniati\Git_Asa\BCAF_MEAPP_i3\Screenshoot\Sprint4\Web\keyes\keyes-scenario-3-berhasil-proceed.png]]

2022-04-07 14:56:55 - [TEST_STEP][PASSED] - markPassed("scenario 3 - berhasil proceed"): scenario 3 - berhasil proceed

2022-04-07 14:56:55 - [MESSAGE][PASSED] - scenario 3 - berhasil proceed

2022-04-07 14:56:55 - [TEST_STEP][PASSED] - delay(5): Delayed 5 second(s)

2022-04-07 14:57:00 - [MESSAGE][PASSED] - Delayed 5 second(s)

2022-04-07 14:57:00 - [TEST_STEP][PASSED] - getSearch3 = getText(findTestObject("Object Repository/Penyimpangan/SetSearch")): Text of object 'Object Repository/Penyimpangan/SetSearch' is: '4003937'

2022-04-07 14:57:00 - [MESSAGE][PASSED] - Text of object 'Object Repository/Penyimpangan/SetSearch' is: '4003937'

2022-04-07 14:57:00 - [TEST_STEP][PASSED] - println(getSearch3): null

2022-04-07 14:57:00 - [TEST_STEP][PASSED] - Search3 = getSearch3: null]]></system-out>
         <system-err><![CDATA[]]></system-err>
      </testcase>
      <testcase name="Test Cases/Sprint 4/Skenario 3/03-05-Transaction-InquiryStatus-SearchPengajuan" time="509.622" classname="Test Cases/Sprint 4/Skenario 3/03-05-Transaction-InquiryStatus-SearchPengajuan" status="PASSED">
         <system-out><![CDATA[2022-04-07 14:57:00 - [TEST_CASE][PASSED] - Test Cases/Sprint 4/Skenario 3/03-05-Transaction-InquiryStatus-SearchPengajuan: Test Cases/Sprint 4/Skenario 3/03-05-Transaction-InquiryStatus-SearchPengajuan

2022-04-07 14:57:02 - [TEST_STEP][PASSED] - userDir = getProjectDir(): null

2022-04-07 14:57:02 - [TEST_STEP][PASSED] - click(findTestObject("Inquiry_Status/a_Close")): Object: 'Object Repository/Inquiry_Status/a_Close' is clicked on

2022-04-07 14:57:02 - [MESSAGE][PASSED] - Object: 'Object Repository/Inquiry_Status/a_Close' is clicked on

2022-04-07 14:57:02 - [TEST_STEP][PASSED] - id1 = Search1: null

2022-04-07 14:57:02 - [TEST_STEP][PASSED] - id2 = Search2: null

2022-04-07 14:57:02 - [TEST_STEP][PASSED] - id3 = Search3: null

2022-04-07 14:57:02 - [TEST_STEP][PASSED] - println(id1): null

2022-04-07 14:57:02 - [TEST_STEP][PASSED] - println(id2): null

2022-04-07 14:57:02 - [TEST_STEP][PASSED] - println(id3): null

2022-04-07 14:57:02 - [TEST_STEP][PASSED] - delay(1): Delayed 1 second(s)

2022-04-07 14:57:03 - [MESSAGE][PASSED] - Delayed 1 second(s)

2022-04-07 14:57:03 - [TEST_STEP][PASSED] - click(findTestObject("Object Repository/Inquiry_Status/span_Inquiry Status Aplikasi"), OPTIONAL): Object: 'Object Repository/Inquiry_Status/span_Inquiry Status Aplikasi' is clicked on

2022-04-07 14:57:04 - [MESSAGE][PASSED] - Object: 'Object Repository/Inquiry_Status/span_Inquiry Status Aplikasi' is clicked on

2022-04-07 14:57:04 - [TEST_STEP][PASSED] - delay(1): Delayed 1 second(s)

2022-04-07 14:57:05 - [MESSAGE][PASSED] - Delayed 1 second(s)

2022-04-07 14:57:05 - [TEST_STEP][PASSED] - takeFullPageScreenshotAsCheckpoint(userDir + sprint4WebScreenshootPath + "scenario-3-menu-inquiry-status.png"): Taking screenshot successfully

2022-04-07 14:57:06 - [MESSAGE][INFO] - 0 hidden object(s)

2022-04-07 14:57:06 - [MESSAGE][PASSED] - Taking screenshot successfully
[[ATTACHMENT|C:\Users\Nia Yusniati\Git_Asa\BCAF_MEAPP_i3\Screenshoot\Sprint4\Web\keyes\keyes-scenario-3-menu-inquiry-status.png]]

2022-04-07 14:57:06 - [TEST_STEP][PASSED] - markPassed("scenario 3 - menu inquiry status"): scenario 3 - menu inquiry status

2022-04-07 14:57:06 - [MESSAGE][PASSED] - scenario 3 - menu inquiry status

2022-04-07 14:57:06 - [TEST_STEP][PASSED] - delay(1): Delayed 1 second(s)

2022-04-07 14:57:07 - [MESSAGE][PASSED] - Delayed 1 second(s)

2022-04-07 14:57:07 - [TEST_STEP][PASSED] - setText(findTestObject("Object Repository/Inquiry_Status/input_Mobile ID  Application ID_form-control ng-untouched ng-pristine ng-valid"), id1, OPTIONAL): Text '' is set on object 'Object Repository/Inquiry_Status/input_Mobile ID  Application ID_form-control ng-untouched ng-pristine ng-valid'

2022-04-07 14:57:08 - [MESSAGE][PASSED] - Text '' is set on object 'Object Repository/Inquiry_Status/input_Mobile ID  Application ID_form-control ng-untouched ng-pristine ng-valid'

2022-04-07 14:57:08 - [TEST_STEP][PASSED] - delay(2): Delayed 2 second(s)

2022-04-07 14:57:10 - [MESSAGE][PASSED] - Delayed 2 second(s)

2022-04-07 14:57:10 - [TEST_STEP][PASSED] - click(findTestObject("Object Repository/Inquiry_Status/span_Search"), OPTIONAL): Object: 'Object Repository/Inquiry_Status/span_Search' is clicked on

2022-04-07 14:57:10 - [MESSAGE][PASSED] - Object: 'Object Repository/Inquiry_Status/span_Search' is clicked on

2022-04-07 14:57:10 - [TEST_STEP][PASSED] - delay(5): Delayed 5 second(s)

2022-04-07 14:57:15 - [MESSAGE][PASSED] - Delayed 5 second(s)

2022-04-07 14:57:15 - [TEST_STEP][PASSED] - takeFullPageScreenshotAsCheckpoint(userDir + sprint4WebScreenshootPath + "scenario-3-input-search-inquiry-status-data-pengajuan-1.png"): Taking screenshot successfully

2022-04-07 14:57:16 - [MESSAGE][INFO] - 0 hidden object(s)

2022-04-07 14:57:16 - [MESSAGE][PASSED] - Taking screenshot successfully
[[ATTACHMENT|C:\Users\Nia Yusniati\Git_Asa\BCAF_MEAPP_i3\Screenshoot\Sprint4\Web\keyes\keyes-scenario-3-input-search-inquiry-status-data-pengajuan-1.png]]

2022-04-07 14:57:16 - [TEST_STEP][PASSED] - markPassed("scenario 3 - input search inquiry status data pengajuan 1"): scenario 3 - input search inquiry status data pengajuan 1

2022-04-07 14:57:16 - [MESSAGE][PASSED] - scenario 3 - input search inquiry status data pengajuan 1

2022-04-07 14:57:16 - [TEST_STEP][PASSED] - delay(1): Delayed 1 second(s)

2022-04-07 14:57:17 - [MESSAGE][PASSED] - Delayed 1 second(s)

2022-04-07 14:57:17 - [TEST_STEP][PASSED] - setText(findTestObject("Object Repository/Inquiry_Status/input_Mobile ID  Application ID_form-control ng-untouched ng-pristine ng-valid"), id2): Text '' is set on object 'Object Repository/Inquiry_Status/input_Mobile ID  Application ID_form-control ng-untouched ng-pristine ng-valid'

2022-04-07 14:57:18 - [MESSAGE][PASSED] - Text '' is set on object 'Object Repository/Inquiry_Status/input_Mobile ID  Application ID_form-control ng-untouched ng-pristine ng-valid'

2022-04-07 14:57:18 - [TEST_STEP][PASSED] - delay(5): Delayed 5 second(s)

2022-04-07 14:57:23 - [MESSAGE][PASSED] - Delayed 5 second(s)

2022-04-07 14:57:23 - [TEST_STEP][PASSED] - click(findTestObject("Object Repository/Inquiry_Status/span_Search"), OPTIONAL): Object: 'Object Repository/Inquiry_Status/span_Search' is clicked on

2022-04-07 14:57:24 - [MESSAGE][PASSED] - Object: 'Object Repository/Inquiry_Status/span_Search' is clicked on

2022-04-07 14:57:24 - [TEST_STEP][PASSED] - delay(5): Delayed 5 second(s)

2022-04-07 14:57:29 - [MESSAGE][PASSED] - Delayed 5 second(s)

2022-04-07 14:57:29 - [TEST_STEP][PASSED] - takeFullPageScreenshotAsCheckpoint(userDir + sprint4WebScreenshootPath + "scenario-3-input-search-inquiry-status-data-pengajuan-2.png"): Taking screenshot successfully

2022-04-07 14:57:30 - [MESSAGE][INFO] - 0 hidden object(s)

2022-04-07 14:57:30 - [MESSAGE][PASSED] - Taking screenshot successfully
[[ATTACHMENT|C:\Users\Nia Yusniati\Git_Asa\BCAF_MEAPP_i3\Screenshoot\Sprint4\Web\keyes\keyes-scenario-3-input-search-inquiry-status-data-pengajuan-2.png]]

2022-04-07 14:57:30 - [TEST_STEP][PASSED] - markPassed("scenario 3 - input search inquiry status data pengajuan 2"): scenario 3 - input search inquiry status data pengajuan 2

2022-04-07 14:57:30 - [MESSAGE][PASSED] - scenario 3 - input search inquiry status data pengajuan 2

2022-04-07 14:57:30 - [TEST_STEP][PASSED] - delay(1): Delayed 1 second(s)

2022-04-07 14:57:31 - [MESSAGE][PASSED] - Delayed 1 second(s)

2022-04-07 14:57:31 - [TEST_STEP][PASSED] - setText(findTestObject("Object Repository/Inquiry_Status/input_Mobile ID  Application ID_form-control ng-untouched ng-pristine ng-valid"), id3, OPTIONAL): Text '4003937' is set on object 'Object Repository/Inquiry_Status/input_Mobile ID  Application ID_form-control ng-untouched ng-pristine ng-valid'

2022-04-07 14:57:32 - [MESSAGE][PASSED] - Text '4003937' is set on object 'Object Repository/Inquiry_Status/input_Mobile ID  Application ID_form-control ng-untouched ng-pristine ng-valid'

2022-04-07 14:57:32 - [TEST_STEP][PASSED] - delay(1): Delayed 1 second(s)

2022-04-07 14:57:33 - [MESSAGE][PASSED] - Delayed 1 second(s)

2022-04-07 14:57:33 - [TEST_STEP][PASSED] - click(findTestObject("Object Repository/Inquiry_Status/span_Search"), OPTIONAL): Object: 'Object Repository/Inquiry_Status/span_Search' is clicked on

2022-04-07 14:57:33 - [MESSAGE][PASSED] - Object: 'Object Repository/Inquiry_Status/span_Search' is clicked on

2022-04-07 14:57:33 - [TEST_STEP][PASSED] - takeFullPageScreenshotAsCheckpoint(userDir + sprint4WebScreenshootPath + "scenario-3-input-search-inquiry-status-data-pengajuan-3.png"): Taking screenshot successfully

2022-04-07 14:57:34 - [MESSAGE][INFO] - 0 hidden object(s)

2022-04-07 14:57:34 - [MESSAGE][PASSED] - Taking screenshot successfully
[[ATTACHMENT|C:\Users\Nia Yusniati\Git_Asa\BCAF_MEAPP_i3\Screenshoot\Sprint4\Web\keyes\keyes-scenario-3-input-search-inquiry-status-data-pengajuan-3.png]]

2022-04-07 14:57:34 - [TEST_STEP][PASSED] - markPassed("scenario 3 - input search inquiry status data pengajuan 3"): scenario 3 - input search inquiry status data pengajuan 3

2022-04-07 14:57:34 - [MESSAGE][PASSED] - scenario 3 - input search inquiry status data pengajuan 3

2022-04-07 14:57:34 - [TEST_STEP][PASSED] - delay(5): Delayed 5 second(s)

2022-04-07 14:57:39 - [MESSAGE][PASSED] - Delayed 5 second(s)

2022-04-07 14:57:39 - [TEST_STEP][PASSED] - delay(1): Delayed 1 second(s)

2022-04-07 14:57:40 - [MESSAGE][PASSED] - Delayed 1 second(s)

2022-04-07 14:57:40 - [TEST_STEP][PASSED] - setText(findTestObject("Object Repository/Inquiry_Status/input_Mobile ID  Application ID_form-control ng-untouched ng-pristine ng-valid"), id1, OPTIONAL): Text '' is set on object 'Object Repository/Inquiry_Status/input_Mobile ID  Application ID_form-control ng-untouched ng-pristine ng-valid'

2022-04-07 14:57:41 - [MESSAGE][PASSED] - Text '' is set on object 'Object Repository/Inquiry_Status/input_Mobile ID  Application ID_form-control ng-untouched ng-pristine ng-valid'

2022-04-07 14:57:41 - [TEST_STEP][PASSED] - delay(2): Delayed 2 second(s)

2022-04-07 14:57:43 - [MESSAGE][PASSED] - Delayed 2 second(s)

2022-04-07 14:57:43 - [TEST_STEP][PASSED] - click(findTestObject("Object Repository/Inquiry_Status/span_Search"), OPTIONAL): Object: 'Object Repository/Inquiry_Status/span_Search' is clicked on

2022-04-07 14:57:44 - [MESSAGE][PASSED] - Object: 'Object Repository/Inquiry_Status/span_Search' is clicked on

2022-04-07 14:57:44 - [TEST_STEP][PASSED] - takeFullPageScreenshotAsCheckpoint(userDir + sprint4WebScreenshootPath + "scenario-3-input-search-inquiry-status-data-pengajuan-1.png"): Taking screenshot successfully

2022-04-07 14:57:45 - [MESSAGE][INFO] - 0 hidden object(s)

2022-04-07 14:57:45 - [MESSAGE][PASSED] - Taking screenshot successfully
[[ATTACHMENT|C:\Users\Nia Yusniati\Git_Asa\BCAF_MEAPP_i3\Screenshoot\Sprint4\Web\keyes\keyes-scenario-3-input-search-inquiry-status-data-pengajuan-1.png]]

2022-04-07 14:57:45 - [TEST_STEP][PASSED] - markPassed("scenario 3 - input search inquiry status data pengajuan 1"): scenario 3 - input search inquiry status data pengajuan 1

2022-04-07 14:57:45 - [MESSAGE][PASSED] - scenario 3 - input search inquiry status data pengajuan 1

2022-04-07 14:57:45 - [TEST_STEP][PASSED] - delay(2): Delayed 2 second(s)

2022-04-07 14:57:47 - [MESSAGE][PASSED] - Delayed 2 second(s)

2022-04-07 14:57:47 - [TEST_STEP][PASSED] - click(findTestObject("Object Repository/Inquiry_Status/Cek_DokumenResume/a_list"), OPTIONAL): Object: 'Object Repository/Inquiry_Status/Cek_DokumenResume/a_list' is clicked on

2022-04-07 14:57:48 - [MESSAGE][PASSED] - Object: 'Object Repository/Inquiry_Status/Cek_DokumenResume/a_list' is clicked on

2022-04-07 14:57:48 - [TEST_STEP][PASSED] - delay(1): Delayed 1 second(s)

2022-04-07 14:57:49 - [MESSAGE][PASSED] - Delayed 1 second(s)

2022-04-07 14:57:49 - [TEST_STEP][PASSED] - click(findTestObject("Object Repository/Inquiry_Status/Cek_DokumenResume/button_Resume"), OPTIONAL): Object: 'Object Repository/Inquiry_Status/Cek_DokumenResume/button_Resume' is clicked on

2022-04-07 14:57:53 - [MESSAGE][PASSED] - Object: 'Object Repository/Inquiry_Status/Cek_DokumenResume/button_Resume' is clicked on

2022-04-07 14:57:53 - [TEST_STEP][PASSED] - delay(5): Delayed 5 second(s)

2022-04-07 14:57:58 - [MESSAGE][PASSED] - Delayed 5 second(s)

2022-04-07 14:57:58 - [TEST_STEP][PASSED] - click(findTestObject("Object Repository/Inquiry_Status/Cek_DokumenResume/button_Resume Internal"), OPTIONAL): Object: 'Object Repository/Inquiry_Status/Cek_DokumenResume/button_Resume Internal' is clicked on

2022-04-07 14:57:59 - [MESSAGE][PASSED] - Object: 'Object Repository/Inquiry_Status/Cek_DokumenResume/button_Resume Internal' is clicked on

2022-04-07 14:57:59 - [TEST_STEP][PASSED] - delay(5): Delayed 5 second(s)

2022-04-07 14:58:04 - [MESSAGE][PASSED] - Delayed 5 second(s)

2022-04-07 14:58:04 - [TEST_STEP][PASSED] - takeFullPageScreenshotAsCheckpoint(userDir + sprint4WebScreenshootPath + "scenario-3-menu-resume-internal-pengajuan-1.png"): Taking screenshot successfully

2022-04-07 14:58:05 - [MESSAGE][INFO] - 0 hidden object(s)

2022-04-07 14:58:05 - [MESSAGE][PASSED] - Taking screenshot successfully
[[ATTACHMENT|C:\Users\Nia Yusniati\Git_Asa\BCAF_MEAPP_i3\Screenshoot\Sprint4\Web\keyes\keyes-scenario-3-menu-resume-internal-pengajuan-1.png]]

2022-04-07 14:58:05 - [TEST_STEP][PASSED] - markPassed("scenario 3 - menu resume internal pengajuan-1"): scenario 3 - menu resume internal pengajuan-1

2022-04-07 14:58:05 - [MESSAGE][PASSED] - scenario 3 - menu resume internal pengajuan-1

2022-04-07 14:58:05 - [TEST_STEP][PASSED] - delay(5): Delayed 5 second(s)

2022-04-07 14:58:10 - [MESSAGE][PASSED] - Delayed 5 second(s)

2022-04-07 14:58:10 - [TEST_STEP][PASSED] - click(findTestObject("Object Repository/Inquiry_Status/Cek_DokumenResume/button_Anggaran Dasar Dan Perubahan"), OPTIONAL): Object: 'Object Repository/Inquiry_Status/Cek_DokumenResume/button_Anggaran Dasar Dan Perubahan' is clicked on

2022-04-07 14:58:11 - [MESSAGE][PASSED] - Object: 'Object Repository/Inquiry_Status/Cek_DokumenResume/button_Anggaran Dasar Dan Perubahan' is clicked on

2022-04-07 14:58:11 - [TEST_STEP][PASSED] - delay(5): Delayed 5 second(s)

2022-04-07 14:58:16 - [MESSAGE][PASSED] - Delayed 5 second(s)

2022-04-07 14:58:16 - [TEST_STEP][PASSED] - takeFullPageScreenshotAsCheckpoint(userDir + sprint4WebScreenshootPath + "scenario-3-menu-anggaran-dasar-dan-perubahan-pengajuan-1.png"): Taking screenshot successfully

2022-04-07 14:58:17 - [MESSAGE][INFO] - 0 hidden object(s)

2022-04-07 14:58:17 - [MESSAGE][PASSED] - Taking screenshot successfully
[[ATTACHMENT|C:\Users\Nia Yusniati\Git_Asa\BCAF_MEAPP_i3\Screenshoot\Sprint4\Web\keyes\keyes-scenario-3-menu-anggaran-dasar-dan-perubahan-pengajuan-1.png]]

2022-04-07 14:58:17 - [TEST_STEP][PASSED] - markPassed("scenario 3 - menu anggaran dasar dan perubahan pengajuan-1"): scenario 3 - menu anggaran dasar dan perubahan pengajuan-1

2022-04-07 14:58:17 - [MESSAGE][PASSED] - scenario 3 - menu anggaran dasar dan perubahan pengajuan-1

2022-04-07 14:58:17 - [TEST_STEP][PASSED] - delay(5): Delayed 5 second(s)

2022-04-07 14:58:22 - [MESSAGE][PASSED] - Delayed 5 second(s)

2022-04-07 14:58:22 - [TEST_STEP][PASSED] - click(findTestObject("Object Repository/Inquiry_Status/Cek_DokumenResume/button_Pengurus"), OPTIONAL): Object: 'Object Repository/Inquiry_Status/Cek_DokumenResume/button_Pengurus' is clicked on

2022-04-07 14:58:23 - [MESSAGE][PASSED] - Object: 'Object Repository/Inquiry_Status/Cek_DokumenResume/button_Pengurus' is clicked on

2022-04-07 14:58:23 - [TEST_STEP][PASSED] - delay(5): Delayed 5 second(s)

2022-04-07 14:58:28 - [MESSAGE][PASSED] - Delayed 5 second(s)

2022-04-07 14:58:28 - [TEST_STEP][PASSED] - takeFullPageScreenshotAsCheckpoint(userDir + sprint4WebScreenshootPath + "scenario-3-menu-pengurus-pengajuan-1.png"): Taking screenshot successfully

2022-04-07 14:58:28 - [MESSAGE][INFO] - 0 hidden object(s)

2022-04-07 14:58:29 - [MESSAGE][PASSED] - Taking screenshot successfully
[[ATTACHMENT|C:\Users\Nia Yusniati\Git_Asa\BCAF_MEAPP_i3\Screenshoot\Sprint4\Web\keyes\keyes-scenario-3-menu-pengurus-pengajuan-1.png]]

2022-04-07 14:58:29 - [TEST_STEP][PASSED] - markPassed("scenario 3 - menu pengurus pengajuan-1"): scenario 3 - menu pengurus pengajuan-1

2022-04-07 14:58:29 - [MESSAGE][PASSED] - scenario 3 - menu pengurus pengajuan-1

2022-04-07 14:58:29 - [TEST_STEP][PASSED] - delay(5): Delayed 5 second(s)

2022-04-07 14:58:34 - [MESSAGE][PASSED] - Delayed 5 second(s)

2022-04-07 14:58:34 - [TEST_STEP][PASSED] - click(findTestObject("Object Repository/Inquiry_Status/Cek_DokumenResume/button_Data Pendukung"), OPTIONAL): Object: 'Object Repository/Inquiry_Status/Cek_DokumenResume/button_Data Pendukung' is clicked on

2022-04-07 14:58:35 - [MESSAGE][PASSED] - Object: 'Object Repository/Inquiry_Status/Cek_DokumenResume/button_Data Pendukung' is clicked on

2022-04-07 14:58:35 - [TEST_STEP][PASSED] - delay(5): Delayed 5 second(s)

2022-04-07 14:58:40 - [MESSAGE][PASSED] - Delayed 5 second(s)

2022-04-07 14:58:40 - [TEST_STEP][PASSED] - takeFullPageScreenshotAsCheckpoint(userDir + sprint4WebScreenshootPath + "scenario-3-menu-data-pendukung-pengajuan-1.png"): Taking screenshot successfully

2022-04-07 14:58:40 - [MESSAGE][INFO] - 0 hidden object(s)

2022-04-07 14:58:41 - [MESSAGE][PASSED] - Taking screenshot successfully
[[ATTACHMENT|C:\Users\Nia Yusniati\Git_Asa\BCAF_MEAPP_i3\Screenshoot\Sprint4\Web\keyes\keyes-scenario-3-menu-data-pendukung-pengajuan-1.png]]

2022-04-07 14:58:41 - [TEST_STEP][PASSED] - markPassed("scenario 3 - menu data pendukung pengajuan-1"): scenario 3 - menu data pendukung pengajuan-1

2022-04-07 14:58:41 - [MESSAGE][PASSED] - scenario 3 - menu data pendukung pengajuan-1

2022-04-07 14:58:41 - [TEST_STEP][PASSED] - delay(5): Delayed 5 second(s)

2022-04-07 14:58:46 - [MESSAGE][PASSED] - Delayed 5 second(s)

2022-04-07 14:58:46 - [TEST_STEP][PASSED] - scrollToElement(findTestObject("Object Repository/Inquiry_Status/Cek_DokumenResume/a_Back"), 60, OPTIONAL): Scroll to object 'Object Repository/Inquiry_Status/Cek_DokumenResume/a_Back' successfully

2022-04-07 14:58:46 - [MESSAGE][PASSED] - Scroll to object 'Object Repository/Inquiry_Status/Cek_DokumenResume/a_Back' successfully

2022-04-07 14:58:46 - [TEST_STEP][PASSED] - click(findTestObject("Object Repository/Inquiry_Status/Cek_DokumenResume/a_Back"), OPTIONAL): Object: 'Object Repository/Inquiry_Status/Cek_DokumenResume/a_Back' is clicked on

2022-04-07 14:58:47 - [MESSAGE][PASSED] - Object: 'Object Repository/Inquiry_Status/Cek_DokumenResume/a_Back' is clicked on

2022-04-07 14:58:47 - [TEST_STEP][PASSED] - delay(1): Delayed 1 second(s)

2022-04-07 14:58:48 - [MESSAGE][PASSED] - Delayed 1 second(s)

2022-04-07 14:58:48 - [TEST_STEP][PASSED] - setText(findTestObject("Object Repository/Inquiry_Status/input_Mobile ID  Application ID_form-control ng-untouched ng-pristine ng-valid"), id2, OPTIONAL): Text '' is set on object 'Object Repository/Inquiry_Status/input_Mobile ID  Application ID_form-control ng-untouched ng-pristine ng-valid'

2022-04-07 14:58:49 - [MESSAGE][PASSED] - Text '' is set on object 'Object Repository/Inquiry_Status/input_Mobile ID  Application ID_form-control ng-untouched ng-pristine ng-valid'

2022-04-07 14:58:49 - [TEST_STEP][PASSED] - delay(2): Delayed 2 second(s)

2022-04-07 14:58:51 - [MESSAGE][PASSED] - Delayed 2 second(s)

2022-04-07 14:58:51 - [TEST_STEP][PASSED] - click(findTestObject("Object Repository/Inquiry_Status/span_Search"), OPTIONAL): Object: 'Object Repository/Inquiry_Status/span_Search' is clicked on

2022-04-07 14:58:52 - [MESSAGE][PASSED] - Object: 'Object Repository/Inquiry_Status/span_Search' is clicked on

2022-04-07 14:58:52 - [TEST_STEP][PASSED] - takeFullPageScreenshotAsCheckpoint(userDir + sprint4WebScreenshootPath + "scenario-3-input-search-inquiry-status-data-pengajuan-2.png"): Taking screenshot successfully

2022-04-07 14:58:52 - [MESSAGE][INFO] - 0 hidden object(s)

2022-04-07 14:58:52 - [MESSAGE][PASSED] - Taking screenshot successfully
[[ATTACHMENT|C:\Users\Nia Yusniati\Git_Asa\BCAF_MEAPP_i3\Screenshoot\Sprint4\Web\keyes\keyes-scenario-3-input-search-inquiry-status-data-pengajuan-2.png]]

2022-04-07 14:58:52 - [TEST_STEP][PASSED] - markPassed("scenario 3 - input search inquiry status data pengajuan 2"): scenario 3 - input search inquiry status data pengajuan 2

2022-04-07 14:58:52 - [MESSAGE][PASSED] - scenario 3 - input search inquiry status data pengajuan 2

2022-04-07 14:58:52 - [TEST_STEP][PASSED] - delay(2): Delayed 2 second(s)

2022-04-07 14:58:54 - [MESSAGE][PASSED] - Delayed 2 second(s)

2022-04-07 14:58:54 - [TEST_STEP][PASSED] - click(findTestObject("Object Repository/Inquiry_Status/Cek_DokumenResume/a_list"), OPTIONAL): Unable to click on object 'Object Repository/Inquiry_Status/Cek_DokumenResume/a_list' (Root cause: com.kms.katalon.core.exception.StepFailedException: Unable to click on object 'Object Repository/Inquiry_Status/Cek_DokumenResume/a_list'
	at com.kms.katalon.core.webui.keyword.internal.WebUIKeywordMain.stepFailed(WebUIKeywordMain.groovy:64)
	at com.kms.katalon.core.webui.keyword.internal.WebUIKeywordMain.runKeyword(WebUIKeywordMain.groovy:26)
	at com.kms.katalon.core.webui.keyword.builtin.ClickKeyword.click(ClickKeyword.groovy:75)
	at com.kms.katalon.core.webui.keyword.builtin.ClickKeyword.execute(ClickKeyword.groovy:42)
	at com.kms.katalon.core.keyword.internal.KeywordExecutor.executeKeywordForPlatform(KeywordExecutor.groovy:74)
	at com.kms.katalon.core.webui.keyword.WebUiBuiltInKeywords.click(WebUiBuiltInKeywords.groovy:608)
	at com.kms.katalon.core.webui.keyword.WebUiBuiltInKeywords$click$10.call(Unknown Source)
	at 03-05-Transaction-InquiryStatus-SearchPengajuan.run(03-05-Transaction-InquiryStatus-SearchPengajuan:249)
	at com.kms.katalon.core.main.ScriptEngine.run(ScriptEngine.java:194)
	at com.kms.katalon.core.main.ScriptEngine.runScriptAsRawText(ScriptEngine.java:119)
	at com.kms.katalon.core.main.TestCaseExecutor.runScript(TestCaseExecutor.java:430)
	at com.kms.katalon.core.main.TestCaseExecutor.doExecute(TestCaseExecutor.java:421)
	at com.kms.katalon.core.main.TestCaseExecutor.processExecutionPhase(TestCaseExecutor.java:400)
	at com.kms.katalon.core.main.TestCaseExecutor.accessMainPhase(TestCaseExecutor.java:392)
	at com.kms.katalon.core.main.TestCaseExecutor.execute(TestCaseExecutor.java:273)
	at com.kms.katalon.core.main.TestSuiteExecutor.accessTestCaseMainPhase(TestSuiteExecutor.java:202)
	at com.kms.katalon.core.main.TestSuiteExecutor.accessTestSuiteMainPhase(TestSuiteExecutor.java:164)
	at com.kms.katalon.core.main.TestSuiteExecutor.execute(TestSuiteExecutor.java:105)
	at com.kms.katalon.core.main.TestCaseMain.startTestSuite(TestCaseMain.java:185)
	at com.kms.katalon.core.main.TestCaseMain$startTestSuite$0.call(Unknown Source)
	at TempTestSuite1649317294040.run(TempTestSuite1649317294040.groovy:36)
Caused by: org.openqa.selenium.ElementClickInterceptedException: element click intercepted: Element <a href="#" aria-controls="dt-inquiry-list" data-dt-idx="0" tabindex="0" class="page-link">...</a> is not clickable at point (1204, 595). Other element would receive the click: <li class="paginate_button page-item previous disabled" id="dt-inquiry-list_previous">...</li>
  (Session info: chrome=99.0.4844.84)
Build info: version: '3.141.59', revision: 'e82be7d358', time: '2018-11-14T08:25:53'
System info: host: 'APANDI', ip: '192.168.250.25', os.name: 'Windows 10', os.arch: 'amd64', os.version: '10.0', java.version: '1.8.0_282'
Driver info: com.kms.katalon.selenium.driver.CChromeDriver
Capabilities {acceptInsecureCerts: false, browserName: chrome, browserVersion: 99.0.4844.84, chrome: {chromedriverVersion: 99.0.4844.51 (d537ec02474b5..., userDataDir: C:\Users\NIAYUS~1\AppData\L...}, goog:chromeOptions: {debuggerAddress: localhost:64541}, javascriptEnabled: true, networkConnectionEnabled: false, pageLoadStrategy: normal, platform: WINDOWS, platformName: WINDOWS, proxy: Proxy(), setWindowRect: true, strictFileInteractability: false, timeouts: {implicit: 0, pageLoad: 300000, script: 30000}, unhandledPromptBehavior: dismiss and notify, webauthn:extension:credBlob: true, webauthn:extension:largeBlob: true, webauthn:virtualAuthenticators: true}
Session ID: 1e4a4d31e0abcb309ba9b5a3fbce7d54
	at org.openqa.selenium.remote.http.W3CHttpResponseCodec.createException(W3CHttpResponseCodec.java:187)
	at org.openqa.selenium.remote.http.W3CHttpResponseCodec.decode(W3CHttpResponseCodec.java:122)
	at org.openqa.selenium.remote.http.W3CHttpResponseCodec.decode(W3CHttpResponseCodec.java:49)
	at org.openqa.selenium.remote.HttpCommandExecutor.execute(HttpCommandExecutor.java:158)
	at org.openqa.selenium.remote.service.DriverCommandExecutor.execute(DriverCommandExecutor.java:83)
	at org.openqa.selenium.remote.RemoteWebDriver.execute(RemoteWebDriver.java:552)
	at com.kms.katalon.selenium.driver.CChromeDriver.execute(CChromeDriver.java:19)
	at org.openqa.selenium.remote.RemoteWebElement.execute(RemoteWebElement.java:285)
	at org.openqa.selenium.remote.RemoteWebElement.click(RemoteWebElement.java:84)
	at org.openqa.selenium.support.events.EventFiringWebDriver$EventFiringWebElement.lambda$new$0(EventFiringWebDriver.java:404)
	at com.sun.proxy.$Proxy11.click(Unknown Source)
	at org.openqa.selenium.support.events.EventFiringWebDriver$EventFiringWebElement.click(EventFiringWebDriver.java:417)
	at com.kms.katalon.core.webui.keyword.builtin.ClickKeyword$_click_closure1.doCall(ClickKeyword.groovy:68)
	at com.kms.katalon.core.webui.keyword.builtin.ClickKeyword$_click_closure1.call(ClickKeyword.groovy)
	at com.kms.katalon.core.webui.keyword.internal.WebUIKeywordMain.runKeyword(WebUIKeywordMain.groovy:20)
	at com.kms.katalon.core.webui.keyword.builtin.ClickKeyword.click(ClickKeyword.groovy:75)
	at com.kms.katalon.core.webui.keyword.builtin.ClickKeyword.execute(ClickKeyword.groovy:42)
	at com.kms.katalon.core.keyword.internal.KeywordExecutor.executeKeywordForPlatform(KeywordExecutor.groovy:74)
	at com.kms.katalon.core.webui.keyword.WebUiBuiltInKeywords.click(WebUiBuiltInKeywords.groovy:608)
	at com.kms.katalon.core.webui.keyword.WebUiBuiltInKeywords$click$10.call(Unknown Source)
	at Script1647432050127.run(Script1647432050127.groovy:249)
	... 13 more
)

2022-04-07 14:58:57 - [MESSAGE][WARNING] - Unable to click on object 'Object Repository/Inquiry_Status/Cek_DokumenResume/a_list' (Root cause: com.kms.katalon.core.exception.StepFailedException: Unable to click on object 'Object Repository/Inquiry_Status/Cek_DokumenResume/a_list'
	at com.kms.katalon.core.webui.keyword.internal.WebUIKeywordMain.stepFailed(WebUIKeywordMain.groovy:64)
	at com.kms.katalon.core.webui.keyword.internal.WebUIKeywordMain.runKeyword(WebUIKeywordMain.groovy:26)
	at com.kms.katalon.core.webui.keyword.builtin.ClickKeyword.click(ClickKeyword.groovy:75)
	at com.kms.katalon.core.webui.keyword.builtin.ClickKeyword.execute(ClickKeyword.groovy:42)
	at com.kms.katalon.core.keyword.internal.KeywordExecutor.executeKeywordForPlatform(KeywordExecutor.groovy:74)
	at com.kms.katalon.core.webui.keyword.WebUiBuiltInKeywords.click(WebUiBuiltInKeywords.groovy:608)
	at com.kms.katalon.core.webui.keyword.WebUiBuiltInKeywords$click$10.call(Unknown Source)
	at 03-05-Transaction-InquiryStatus-SearchPengajuan.run(03-05-Transaction-InquiryStatus-SearchPengajuan:249)
	at com.kms.katalon.core.main.ScriptEngine.run(ScriptEngine.java:194)
	at com.kms.katalon.core.main.ScriptEngine.runScriptAsRawText(ScriptEngine.java:119)
	at com.kms.katalon.core.main.TestCaseExecutor.runScript(TestCaseExecutor.java:430)
	at com.kms.katalon.core.main.TestCaseExecutor.doExecute(TestCaseExecutor.java:421)
	at com.kms.katalon.core.main.TestCaseExecutor.processExecutionPhase(TestCaseExecutor.java:400)
	at com.kms.katalon.core.main.TestCaseExecutor.accessMainPhase(TestCaseExecutor.java:392)
	at com.kms.katalon.core.main.TestCaseExecutor.execute(TestCaseExecutor.java:273)
	at com.kms.katalon.core.main.TestSuiteExecutor.accessTestCaseMainPhase(TestSuiteExecutor.java:202)
	at com.kms.katalon.core.main.TestSuiteExecutor.accessTestSuiteMainPhase(TestSuiteExecutor.java:164)
	at com.kms.katalon.core.main.TestSuiteExecutor.execute(TestSuiteExecutor.java:105)
	at com.kms.katalon.core.main.TestCaseMain.startTestSuite(TestCaseMain.java:185)
	at com.kms.katalon.core.main.TestCaseMain$startTestSuite$0.call(Unknown Source)
	at TempTestSuite1649317294040.run(TempTestSuite1649317294040.groovy:36)
Caused by: org.openqa.selenium.ElementClickInterceptedException: element click intercepted: Element <a href="#" aria-controls="dt-inquiry-list" data-dt-idx="0" tabindex="0" class="page-link">...</a> is not clickable at point (1204, 595). Other element would receive the click: <li class="paginate_button page-item previous disabled" id="dt-inquiry-list_previous">...</li>
  (Session info: chrome=99.0.4844.84)
Build info: version: '3.141.59', revision: 'e82be7d358', time: '2018-11-14T08:25:53'
System info: host: 'APANDI', ip: '192.168.250.25', os.name: 'Windows 10', os.arch: 'amd64', os.version: '10.0', java.version: '1.8.0_282'
Driver info: com.kms.katalon.selenium.driver.CChromeDriver
Capabilities {acceptInsecureCerts: false, browserName: chrome, browserVersion: 99.0.4844.84, chrome: {chromedriverVersion: 99.0.4844.51 (d537ec02474b5..., userDataDir: C:\Users\NIAYUS~1\AppData\L...}, goog:chromeOptions: {debuggerAddress: localhost:64541}, javascriptEnabled: true, networkConnectionEnabled: false, pageLoadStrategy: normal, platform: WINDOWS, platformName: WINDOWS, proxy: Proxy(), setWindowRect: true, strictFileInteractability: false, timeouts: {implicit: 0, pageLoad: 300000, script: 30000}, unhandledPromptBehavior: dismiss and notify, webauthn:extension:credBlob: true, webauthn:extension:largeBlob: true, webauthn:virtualAuthenticators: true}
Session ID: 1e4a4d31e0abcb309ba9b5a3fbce7d54
	at org.openqa.selenium.remote.http.W3CHttpResponseCodec.createException(W3CHttpResponseCodec.java:187)
	at org.openqa.selenium.remote.http.W3CHttpResponseCodec.decode(W3CHttpResponseCodec.java:122)
	at org.openqa.selenium.remote.http.W3CHttpResponseCodec.decode(W3CHttpResponseCodec.java:49)
	at org.openqa.selenium.remote.HttpCommandExecutor.execute(HttpCommandExecutor.java:158)
	at org.openqa.selenium.remote.service.DriverCommandExecutor.execute(DriverCommandExecutor.java:83)
	at org.openqa.selenium.remote.RemoteWebDriver.execute(RemoteWebDriver.java:552)
	at com.kms.katalon.selenium.driver.CChromeDriver.execute(CChromeDriver.java:19)
	at org.openqa.selenium.remote.RemoteWebElement.execute(RemoteWebElement.java:285)
	at org.openqa.selenium.remote.RemoteWebElement.click(RemoteWebElement.java:84)
	at org.openqa.selenium.support.events.EventFiringWebDriver$EventFiringWebElement.lambda$new$0(EventFiringWebDriver.java:404)
	at com.sun.proxy.$Proxy11.click(Unknown Source)
	at org.openqa.selenium.support.events.EventFiringWebDriver$EventFiringWebElement.click(EventFiringWebDriver.java:417)
	at com.kms.katalon.core.webui.keyword.builtin.ClickKeyword$_click_closure1.doCall(ClickKeyword.groovy:68)
	at com.kms.katalon.core.webui.keyword.builtin.ClickKeyword$_click_closure1.call(ClickKeyword.groovy)
	at com.kms.katalon.core.webui.keyword.internal.WebUIKeywordMain.runKeyword(WebUIKeywordMain.groovy:20)
	at com.kms.katalon.core.webui.keyword.builtin.ClickKeyword.click(ClickKeyword.groovy:75)
	at com.kms.katalon.core.webui.keyword.builtin.ClickKeyword.execute(ClickKeyword.groovy:42)
	at com.kms.katalon.core.keyword.internal.KeywordExecutor.executeKeywordForPlatform(KeywordExecutor.groovy:74)
	at com.kms.katalon.core.webui.keyword.WebUiBuiltInKeywords.click(WebUiBuiltInKeywords.groovy:608)
	at com.kms.katalon.core.webui.keyword.WebUiBuiltInKeywords$click$10.call(Unknown Source)
	at Script1647432050127.run(Script1647432050127.groovy:249)
	... 13 more
)
[[ATTACHMENT|C:\\Users\\Nia Yusniati\\Git_Asa\\BCAF_MEAPP_i3\\Reports\\20220407_144134\\Skenario_3\\S3\\20220407_144134\\1649318336596.png]]

2022-04-07 14:58:57 - [TEST_STEP][PASSED] - delay(1): Delayed 1 second(s)

2022-04-07 14:58:58 - [MESSAGE][PASSED] - Delayed 1 second(s)

2022-04-07 14:58:58 - [TEST_STEP][PASSED] - click(findTestObject("Object Repository/Inquiry_Status/Cek_DokumenResume/button_Resume"), OPTIONAL): Unable to click on object 'Object Repository/Inquiry_Status/Cek_DokumenResume/button_Resume' (Root cause: com.kms.katalon.core.exception.StepFailedException: Unable to click on object 'Object Repository/Inquiry_Status/Cek_DokumenResume/button_Resume'
	at com.kms.katalon.core.webui.keyword.internal.WebUIKeywordMain.stepFailed(WebUIKeywordMain.groovy:64)
	at com.kms.katalon.core.webui.keyword.internal.WebUIKeywordMain.runKeyword(WebUIKeywordMain.groovy:26)
	at com.kms.katalon.core.webui.keyword.builtin.ClickKeyword.click(ClickKeyword.groovy:75)
	at com.kms.katalon.core.webui.keyword.builtin.ClickKeyword.execute(ClickKeyword.groovy:42)
	at com.kms.katalon.core.keyword.internal.KeywordExecutor.executeKeywordForPlatform(KeywordExecutor.groovy:74)
	at com.kms.katalon.core.webui.keyword.WebUiBuiltInKeywords.click(WebUiBuiltInKeywords.groovy:608)
	at com.kms.katalon.core.webui.keyword.WebUiBuiltInKeywords$click$10.call(Unknown Source)
	at 03-05-Transaction-InquiryStatus-SearchPengajuan.run(03-05-Transaction-InquiryStatus-SearchPengajuan:255)
	at com.kms.katalon.core.main.ScriptEngine.run(ScriptEngine.java:194)
	at com.kms.katalon.core.main.ScriptEngine.runScriptAsRawText(ScriptEngine.java:119)
	at com.kms.katalon.core.main.TestCaseExecutor.runScript(TestCaseExecutor.java:430)
	at com.kms.katalon.core.main.TestCaseExecutor.doExecute(TestCaseExecutor.java:421)
	at com.kms.katalon.core.main.TestCaseExecutor.processExecutionPhase(TestCaseExecutor.java:400)
	at com.kms.katalon.core.main.TestCaseExecutor.accessMainPhase(TestCaseExecutor.java:392)
	at com.kms.katalon.core.main.TestCaseExecutor.execute(TestCaseExecutor.java:273)
	at com.kms.katalon.core.main.TestSuiteExecutor.accessTestCaseMainPhase(TestSuiteExecutor.java:202)
	at com.kms.katalon.core.main.TestSuiteExecutor.accessTestSuiteMainPhase(TestSuiteExecutor.java:164)
	at com.kms.katalon.core.main.TestSuiteExecutor.execute(TestSuiteExecutor.java:105)
	at com.kms.katalon.core.main.TestCaseMain.startTestSuite(TestCaseMain.java:185)
	at com.kms.katalon.core.main.TestCaseMain$startTestSuite$0.call(Unknown Source)
	at TempTestSuite1649317294040.run(TempTestSuite1649317294040.groovy:36)
Caused by: com.kms.katalon.core.webui.exception.WebElementNotFoundException: Web element with id: 'Object Repository/Inquiry_Status/Cek_DokumenResume/button_Resume' located by '//button[(text() = 'Resume' or . = 'Resume')]' not found
	at com.kms.katalon.core.webui.common.WebUiCommonHelper.findWebElement(WebUiCommonHelper.java:1368)
	at com.kms.katalon.core.webui.keyword.internal.WebUIAbstractKeyword.findWebElement(WebUIAbstractKeyword.groovy:27)
	at com.kms.katalon.core.webui.keyword.internal.WebUIAbstractKeyword.findWebElement(WebUIAbstractKeyword.groovy:26)
	at com.kms.katalon.core.webui.keyword.builtin.ClickKeyword$_click_closure1.doCall(ClickKeyword.groovy:66)
	at com.kms.katalon.core.webui.keyword.builtin.ClickKeyword$_click_closure1.call(ClickKeyword.groovy)
	at com.kms.katalon.core.webui.keyword.internal.WebUIKeywordMain.runKeyword(WebUIKeywordMain.groovy:20)
	at com.kms.katalon.core.webui.keyword.builtin.ClickKeyword.click(ClickKeyword.groovy:75)
	at com.kms.katalon.core.webui.keyword.builtin.ClickKeyword.execute(ClickKeyword.groovy:42)
	at com.kms.katalon.core.keyword.internal.KeywordExecutor.executeKeywordForPlatform(KeywordExecutor.groovy:74)
	at com.kms.katalon.core.webui.keyword.WebUiBuiltInKeywords.click(WebUiBuiltInKeywords.groovy:608)
	at com.kms.katalon.core.webui.keyword.WebUiBuiltInKeywords$click$10.call(Unknown Source)
	at Script1647432050127.run(Script1647432050127.groovy:255)
	... 13 more
)

2022-04-07 14:59:29 - [MESSAGE][INFO] - Unable to find the element located by 'By.xpath: //button[(text() = 'Resume' or . = 'Resume')]'. Please recheck the objects properties to make sure the desired element is located. 

2022-04-07 14:59:29 - [MESSAGE][WARNING] - [SELF-HEALING] Failed to find element with id 'Object Repository/Inquiry_Status/Cek_DokumenResume/button_Resume'. Try using Self-healing.

2022-04-07 14:59:30 - [MESSAGE][INFO] - Unable to find the element located by 'By.xpath: //div[@id='headingResume']/button'. Please recheck the objects properties to make sure the desired element is located. 

2022-04-07 14:59:30 - [MESSAGE][INFO] - [SELF-HEALING] Failed Locator: '//div[@id='headingResume']/button'.

2022-04-07 14:59:31 - [MESSAGE][INFO] - [SELF-HEALING] Failed Locator: '(.//*[normalize-space(text()) and normalize-space(.)='Fax 2'])[1]/following::button[1]'.

2022-04-07 14:59:31 - [MESSAGE][INFO] - [SELF-HEALING] Failed Locator: '(.//*[normalize-space(text()) and normalize-space(.)='Fax 1'])[1]/following::button[1]'.

2022-04-07 14:59:31 - [MESSAGE][INFO] - [SELF-HEALING] Failed Locator: '(.//*[normalize-space(text()) and normalize-space(.)='Resume AHU'])[1]/preceding::button[1]'.

2022-04-07 14:59:32 - [MESSAGE][INFO] - [SELF-HEALING] Failed Locator: '(.//*[normalize-space(text()) and normalize-space(.)='File Resume'])[1]/preceding::button[2]'.

2022-04-07 14:59:32 - [MESSAGE][INFO] - [SELF-HEALING] Failed Locator: '//*/text()[normalize-space(.)='Resume']/parent::*'.

2022-04-07 14:59:32 - [MESSAGE][INFO] - [SELF-HEALING] Failed Locator: '//div[2]/div/div/button'.

2022-04-07 14:59:32 - [MESSAGE][INFO] - [SELF-HEALING] Failed Locator: '//button[(text() = 'Resume' or . = 'Resume')]'.

2022-04-07 14:59:34 - [MESSAGE][INFO] - Unable to find the element located by 'By.cssSelector: #headingResume > button.btn-trigger.collapsed'. Please recheck the objects properties to make sure the desired element is located. 

2022-04-07 14:59:34 - [MESSAGE][WARNING] - Unable to click on object 'Object Repository/Inquiry_Status/Cek_DokumenResume/button_Resume' (Root cause: com.kms.katalon.core.exception.StepFailedException: Unable to click on object 'Object Repository/Inquiry_Status/Cek_DokumenResume/button_Resume'
	at com.kms.katalon.core.webui.keyword.internal.WebUIKeywordMain.stepFailed(WebUIKeywordMain.groovy:64)
	at com.kms.katalon.core.webui.keyword.internal.WebUIKeywordMain.runKeyword(WebUIKeywordMain.groovy:26)
	at com.kms.katalon.core.webui.keyword.builtin.ClickKeyword.click(ClickKeyword.groovy:75)
	at com.kms.katalon.core.webui.keyword.builtin.ClickKeyword.execute(ClickKeyword.groovy:42)
	at com.kms.katalon.core.keyword.internal.KeywordExecutor.executeKeywordForPlatform(KeywordExecutor.groovy:74)
	at com.kms.katalon.core.webui.keyword.WebUiBuiltInKeywords.click(WebUiBuiltInKeywords.groovy:608)
	at com.kms.katalon.core.webui.keyword.WebUiBuiltInKeywords$click$10.call(Unknown Source)
	at 03-05-Transaction-InquiryStatus-SearchPengajuan.run(03-05-Transaction-InquiryStatus-SearchPengajuan:255)
	at com.kms.katalon.core.main.ScriptEngine.run(ScriptEngine.java:194)
	at com.kms.katalon.core.main.ScriptEngine.runScriptAsRawText(ScriptEngine.java:119)
	at com.kms.katalon.core.main.TestCaseExecutor.runScript(TestCaseExecutor.java:430)
	at com.kms.katalon.core.main.TestCaseExecutor.doExecute(TestCaseExecutor.java:421)
	at com.kms.katalon.core.main.TestCaseExecutor.processExecutionPhase(TestCaseExecutor.java:400)
	at com.kms.katalon.core.main.TestCaseExecutor.accessMainPhase(TestCaseExecutor.java:392)
	at com.kms.katalon.core.main.TestCaseExecutor.execute(TestCaseExecutor.java:273)
	at com.kms.katalon.core.main.TestSuiteExecutor.accessTestCaseMainPhase(TestSuiteExecutor.java:202)
	at com.kms.katalon.core.main.TestSuiteExecutor.accessTestSuiteMainPhase(TestSuiteExecutor.java:164)
	at com.kms.katalon.core.main.TestSuiteExecutor.execute(TestSuiteExecutor.java:105)
	at com.kms.katalon.core.main.TestCaseMain.startTestSuite(TestCaseMain.java:185)
	at com.kms.katalon.core.main.TestCaseMain$startTestSuite$0.call(Unknown Source)
	at TempTestSuite1649317294040.run(TempTestSuite1649317294040.groovy:36)
Caused by: com.kms.katalon.core.webui.exception.WebElementNotFoundException: Web element with id: 'Object Repository/Inquiry_Status/Cek_DokumenResume/button_Resume' located by '//button[(text() = 'Resume' or . = 'Resume')]' not found
	at com.kms.katalon.core.webui.common.WebUiCommonHelper.findWebElement(WebUiCommonHelper.java:1368)
	at com.kms.katalon.core.webui.keyword.internal.WebUIAbstractKeyword.findWebElement(WebUIAbstractKeyword.groovy:27)
	at com.kms.katalon.core.webui.keyword.internal.WebUIAbstractKeyword.findWebElement(WebUIAbstractKeyword.groovy:26)
	at com.kms.katalon.core.webui.keyword.builtin.ClickKeyword$_click_closure1.doCall(ClickKeyword.groovy:66)
	at com.kms.katalon.core.webui.keyword.builtin.ClickKeyword$_click_closure1.call(ClickKeyword.groovy)
	at com.kms.katalon.core.webui.keyword.internal.WebUIKeywordMain.runKeyword(WebUIKeywordMain.groovy:20)
	at com.kms.katalon.core.webui.keyword.builtin.ClickKeyword.click(ClickKeyword.groovy:75)
	at com.kms.katalon.core.webui.keyword.builtin.ClickKeyword.execute(ClickKeyword.groovy:42)
	at com.kms.katalon.core.keyword.internal.KeywordExecutor.executeKeywordForPlatform(KeywordExecutor.groovy:74)
	at com.kms.katalon.core.webui.keyword.WebUiBuiltInKeywords.click(WebUiBuiltInKeywords.groovy:608)
	at com.kms.katalon.core.webui.keyword.WebUiBuiltInKeywords$click$10.call(Unknown Source)
	at Script1647432050127.run(Script1647432050127.groovy:255)
	... 13 more
)
[[ATTACHMENT|C:\\Users\\Nia Yusniati\\Git_Asa\\BCAF_MEAPP_i3\\Reports\\20220407_144134\\Skenario_3\\S3\\20220407_144134\\1649318374124.png]]

2022-04-07 14:59:34 - [TEST_STEP][PASSED] - delay(5): Delayed 5 second(s)

2022-04-07 14:59:39 - [MESSAGE][PASSED] - Delayed 5 second(s)

2022-04-07 14:59:39 - [TEST_STEP][PASSED] - click(findTestObject("Object Repository/Inquiry_Status/Cek_DokumenResume/button_Resume Internal"), OPTIONAL): Unable to click on object 'Object Repository/Inquiry_Status/Cek_DokumenResume/button_Resume Internal' (Root cause: com.kms.katalon.core.exception.StepFailedException: Unable to click on object 'Object Repository/Inquiry_Status/Cek_DokumenResume/button_Resume Internal'
	at com.kms.katalon.core.webui.keyword.internal.WebUIKeywordMain.stepFailed(WebUIKeywordMain.groovy:64)
	at com.kms.katalon.core.webui.keyword.internal.WebUIKeywordMain.runKeyword(WebUIKeywordMain.groovy:26)
	at com.kms.katalon.core.webui.keyword.builtin.ClickKeyword.click(ClickKeyword.groovy:75)
	at com.kms.katalon.core.webui.keyword.builtin.ClickKeyword.execute(ClickKeyword.groovy:42)
	at com.kms.katalon.core.keyword.internal.KeywordExecutor.executeKeywordForPlatform(KeywordExecutor.groovy:74)
	at com.kms.katalon.core.webui.keyword.WebUiBuiltInKeywords.click(WebUiBuiltInKeywords.groovy:608)
	at com.kms.katalon.core.webui.keyword.WebUiBuiltInKeywords$click$10.call(Unknown Source)
	at 03-05-Transaction-InquiryStatus-SearchPengajuan.run(03-05-Transaction-InquiryStatus-SearchPengajuan:261)
	at com.kms.katalon.core.main.ScriptEngine.run(ScriptEngine.java:194)
	at com.kms.katalon.core.main.ScriptEngine.runScriptAsRawText(ScriptEngine.java:119)
	at com.kms.katalon.core.main.TestCaseExecutor.runScript(TestCaseExecutor.java:430)
	at com.kms.katalon.core.main.TestCaseExecutor.doExecute(TestCaseExecutor.java:421)
	at com.kms.katalon.core.main.TestCaseExecutor.processExecutionPhase(TestCaseExecutor.java:400)
	at com.kms.katalon.core.main.TestCaseExecutor.accessMainPhase(TestCaseExecutor.java:392)
	at com.kms.katalon.core.main.TestCaseExecutor.execute(TestCaseExecutor.java:273)
	at com.kms.katalon.core.main.TestSuiteExecutor.accessTestCaseMainPhase(TestSuiteExecutor.java:202)
	at com.kms.katalon.core.main.TestSuiteExecutor.accessTestSuiteMainPhase(TestSuiteExecutor.java:164)
	at com.kms.katalon.core.main.TestSuiteExecutor.execute(TestSuiteExecutor.java:105)
	at com.kms.katalon.core.main.TestCaseMain.startTestSuite(TestCaseMain.java:185)
	at com.kms.katalon.core.main.TestCaseMain$startTestSuite$0.call(Unknown Source)
	at TempTestSuite1649317294040.run(TempTestSuite1649317294040.groovy:36)
Caused by: com.kms.katalon.core.webui.exception.WebElementNotFoundException: Web element with id: 'Object Repository/Inquiry_Status/Cek_DokumenResume/button_Resume Internal' located by '//button[(text() = 'Resume Internal ' or . = 'Resume Internal ')]' not found
	at com.kms.katalon.core.webui.common.WebUiCommonHelper.findWebElement(WebUiCommonHelper.java:1368)
	at com.kms.katalon.core.webui.keyword.internal.WebUIAbstractKeyword.findWebElement(WebUIAbstractKeyword.groovy:27)
	at com.kms.katalon.core.webui.keyword.internal.WebUIAbstractKeyword.findWebElement(WebUIAbstractKeyword.groovy:26)
	at com.kms.katalon.core.webui.keyword.builtin.ClickKeyword$_click_closure1.doCall(ClickKeyword.groovy:66)
	at com.kms.katalon.core.webui.keyword.builtin.ClickKeyword$_click_closure1.call(ClickKeyword.groovy)
	at com.kms.katalon.core.webui.keyword.internal.WebUIKeywordMain.runKeyword(WebUIKeywordMain.groovy:20)
	at com.kms.katalon.core.webui.keyword.builtin.ClickKeyword.click(ClickKeyword.groovy:75)
	at com.kms.katalon.core.webui.keyword.builtin.ClickKeyword.execute(ClickKeyword.groovy:42)
	at com.kms.katalon.core.keyword.internal.KeywordExecutor.executeKeywordForPlatform(KeywordExecutor.groovy:74)
	at com.kms.katalon.core.webui.keyword.WebUiBuiltInKeywords.click(WebUiBuiltInKeywords.groovy:608)
	at com.kms.katalon.core.webui.keyword.WebUiBuiltInKeywords$click$10.call(Unknown Source)
	at Script1647432050127.run(Script1647432050127.groovy:261)
	... 13 more
)

2022-04-07 15:00:10 - [MESSAGE][INFO] - Unable to find the element located by 'By.xpath: //button[(text() = 'Resume Internal ' or . = 'Resume Internal ')]'. Please recheck the objects properties to make sure the desired element is located. 

2022-04-07 15:00:10 - [MESSAGE][WARNING] - [SELF-HEALING] Failed to find element with id 'Object Repository/Inquiry_Status/Cek_DokumenResume/button_Resume Internal'. Try using Self-healing.

2022-04-07 15:00:11 - [MESSAGE][INFO] - Unable to find the element located by 'By.xpath: //div[@id='headingRTwo']/button'. Please recheck the objects properties to make sure the desired element is located. 

2022-04-07 15:00:12 - [MESSAGE][INFO] - [SELF-HEALING] Failed Locator: '//div[@id='headingRTwo']/button'.

2022-04-07 15:00:12 - [MESSAGE][INFO] - [SELF-HEALING] Failed Locator: '(.//*[normalize-space(text()) and normalize-space(.)='File Resume'])[1]/following::button[1]'.

2022-04-07 15:00:12 - [MESSAGE][INFO] - [SELF-HEALING] Failed Locator: '(.//*[normalize-space(text()) and normalize-space(.)='Resume AHU'])[1]/following::button[1]'.

2022-04-07 15:00:13 - [MESSAGE][INFO] - [SELF-HEALING] Failed Locator: '(.//*[normalize-space(text()) and normalize-space(.)='Metode'])[1]/preceding::button[1]'.

2022-04-07 15:00:13 - [MESSAGE][INFO] - [SELF-HEALING] Failed Locator: '(.//*[normalize-space(text()) and normalize-space(.)='Kategori'])[1]/preceding::button[1]'.

2022-04-07 15:00:13 - [MESSAGE][INFO] - [SELF-HEALING] Failed Locator: '//*/text()[normalize-space(.)='Resume Internal']/parent::*'.

2022-04-07 15:00:13 - [MESSAGE][INFO] - [SELF-HEALING] Failed Locator: '//div[2]/div/div[2]/div/div/div/div[2]/div/button'.

2022-04-07 15:00:14 - [MESSAGE][INFO] - [SELF-HEALING] Failed Locator: '//button[(text() = 'Resume Internal ' or . = 'Resume Internal ')]'.

2022-04-07 15:00:15 - [MESSAGE][INFO] - Unable to find the element located by 'By.cssSelector: #headingRTwo > button.btn-trigger.collapsed'. Please recheck the objects properties to make sure the desired element is located. 

2022-04-07 15:00:15 - [MESSAGE][WARNING] - Unable to click on object 'Object Repository/Inquiry_Status/Cek_DokumenResume/button_Resume Internal' (Root cause: com.kms.katalon.core.exception.StepFailedException: Unable to click on object 'Object Repository/Inquiry_Status/Cek_DokumenResume/button_Resume Internal'
	at com.kms.katalon.core.webui.keyword.internal.WebUIKeywordMain.stepFailed(WebUIKeywordMain.groovy:64)
	at com.kms.katalon.core.webui.keyword.internal.WebUIKeywordMain.runKeyword(WebUIKeywordMain.groovy:26)
	at com.kms.katalon.core.webui.keyword.builtin.ClickKeyword.click(ClickKeyword.groovy:75)
	at com.kms.katalon.core.webui.keyword.builtin.ClickKeyword.execute(ClickKeyword.groovy:42)
	at com.kms.katalon.core.keyword.internal.KeywordExecutor.executeKeywordForPlatform(KeywordExecutor.groovy:74)
	at com.kms.katalon.core.webui.keyword.WebUiBuiltInKeywords.click(WebUiBuiltInKeywords.groovy:608)
	at com.kms.katalon.core.webui.keyword.WebUiBuiltInKeywords$click$10.call(Unknown Source)
	at 03-05-Transaction-InquiryStatus-SearchPengajuan.run(03-05-Transaction-InquiryStatus-SearchPengajuan:261)
	at com.kms.katalon.core.main.ScriptEngine.run(ScriptEngine.java:194)
	at com.kms.katalon.core.main.ScriptEngine.runScriptAsRawText(ScriptEngine.java:119)
	at com.kms.katalon.core.main.TestCaseExecutor.runScript(TestCaseExecutor.java:430)
	at com.kms.katalon.core.main.TestCaseExecutor.doExecute(TestCaseExecutor.java:421)
	at com.kms.katalon.core.main.TestCaseExecutor.processExecutionPhase(TestCaseExecutor.java:400)
	at com.kms.katalon.core.main.TestCaseExecutor.accessMainPhase(TestCaseExecutor.java:392)
	at com.kms.katalon.core.main.TestCaseExecutor.execute(TestCaseExecutor.java:273)
	at com.kms.katalon.core.main.TestSuiteExecutor.accessTestCaseMainPhase(TestSuiteExecutor.java:202)
	at com.kms.katalon.core.main.TestSuiteExecutor.accessTestSuiteMainPhase(TestSuiteExecutor.java:164)
	at com.kms.katalon.core.main.TestSuiteExecutor.execute(TestSuiteExecutor.java:105)
	at com.kms.katalon.core.main.TestCaseMain.startTestSuite(TestCaseMain.java:185)
	at com.kms.katalon.core.main.TestCaseMain$startTestSuite$0.call(Unknown Source)
	at TempTestSuite1649317294040.run(TempTestSuite1649317294040.groovy:36)
Caused by: com.kms.katalon.core.webui.exception.WebElementNotFoundException: Web element with id: 'Object Repository/Inquiry_Status/Cek_DokumenResume/button_Resume Internal' located by '//button[(text() = 'Resume Internal ' or . = 'Resume Internal ')]' not found
	at com.kms.katalon.core.webui.common.WebUiCommonHelper.findWebElement(WebUiCommonHelper.java:1368)
	at com.kms.katalon.core.webui.keyword.internal.WebUIAbstractKeyword.findWebElement(WebUIAbstractKeyword.groovy:27)
	at com.kms.katalon.core.webui.keyword.internal.WebUIAbstractKeyword.findWebElement(WebUIAbstractKeyword.groovy:26)
	at com.kms.katalon.core.webui.keyword.builtin.ClickKeyword$_click_closure1.doCall(ClickKeyword.groovy:66)
	at com.kms.katalon.core.webui.keyword.builtin.ClickKeyword$_click_closure1.call(ClickKeyword.groovy)
	at com.kms.katalon.core.webui.keyword.internal.WebUIKeywordMain.runKeyword(WebUIKeywordMain.groovy:20)
	at com.kms.katalon.core.webui.keyword.builtin.ClickKeyword.click(ClickKeyword.groovy:75)
	at com.kms.katalon.core.webui.keyword.builtin.ClickKeyword.execute(ClickKeyword.groovy:42)
	at com.kms.katalon.core.keyword.internal.KeywordExecutor.executeKeywordForPlatform(KeywordExecutor.groovy:74)
	at com.kms.katalon.core.webui.keyword.WebUiBuiltInKeywords.click(WebUiBuiltInKeywords.groovy:608)
	at com.kms.katalon.core.webui.keyword.WebUiBuiltInKeywords$click$10.call(Unknown Source)
	at Script1647432050127.run(Script1647432050127.groovy:261)
	... 13 more
)
[[ATTACHMENT|C:\\Users\\Nia Yusniati\\Git_Asa\\BCAF_MEAPP_i3\\Reports\\20220407_144134\\Skenario_3\\S3\\20220407_144134\\1649318415340.png]]

2022-04-07 15:00:15 - [TEST_STEP][PASSED] - delay(5): Delayed 5 second(s)

2022-04-07 15:00:20 - [MESSAGE][PASSED] - Delayed 5 second(s)

2022-04-07 15:00:20 - [TEST_STEP][PASSED] - takeFullPageScreenshotAsCheckpoint(userDir + sprint4WebScreenshootPath + "scenario-3-menu-resume-internal-pengajuan-2.png"): Taking screenshot successfully

2022-04-07 15:00:21 - [MESSAGE][INFO] - 0 hidden object(s)

2022-04-07 15:00:21 - [MESSAGE][PASSED] - Taking screenshot successfully
[[ATTACHMENT|C:\Users\Nia Yusniati\Git_Asa\BCAF_MEAPP_i3\Screenshoot\Sprint4\Web\keyes\keyes-scenario-3-menu-resume-internal-pengajuan-2.png]]

2022-04-07 15:00:21 - [TEST_STEP][PASSED] - markPassed("scenario 3 - menu resume internal pengajuan-2"): scenario 3 - menu resume internal pengajuan-2

2022-04-07 15:00:21 - [MESSAGE][PASSED] - scenario 3 - menu resume internal pengajuan-2

2022-04-07 15:00:21 - [TEST_STEP][PASSED] - delay(5): Delayed 5 second(s)

2022-04-07 15:00:26 - [MESSAGE][PASSED] - Delayed 5 second(s)

2022-04-07 15:00:26 - [TEST_STEP][PASSED] - click(findTestObject("Object Repository/Inquiry_Status/Cek_DokumenResume/button_Anggaran Dasar Dan Perubahan"), OPTIONAL): Unable to click on object 'Object Repository/Inquiry_Status/Cek_DokumenResume/button_Anggaran Dasar Dan Perubahan' (Root cause: com.kms.katalon.core.exception.StepFailedException: Unable to click on object 'Object Repository/Inquiry_Status/Cek_DokumenResume/button_Anggaran Dasar Dan Perubahan'
	at com.kms.katalon.core.webui.keyword.internal.WebUIKeywordMain.stepFailed(WebUIKeywordMain.groovy:64)
	at com.kms.katalon.core.webui.keyword.internal.WebUIKeywordMain.runKeyword(WebUIKeywordMain.groovy:26)
	at com.kms.katalon.core.webui.keyword.builtin.ClickKeyword.click(ClickKeyword.groovy:75)
	at com.kms.katalon.core.webui.keyword.builtin.ClickKeyword.execute(ClickKeyword.groovy:42)
	at com.kms.katalon.core.keyword.internal.KeywordExecutor.executeKeywordForPlatform(KeywordExecutor.groovy:74)
	at com.kms.katalon.core.webui.keyword.WebUiBuiltInKeywords.click(WebUiBuiltInKeywords.groovy:608)
	at com.kms.katalon.core.webui.keyword.WebUiBuiltInKeywords$click$10.call(Unknown Source)
	at 03-05-Transaction-InquiryStatus-SearchPengajuan.run(03-05-Transaction-InquiryStatus-SearchPengajuan:275)
	at com.kms.katalon.core.main.ScriptEngine.run(ScriptEngine.java:194)
	at com.kms.katalon.core.main.ScriptEngine.runScriptAsRawText(ScriptEngine.java:119)
	at com.kms.katalon.core.main.TestCaseExecutor.runScript(TestCaseExecutor.java:430)
	at com.kms.katalon.core.main.TestCaseExecutor.doExecute(TestCaseExecutor.java:421)
	at com.kms.katalon.core.main.TestCaseExecutor.processExecutionPhase(TestCaseExecutor.java:400)
	at com.kms.katalon.core.main.TestCaseExecutor.accessMainPhase(TestCaseExecutor.java:392)
	at com.kms.katalon.core.main.TestCaseExecutor.execute(TestCaseExecutor.java:273)
	at com.kms.katalon.core.main.TestSuiteExecutor.accessTestCaseMainPhase(TestSuiteExecutor.java:202)
	at com.kms.katalon.core.main.TestSuiteExecutor.accessTestSuiteMainPhase(TestSuiteExecutor.java:164)
	at com.kms.katalon.core.main.TestSuiteExecutor.execute(TestSuiteExecutor.java:105)
	at com.kms.katalon.core.main.TestCaseMain.startTestSuite(TestCaseMain.java:185)
	at com.kms.katalon.core.main.TestCaseMain$startTestSuite$0.call(Unknown Source)
	at TempTestSuite1649317294040.run(TempTestSuite1649317294040.groovy:36)
Caused by: com.kms.katalon.core.webui.exception.WebElementNotFoundException: Web element with id: 'Object Repository/Inquiry_Status/Cek_DokumenResume/button_Anggaran Dasar Dan Perubahan' located by '//button[(text() = 'Anggaran Dasar Dan Perubahan ' or . = 'Anggaran Dasar Dan Perubahan ')]' not found
	at com.kms.katalon.core.webui.common.WebUiCommonHelper.findWebElement(WebUiCommonHelper.java:1368)
	at com.kms.katalon.core.webui.keyword.internal.WebUIAbstractKeyword.findWebElement(WebUIAbstractKeyword.groovy:27)
	at com.kms.katalon.core.webui.keyword.internal.WebUIAbstractKeyword.findWebElement(WebUIAbstractKeyword.groovy:26)
	at com.kms.katalon.core.webui.keyword.builtin.ClickKeyword$_click_closure1.doCall(ClickKeyword.groovy:66)
	at com.kms.katalon.core.webui.keyword.builtin.ClickKeyword$_click_closure1.call(ClickKeyword.groovy)
	at com.kms.katalon.core.webui.keyword.internal.WebUIKeywordMain.runKeyword(WebUIKeywordMain.groovy:20)
	at com.kms.katalon.core.webui.keyword.builtin.ClickKeyword.click(ClickKeyword.groovy:75)
	at com.kms.katalon.core.webui.keyword.builtin.ClickKeyword.execute(ClickKeyword.groovy:42)
	at com.kms.katalon.core.keyword.internal.KeywordExecutor.executeKeywordForPlatform(KeywordExecutor.groovy:74)
	at com.kms.katalon.core.webui.keyword.WebUiBuiltInKeywords.click(WebUiBuiltInKeywords.groovy:608)
	at com.kms.katalon.core.webui.keyword.WebUiBuiltInKeywords$click$10.call(Unknown Source)
	at Script1647432050127.run(Script1647432050127.groovy:275)
	... 13 more
)

2022-04-07 15:00:58 - [MESSAGE][INFO] - Unable to find the element located by 'By.xpath: //button[(text() = 'Anggaran Dasar Dan Perubahan ' or . = 'Anggaran Dasar Dan Perubahan ')]'. Please recheck the objects properties to make sure the desired element is located. 

2022-04-07 15:00:58 - [MESSAGE][WARNING] - [SELF-HEALING] Failed to find element with id 'Object Repository/Inquiry_Status/Cek_DokumenResume/button_Anggaran Dasar Dan Perubahan'. Try using Self-healing.

2022-04-07 15:00:59 - [MESSAGE][INFO] - Unable to find the element located by 'By.xpath: //div[@id='headingRThree']/button'. Please recheck the objects properties to make sure the desired element is located. 

2022-04-07 15:00:59 - [MESSAGE][INFO] - [SELF-HEALING] Failed Locator: '//div[@id='headingRThree']/button'.

2022-04-07 15:00:59 - [MESSAGE][INFO] - [SELF-HEALING] Failed Locator: '(.//*[normalize-space(text()) and normalize-space(.)='Alamat'])[1]/following::button[1]'.

2022-04-07 15:01:00 - [MESSAGE][INFO] - [SELF-HEALING] Failed Locator: '(.//*[normalize-space(text()) and normalize-space(.)='Kedudukan'])[1]/following::button[1]'.

2022-04-07 15:01:00 - [MESSAGE][INFO] - [SELF-HEALING] Failed Locator: '(.//*[normalize-space(text()) and normalize-space(.)='No Akta'])[1]/preceding::button[1]'.

2022-04-07 15:01:00 - [MESSAGE][INFO] - [SELF-HEALING] Failed Locator: '(.//*[normalize-space(text()) and normalize-space(.)='Tanggal Akta'])[1]/preceding::button[1]'.

2022-04-07 15:01:01 - [MESSAGE][INFO] - [SELF-HEALING] Failed Locator: '//*/text()[normalize-space(.)='Anggaran Dasar Dan Perubahan']/parent::*'.

2022-04-07 15:01:01 - [MESSAGE][INFO] - [SELF-HEALING] Failed Locator: '//div[2]/div/div[2]/div/div/div/div[3]/div/button'.

2022-04-07 15:01:01 - [MESSAGE][INFO] - [SELF-HEALING] Failed Locator: '//button[(text() = 'Anggaran Dasar Dan Perubahan ' or . = 'Anggaran Dasar Dan Perubahan ')]'.

2022-04-07 15:01:02 - [MESSAGE][INFO] - Unable to find the element located by 'By.cssSelector: #headingRThree > button.btn-trigger.collapsed'. Please recheck the objects properties to make sure the desired element is located. 

2022-04-07 15:01:02 - [MESSAGE][WARNING] - Unable to click on object 'Object Repository/Inquiry_Status/Cek_DokumenResume/button_Anggaran Dasar Dan Perubahan' (Root cause: com.kms.katalon.core.exception.StepFailedException: Unable to click on object 'Object Repository/Inquiry_Status/Cek_DokumenResume/button_Anggaran Dasar Dan Perubahan'
	at com.kms.katalon.core.webui.keyword.internal.WebUIKeywordMain.stepFailed(WebUIKeywordMain.groovy:64)
	at com.kms.katalon.core.webui.keyword.internal.WebUIKeywordMain.runKeyword(WebUIKeywordMain.groovy:26)
	at com.kms.katalon.core.webui.keyword.builtin.ClickKeyword.click(ClickKeyword.groovy:75)
	at com.kms.katalon.core.webui.keyword.builtin.ClickKeyword.execute(ClickKeyword.groovy:42)
	at com.kms.katalon.core.keyword.internal.KeywordExecutor.executeKeywordForPlatform(KeywordExecutor.groovy:74)
	at com.kms.katalon.core.webui.keyword.WebUiBuiltInKeywords.click(WebUiBuiltInKeywords.groovy:608)
	at com.kms.katalon.core.webui.keyword.WebUiBuiltInKeywords$click$10.call(Unknown Source)
	at 03-05-Transaction-InquiryStatus-SearchPengajuan.run(03-05-Transaction-InquiryStatus-SearchPengajuan:275)
	at com.kms.katalon.core.main.ScriptEngine.run(ScriptEngine.java:194)
	at com.kms.katalon.core.main.ScriptEngine.runScriptAsRawText(ScriptEngine.java:119)
	at com.kms.katalon.core.main.TestCaseExecutor.runScript(TestCaseExecutor.java:430)
	at com.kms.katalon.core.main.TestCaseExecutor.doExecute(TestCaseExecutor.java:421)
	at com.kms.katalon.core.main.TestCaseExecutor.processExecutionPhase(TestCaseExecutor.java:400)
	at com.kms.katalon.core.main.TestCaseExecutor.accessMainPhase(TestCaseExecutor.java:392)
	at com.kms.katalon.core.main.TestCaseExecutor.execute(TestCaseExecutor.java:273)
	at com.kms.katalon.core.main.TestSuiteExecutor.accessTestCaseMainPhase(TestSuiteExecutor.java:202)
	at com.kms.katalon.core.main.TestSuiteExecutor.accessTestSuiteMainPhase(TestSuiteExecutor.java:164)
	at com.kms.katalon.core.main.TestSuiteExecutor.execute(TestSuiteExecutor.java:105)
	at com.kms.katalon.core.main.TestCaseMain.startTestSuite(TestCaseMain.java:185)
	at com.kms.katalon.core.main.TestCaseMain$startTestSuite$0.call(Unknown Source)
	at TempTestSuite1649317294040.run(TempTestSuite1649317294040.groovy:36)
Caused by: com.kms.katalon.core.webui.exception.WebElementNotFoundException: Web element with id: 'Object Repository/Inquiry_Status/Cek_DokumenResume/button_Anggaran Dasar Dan Perubahan' located by '//button[(text() = 'Anggaran Dasar Dan Perubahan ' or . = 'Anggaran Dasar Dan Perubahan ')]' not found
	at com.kms.katalon.core.webui.common.WebUiCommonHelper.findWebElement(WebUiCommonHelper.java:1368)
	at com.kms.katalon.core.webui.keyword.internal.WebUIAbstractKeyword.findWebElement(WebUIAbstractKeyword.groovy:27)
	at com.kms.katalon.core.webui.keyword.internal.WebUIAbstractKeyword.findWebElement(WebUIAbstractKeyword.groovy:26)
	at com.kms.katalon.core.webui.keyword.builtin.ClickKeyword$_click_closure1.doCall(ClickKeyword.groovy:66)
	at com.kms.katalon.core.webui.keyword.builtin.ClickKeyword$_click_closure1.call(ClickKeyword.groovy)
	at com.kms.katalon.core.webui.keyword.internal.WebUIKeywordMain.runKeyword(WebUIKeywordMain.groovy:20)
	at com.kms.katalon.core.webui.keyword.builtin.ClickKeyword.click(ClickKeyword.groovy:75)
	at com.kms.katalon.core.webui.keyword.builtin.ClickKeyword.execute(ClickKeyword.groovy:42)
	at com.kms.katalon.core.keyword.internal.KeywordExecutor.executeKeywordForPlatform(KeywordExecutor.groovy:74)
	at com.kms.katalon.core.webui.keyword.WebUiBuiltInKeywords.click(WebUiBuiltInKeywords.groovy:608)
	at com.kms.katalon.core.webui.keyword.WebUiBuiltInKeywords$click$10.call(Unknown Source)
	at Script1647432050127.run(Script1647432050127.groovy:275)
	... 13 more
)
[[ATTACHMENT|C:\\Users\\Nia Yusniati\\Git_Asa\\BCAF_MEAPP_i3\\Reports\\20220407_144134\\Skenario_3\\S3\\20220407_144134\\1649318462800.png]]

2022-04-07 15:01:02 - [TEST_STEP][PASSED] - delay(5): Delayed 5 second(s)

2022-04-07 15:01:07 - [MESSAGE][PASSED] - Delayed 5 second(s)

2022-04-07 15:01:07 - [TEST_STEP][PASSED] - takeFullPageScreenshotAsCheckpoint(userDir + sprint4WebScreenshootPath + "scenario-3-menu-anggaran-dasar-dan-perubahan-pengajuan-2.png"): Taking screenshot successfully

2022-04-07 15:01:08 - [MESSAGE][INFO] - 0 hidden object(s)

2022-04-07 15:01:08 - [MESSAGE][PASSED] - Taking screenshot successfully
[[ATTACHMENT|C:\Users\Nia Yusniati\Git_Asa\BCAF_MEAPP_i3\Screenshoot\Sprint4\Web\keyes\keyes-scenario-3-menu-anggaran-dasar-dan-perubahan-pengajuan-2.png]]

2022-04-07 15:01:08 - [TEST_STEP][PASSED] - markPassed("scenario 3 - menu anggaran dasar dan perubahan pengajuan-2"): scenario 3 - menu anggaran dasar dan perubahan pengajuan-2

2022-04-07 15:01:08 - [MESSAGE][PASSED] - scenario 3 - menu anggaran dasar dan perubahan pengajuan-2

2022-04-07 15:01:08 - [TEST_STEP][PASSED] - delay(5): Delayed 5 second(s)

2022-04-07 15:01:13 - [MESSAGE][PASSED] - Delayed 5 second(s)

2022-04-07 15:01:13 - [TEST_STEP][PASSED] - click(findTestObject("Object Repository/Inquiry_Status/Cek_DokumenResume/button_Pengurus"), OPTIONAL): Unable to click on object 'Object Repository/Inquiry_Status/Cek_DokumenResume/button_Pengurus' (Root cause: com.kms.katalon.core.exception.StepFailedException: Unable to click on object 'Object Repository/Inquiry_Status/Cek_DokumenResume/button_Pengurus'
	at com.kms.katalon.core.webui.keyword.internal.WebUIKeywordMain.stepFailed(WebUIKeywordMain.groovy:64)
	at com.kms.katalon.core.webui.keyword.internal.WebUIKeywordMain.runKeyword(WebUIKeywordMain.groovy:26)
	at com.kms.katalon.core.webui.keyword.builtin.ClickKeyword.click(ClickKeyword.groovy:75)
	at com.kms.katalon.core.webui.keyword.builtin.ClickKeyword.execute(ClickKeyword.groovy:42)
	at com.kms.katalon.core.keyword.internal.KeywordExecutor.executeKeywordForPlatform(KeywordExecutor.groovy:74)
	at com.kms.katalon.core.webui.keyword.WebUiBuiltInKeywords.click(WebUiBuiltInKeywords.groovy:608)
	at com.kms.katalon.core.webui.keyword.WebUiBuiltInKeywords$click$10.call(Unknown Source)
	at 03-05-Transaction-InquiryStatus-SearchPengajuan.run(03-05-Transaction-InquiryStatus-SearchPengajuan:289)
	at com.kms.katalon.core.main.ScriptEngine.run(ScriptEngine.java:194)
	at com.kms.katalon.core.main.ScriptEngine.runScriptAsRawText(ScriptEngine.java:119)
	at com.kms.katalon.core.main.TestCaseExecutor.runScript(TestCaseExecutor.java:430)
	at com.kms.katalon.core.main.TestCaseExecutor.doExecute(TestCaseExecutor.java:421)
	at com.kms.katalon.core.main.TestCaseExecutor.processExecutionPhase(TestCaseExecutor.java:400)
	at com.kms.katalon.core.main.TestCaseExecutor.accessMainPhase(TestCaseExecutor.java:392)
	at com.kms.katalon.core.main.TestCaseExecutor.execute(TestCaseExecutor.java:273)
	at com.kms.katalon.core.main.TestSuiteExecutor.accessTestCaseMainPhase(TestSuiteExecutor.java:202)
	at com.kms.katalon.core.main.TestSuiteExecutor.accessTestSuiteMainPhase(TestSuiteExecutor.java:164)
	at com.kms.katalon.core.main.TestSuiteExecutor.execute(TestSuiteExecutor.java:105)
	at com.kms.katalon.core.main.TestCaseMain.startTestSuite(TestCaseMain.java:185)
	at com.kms.katalon.core.main.TestCaseMain$startTestSuite$0.call(Unknown Source)
	at TempTestSuite1649317294040.run(TempTestSuite1649317294040.groovy:36)
Caused by: com.kms.katalon.core.webui.exception.WebElementNotFoundException: Web element with id: 'Object Repository/Inquiry_Status/Cek_DokumenResume/button_Pengurus' located by '//button[(text() = 'Pengurus' or . = 'Pengurus')]' not found
	at com.kms.katalon.core.webui.common.WebUiCommonHelper.findWebElement(WebUiCommonHelper.java:1368)
	at com.kms.katalon.core.webui.keyword.internal.WebUIAbstractKeyword.findWebElement(WebUIAbstractKeyword.groovy:27)
	at com.kms.katalon.core.webui.keyword.internal.WebUIAbstractKeyword.findWebElement(WebUIAbstractKeyword.groovy:26)
	at com.kms.katalon.core.webui.keyword.builtin.ClickKeyword$_click_closure1.doCall(ClickKeyword.groovy:66)
	at com.kms.katalon.core.webui.keyword.builtin.ClickKeyword$_click_closure1.call(ClickKeyword.groovy)
	at com.kms.katalon.core.webui.keyword.internal.WebUIKeywordMain.runKeyword(WebUIKeywordMain.groovy:20)
	at com.kms.katalon.core.webui.keyword.builtin.ClickKeyword.click(ClickKeyword.groovy:75)
	at com.kms.katalon.core.webui.keyword.builtin.ClickKeyword.execute(ClickKeyword.groovy:42)
	at com.kms.katalon.core.keyword.internal.KeywordExecutor.executeKeywordForPlatform(KeywordExecutor.groovy:74)
	at com.kms.katalon.core.webui.keyword.WebUiBuiltInKeywords.click(WebUiBuiltInKeywords.groovy:608)
	at com.kms.katalon.core.webui.keyword.WebUiBuiltInKeywords$click$10.call(Unknown Source)
	at Script1647432050127.run(Script1647432050127.groovy:289)
	... 13 more
)

2022-04-07 15:01:45 - [MESSAGE][INFO] - Unable to find the element located by 'By.xpath: //button[(text() = 'Pengurus' or . = 'Pengurus')]'. Please recheck the objects properties to make sure the desired element is located. 

2022-04-07 15:01:45 - [MESSAGE][WARNING] - [SELF-HEALING] Failed to find element with id 'Object Repository/Inquiry_Status/Cek_DokumenResume/button_Pengurus'. Try using Self-healing.

2022-04-07 15:01:46 - [MESSAGE][INFO] - Unable to find the element located by 'By.xpath: //div[@id='headingRFour']/button'. Please recheck the objects properties to make sure the desired element is located. 

2022-04-07 15:01:46 - [MESSAGE][INFO] - [SELF-HEALING] Failed Locator: '//div[@id='headingRFour']/button'.

2022-04-07 15:01:47 - [MESSAGE][INFO] - [SELF-HEALING] Failed Locator: '(.//*[normalize-space(text()) and normalize-space(.)='Tidak Ada Data Anggaran Dasar dan Perubahan'])[1]/following::button[1]'.

2022-04-07 15:01:47 - [MESSAGE][INFO] - [SELF-HEALING] Failed Locator: '(.//*[normalize-space(text()) and normalize-space(.)='Tanggal Pengesahan'])[1]/following::button[1]'.

2022-04-07 15:01:47 - [MESSAGE][INFO] - [SELF-HEALING] Failed Locator: '(.//*[normalize-space(text()) and normalize-space(.)='Nama'])[1]/preceding::button[1]'.

2022-04-07 15:01:47 - [MESSAGE][INFO] - [SELF-HEALING] Failed Locator: '(.//*[normalize-space(text()) and normalize-space(.)='Jabatan'])[1]/preceding::button[1]'.

2022-04-07 15:01:48 - [MESSAGE][INFO] - [SELF-HEALING] Failed Locator: '//*/text()[normalize-space(.)='Pengurus']/parent::*'.

2022-04-07 15:01:48 - [MESSAGE][INFO] - [SELF-HEALING] Failed Locator: '//div[2]/div/div[2]/div/div/div/div[4]/div/button'.

2022-04-07 15:01:48 - [MESSAGE][INFO] - [SELF-HEALING] Failed Locator: '//button[(text() = 'Pengurus' or . = 'Pengurus')]'.

2022-04-07 15:01:50 - [MESSAGE][INFO] - Unable to find the element located by 'By.cssSelector: #headingRFour > button.btn-trigger.collapsed'. Please recheck the objects properties to make sure the desired element is located. 

2022-04-07 15:01:50 - [MESSAGE][WARNING] - Unable to click on object 'Object Repository/Inquiry_Status/Cek_DokumenResume/button_Pengurus' (Root cause: com.kms.katalon.core.exception.StepFailedException: Unable to click on object 'Object Repository/Inquiry_Status/Cek_DokumenResume/button_Pengurus'
	at com.kms.katalon.core.webui.keyword.internal.WebUIKeywordMain.stepFailed(WebUIKeywordMain.groovy:64)
	at com.kms.katalon.core.webui.keyword.internal.WebUIKeywordMain.runKeyword(WebUIKeywordMain.groovy:26)
	at com.kms.katalon.core.webui.keyword.builtin.ClickKeyword.click(ClickKeyword.groovy:75)
	at com.kms.katalon.core.webui.keyword.builtin.ClickKeyword.execute(ClickKeyword.groovy:42)
	at com.kms.katalon.core.keyword.internal.KeywordExecutor.executeKeywordForPlatform(KeywordExecutor.groovy:74)
	at com.kms.katalon.core.webui.keyword.WebUiBuiltInKeywords.click(WebUiBuiltInKeywords.groovy:608)
	at com.kms.katalon.core.webui.keyword.WebUiBuiltInKeywords$click$10.call(Unknown Source)
	at 03-05-Transaction-InquiryStatus-SearchPengajuan.run(03-05-Transaction-InquiryStatus-SearchPengajuan:289)
	at com.kms.katalon.core.main.ScriptEngine.run(ScriptEngine.java:194)
	at com.kms.katalon.core.main.ScriptEngine.runScriptAsRawText(ScriptEngine.java:119)
	at com.kms.katalon.core.main.TestCaseExecutor.runScript(TestCaseExecutor.java:430)
	at com.kms.katalon.core.main.TestCaseExecutor.doExecute(TestCaseExecutor.java:421)
	at com.kms.katalon.core.main.TestCaseExecutor.processExecutionPhase(TestCaseExecutor.java:400)
	at com.kms.katalon.core.main.TestCaseExecutor.accessMainPhase(TestCaseExecutor.java:392)
	at com.kms.katalon.core.main.TestCaseExecutor.execute(TestCaseExecutor.java:273)
	at com.kms.katalon.core.main.TestSuiteExecutor.accessTestCaseMainPhase(TestSuiteExecutor.java:202)
	at com.kms.katalon.core.main.TestSuiteExecutor.accessTestSuiteMainPhase(TestSuiteExecutor.java:164)
	at com.kms.katalon.core.main.TestSuiteExecutor.execute(TestSuiteExecutor.java:105)
	at com.kms.katalon.core.main.TestCaseMain.startTestSuite(TestCaseMain.java:185)
	at com.kms.katalon.core.main.TestCaseMain$startTestSuite$0.call(Unknown Source)
	at TempTestSuite1649317294040.run(TempTestSuite1649317294040.groovy:36)
Caused by: com.kms.katalon.core.webui.exception.WebElementNotFoundException: Web element with id: 'Object Repository/Inquiry_Status/Cek_DokumenResume/button_Pengurus' located by '//button[(text() = 'Pengurus' or . = 'Pengurus')]' not found
	at com.kms.katalon.core.webui.common.WebUiCommonHelper.findWebElement(WebUiCommonHelper.java:1368)
	at com.kms.katalon.core.webui.keyword.internal.WebUIAbstractKeyword.findWebElement(WebUIAbstractKeyword.groovy:27)
	at com.kms.katalon.core.webui.keyword.internal.WebUIAbstractKeyword.findWebElement(WebUIAbstractKeyword.groovy:26)
	at com.kms.katalon.core.webui.keyword.builtin.ClickKeyword$_click_closure1.doCall(ClickKeyword.groovy:66)
	at com.kms.katalon.core.webui.keyword.builtin.ClickKeyword$_click_closure1.call(ClickKeyword.groovy)
	at com.kms.katalon.core.webui.keyword.internal.WebUIKeywordMain.runKeyword(WebUIKeywordMain.groovy:20)
	at com.kms.katalon.core.webui.keyword.builtin.ClickKeyword.click(ClickKeyword.groovy:75)
	at com.kms.katalon.core.webui.keyword.builtin.ClickKeyword.execute(ClickKeyword.groovy:42)
	at com.kms.katalon.core.keyword.internal.KeywordExecutor.executeKeywordForPlatform(KeywordExecutor.groovy:74)
	at com.kms.katalon.core.webui.keyword.WebUiBuiltInKeywords.click(WebUiBuiltInKeywords.groovy:608)
	at com.kms.katalon.core.webui.keyword.WebUiBuiltInKeywords$click$10.call(Unknown Source)
	at Script1647432050127.run(Script1647432050127.groovy:289)
	... 13 more
)
[[ATTACHMENT|C:\\Users\\Nia Yusniati\\Git_Asa\\BCAF_MEAPP_i3\\Reports\\20220407_144134\\Skenario_3\\S3\\20220407_144134\\1649318510020.png]]

2022-04-07 15:01:50 - [TEST_STEP][PASSED] - delay(5): Delayed 5 second(s)

2022-04-07 15:01:55 - [MESSAGE][PASSED] - Delayed 5 second(s)

2022-04-07 15:01:55 - [TEST_STEP][PASSED] - takeFullPageScreenshotAsCheckpoint(userDir + sprint4WebScreenshootPath + "scenario-3-menu-pengurus-pengajuan-2.png"): Taking screenshot successfully

2022-04-07 15:01:55 - [MESSAGE][INFO] - 0 hidden object(s)

2022-04-07 15:01:56 - [MESSAGE][PASSED] - Taking screenshot successfully
[[ATTACHMENT|C:\Users\Nia Yusniati\Git_Asa\BCAF_MEAPP_i3\Screenshoot\Sprint4\Web\keyes\keyes-scenario-3-menu-pengurus-pengajuan-2.png]]

2022-04-07 15:01:56 - [TEST_STEP][PASSED] - markPassed("scenario 3 - menu pengurus pengajuan-2"): scenario 3 - menu pengurus pengajuan-2

2022-04-07 15:01:56 - [MESSAGE][PASSED] - scenario 3 - menu pengurus pengajuan-2

2022-04-07 15:01:56 - [TEST_STEP][PASSED] - delay(5): Delayed 5 second(s)

2022-04-07 15:02:01 - [MESSAGE][PASSED] - Delayed 5 second(s)

2022-04-07 15:02:01 - [TEST_STEP][PASSED] - click(findTestObject("Object Repository/Inquiry_Status/Cek_DokumenResume/button_Data Pendukung"), OPTIONAL): Unable to click on object 'Object Repository/Inquiry_Status/Cek_DokumenResume/button_Data Pendukung' (Root cause: com.kms.katalon.core.exception.StepFailedException: Unable to click on object 'Object Repository/Inquiry_Status/Cek_DokumenResume/button_Data Pendukung'
	at com.kms.katalon.core.webui.keyword.internal.WebUIKeywordMain.stepFailed(WebUIKeywordMain.groovy:64)
	at com.kms.katalon.core.webui.keyword.internal.WebUIKeywordMain.runKeyword(WebUIKeywordMain.groovy:26)
	at com.kms.katalon.core.webui.keyword.builtin.ClickKeyword.click(ClickKeyword.groovy:75)
	at com.kms.katalon.core.webui.keyword.builtin.ClickKeyword.execute(ClickKeyword.groovy:42)
	at com.kms.katalon.core.keyword.internal.KeywordExecutor.executeKeywordForPlatform(KeywordExecutor.groovy:74)
	at com.kms.katalon.core.webui.keyword.WebUiBuiltInKeywords.click(WebUiBuiltInKeywords.groovy:608)
	at com.kms.katalon.core.webui.keyword.WebUiBuiltInKeywords$click$10.call(Unknown Source)
	at 03-05-Transaction-InquiryStatus-SearchPengajuan.run(03-05-Transaction-InquiryStatus-SearchPengajuan:303)
	at com.kms.katalon.core.main.ScriptEngine.run(ScriptEngine.java:194)
	at com.kms.katalon.core.main.ScriptEngine.runScriptAsRawText(ScriptEngine.java:119)
	at com.kms.katalon.core.main.TestCaseExecutor.runScript(TestCaseExecutor.java:430)
	at com.kms.katalon.core.main.TestCaseExecutor.doExecute(TestCaseExecutor.java:421)
	at com.kms.katalon.core.main.TestCaseExecutor.processExecutionPhase(TestCaseExecutor.java:400)
	at com.kms.katalon.core.main.TestCaseExecutor.accessMainPhase(TestCaseExecutor.java:392)
	at com.kms.katalon.core.main.TestCaseExecutor.execute(TestCaseExecutor.java:273)
	at com.kms.katalon.core.main.TestSuiteExecutor.accessTestCaseMainPhase(TestSuiteExecutor.java:202)
	at com.kms.katalon.core.main.TestSuiteExecutor.accessTestSuiteMainPhase(TestSuiteExecutor.java:164)
	at com.kms.katalon.core.main.TestSuiteExecutor.execute(TestSuiteExecutor.java:105)
	at com.kms.katalon.core.main.TestCaseMain.startTestSuite(TestCaseMain.java:185)
	at com.kms.katalon.core.main.TestCaseMain$startTestSuite$0.call(Unknown Source)
	at TempTestSuite1649317294040.run(TempTestSuite1649317294040.groovy:36)
Caused by: com.kms.katalon.core.webui.exception.WebElementNotFoundException: Web element with id: 'Object Repository/Inquiry_Status/Cek_DokumenResume/button_Data Pendukung' located by '//button[(text() = 'Data Pendukung ' or . = 'Data Pendukung ')]' not found
	at com.kms.katalon.core.webui.common.WebUiCommonHelper.findWebElement(WebUiCommonHelper.java:1368)
	at com.kms.katalon.core.webui.keyword.internal.WebUIAbstractKeyword.findWebElement(WebUIAbstractKeyword.groovy:27)
	at com.kms.katalon.core.webui.keyword.internal.WebUIAbstractKeyword.findWebElement(WebUIAbstractKeyword.groovy:26)
	at com.kms.katalon.core.webui.keyword.builtin.ClickKeyword$_click_closure1.doCall(ClickKeyword.groovy:66)
	at com.kms.katalon.core.webui.keyword.builtin.ClickKeyword$_click_closure1.call(ClickKeyword.groovy)
	at com.kms.katalon.core.webui.keyword.internal.WebUIKeywordMain.runKeyword(WebUIKeywordMain.groovy:20)
	at com.kms.katalon.core.webui.keyword.builtin.ClickKeyword.click(ClickKeyword.groovy:75)
	at com.kms.katalon.core.webui.keyword.builtin.ClickKeyword.execute(ClickKeyword.groovy:42)
	at com.kms.katalon.core.keyword.internal.KeywordExecutor.executeKeywordForPlatform(KeywordExecutor.groovy:74)
	at com.kms.katalon.core.webui.keyword.WebUiBuiltInKeywords.click(WebUiBuiltInKeywords.groovy:608)
	at com.kms.katalon.core.webui.keyword.WebUiBuiltInKeywords$click$10.call(Unknown Source)
	at Script1647432050127.run(Script1647432050127.groovy:303)
	... 13 more
)

2022-04-07 15:02:32 - [MESSAGE][INFO] - Unable to find the element located by 'By.xpath: //button[(text() = 'Data Pendukung ' or . = 'Data Pendukung ')]'. Please recheck the objects properties to make sure the desired element is located. 

2022-04-07 15:02:32 - [MESSAGE][WARNING] - [SELF-HEALING] Failed to find element with id 'Object Repository/Inquiry_Status/Cek_DokumenResume/button_Data Pendukung'. Try using Self-healing.

2022-04-07 15:02:33 - [MESSAGE][INFO] - Unable to find the element located by 'By.xpath: //div[@id='headingRFive']/button'. Please recheck the objects properties to make sure the desired element is located. 

2022-04-07 15:02:33 - [MESSAGE][INFO] - [SELF-HEALING] Failed Locator: '//div[@id='headingRFive']/button'.

2022-04-07 15:02:34 - [MESSAGE][INFO] - [SELF-HEALING] Failed Locator: '(.//*[normalize-space(text()) and normalize-space(.)='Tidak Ada Data Pengurus'])[1]/following::button[1]'.

2022-04-07 15:02:34 - [MESSAGE][INFO] - [SELF-HEALING] Failed Locator: '(.//*[normalize-space(text()) and normalize-space(.)='Masa Jabatan'])[1]/following::button[1]'.

2022-04-07 15:02:34 - [MESSAGE][INFO] - [SELF-HEALING] Failed Locator: '(.//*[normalize-space(text()) and normalize-space(.)='Dokumen'])[1]/preceding::button[1]'.

2022-04-07 15:02:35 - [MESSAGE][INFO] - [SELF-HEALING] Failed Locator: '(.//*[normalize-space(text()) and normalize-space(.)='No Dokumen'])[1]/preceding::button[1]'.

2022-04-07 15:02:35 - [MESSAGE][INFO] - [SELF-HEALING] Failed Locator: '//*/text()[normalize-space(.)='Data Pendukung']/parent::*'.

2022-04-07 15:02:35 - [MESSAGE][INFO] - [SELF-HEALING] Failed Locator: '//div[2]/div/div[2]/div/div/div/div[5]/div/button'.

2022-04-07 15:02:36 - [MESSAGE][INFO] - [SELF-HEALING] Failed Locator: '//button[(text() = 'Data Pendukung ' or . = 'Data Pendukung ')]'.

2022-04-07 15:02:37 - [MESSAGE][INFO] - Unable to find the element located by 'By.cssSelector: #headingRFive > button.btn-trigger.collapsed'. Please recheck the objects properties to make sure the desired element is located. 

2022-04-07 15:02:37 - [MESSAGE][WARNING] - Unable to click on object 'Object Repository/Inquiry_Status/Cek_DokumenResume/button_Data Pendukung' (Root cause: com.kms.katalon.core.exception.StepFailedException: Unable to click on object 'Object Repository/Inquiry_Status/Cek_DokumenResume/button_Data Pendukung'
	at com.kms.katalon.core.webui.keyword.internal.WebUIKeywordMain.stepFailed(WebUIKeywordMain.groovy:64)
	at com.kms.katalon.core.webui.keyword.internal.WebUIKeywordMain.runKeyword(WebUIKeywordMain.groovy:26)
	at com.kms.katalon.core.webui.keyword.builtin.ClickKeyword.click(ClickKeyword.groovy:75)
	at com.kms.katalon.core.webui.keyword.builtin.ClickKeyword.execute(ClickKeyword.groovy:42)
	at com.kms.katalon.core.keyword.internal.KeywordExecutor.executeKeywordForPlatform(KeywordExecutor.groovy:74)
	at com.kms.katalon.core.webui.keyword.WebUiBuiltInKeywords.click(WebUiBuiltInKeywords.groovy:608)
	at com.kms.katalon.core.webui.keyword.WebUiBuiltInKeywords$click$10.call(Unknown Source)
	at 03-05-Transaction-InquiryStatus-SearchPengajuan.run(03-05-Transaction-InquiryStatus-SearchPengajuan:303)
	at com.kms.katalon.core.main.ScriptEngine.run(ScriptEngine.java:194)
	at com.kms.katalon.core.main.ScriptEngine.runScriptAsRawText(ScriptEngine.java:119)
	at com.kms.katalon.core.main.TestCaseExecutor.runScript(TestCaseExecutor.java:430)
	at com.kms.katalon.core.main.TestCaseExecutor.doExecute(TestCaseExecutor.java:421)
	at com.kms.katalon.core.main.TestCaseExecutor.processExecutionPhase(TestCaseExecutor.java:400)
	at com.kms.katalon.core.main.TestCaseExecutor.accessMainPhase(TestCaseExecutor.java:392)
	at com.kms.katalon.core.main.TestCaseExecutor.execute(TestCaseExecutor.java:273)
	at com.kms.katalon.core.main.TestSuiteExecutor.accessTestCaseMainPhase(TestSuiteExecutor.java:202)
	at com.kms.katalon.core.main.TestSuiteExecutor.accessTestSuiteMainPhase(TestSuiteExecutor.java:164)
	at com.kms.katalon.core.main.TestSuiteExecutor.execute(TestSuiteExecutor.java:105)
	at com.kms.katalon.core.main.TestCaseMain.startTestSuite(TestCaseMain.java:185)
	at com.kms.katalon.core.main.TestCaseMain$startTestSuite$0.call(Unknown Source)
	at TempTestSuite1649317294040.run(TempTestSuite1649317294040.groovy:36)
Caused by: com.kms.katalon.core.webui.exception.WebElementNotFoundException: Web element with id: 'Object Repository/Inquiry_Status/Cek_DokumenResume/button_Data Pendukung' located by '//button[(text() = 'Data Pendukung ' or . = 'Data Pendukung ')]' not found
	at com.kms.katalon.core.webui.common.WebUiCommonHelper.findWebElement(WebUiCommonHelper.java:1368)
	at com.kms.katalon.core.webui.keyword.internal.WebUIAbstractKeyword.findWebElement(WebUIAbstractKeyword.groovy:27)
	at com.kms.katalon.core.webui.keyword.internal.WebUIAbstractKeyword.findWebElement(WebUIAbstractKeyword.groovy:26)
	at com.kms.katalon.core.webui.keyword.builtin.ClickKeyword$_click_closure1.doCall(ClickKeyword.groovy:66)
	at com.kms.katalon.core.webui.keyword.builtin.ClickKeyword$_click_closure1.call(ClickKeyword.groovy)
	at com.kms.katalon.core.webui.keyword.internal.WebUIKeywordMain.runKeyword(WebUIKeywordMain.groovy:20)
	at com.kms.katalon.core.webui.keyword.builtin.ClickKeyword.click(ClickKeyword.groovy:75)
	at com.kms.katalon.core.webui.keyword.builtin.ClickKeyword.execute(ClickKeyword.groovy:42)
	at com.kms.katalon.core.keyword.internal.KeywordExecutor.executeKeywordForPlatform(KeywordExecutor.groovy:74)
	at com.kms.katalon.core.webui.keyword.WebUiBuiltInKeywords.click(WebUiBuiltInKeywords.groovy:608)
	at com.kms.katalon.core.webui.keyword.WebUiBuiltInKeywords$click$10.call(Unknown Source)
	at Script1647432050127.run(Script1647432050127.groovy:303)
	... 13 more
)
[[ATTACHMENT|C:\\Users\\Nia Yusniati\\Git_Asa\\BCAF_MEAPP_i3\\Reports\\20220407_144134\\Skenario_3\\S3\\20220407_144134\\1649318557181.png]]

2022-04-07 15:02:37 - [TEST_STEP][PASSED] - delay(5): Delayed 5 second(s)

2022-04-07 15:02:42 - [MESSAGE][PASSED] - Delayed 5 second(s)

2022-04-07 15:02:42 - [TEST_STEP][PASSED] - takeFullPageScreenshotAsCheckpoint(userDir + sprint4WebScreenshootPath + "scenario-3-menu-data-pendukung-pengajuan-2.png"): Taking screenshot successfully

2022-04-07 15:02:43 - [MESSAGE][INFO] - 0 hidden object(s)

2022-04-07 15:02:43 - [MESSAGE][PASSED] - Taking screenshot successfully
[[ATTACHMENT|C:\Users\Nia Yusniati\Git_Asa\BCAF_MEAPP_i3\Screenshoot\Sprint4\Web\keyes\keyes-scenario-3-menu-data-pendukung-pengajuan-2.png]]

2022-04-07 15:02:43 - [TEST_STEP][PASSED] - markPassed("scenario 3 - menu data pendukung pengajuan-2"): scenario 3 - menu data pendukung pengajuan-2

2022-04-07 15:02:43 - [MESSAGE][PASSED] - scenario 3 - menu data pendukung pengajuan-2

2022-04-07 15:02:43 - [TEST_STEP][PASSED] - delay(5): Delayed 5 second(s)

2022-04-07 15:02:48 - [MESSAGE][PASSED] - Delayed 5 second(s)

2022-04-07 15:02:48 - [TEST_STEP][PASSED] - scrollToElement(findTestObject("Object Repository/Inquiry_Status/Cek_DokumenResume/a_Back"), 60, OPTIONAL): Unable to scroll to object 'Object Repository/Inquiry_Status/Cek_DokumenResume/a_Back' (Root cause: com.kms.katalon.core.exception.StepFailedException: Unable to scroll to object 'Object Repository/Inquiry_Status/Cek_DokumenResume/a_Back'
	at com.kms.katalon.core.webui.keyword.internal.WebUIKeywordMain.stepFailed(WebUIKeywordMain.groovy:64)
	at com.kms.katalon.core.webui.keyword.internal.WebUIKeywordMain.runKeyword(WebUIKeywordMain.groovy:26)
	at com.kms.katalon.core.webui.keyword.builtin.ScrollToElementKeyword.scrollToElement(ScrollToElementKeyword.groovy:88)
	at com.kms.katalon.core.webui.keyword.builtin.ScrollToElementKeyword.execute(ScrollToElementKeyword.groovy:68)
	at com.kms.katalon.core.keyword.internal.KeywordExecutor.executeKeywordForPlatform(KeywordExecutor.groovy:74)
	at com.kms.katalon.core.webui.keyword.WebUiBuiltInKeywords.scrollToElement(WebUiBuiltInKeywords.groovy:4047)
	at com.kms.katalon.core.webui.keyword.WebUiBuiltInKeywords$scrollToElement$9.call(Unknown Source)
	at 03-05-Transaction-InquiryStatus-SearchPengajuan.run(03-05-Transaction-InquiryStatus-SearchPengajuan:317)
	at com.kms.katalon.core.main.ScriptEngine.run(ScriptEngine.java:194)
	at com.kms.katalon.core.main.ScriptEngine.runScriptAsRawText(ScriptEngine.java:119)
	at com.kms.katalon.core.main.TestCaseExecutor.runScript(TestCaseExecutor.java:430)
	at com.kms.katalon.core.main.TestCaseExecutor.doExecute(TestCaseExecutor.java:421)
	at com.kms.katalon.core.main.TestCaseExecutor.processExecutionPhase(TestCaseExecutor.java:400)
	at com.kms.katalon.core.main.TestCaseExecutor.accessMainPhase(TestCaseExecutor.java:392)
	at com.kms.katalon.core.main.TestCaseExecutor.execute(TestCaseExecutor.java:273)
	at com.kms.katalon.core.main.TestSuiteExecutor.accessTestCaseMainPhase(TestSuiteExecutor.java:202)
	at com.kms.katalon.core.main.TestSuiteExecutor.accessTestSuiteMainPhase(TestSuiteExecutor.java:164)
	at com.kms.katalon.core.main.TestSuiteExecutor.execute(TestSuiteExecutor.java:105)
	at com.kms.katalon.core.main.TestCaseMain.startTestSuite(TestCaseMain.java:185)
	at com.kms.katalon.core.main.TestCaseMain$startTestSuite$0.call(Unknown Source)
	at TempTestSuite1649317294040.run(TempTestSuite1649317294040.groovy:36)
Caused by: com.kms.katalon.core.webui.exception.WebElementNotFoundException: Web element with id: 'Object Repository/Inquiry_Status/Cek_DokumenResume/a_Back' located by '//a[(text() = 'Back' or . = 'Back')]' not found
	at com.kms.katalon.core.webui.common.WebUiCommonHelper.findWebElement(WebUiCommonHelper.java:1368)
	at com.kms.katalon.core.webui.keyword.internal.WebUIAbstractKeyword.findWebElement(WebUIAbstractKeyword.groovy:27)
	at com.kms.katalon.core.webui.keyword.internal.WebUIAbstractKeyword.findWebElement(WebUIAbstractKeyword.groovy:26)
	at com.kms.katalon.core.webui.keyword.builtin.ScrollToElementKeyword$_scrollToElement_closure1.doCall(ScrollToElementKeyword.groovy:79)
	at com.kms.katalon.core.webui.keyword.builtin.ScrollToElementKeyword$_scrollToElement_closure1.call(ScrollToElementKeyword.groovy)
	at com.kms.katalon.core.webui.keyword.internal.WebUIKeywordMain.runKeyword(WebUIKeywordMain.groovy:20)
	at com.kms.katalon.core.webui.keyword.builtin.ScrollToElementKeyword.scrollToElement(ScrollToElementKeyword.groovy:88)
	at com.kms.katalon.core.webui.keyword.builtin.ScrollToElementKeyword.execute(ScrollToElementKeyword.groovy:68)
	at com.kms.katalon.core.keyword.internal.KeywordExecutor.executeKeywordForPlatform(KeywordExecutor.groovy:74)
	at com.kms.katalon.core.webui.keyword.WebUiBuiltInKeywords.scrollToElement(WebUiBuiltInKeywords.groovy:4047)
	at com.kms.katalon.core.webui.keyword.WebUiBuiltInKeywords$scrollToElement$9.call(Unknown Source)
	at Script1647432050127.run(Script1647432050127.groovy:317)
	... 13 more
)

2022-04-07 15:03:19 - [MESSAGE][INFO] - Unable to find the element located by 'By.xpath: //a[(text() = 'Back' or . = 'Back')]'. Please recheck the objects properties to make sure the desired element is located. 

2022-04-07 15:03:19 - [MESSAGE][WARNING] - [SELF-HEALING] Failed to find element with id 'Object Repository/Inquiry_Status/Cek_DokumenResume/a_Back'. Try using Self-healing.

2022-04-07 15:03:20 - [MESSAGE][INFO] - Unable to find the element located by 'By.xpath: //div[@id='appContainer']/div/div/div[2]/div/a'. Please recheck the objects properties to make sure the desired element is located. 

2022-04-07 15:03:22 - [MESSAGE][INFO] - Unable to find the element located by 'By.xpath: //div[@id='appContainer']/div/div/div[2]/div/a'. Please recheck the objects properties to make sure the desired element is located. 

2022-04-07 15:03:22 - [MESSAGE][INFO] - [SELF-HEALING] Failed Locator: '//div[@id='appContainer']/div/div/div[2]/div/a'.

2022-04-07 15:03:22 - [MESSAGE][INFO] - [SELF-HEALING] Failed Locator: '//a[contains(text(),'Back')]'.

2022-04-07 15:03:22 - [MESSAGE][INFO] - [SELF-HEALING] Failed Locator: '(.//*[normalize-space(text()) and normalize-space(.)='Catatan'])[1]/following::a[1]'.

2022-04-07 15:03:23 - [MESSAGE][INFO] - [SELF-HEALING] Failed Locator: '(.//*[normalize-space(text()) and normalize-space(.)='Penyimpangan Tambahan Direksi 2'])[1]/following::a[1]'.

2022-04-07 15:03:23 - [MESSAGE][INFO] - [SELF-HEALING] Failed Locator: '(.//*[normalize-space(text()) and normalize-space(.)='Print'])[1]/preceding::a[1]'.

2022-04-07 15:03:24 - [MESSAGE][INFO] - [SELF-HEALING] Failed Locator: '(.//*[normalize-space(text()) and normalize-space(.)='Capture object:'])[1]/preceding::a[2]'.

2022-04-07 15:03:24 - [MESSAGE][INFO] - [SELF-HEALING] Failed Locator: '//*/text()[normalize-space(.)='Back']/parent::*'.

2022-04-07 15:03:24 - [MESSAGE][INFO] - [SELF-HEALING] Failed Locator: '(//a[contains(@href, '/inquiry-status')])[2]'.

2022-04-07 15:03:24 - [MESSAGE][INFO] - [SELF-HEALING] Failed Locator: '//div[2]/div/a'.

2022-04-07 15:03:25 - [MESSAGE][INFO] - [SELF-HEALING] Failed Locator: '//a[@href = '/inquiry-status' and (text() = 'Back' or . = 'Back')]'.

2022-04-07 15:03:26 - [MESSAGE][INFO] - Unable to find the element located by 'By.cssSelector: a.btn.btn-secondary.btn-icon.btn-icon-nolabel.m-0.pl-4.pr-4'. Please recheck the objects properties to make sure the desired element is located. 

2022-04-07 15:03:26 - [MESSAGE][WARNING] - Unable to scroll to object 'Object Repository/Inquiry_Status/Cek_DokumenResume/a_Back' (Root cause: com.kms.katalon.core.exception.StepFailedException: Unable to scroll to object 'Object Repository/Inquiry_Status/Cek_DokumenResume/a_Back'
	at com.kms.katalon.core.webui.keyword.internal.WebUIKeywordMain.stepFailed(WebUIKeywordMain.groovy:64)
	at com.kms.katalon.core.webui.keyword.internal.WebUIKeywordMain.runKeyword(WebUIKeywordMain.groovy:26)
	at com.kms.katalon.core.webui.keyword.builtin.ScrollToElementKeyword.scrollToElement(ScrollToElementKeyword.groovy:88)
	at com.kms.katalon.core.webui.keyword.builtin.ScrollToElementKeyword.execute(ScrollToElementKeyword.groovy:68)
	at com.kms.katalon.core.keyword.internal.KeywordExecutor.executeKeywordForPlatform(KeywordExecutor.groovy:74)
	at com.kms.katalon.core.webui.keyword.WebUiBuiltInKeywords.scrollToElement(WebUiBuiltInKeywords.groovy:4047)
	at com.kms.katalon.core.webui.keyword.WebUiBuiltInKeywords$scrollToElement$9.call(Unknown Source)
	at 03-05-Transaction-InquiryStatus-SearchPengajuan.run(03-05-Transaction-InquiryStatus-SearchPengajuan:317)
	at com.kms.katalon.core.main.ScriptEngine.run(ScriptEngine.java:194)
	at com.kms.katalon.core.main.ScriptEngine.runScriptAsRawText(ScriptEngine.java:119)
	at com.kms.katalon.core.main.TestCaseExecutor.runScript(TestCaseExecutor.java:430)
	at com.kms.katalon.core.main.TestCaseExecutor.doExecute(TestCaseExecutor.java:421)
	at com.kms.katalon.core.main.TestCaseExecutor.processExecutionPhase(TestCaseExecutor.java:400)
	at com.kms.katalon.core.main.TestCaseExecutor.accessMainPhase(TestCaseExecutor.java:392)
	at com.kms.katalon.core.main.TestCaseExecutor.execute(TestCaseExecutor.java:273)
	at com.kms.katalon.core.main.TestSuiteExecutor.accessTestCaseMainPhase(TestSuiteExecutor.java:202)
	at com.kms.katalon.core.main.TestSuiteExecutor.accessTestSuiteMainPhase(TestSuiteExecutor.java:164)
	at com.kms.katalon.core.main.TestSuiteExecutor.execute(TestSuiteExecutor.java:105)
	at com.kms.katalon.core.main.TestCaseMain.startTestSuite(TestCaseMain.java:185)
	at com.kms.katalon.core.main.TestCaseMain$startTestSuite$0.call(Unknown Source)
	at TempTestSuite1649317294040.run(TempTestSuite1649317294040.groovy:36)
Caused by: com.kms.katalon.core.webui.exception.WebElementNotFoundException: Web element with id: 'Object Repository/Inquiry_Status/Cek_DokumenResume/a_Back' located by '//a[(text() = 'Back' or . = 'Back')]' not found
	at com.kms.katalon.core.webui.common.WebUiCommonHelper.findWebElement(WebUiCommonHelper.java:1368)
	at com.kms.katalon.core.webui.keyword.internal.WebUIAbstractKeyword.findWebElement(WebUIAbstractKeyword.groovy:27)
	at com.kms.katalon.core.webui.keyword.internal.WebUIAbstractKeyword.findWebElement(WebUIAbstractKeyword.groovy:26)
	at com.kms.katalon.core.webui.keyword.builtin.ScrollToElementKeyword$_scrollToElement_closure1.doCall(ScrollToElementKeyword.groovy:79)
	at com.kms.katalon.core.webui.keyword.builtin.ScrollToElementKeyword$_scrollToElement_closure1.call(ScrollToElementKeyword.groovy)
	at com.kms.katalon.core.webui.keyword.internal.WebUIKeywordMain.runKeyword(WebUIKeywordMain.groovy:20)
	at com.kms.katalon.core.webui.keyword.builtin.ScrollToElementKeyword.scrollToElement(ScrollToElementKeyword.groovy:88)
	at com.kms.katalon.core.webui.keyword.builtin.ScrollToElementKeyword.execute(ScrollToElementKeyword.groovy:68)
	at com.kms.katalon.core.keyword.internal.KeywordExecutor.executeKeywordForPlatform(KeywordExecutor.groovy:74)
	at com.kms.katalon.core.webui.keyword.WebUiBuiltInKeywords.scrollToElement(WebUiBuiltInKeywords.groovy:4047)
	at com.kms.katalon.core.webui.keyword.WebUiBuiltInKeywords$scrollToElement$9.call(Unknown Source)
	at Script1647432050127.run(Script1647432050127.groovy:317)
	... 13 more
)
[[ATTACHMENT|C:\\Users\\Nia Yusniati\\Git_Asa\\BCAF_MEAPP_i3\\Reports\\20220407_144134\\Skenario_3\\S3\\20220407_144134\\1649318606359.png]]

2022-04-07 15:03:26 - [TEST_STEP][PASSED] - click(findTestObject("Object Repository/Inquiry_Status/Cek_DokumenResume/a_Back"), OPTIONAL): Unable to click on object 'Object Repository/Inquiry_Status/Cek_DokumenResume/a_Back' (Root cause: com.kms.katalon.core.exception.StepFailedException: Unable to click on object 'Object Repository/Inquiry_Status/Cek_DokumenResume/a_Back'
	at com.kms.katalon.core.webui.keyword.internal.WebUIKeywordMain.stepFailed(WebUIKeywordMain.groovy:64)
	at com.kms.katalon.core.webui.keyword.internal.WebUIKeywordMain.runKeyword(WebUIKeywordMain.groovy:26)
	at com.kms.katalon.core.webui.keyword.builtin.ClickKeyword.click(ClickKeyword.groovy:75)
	at com.kms.katalon.core.webui.keyword.builtin.ClickKeyword.execute(ClickKeyword.groovy:42)
	at com.kms.katalon.core.keyword.internal.KeywordExecutor.executeKeywordForPlatform(KeywordExecutor.groovy:74)
	at com.kms.katalon.core.webui.keyword.WebUiBuiltInKeywords.click(WebUiBuiltInKeywords.groovy:608)
	at com.kms.katalon.core.webui.keyword.WebUiBuiltInKeywords$click$10.call(Unknown Source)
	at 03-05-Transaction-InquiryStatus-SearchPengajuan.run(03-05-Transaction-InquiryStatus-SearchPengajuan:320)
	at com.kms.katalon.core.main.ScriptEngine.run(ScriptEngine.java:194)
	at com.kms.katalon.core.main.ScriptEngine.runScriptAsRawText(ScriptEngine.java:119)
	at com.kms.katalon.core.main.TestCaseExecutor.runScript(TestCaseExecutor.java:430)
	at com.kms.katalon.core.main.TestCaseExecutor.doExecute(TestCaseExecutor.java:421)
	at com.kms.katalon.core.main.TestCaseExecutor.processExecutionPhase(TestCaseExecutor.java:400)
	at com.kms.katalon.core.main.TestCaseExecutor.accessMainPhase(TestCaseExecutor.java:392)
	at com.kms.katalon.core.main.TestCaseExecutor.execute(TestCaseExecutor.java:273)
	at com.kms.katalon.core.main.TestSuiteExecutor.accessTestCaseMainPhase(TestSuiteExecutor.java:202)
	at com.kms.katalon.core.main.TestSuiteExecutor.accessTestSuiteMainPhase(TestSuiteExecutor.java:164)
	at com.kms.katalon.core.main.TestSuiteExecutor.execute(TestSuiteExecutor.java:105)
	at com.kms.katalon.core.main.TestCaseMain.startTestSuite(TestCaseMain.java:185)
	at com.kms.katalon.core.main.TestCaseMain$startTestSuite$0.call(Unknown Source)
	at TempTestSuite1649317294040.run(TempTestSuite1649317294040.groovy:36)
Caused by: com.kms.katalon.core.webui.exception.WebElementNotFoundException: Web element with id: 'Object Repository/Inquiry_Status/Cek_DokumenResume/a_Back' located by '//a[(text() = 'Back' or . = 'Back')]' not found
	at com.kms.katalon.core.webui.common.WebUiCommonHelper.findWebElement(WebUiCommonHelper.java:1368)
	at com.kms.katalon.core.webui.keyword.internal.WebUIAbstractKeyword.findWebElement(WebUIAbstractKeyword.groovy:27)
	at com.kms.katalon.core.webui.keyword.internal.WebUIAbstractKeyword.findWebElement(WebUIAbstractKeyword.groovy:26)
	at com.kms.katalon.core.webui.keyword.builtin.ClickKeyword$_click_closure1.doCall(ClickKeyword.groovy:66)
	at com.kms.katalon.core.webui.keyword.builtin.ClickKeyword$_click_closure1.call(ClickKeyword.groovy)
	at com.kms.katalon.core.webui.keyword.internal.WebUIKeywordMain.runKeyword(WebUIKeywordMain.groovy:20)
	at com.kms.katalon.core.webui.keyword.builtin.ClickKeyword.click(ClickKeyword.groovy:75)
	at com.kms.katalon.core.webui.keyword.builtin.ClickKeyword.execute(ClickKeyword.groovy:42)
	at com.kms.katalon.core.keyword.internal.KeywordExecutor.executeKeywordForPlatform(KeywordExecutor.groovy:74)
	at com.kms.katalon.core.webui.keyword.WebUiBuiltInKeywords.click(WebUiBuiltInKeywords.groovy:608)
	at com.kms.katalon.core.webui.keyword.WebUiBuiltInKeywords$click$10.call(Unknown Source)
	at Script1647432050127.run(Script1647432050127.groovy:320)
	... 13 more
)

2022-04-07 15:03:59 - [MESSAGE][INFO] - Unable to find the element located by 'By.xpath: //a[(text() = 'Back' or . = 'Back')]'. Please recheck the objects properties to make sure the desired element is located. 

2022-04-07 15:03:59 - [MESSAGE][WARNING] - [SELF-HEALING] Failed to find element with id 'Object Repository/Inquiry_Status/Cek_DokumenResume/a_Back'. Try using Self-healing.

2022-04-07 15:04:01 - [MESSAGE][INFO] - Unable to find the element located by 'By.xpath: //div[@id='appContainer']/div/div/div[2]/div/a'. Please recheck the objects properties to make sure the desired element is located. 

2022-04-07 15:04:03 - [MESSAGE][INFO] - Unable to find the element located by 'By.xpath: //div[@id='appContainer']/div/div/div[2]/div/a'. Please recheck the objects properties to make sure the desired element is located. 

2022-04-07 15:04:05 - [MESSAGE][INFO] - [SELF-HEALING] Failed Locator: '//div[@id='appContainer']/div/div/div[2]/div/a'.

2022-04-07 15:04:07 - [MESSAGE][INFO] - [SELF-HEALING] Failed Locator: '//a[contains(text(),'Back')]'.

2022-04-07 15:04:09 - [MESSAGE][INFO] - [SELF-HEALING] Failed Locator: '(.//*[normalize-space(text()) and normalize-space(.)='Catatan'])[1]/following::a[1]'.

2022-04-07 15:04:11 - [MESSAGE][INFO] - [SELF-HEALING] Failed Locator: '(.//*[normalize-space(text()) and normalize-space(.)='Penyimpangan Tambahan Direksi 2'])[1]/following::a[1]'.

2022-04-07 15:04:13 - [MESSAGE][INFO] - [SELF-HEALING] Failed Locator: '(.//*[normalize-space(text()) and normalize-space(.)='Print'])[1]/preceding::a[1]'.

2022-04-07 15:04:15 - [MESSAGE][INFO] - [SELF-HEALING] Failed Locator: '(.//*[normalize-space(text()) and normalize-space(.)='Capture object:'])[1]/preceding::a[2]'.

2022-04-07 15:04:17 - [MESSAGE][INFO] - [SELF-HEALING] Failed Locator: '//*/text()[normalize-space(.)='Back']/parent::*'.

2022-04-07 15:04:19 - [MESSAGE][INFO] - [SELF-HEALING] Failed Locator: '(//a[contains(@href, '/inquiry-status')])[2]'.

2022-04-07 15:04:21 - [MESSAGE][INFO] - [SELF-HEALING] Failed Locator: '//div[2]/div/a'.

2022-04-07 15:04:23 - [MESSAGE][INFO] - [SELF-HEALING] Failed Locator: '//a[@href = '/inquiry-status' and (text() = 'Back' or . = 'Back')]'.

2022-04-07 15:04:25 - [MESSAGE][INFO] - Unable to find the element located by 'By.cssSelector: a.btn.btn-secondary.btn-icon.btn-icon-nolabel.m-0.pl-4.pr-4'. Please recheck the objects properties to make sure the desired element is located. 

2022-04-07 15:04:25 - [MESSAGE][WARNING] - Unable to click on object 'Object Repository/Inquiry_Status/Cek_DokumenResume/a_Back' (Root cause: com.kms.katalon.core.exception.StepFailedException: Unable to click on object 'Object Repository/Inquiry_Status/Cek_DokumenResume/a_Back'
	at com.kms.katalon.core.webui.keyword.internal.WebUIKeywordMain.stepFailed(WebUIKeywordMain.groovy:64)
	at com.kms.katalon.core.webui.keyword.internal.WebUIKeywordMain.runKeyword(WebUIKeywordMain.groovy:26)
	at com.kms.katalon.core.webui.keyword.builtin.ClickKeyword.click(ClickKeyword.groovy:75)
	at com.kms.katalon.core.webui.keyword.builtin.ClickKeyword.execute(ClickKeyword.groovy:42)
	at com.kms.katalon.core.keyword.internal.KeywordExecutor.executeKeywordForPlatform(KeywordExecutor.groovy:74)
	at com.kms.katalon.core.webui.keyword.WebUiBuiltInKeywords.click(WebUiBuiltInKeywords.groovy:608)
	at com.kms.katalon.core.webui.keyword.WebUiBuiltInKeywords$click$10.call(Unknown Source)
	at 03-05-Transaction-InquiryStatus-SearchPengajuan.run(03-05-Transaction-InquiryStatus-SearchPengajuan:320)
	at com.kms.katalon.core.main.ScriptEngine.run(ScriptEngine.java:194)
	at com.kms.katalon.core.main.ScriptEngine.runScriptAsRawText(ScriptEngine.java:119)
	at com.kms.katalon.core.main.TestCaseExecutor.runScript(TestCaseExecutor.java:430)
	at com.kms.katalon.core.main.TestCaseExecutor.doExecute(TestCaseExecutor.java:421)
	at com.kms.katalon.core.main.TestCaseExecutor.processExecutionPhase(TestCaseExecutor.java:400)
	at com.kms.katalon.core.main.TestCaseExecutor.accessMainPhase(TestCaseExecutor.java:392)
	at com.kms.katalon.core.main.TestCaseExecutor.execute(TestCaseExecutor.java:273)
	at com.kms.katalon.core.main.TestSuiteExecutor.accessTestCaseMainPhase(TestSuiteExecutor.java:202)
	at com.kms.katalon.core.main.TestSuiteExecutor.accessTestSuiteMainPhase(TestSuiteExecutor.java:164)
	at com.kms.katalon.core.main.TestSuiteExecutor.execute(TestSuiteExecutor.java:105)
	at com.kms.katalon.core.main.TestCaseMain.startTestSuite(TestCaseMain.java:185)
	at com.kms.katalon.core.main.TestCaseMain$startTestSuite$0.call(Unknown Source)
	at TempTestSuite1649317294040.run(TempTestSuite1649317294040.groovy:36)
Caused by: com.kms.katalon.core.webui.exception.WebElementNotFoundException: Web element with id: 'Object Repository/Inquiry_Status/Cek_DokumenResume/a_Back' located by '//a[(text() = 'Back' or . = 'Back')]' not found
	at com.kms.katalon.core.webui.common.WebUiCommonHelper.findWebElement(WebUiCommonHelper.java:1368)
	at com.kms.katalon.core.webui.keyword.internal.WebUIAbstractKeyword.findWebElement(WebUIAbstractKeyword.groovy:27)
	at com.kms.katalon.core.webui.keyword.internal.WebUIAbstractKeyword.findWebElement(WebUIAbstractKeyword.groovy:26)
	at com.kms.katalon.core.webui.keyword.builtin.ClickKeyword$_click_closure1.doCall(ClickKeyword.groovy:66)
	at com.kms.katalon.core.webui.keyword.builtin.ClickKeyword$_click_closure1.call(ClickKeyword.groovy)
	at com.kms.katalon.core.webui.keyword.internal.WebUIKeywordMain.runKeyword(WebUIKeywordMain.groovy:20)
	at com.kms.katalon.core.webui.keyword.builtin.ClickKeyword.click(ClickKeyword.groovy:75)
	at com.kms.katalon.core.webui.keyword.builtin.ClickKeyword.execute(ClickKeyword.groovy:42)
	at com.kms.katalon.core.keyword.internal.KeywordExecutor.executeKeywordForPlatform(KeywordExecutor.groovy:74)
	at com.kms.katalon.core.webui.keyword.WebUiBuiltInKeywords.click(WebUiBuiltInKeywords.groovy:608)
	at com.kms.katalon.core.webui.keyword.WebUiBuiltInKeywords$click$10.call(Unknown Source)
	at Script1647432050127.run(Script1647432050127.groovy:320)
	... 13 more
)
[[ATTACHMENT|C:\\Users\\Nia Yusniati\\Git_Asa\\BCAF_MEAPP_i3\\Reports\\20220407_144134\\Skenario_3\\S3\\20220407_144134\\1649318665363.png]]

2022-04-07 15:04:25 - [TEST_STEP][PASSED] - delay(1): Delayed 1 second(s)

2022-04-07 15:04:26 - [MESSAGE][PASSED] - Delayed 1 second(s)

2022-04-07 15:04:26 - [TEST_STEP][PASSED] - setText(findTestObject("Object Repository/Inquiry_Status/input_Mobile ID  Application ID_form-control ng-untouched ng-pristine ng-valid"), id3, OPTIONAL): Text '4003937' is set on object 'Object Repository/Inquiry_Status/input_Mobile ID  Application ID_form-control ng-untouched ng-pristine ng-valid'

2022-04-07 15:04:27 - [MESSAGE][PASSED] - Text '4003937' is set on object 'Object Repository/Inquiry_Status/input_Mobile ID  Application ID_form-control ng-untouched ng-pristine ng-valid'

2022-04-07 15:04:27 - [TEST_STEP][PASSED] - delay(2): Delayed 2 second(s)

2022-04-07 15:04:29 - [MESSAGE][PASSED] - Delayed 2 second(s)

2022-04-07 15:04:29 - [TEST_STEP][PASSED] - click(findTestObject("Object Repository/Inquiry_Status/span_Search"), OPTIONAL): Object: 'Object Repository/Inquiry_Status/span_Search' is clicked on

2022-04-07 15:04:30 - [MESSAGE][PASSED] - Object: 'Object Repository/Inquiry_Status/span_Search' is clicked on

2022-04-07 15:04:30 - [TEST_STEP][PASSED] - takeFullPageScreenshotAsCheckpoint(userDir + sprint4WebScreenshootPath + "scenario-3-input-search-inquiry-status-data-pengajuan-3.png"): Taking screenshot successfully

2022-04-07 15:04:31 - [MESSAGE][INFO] - 0 hidden object(s)

2022-04-07 15:04:31 - [MESSAGE][PASSED] - Taking screenshot successfully
[[ATTACHMENT|C:\Users\Nia Yusniati\Git_Asa\BCAF_MEAPP_i3\Screenshoot\Sprint4\Web\keyes\keyes-scenario-3-input-search-inquiry-status-data-pengajuan-3.png]]

2022-04-07 15:04:31 - [TEST_STEP][PASSED] - markPassed("scenario 3 - input search inquiry status data pengajuan 3"): scenario 3 - input search inquiry status data pengajuan 3

2022-04-07 15:04:31 - [MESSAGE][PASSED] - scenario 3 - input search inquiry status data pengajuan 3

2022-04-07 15:04:31 - [TEST_STEP][PASSED] - delay(2): Delayed 2 second(s)

2022-04-07 15:04:33 - [MESSAGE][PASSED] - Delayed 2 second(s)

2022-04-07 15:04:33 - [TEST_STEP][PASSED] - click(findTestObject("Object Repository/Inquiry_Status/Cek_DokumenResume/a_list"), OPTIONAL): Object: 'Object Repository/Inquiry_Status/Cek_DokumenResume/a_list' is clicked on

2022-04-07 15:04:33 - [MESSAGE][PASSED] - Object: 'Object Repository/Inquiry_Status/Cek_DokumenResume/a_list' is clicked on

2022-04-07 15:04:33 - [TEST_STEP][PASSED] - delay(1): Delayed 1 second(s)

2022-04-07 15:04:34 - [MESSAGE][PASSED] - Delayed 1 second(s)

2022-04-07 15:04:34 - [TEST_STEP][PASSED] - click(findTestObject("Object Repository/Inquiry_Status/Cek_DokumenResume/button_Resume"), OPTIONAL): Object: 'Object Repository/Inquiry_Status/Cek_DokumenResume/button_Resume' is clicked on

2022-04-07 15:04:36 - [MESSAGE][PASSED] - Object: 'Object Repository/Inquiry_Status/Cek_DokumenResume/button_Resume' is clicked on

2022-04-07 15:04:36 - [TEST_STEP][PASSED] - delay(5): Delayed 5 second(s)

2022-04-07 15:04:41 - [MESSAGE][PASSED] - Delayed 5 second(s)

2022-04-07 15:04:41 - [TEST_STEP][PASSED] - click(findTestObject("Object Repository/Inquiry_Status/Cek_DokumenResume/button_Resume Internal"), OPTIONAL): Object: 'Object Repository/Inquiry_Status/Cek_DokumenResume/button_Resume Internal' is clicked on

2022-04-07 15:04:41 - [MESSAGE][PASSED] - Object: 'Object Repository/Inquiry_Status/Cek_DokumenResume/button_Resume Internal' is clicked on

2022-04-07 15:04:41 - [TEST_STEP][PASSED] - delay(5): Delayed 5 second(s)

2022-04-07 15:04:46 - [MESSAGE][PASSED] - Delayed 5 second(s)

2022-04-07 15:04:46 - [TEST_STEP][PASSED] - takeFullPageScreenshotAsCheckpoint(userDir + sprint4WebScreenshootPath + "scenario-3-menu-resume-internal-pengajuan-3.png"): Taking screenshot successfully

2022-04-07 15:04:47 - [MESSAGE][INFO] - 0 hidden object(s)

2022-04-07 15:04:48 - [MESSAGE][PASSED] - Taking screenshot successfully
[[ATTACHMENT|C:\Users\Nia Yusniati\Git_Asa\BCAF_MEAPP_i3\Screenshoot\Sprint4\Web\keyes\keyes-scenario-3-menu-resume-internal-pengajuan-3.png]]

2022-04-07 15:04:48 - [TEST_STEP][PASSED] - markPassed("scenario 3 - menu resume internal pengajuan-3"): scenario 3 - menu resume internal pengajuan-3

2022-04-07 15:04:48 - [MESSAGE][PASSED] - scenario 3 - menu resume internal pengajuan-3

2022-04-07 15:04:48 - [TEST_STEP][PASSED] - delay(5): Delayed 5 second(s)

2022-04-07 15:04:53 - [MESSAGE][PASSED] - Delayed 5 second(s)

2022-04-07 15:04:53 - [TEST_STEP][PASSED] - click(findTestObject("Object Repository/Inquiry_Status/Cek_DokumenResume/button_Anggaran Dasar Dan Perubahan"), OPTIONAL): Object: 'Object Repository/Inquiry_Status/Cek_DokumenResume/button_Anggaran Dasar Dan Perubahan' is clicked on

2022-04-07 15:04:53 - [MESSAGE][PASSED] - Object: 'Object Repository/Inquiry_Status/Cek_DokumenResume/button_Anggaran Dasar Dan Perubahan' is clicked on

2022-04-07 15:04:53 - [TEST_STEP][PASSED] - delay(5): Delayed 5 second(s)

2022-04-07 15:04:58 - [MESSAGE][PASSED] - Delayed 5 second(s)

2022-04-07 15:04:58 - [TEST_STEP][PASSED] - takeFullPageScreenshotAsCheckpoint(userDir + sprint4WebScreenshootPath + "scenario-3-menu-anggaran-dasar-dan-perubahan-pengajuan-3.png"): Taking screenshot successfully

2022-04-07 15:04:59 - [MESSAGE][INFO] - 0 hidden object(s)

2022-04-07 15:05:00 - [MESSAGE][PASSED] - Taking screenshot successfully
[[ATTACHMENT|C:\Users\Nia Yusniati\Git_Asa\BCAF_MEAPP_i3\Screenshoot\Sprint4\Web\keyes\keyes-scenario-3-menu-anggaran-dasar-dan-perubahan-pengajuan-3.png]]

2022-04-07 15:05:00 - [TEST_STEP][PASSED] - markPassed("scenario 3 - menu anggaran dasar dan perubahan pengajuan-3"): scenario 3 - menu anggaran dasar dan perubahan pengajuan-3

2022-04-07 15:05:00 - [MESSAGE][PASSED] - scenario 3 - menu anggaran dasar dan perubahan pengajuan-3

2022-04-07 15:05:00 - [TEST_STEP][PASSED] - delay(5): Delayed 5 second(s)

2022-04-07 15:05:05 - [MESSAGE][PASSED] - Delayed 5 second(s)

2022-04-07 15:05:05 - [TEST_STEP][PASSED] - click(findTestObject("Object Repository/Inquiry_Status/Cek_DokumenResume/button_Pengurus"), OPTIONAL): Object: 'Object Repository/Inquiry_Status/Cek_DokumenResume/button_Pengurus' is clicked on

2022-04-07 15:05:05 - [MESSAGE][PASSED] - Object: 'Object Repository/Inquiry_Status/Cek_DokumenResume/button_Pengurus' is clicked on

2022-04-07 15:05:05 - [TEST_STEP][PASSED] - delay(5): Delayed 5 second(s)

2022-04-07 15:05:10 - [MESSAGE][PASSED] - Delayed 5 second(s)

2022-04-07 15:05:10 - [TEST_STEP][PASSED] - takeFullPageScreenshotAsCheckpoint(userDir + sprint4WebScreenshootPath + "scenario-3-menu-pengurus-pengajuan-3.png"): Taking screenshot successfully

2022-04-07 15:05:11 - [MESSAGE][INFO] - 0 hidden object(s)

2022-04-07 15:05:12 - [MESSAGE][PASSED] - Taking screenshot successfully
[[ATTACHMENT|C:\Users\Nia Yusniati\Git_Asa\BCAF_MEAPP_i3\Screenshoot\Sprint4\Web\keyes\keyes-scenario-3-menu-pengurus-pengajuan-3.png]]

2022-04-07 15:05:12 - [TEST_STEP][PASSED] - markPassed("scenario 3 - menu pengurus pengajuan-3"): scenario 3 - menu pengurus pengajuan-3

2022-04-07 15:05:12 - [MESSAGE][PASSED] - scenario 3 - menu pengurus pengajuan-3

2022-04-07 15:05:12 - [TEST_STEP][PASSED] - delay(5): Delayed 5 second(s)

2022-04-07 15:05:17 - [MESSAGE][PASSED] - Delayed 5 second(s)

2022-04-07 15:05:17 - [TEST_STEP][PASSED] - click(findTestObject("Object Repository/Inquiry_Status/Cek_DokumenResume/button_Data Pendukung"), OPTIONAL): Object: 'Object Repository/Inquiry_Status/Cek_DokumenResume/button_Data Pendukung' is clicked on

2022-04-07 15:05:17 - [MESSAGE][PASSED] - Object: 'Object Repository/Inquiry_Status/Cek_DokumenResume/button_Data Pendukung' is clicked on

2022-04-07 15:05:17 - [TEST_STEP][PASSED] - delay(5): Delayed 5 second(s)

2022-04-07 15:05:22 - [MESSAGE][PASSED] - Delayed 5 second(s)

2022-04-07 15:05:22 - [TEST_STEP][PASSED] - takeFullPageScreenshotAsCheckpoint(userDir + sprint4WebScreenshootPath + "scenario-3-menu-data-pendukung-pengajuan-3.png"): Taking screenshot successfully

2022-04-07 15:05:23 - [MESSAGE][INFO] - 0 hidden object(s)

2022-04-07 15:05:24 - [MESSAGE][PASSED] - Taking screenshot successfully
[[ATTACHMENT|C:\Users\Nia Yusniati\Git_Asa\BCAF_MEAPP_i3\Screenshoot\Sprint4\Web\keyes\keyes-scenario-3-menu-data-pendukung-pengajuan-3.png]]

2022-04-07 15:05:24 - [TEST_STEP][PASSED] - markPassed("scenario 3 - menu data pendukung pengajuan-3"): scenario 3 - menu data pendukung pengajuan-3

2022-04-07 15:05:24 - [MESSAGE][PASSED] - scenario 3 - menu data pendukung pengajuan-3

2022-04-07 15:05:24 - [TEST_STEP][PASSED] - delay(5): Delayed 5 second(s)

2022-04-07 15:05:29 - [MESSAGE][PASSED] - Delayed 5 second(s)

2022-04-07 15:05:29 - [TEST_STEP][PASSED] - scrollToElement(findTestObject("Object Repository/Inquiry_Status/Cek_DokumenResume/a_Back"), 60, OPTIONAL): Scroll to object 'Object Repository/Inquiry_Status/Cek_DokumenResume/a_Back' successfully

2022-04-07 15:05:29 - [MESSAGE][PASSED] - Scroll to object 'Object Repository/Inquiry_Status/Cek_DokumenResume/a_Back' successfully

2022-04-07 15:05:29 - [TEST_STEP][PASSED] - click(findTestObject("Object Repository/Inquiry_Status/Cek_DokumenResume/a_Back"), OPTIONAL): Object: 'Object Repository/Inquiry_Status/Cek_DokumenResume/a_Back' is clicked on

2022-04-07 15:05:30 - [MESSAGE][PASSED] - Object: 'Object Repository/Inquiry_Status/Cek_DokumenResume/a_Back' is clicked on]]></system-out>
         <system-err><![CDATA[]]></system-err>
      </testcase>
      <system-out><![CDATA[2022-04-07 14:41:46 - [TEST_SUITE][PASSED] - S3: Test Cases/Sprint 4/Skenario 3/03-05-Transaction-InquiryStatus-SearchPengajuan]]></system-out>
      <system-err><![CDATA[]]></system-err>
   </testsuite>
</testsuites>
